[0.031s] Invoking command in '/home/ubuntu/relBot/build/relbot2turtlesim': CMAKE_PREFIX_PATH=${CMAKE_PREFIX_PATH}:/opt/ros/jazzy DEBUGINFOD_URLS=https://debuginfod.ubuntu.com /usr/bin/cmake --build /home/ubuntu/relBot/build/relbot2turtlesim -- -j8 -l8
[0.110s] [100%] Built target relbot2turtlesim
[0.142s] Invoked command in '/home/ubuntu/relBot/build/relbot2turtlesim' returned '0': CMAKE_PREFIX_PATH=${CMAKE_PREFIX_PATH}:/opt/ros/jazzy DEBUGINFOD_URLS=https://debuginfod.ubuntu.com /usr/bin/cmake --build /home/ubuntu/relBot/build/relbot2turtlesim -- -j8 -l8
[0.143s] Invoking command in '/home/ubuntu/relBot/build/relbot2turtlesim': CMAKE_PREFIX_PATH=${CMAKE_PREFIX_PATH}:/opt/ros/jazzy DEBUGINFOD_URLS=https://debuginfod.ubuntu.com /usr/bin/cmake --install /home/ubuntu/relBot/build/relbot2turtlesim
[0.155s] -- Install configuration: ""
[0.155s] -- Up-to-date: /home/ubuntu/relBot/install/relbot2turtlesim/lib/relbot2turtlesim/relbot2turtlesim
[0.156s] -- Up-to-date: /home/ubuntu/relBot/install/relbot2turtlesim/share/ament_index/resource_index/package_run_dependencies/relbot2turtlesim
[0.156s] -- Up-to-date: /home/ubuntu/relBot/install/relbot2turtlesim/share/ament_index/resource_index/parent_prefix_path/relbot2turtlesim
[0.157s] -- Up-to-date: /home/ubuntu/relBot/install/relbot2turtlesim/share/relbot2turtlesim/environment/ament_prefix_path.sh
[0.157s] -- Up-to-date: /home/ubuntu/relBot/install/relbot2turtlesim/share/relbot2turtlesim/environment/ament_prefix_path.dsv
[0.157s] -- Up-to-date: /home/ubuntu/relBot/install/relbot2turtlesim/share/relbot2turtlesim/environment/path.sh
[0.157s] -- Up-to-date: /home/ubuntu/relBot/install/relbot2turtlesim/share/relbot2turtlesim/environment/path.dsv
[0.157s] -- Up-to-date: /home/ubuntu/relBot/install/relbot2turtlesim/share/relbot2turtlesim/local_setup.bash
[0.157s] -- Up-to-date: /home/ubuntu/relBot/install/relbot2turtlesim/share/relbot2turtlesim/local_setup.sh
[0.157s] -- Up-to-date: /home/ubuntu/relBot/install/relbot2turtlesim/share/relbot2turtlesim/local_setup.zsh
[0.157s] -- Up-to-date: /home/ubuntu/relBot/install/relbot2turtlesim/share/relbot2turtlesim/local_setup.dsv
[0.158s] -- Installing: /home/ubuntu/relBot/install/relbot2turtlesim/share/relbot2turtlesim/package.dsv
[0.158s] -- Up-to-date: /home/ubuntu/relBot/install/relbot2turtlesim/share/ament_index/resource_index/packages/relbot2turtlesim
[0.158s] -- Up-to-date: /home/ubuntu/relBot/install/relbot2turtlesim/share/relbot2turtlesim/cmake/relbot2turtlesimConfig.cmake
[0.158s] -- Up-to-date: /home/ubuntu/relBot/install/relbot2turtlesim/share/relbot2turtlesim/cmake/relbot2turtlesimConfig-version.cmake
[0.159s] -- Up-to-date: /home/ubuntu/relBot/install/relbot2turtlesim/share/relbot2turtlesim/package.xml
[0.206s] Invoked command in '/home/ubuntu/relBot/build/relbot2turtlesim' returned '0': CMAKE_PREFIX_PATH=${CMAKE_PREFIX_PATH}:/opt/ros/jazzy DEBUGINFOD_URLS=https://debuginfod.ubuntu.com /usr/bin/cmake --install /home/ubuntu/relBot/build/relbot2turtlesim
