[0.036s] Invoking command in '/home/ubuntu/relBot/build/relbot_sequence_controller': CMAKE_PREFIX_PATH=${CMAKE_PREFIX_PATH}:/opt/ros/jazzy DEBUGINFOD_URLS=https://debuginfod.ubuntu.com /usr/bin/cmake --build /home/ubuntu/relBot/build/relbot_sequence_controller -- -j8 -l8
[0.185s] [ 50%] [32mBuilding CXX object CMakeFiles/relbot_sequence_controller.dir/src/relbot_sequence_controller.cpp.o[0m
[6.121s] [100%] [32m[1mLinking CXX executable relbot_sequence_controller[0m
[6.520s] [100%] Built target relbot_sequence_controller
[6.539s] Invoked command in '/home/ubuntu/relBot/build/relbot_sequence_controller' returned '0': CMAKE_PREFIX_PATH=${CMAKE_PREFIX_PATH}:/opt/ros/jazzy DEBUGINFOD_URLS=https://debuginfod.ubuntu.com /usr/bin/cmake --build /home/ubuntu/relBot/build/relbot_sequence_controller -- -j8 -l8
[6.541s] Invoking command in '/home/ubuntu/relBot/build/relbot_sequence_controller': CMAKE_PREFIX_PATH=${CMAKE_PREFIX_PATH}:/opt/ros/jazzy DEBUGINFOD_URLS=https://debuginfod.ubuntu.com /usr/bin/cmake --install /home/ubuntu/relBot/build/relbot_sequence_controller
[6.550s] -- Install configuration: ""
[6.550s] -- Installing: /home/ubuntu/relBot/install/relbot_sequence_controller/lib/relbot_sequence_controller/relbot_sequence_controller
[6.553s] -- Set non-toolchain portion of runtime path of "/home/ubuntu/relBot/install/relbot_sequence_controller/lib/relbot_sequence_controller/relbot_sequence_controller" to ""
[6.553s] -- Up-to-date: /home/ubuntu/relBot/install/relbot_sequence_controller/share/ament_index/resource_index/package_run_dependencies/relbot_sequence_controller
[6.554s] -- Up-to-date: /home/ubuntu/relBot/install/relbot_sequence_controller/share/ament_index/resource_index/parent_prefix_path/relbot_sequence_controller
[6.554s] -- Up-to-date: /home/ubuntu/relBot/install/relbot_sequence_controller/share/relbot_sequence_controller/environment/ament_prefix_path.sh
[6.554s] -- Up-to-date: /home/ubuntu/relBot/install/relbot_sequence_controller/share/relbot_sequence_controller/environment/ament_prefix_path.dsv
[6.554s] -- Up-to-date: /home/ubuntu/relBot/install/relbot_sequence_controller/share/relbot_sequence_controller/environment/path.sh
[6.555s] -- Up-to-date: /home/ubuntu/relBot/install/relbot_sequence_controller/share/relbot_sequence_controller/environment/path.dsv
[6.555s] -- Up-to-date: /home/ubuntu/relBot/install/relbot_sequence_controller/share/relbot_sequence_controller/local_setup.bash
[6.555s] -- Up-to-date: /home/ubuntu/relBot/install/relbot_sequence_controller/share/relbot_sequence_controller/local_setup.sh
[6.556s] -- Up-to-date: /home/ubuntu/relBot/install/relbot_sequence_controller/share/relbot_sequence_controller/local_setup.zsh
[6.556s] -- Up-to-date: /home/ubuntu/relBot/install/relbot_sequence_controller/share/relbot_sequence_controller/local_setup.dsv
[6.556s] -- Installing: /home/ubuntu/relBot/install/relbot_sequence_controller/share/relbot_sequence_controller/package.dsv
[6.557s] -- Up-to-date: /home/ubuntu/relBot/install/relbot_sequence_controller/share/ament_index/resource_index/packages/relbot_sequence_controller
[6.557s] -- Up-to-date: /home/ubuntu/relBot/install/relbot_sequence_controller/share/relbot_sequence_controller/cmake/relbot_sequence_controllerConfig.cmake
[6.558s] -- Up-to-date: /home/ubuntu/relBot/install/relbot_sequence_controller/share/relbot_sequence_controller/cmake/relbot_sequence_controllerConfig-version.cmake
[6.559s] -- Up-to-date: /home/ubuntu/relBot/install/relbot_sequence_controller/share/relbot_sequence_controller/package.xml
[6.561s] Invoked command in '/home/ubuntu/relBot/build/relbot_sequence_controller' returned '0': CMAKE_PREFIX_PATH=${CMAKE_PREFIX_PATH}:/opt/ros/jazzy DEBUGINFOD_URLS=https://debuginfod.ubuntu.com /usr/bin/cmake --install /home/ubuntu/relBot/build/relbot_sequence_controller
