[0.045s] Invoking command in '/home/ubuntu/relBot/build/relbot_launch': CMAKE_PREFIX_PATH=${CMAKE_PREFIX_PATH}:/opt/ros/jazzy DEBUGINFOD_URLS=https://debuginfod.ubuntu.com /usr/bin/cmake /home/ubuntu/relBot/src/relbot_launch -DCMAKE_INSTALL_PREFIX=/home/ubuntu/relBot/install/relbot_launch
[0.246s] -- The C compiler identification is GNU 13.3.0
[1.173s] -- The CXX compiler identification is GNU 13.3.0
[2.324s] -- Detecting C compiler ABI info
[2.632s] -- Detecting C compiler ABI info - done
[2.653s] -- Check for working C compiler: /usr/bin/cc - skipped
[2.653s] -- Detecting C compile features
[2.654s] -- Detecting C compile features - done
[2.759s] -- Detecting CXX compiler ABI info
[3.074s] -- Detecting CXX compiler ABI info - done
[3.101s] -- Check for working CXX compiler: /usr/bin/c++ - skipped
[3.102s] -- Detecting CXX compile features
[3.103s] -- Detecting CXX compile features - done
[3.109s] -- Found ament_cmake: 2.5.3 (/opt/ros/jazzy/share/ament_cmake/cmake)
[3.350s] -- Found Python3: /usr/bin/python3 (found version "3.12.3") found components: Interpreter 
[3.534s] -- Found ament_lint_auto: 0.17.1 (/opt/ros/jazzy/share/ament_lint_auto/cmake)
[3.692s] -- Added test 'flake8' to check Python code syntax and style conventions
[3.693s] -- Configured 'flake8' exclude dirs and/or files: 
[3.694s] -- Added test 'lint_cmake' to check CMake code style
[3.697s] -- Added test 'pep257' to check Python code against some of the docstring style conventions in PEP 257
[3.699s] -- Added test 'xmllint' to check XML markup files
[3.703s] -- Configuring done (3.6s)
[3.715s] -- Generating done (0.0s)
[3.719s] -- Build files have been written to: /home/ubuntu/relBot/build/relbot_launch
[3.727s] Invoked command in '/home/ubuntu/relBot/build/relbot_launch' returned '0': CMAKE_PREFIX_PATH=${CMAKE_PREFIX_PATH}:/opt/ros/jazzy DEBUGINFOD_URLS=https://debuginfod.ubuntu.com /usr/bin/cmake /home/ubuntu/relBot/src/relbot_launch -DCMAKE_INSTALL_PREFIX=/home/ubuntu/relBot/install/relbot_launch
[3.729s] Invoking command in '/home/ubuntu/relBot/build/relbot_launch': CMAKE_PREFIX_PATH=${CMAKE_PREFIX_PATH}:/opt/ros/jazzy DEBUGINFOD_URLS=https://debuginfod.ubuntu.com /usr/bin/cmake --build /home/ubuntu/relBot/build/relbot_launch -- -j8 -l8
[3.805s] Invoked command in '/home/ubuntu/relBot/build/relbot_launch' returned '0': CMAKE_PREFIX_PATH=${CMAKE_PREFIX_PATH}:/opt/ros/jazzy DEBUGINFOD_URLS=https://debuginfod.ubuntu.com /usr/bin/cmake --build /home/ubuntu/relBot/build/relbot_launch -- -j8 -l8
[3.806s] Invoking command in '/home/ubuntu/relBot/build/relbot_launch': CMAKE_PREFIX_PATH=${CMAKE_PREFIX_PATH}:/opt/ros/jazzy DEBUGINFOD_URLS=https://debuginfod.ubuntu.com /usr/bin/cmake --install /home/ubuntu/relBot/build/relbot_launch
[3.820s] -- Install configuration: ""
[3.821s] -- Installing: /home/ubuntu/relBot/install/relbot_launch/share/relbot_launch//launch
[3.821s] -- Installing: /home/ubuntu/relBot/install/relbot_launch/share/relbot_launch//launch/relbot_cam2image.launch.py
[3.822s] -- Installing: /home/ubuntu/relBot/install/relbot_launch/share/relbot_launch//launch/relbot_sequence_controller.launch.py
[3.823s] -- Installing: /home/ubuntu/relBot/install/relbot_launch/share/relbot_launch//launch/relbot_to_turtle.launch.py
[3.823s] -- Installing: /home/ubuntu/relBot/install/relbot_launch/share/relbot_launch//launch/relbot_system_joystick.launch.py
[3.824s] -- Installing: /home/ubuntu/relBot/install/relbot_launch/share/relbot_launch//launch/relbot_system.launch.py
[3.824s] -- Installing: /home/ubuntu/relBot/install/relbot_launch/share/ament_index/resource_index/package_run_dependencies/relbot_launch
[3.825s] -- Installing: /home/ubuntu/relBot/install/relbot_launch/share/ament_index/resource_index/parent_prefix_path/relbot_launch
[3.825s] -- Installing: /home/ubuntu/relBot/install/relbot_launch/share/relbot_launch/environment/ament_prefix_path.sh
[3.825s] -- Installing: /home/ubuntu/relBot/install/relbot_launch/share/relbot_launch/environment/ament_prefix_path.dsv
[3.826s] -- Installing: /home/ubuntu/relBot/install/relbot_launch/share/relbot_launch/environment/path.sh
[3.826s] -- Installing: /home/ubuntu/relBot/install/relbot_launch/share/relbot_launch/environment/path.dsv
[3.826s] -- Installing: /home/ubuntu/relBot/install/relbot_launch/share/relbot_launch/local_setup.bash
[3.827s] -- Installing: /home/ubuntu/relBot/install/relbot_launch/share/relbot_launch/local_setup.sh
[3.827s] -- Installing: /home/ubuntu/relBot/install/relbot_launch/share/relbot_launch/local_setup.zsh
[3.827s] -- Installing: /home/ubuntu/relBot/install/relbot_launch/share/relbot_launch/local_setup.dsv
[3.828s] -- Installing: /home/ubuntu/relBot/install/relbot_launch/share/relbot_launch/package.dsv
[3.828s] -- Installing: /home/ubuntu/relBot/install/relbot_launch/share/ament_index/resource_index/packages/relbot_launch
[3.829s] -- Installing: /home/ubuntu/relBot/install/relbot_launch/share/relbot_launch/cmake/relbot_launchConfig.cmake
[3.830s] -- Installing: /home/ubuntu/relBot/install/relbot_launch/share/relbot_launch/cmake/relbot_launchConfig-version.cmake
[3.832s] -- Installing: /home/ubuntu/relBot/install/relbot_launch/share/relbot_launch/package.xml
[3.835s] Invoked command in '/home/ubuntu/relBot/build/relbot_launch' returned '0': CMAKE_PREFIX_PATH=${CMAKE_PREFIX_PATH}:/opt/ros/jazzy DEBUGINFOD_URLS=https://debuginfod.ubuntu.com /usr/bin/cmake --install /home/ubuntu/relBot/build/relbot_launch
