[0.042s] Invoking command in '/home/ubuntu/relBot/build/relbot_sequence_controller': CMAKE_PREFIX_PATH=${CMAKE_PREFIX_PATH}:/opt/ros/jazzy DEBUGINFOD_URLS=https://debuginfod.ubuntu.com /usr/bin/cmake --build /home/ubuntu/relBot/build/relbot_sequence_controller -- -j8 -l8
[0.154s] [100%] Built target relbot_sequence_controller
[0.192s] Invoked command in '/home/ubuntu/relBot/build/relbot_sequence_controller' returned '0': CMAKE_PREFIX_PATH=${CMAKE_PREFIX_PATH}:/opt/ros/jazzy DEBUGINFOD_URLS=https://debuginfod.ubuntu.com /usr/bin/cmake --build /home/ubuntu/relBot/build/relbot_sequence_controller -- -j8 -l8
[0.201s] Invoking command in '/home/ubuntu/relBot/build/relbot_sequence_controller': CMAKE_PREFIX_PATH=${CMAKE_PREFIX_PATH}:/opt/ros/jazzy DEBUGINFOD_URLS=https://debuginfod.ubuntu.com /usr/bin/cmake --install /home/ubuntu/relBot/build/relbot_sequence_controller
[0.221s] -- Install configuration: ""
[0.221s] -- Up-to-date: /home/ubuntu/relBot/install/relbot_sequence_controller/lib/relbot_sequence_controller/relbot_sequence_controller
[0.221s] -- Up-to-date: /home/ubuntu/relBot/install/relbot_sequence_controller/share/ament_index/resource_index/package_run_dependencies/relbot_sequence_controller
[0.221s] -- Up-to-date: /home/ubuntu/relBot/install/relbot_sequence_controller/share/ament_index/resource_index/parent_prefix_path/relbot_sequence_controller
[0.221s] -- Up-to-date: /home/ubuntu/relBot/install/relbot_sequence_controller/share/relbot_sequence_controller/environment/ament_prefix_path.sh
[0.222s] -- Up-to-date: /home/ubuntu/relBot/install/relbot_sequence_controller/share/relbot_sequence_controller/environment/ament_prefix_path.dsv
[0.222s] -- Up-to-date: /home/ubuntu/relBot/install/relbot_sequence_controller/share/relbot_sequence_controller/environment/path.sh
[0.222s] -- Up-to-date: /home/ubuntu/relBot/install/relbot_sequence_controller/share/relbot_sequence_controller/environment/path.dsv
[0.222s] -- Up-to-date: /home/ubuntu/relBot/install/relbot_sequence_controller/share/relbot_sequence_controller/local_setup.bash
[0.223s] -- Up-to-date: /home/ubuntu/relBot/install/relbot_sequence_controller/share/relbot_sequence_controller/local_setup.sh
[0.223s] -- Up-to-date: /home/ubuntu/relBot/install/relbot_sequence_controller/share/relbot_sequence_controller/local_setup.zsh
[0.223s] -- Up-to-date: /home/ubuntu/relBot/install/relbot_sequence_controller/share/relbot_sequence_controller/local_setup.dsv
[0.223s] -- Installing: /home/ubuntu/relBot/install/relbot_sequence_controller/share/relbot_sequence_controller/package.dsv
[0.224s] -- Up-to-date: /home/ubuntu/relBot/install/relbot_sequence_controller/share/ament_index/resource_index/packages/relbot_sequence_controller
[0.224s] -- Up-to-date: /home/ubuntu/relBot/install/relbot_sequence_controller/share/relbot_sequence_controller/cmake/relbot_sequence_controllerConfig.cmake
[0.224s] -- Up-to-date: /home/ubuntu/relBot/install/relbot_sequence_controller/share/relbot_sequence_controller/cmake/relbot_sequence_controllerConfig-version.cmake
[0.225s] -- Up-to-date: /home/ubuntu/relBot/install/relbot_sequence_controller/share/relbot_sequence_controller/package.xml
[0.291s] Invoked command in '/home/ubuntu/relBot/build/relbot_sequence_controller' returned '0': CMAKE_PREFIX_PATH=${CMAKE_PREFIX_PATH}:/opt/ros/jazzy DEBUGINFOD_URLS=https://debuginfod.ubuntu.com /usr/bin/cmake --install /home/ubuntu/relBot/build/relbot_sequence_controller
