[0.657s] DEBUG:colcon:Command line arguments: ['/usr/bin/colcon', 'build']
[0.657s] DEBUG:colcon:Parsed command line arguments: Namespace(log_base=None, log_level=None, verb_name='build', build_base='build', install_base='install', merge_install=False, symlink_install=False, test_result_base=None, continue_on_error=False, executor='parallel', parallel_workers=8, event_handlers=None, ignore_user_meta=False, metas=['./colcon.meta'], base_paths=['.'], packages_ignore=None, packages_ignore_regex=None, paths=None, packages_up_to=None, packages_up_to_regex=None, packages_above=None, packages_above_and_dependencies=None, packages_above_depth=None, packages_select_by_dep=None, packages_skip_by_dep=None, packages_skip_up_to=None, packages_select_build_failed=False, packages_skip_build_finished=False, packages_select_test_failures=False, packages_skip_test_passed=False, packages_select=None, packages_skip=None, packages_select_regex=None, packages_skip_regex=None, packages_start=None, packages_end=None, allow_overriding=[], cmake_args=None, cmake_target=None, cmake_target_skip_unavailable=False, cmake_clean_cache=False, cmake_clean_first=False, cmake_force_configure=False, ament_cmake_args=None, catkin_cmake_args=None, catkin_skip_building_tests=False, mixin_files=None, mixin=None, verb_parser=<colcon_mixin.mixin.mixin_argument.MixinArgumentDecorator object at 0x7f9c8c5c4b60>, verb_extension=<colcon_core.verb.build.BuildVerb object at 0x7f9c8c5c4b00>, main=<bound method BuildVerb.main of <colcon_core.verb.build.BuildVerb object at 0x7f9c8c5c4b00>>, mixin_verb=('build',))
[0.719s] Level 1:colcon.colcon_core.package_discovery:discover_packages(colcon_meta) check parameters
[0.719s] Level 1:colcon.colcon_core.package_discovery:discover_packages(recursive) check parameters
[0.720s] Level 1:colcon.colcon_core.package_discovery:discover_packages(ignore) check parameters
[0.720s] Level 1:colcon.colcon_core.package_discovery:discover_packages(path) check parameters
[0.720s] Level 1:colcon.colcon_core.package_discovery:discover_packages(colcon_meta) discover
[0.720s] Level 1:colcon.colcon_core.package_discovery:discover_packages(recursive) discover
[0.720s] INFO:colcon.colcon_core.package_discovery:Crawling recursively for packages in '/home/ubuntu/relBot'
[0.720s] Level 1:colcon.colcon_core.package_identification:_identify(.) by extensions ['ignore', 'ignore_ament_install']
[0.720s] Level 1:colcon.colcon_core.package_identification:_identify(.) by extension 'ignore'
[0.720s] Level 1:colcon.colcon_core.package_identification:_identify(.) by extension 'ignore_ament_install'
[0.720s] Level 1:colcon.colcon_core.package_identification:_identify(.) by extensions ['colcon_pkg']
[0.721s] Level 1:colcon.colcon_core.package_identification:_identify(.) by extension 'colcon_pkg'
[0.721s] Level 1:colcon.colcon_core.package_identification:_identify(.) by extensions ['colcon_meta']
[0.721s] Level 1:colcon.colcon_core.package_identification:_identify(.) by extension 'colcon_meta'
[0.721s] Level 1:colcon.colcon_core.package_identification:_identify(.) by extensions ['ros']
[0.721s] Level 1:colcon.colcon_core.package_identification:_identify(.) by extension 'ros'
[0.772s] Level 1:colcon.colcon_core.package_identification:_identify(.) by extensions ['cmake', 'python']
[0.773s] Level 1:colcon.colcon_core.package_identification:_identify(.) by extension 'cmake'
[0.773s] Level 1:colcon.colcon_core.package_identification:_identify(.) by extension 'python'
[0.773s] Level 1:colcon.colcon_core.package_identification:_identify(.) by extensions ['python_setup_py']
[0.774s] Level 1:colcon.colcon_core.package_identification:_identify(.) by extension 'python_setup_py'
[0.774s] Level 1:colcon.colcon_core.package_identification:_identify(build) by extensions ['ignore', 'ignore_ament_install']
[0.774s] Level 1:colcon.colcon_core.package_identification:_identify(build) by extension 'ignore'
[0.774s] Level 1:colcon.colcon_core.package_identification:_identify(build) ignored
[0.775s] Level 1:colcon.colcon_core.package_identification:_identify(install) by extensions ['ignore', 'ignore_ament_install']
[0.775s] Level 1:colcon.colcon_core.package_identification:_identify(install) by extension 'ignore'
[0.775s] Level 1:colcon.colcon_core.package_identification:_identify(install) ignored
[0.775s] Level 1:colcon.colcon_core.package_identification:_identify(log) by extensions ['ignore', 'ignore_ament_install']
[0.775s] Level 1:colcon.colcon_core.package_identification:_identify(log) by extension 'ignore'
[0.776s] Level 1:colcon.colcon_core.package_identification:_identify(log) ignored
[0.776s] Level 1:colcon.colcon_core.package_identification:_identify(src) by extensions ['ignore', 'ignore_ament_install']
[0.776s] Level 1:colcon.colcon_core.package_identification:_identify(src) by extension 'ignore'
[0.776s] Level 1:colcon.colcon_core.package_identification:_identify(src) by extension 'ignore_ament_install'
[0.776s] Level 1:colcon.colcon_core.package_identification:_identify(src) by extensions ['colcon_pkg']
[0.776s] Level 1:colcon.colcon_core.package_identification:_identify(src) by extension 'colcon_pkg'
[0.776s] Level 1:colcon.colcon_core.package_identification:_identify(src) by extensions ['colcon_meta']
[0.776s] Level 1:colcon.colcon_core.package_identification:_identify(src) by extension 'colcon_meta'
[0.776s] Level 1:colcon.colcon_core.package_identification:_identify(src) by extensions ['ros']
[0.776s] Level 1:colcon.colcon_core.package_identification:_identify(src) by extension 'ros'
[0.777s] Level 1:colcon.colcon_core.package_identification:_identify(src) by extensions ['cmake', 'python']
[0.777s] Level 1:colcon.colcon_core.package_identification:_identify(src) by extension 'cmake'
[0.777s] Level 1:colcon.colcon_core.package_identification:_identify(src) by extension 'python'
[0.777s] Level 1:colcon.colcon_core.package_identification:_identify(src) by extensions ['python_setup_py']
[0.777s] Level 1:colcon.colcon_core.package_identification:_identify(src) by extension 'python_setup_py'
[0.777s] Level 1:colcon.colcon_core.package_identification:_identify(src/cam2image_vm2ros) by extensions ['ignore', 'ignore_ament_install']
[0.777s] Level 1:colcon.colcon_core.package_identification:_identify(src/cam2image_vm2ros) by extension 'ignore'
[0.777s] Level 1:colcon.colcon_core.package_identification:_identify(src/cam2image_vm2ros) by extension 'ignore_ament_install'
[0.777s] Level 1:colcon.colcon_core.package_identification:_identify(src/cam2image_vm2ros) by extensions ['colcon_pkg']
[0.777s] Level 1:colcon.colcon_core.package_identification:_identify(src/cam2image_vm2ros) by extension 'colcon_pkg'
[0.777s] Level 1:colcon.colcon_core.package_identification:_identify(src/cam2image_vm2ros) by extensions ['colcon_meta']
[0.778s] Level 1:colcon.colcon_core.package_identification:_identify(src/cam2image_vm2ros) by extension 'colcon_meta'
[0.778s] Level 1:colcon.colcon_core.package_identification:_identify(src/cam2image_vm2ros) by extensions ['ros']
[0.778s] Level 1:colcon.colcon_core.package_identification:_identify(src/cam2image_vm2ros) by extension 'ros'
[0.782s] DEBUG:colcon.colcon_core.package_identification:Package 'src/cam2image_vm2ros' with type 'ros.ament_cmake' and name 'cam2image_vm2ros'
[0.782s] Level 1:colcon.colcon_core.package_identification:_identify(src/my_image_processor) by extensions ['ignore', 'ignore_ament_install']
[0.782s] Level 1:colcon.colcon_core.package_identification:_identify(src/my_image_processor) by extension 'ignore'
[0.782s] Level 1:colcon.colcon_core.package_identification:_identify(src/my_image_processor) by extension 'ignore_ament_install'
[0.783s] Level 1:colcon.colcon_core.package_identification:_identify(src/my_image_processor) by extensions ['colcon_pkg']
[0.783s] Level 1:colcon.colcon_core.package_identification:_identify(src/my_image_processor) by extension 'colcon_pkg'
[0.783s] Level 1:colcon.colcon_core.package_identification:_identify(src/my_image_processor) by extensions ['colcon_meta']
[0.783s] Level 1:colcon.colcon_core.package_identification:_identify(src/my_image_processor) by extension 'colcon_meta'
[0.783s] Level 1:colcon.colcon_core.package_identification:_identify(src/my_image_processor) by extensions ['ros']
[0.783s] Level 1:colcon.colcon_core.package_identification:_identify(src/my_image_processor) by extension 'ros'
[0.784s] DEBUG:colcon.colcon_core.package_identification:Package 'src/my_image_processor' with type 'ros.ament_cmake' and name 'my_image_processor'
[0.784s] Level 1:colcon.colcon_core.package_identification:_identify(src/relbot2turtlesim) by extensions ['ignore', 'ignore_ament_install']
[0.784s] Level 1:colcon.colcon_core.package_identification:_identify(src/relbot2turtlesim) by extension 'ignore'
[0.785s] Level 1:colcon.colcon_core.package_identification:_identify(src/relbot2turtlesim) by extension 'ignore_ament_install'
[0.785s] Level 1:colcon.colcon_core.package_identification:_identify(src/relbot2turtlesim) by extensions ['colcon_pkg']
[0.785s] Level 1:colcon.colcon_core.package_identification:_identify(src/relbot2turtlesim) by extension 'colcon_pkg'
[0.785s] Level 1:colcon.colcon_core.package_identification:_identify(src/relbot2turtlesim) by extensions ['colcon_meta']
[0.785s] Level 1:colcon.colcon_core.package_identification:_identify(src/relbot2turtlesim) by extension 'colcon_meta'
[0.785s] Level 1:colcon.colcon_core.package_identification:_identify(src/relbot2turtlesim) by extensions ['ros']
[0.785s] Level 1:colcon.colcon_core.package_identification:_identify(src/relbot2turtlesim) by extension 'ros'
[0.786s] DEBUG:colcon.colcon_core.package_identification:Package 'src/relbot2turtlesim' with type 'ros.ament_cmake' and name 'relbot2turtlesim'
[0.786s] Level 1:colcon.colcon_core.package_identification:_identify(src/relbot_launch) by extensions ['ignore', 'ignore_ament_install']
[0.786s] Level 1:colcon.colcon_core.package_identification:_identify(src/relbot_launch) by extension 'ignore'
[0.787s] Level 1:colcon.colcon_core.package_identification:_identify(src/relbot_launch) by extension 'ignore_ament_install'
[0.787s] Level 1:colcon.colcon_core.package_identification:_identify(src/relbot_launch) by extensions ['colcon_pkg']
[0.787s] Level 1:colcon.colcon_core.package_identification:_identify(src/relbot_launch) by extension 'colcon_pkg'
[0.787s] Level 1:colcon.colcon_core.package_identification:_identify(src/relbot_launch) by extensions ['colcon_meta']
[0.787s] Level 1:colcon.colcon_core.package_identification:_identify(src/relbot_launch) by extension 'colcon_meta'
[0.787s] Level 1:colcon.colcon_core.package_identification:_identify(src/relbot_launch) by extensions ['ros']
[0.787s] Level 1:colcon.colcon_core.package_identification:_identify(src/relbot_launch) by extension 'ros'
[0.788s] DEBUG:colcon.colcon_core.package_identification:Package 'src/relbot_launch' with type 'ros.ament_cmake' and name 'relbot_launch'
[0.788s] Level 1:colcon.colcon_core.package_identification:_identify(src/relbot_sequence_controller) by extensions ['ignore', 'ignore_ament_install']
[0.788s] Level 1:colcon.colcon_core.package_identification:_identify(src/relbot_sequence_controller) by extension 'ignore'
[0.788s] Level 1:colcon.colcon_core.package_identification:_identify(src/relbot_sequence_controller) by extension 'ignore_ament_install'
[0.788s] Level 1:colcon.colcon_core.package_identification:_identify(src/relbot_sequence_controller) by extensions ['colcon_pkg']
[0.788s] Level 1:colcon.colcon_core.package_identification:_identify(src/relbot_sequence_controller) by extension 'colcon_pkg'
[0.789s] Level 1:colcon.colcon_core.package_identification:_identify(src/relbot_sequence_controller) by extensions ['colcon_meta']
[0.790s] Level 1:colcon.colcon_core.package_identification:_identify(src/relbot_sequence_controller) by extension 'colcon_meta'
[0.790s] Level 1:colcon.colcon_core.package_identification:_identify(src/relbot_sequence_controller) by extensions ['ros']
[0.791s] Level 1:colcon.colcon_core.package_identification:_identify(src/relbot_sequence_controller) by extension 'ros'
[0.793s] DEBUG:colcon.colcon_core.package_identification:Package 'src/relbot_sequence_controller' with type 'ros.ament_cmake' and name 'relbot_sequence_controller'
[0.794s] Level 1:colcon.colcon_core.package_identification:_identify(src/relbot_simulator) by extensions ['ignore', 'ignore_ament_install']
[0.794s] Level 1:colcon.colcon_core.package_identification:_identify(src/relbot_simulator) by extension 'ignore'
[0.794s] Level 1:colcon.colcon_core.package_identification:_identify(src/relbot_simulator) by extension 'ignore_ament_install'
[0.794s] Level 1:colcon.colcon_core.package_identification:_identify(src/relbot_simulator) by extensions ['colcon_pkg']
[0.795s] Level 1:colcon.colcon_core.package_identification:_identify(src/relbot_simulator) by extension 'colcon_pkg'
[0.795s] Level 1:colcon.colcon_core.package_identification:_identify(src/relbot_simulator) by extensions ['colcon_meta']
[0.795s] Level 1:colcon.colcon_core.package_identification:_identify(src/relbot_simulator) by extension 'colcon_meta'
[0.795s] Level 1:colcon.colcon_core.package_identification:_identify(src/relbot_simulator) by extensions ['ros']
[0.795s] Level 1:colcon.colcon_core.package_identification:_identify(src/relbot_simulator) by extension 'ros'
[0.798s] DEBUG:colcon.colcon_core.package_identification:Package 'src/relbot_simulator' with type 'ros.ament_cmake' and name 'relbot_simulator'
[0.798s] Level 1:colcon.colcon_core.package_discovery:discover_packages(recursive) using defaults
[0.798s] Level 1:colcon.colcon_core.package_discovery:discover_packages(ignore) discover
[0.799s] Level 1:colcon.colcon_core.package_discovery:discover_packages(ignore) using defaults
[0.799s] Level 1:colcon.colcon_core.package_discovery:discover_packages(path) discover
[0.799s] Level 1:colcon.colcon_core.package_discovery:discover_packages(path) using defaults
[0.835s] Level 1:colcon.colcon_core.package_discovery:discover_packages(prefix_path) check parameters
[0.835s] Level 1:colcon.colcon_core.package_discovery:discover_packages(prefix_path) discover
[0.841s] DEBUG:colcon.colcon_installed_package_information.package_discovery:Found 6 installed packages in /home/ubuntu/relBot/install
[0.847s] DEBUG:colcon.colcon_installed_package_information.package_discovery:Found 285 installed packages in /opt/ros/jazzy
[0.852s] Level 1:colcon.colcon_core.package_discovery:discover_packages(prefix_path) using defaults
[0.993s] Level 5:colcon.colcon_core.verb:set package 'cam2image_vm2ros' build argument 'cmake_args' from command line to 'None'
[0.993s] Level 5:colcon.colcon_core.verb:set package 'cam2image_vm2ros' build argument 'cmake_target' from command line to 'None'
[0.993s] Level 5:colcon.colcon_core.verb:set package 'cam2image_vm2ros' build argument 'cmake_target_skip_unavailable' from command line to 'False'
[0.993s] Level 5:colcon.colcon_core.verb:set package 'cam2image_vm2ros' build argument 'cmake_clean_cache' from command line to 'False'
[0.993s] Level 5:colcon.colcon_core.verb:set package 'cam2image_vm2ros' build argument 'cmake_clean_first' from command line to 'False'
[0.993s] Level 5:colcon.colcon_core.verb:set package 'cam2image_vm2ros' build argument 'cmake_force_configure' from command line to 'False'
[0.993s] Level 5:colcon.colcon_core.verb:set package 'cam2image_vm2ros' build argument 'ament_cmake_args' from command line to 'None'
[0.993s] Level 5:colcon.colcon_core.verb:set package 'cam2image_vm2ros' build argument 'catkin_cmake_args' from command line to 'None'
[0.993s] Level 5:colcon.colcon_core.verb:set package 'cam2image_vm2ros' build argument 'catkin_skip_building_tests' from command line to 'False'
[0.994s] DEBUG:colcon.colcon_core.verb:Building package 'cam2image_vm2ros' with the following arguments: {'ament_cmake_args': None, 'build_base': '/home/ubuntu/relBot/build/cam2image_vm2ros', 'catkin_cmake_args': None, 'catkin_skip_building_tests': False, 'cmake_args': None, 'cmake_clean_cache': False, 'cmake_clean_first': False, 'cmake_force_configure': False, 'cmake_target': None, 'cmake_target_skip_unavailable': False, 'install_base': '/home/ubuntu/relBot/install/cam2image_vm2ros', 'merge_install': False, 'path': '/home/ubuntu/relBot/src/cam2image_vm2ros', 'symlink_install': False, 'test_result_base': None}
[0.994s] Level 5:colcon.colcon_core.verb:set package 'my_image_processor' build argument 'cmake_args' from command line to 'None'
[0.994s] Level 5:colcon.colcon_core.verb:set package 'my_image_processor' build argument 'cmake_target' from command line to 'None'
[0.994s] Level 5:colcon.colcon_core.verb:set package 'my_image_processor' build argument 'cmake_target_skip_unavailable' from command line to 'False'
[0.995s] Level 5:colcon.colcon_core.verb:set package 'my_image_processor' build argument 'cmake_clean_cache' from command line to 'False'
[0.995s] Level 5:colcon.colcon_core.verb:set package 'my_image_processor' build argument 'cmake_clean_first' from command line to 'False'
[0.995s] Level 5:colcon.colcon_core.verb:set package 'my_image_processor' build argument 'cmake_force_configure' from command line to 'False'
[0.995s] Level 5:colcon.colcon_core.verb:set package 'my_image_processor' build argument 'ament_cmake_args' from command line to 'None'
[0.995s] Level 5:colcon.colcon_core.verb:set package 'my_image_processor' build argument 'catkin_cmake_args' from command line to 'None'
[0.995s] Level 5:colcon.colcon_core.verb:set package 'my_image_processor' build argument 'catkin_skip_building_tests' from command line to 'False'
[0.995s] DEBUG:colcon.colcon_core.verb:Building package 'my_image_processor' with the following arguments: {'ament_cmake_args': None, 'build_base': '/home/ubuntu/relBot/build/my_image_processor', 'catkin_cmake_args': None, 'catkin_skip_building_tests': False, 'cmake_args': None, 'cmake_clean_cache': False, 'cmake_clean_first': False, 'cmake_force_configure': False, 'cmake_target': None, 'cmake_target_skip_unavailable': False, 'install_base': '/home/ubuntu/relBot/install/my_image_processor', 'merge_install': False, 'path': '/home/ubuntu/relBot/src/my_image_processor', 'symlink_install': False, 'test_result_base': None}
[0.995s] Level 5:colcon.colcon_core.verb:set package 'relbot2turtlesim' build argument 'cmake_args' from command line to 'None'
[0.996s] Level 5:colcon.colcon_core.verb:set package 'relbot2turtlesim' build argument 'cmake_target' from command line to 'None'
[0.996s] Level 5:colcon.colcon_core.verb:set package 'relbot2turtlesim' build argument 'cmake_target_skip_unavailable' from command line to 'False'
[0.996s] Level 5:colcon.colcon_core.verb:set package 'relbot2turtlesim' build argument 'cmake_clean_cache' from command line to 'False'
[0.996s] Level 5:colcon.colcon_core.verb:set package 'relbot2turtlesim' build argument 'cmake_clean_first' from command line to 'False'
[0.996s] Level 5:colcon.colcon_core.verb:set package 'relbot2turtlesim' build argument 'cmake_force_configure' from command line to 'False'
[0.996s] Level 5:colcon.colcon_core.verb:set package 'relbot2turtlesim' build argument 'ament_cmake_args' from command line to 'None'
[0.996s] Level 5:colcon.colcon_core.verb:set package 'relbot2turtlesim' build argument 'catkin_cmake_args' from command line to 'None'
[0.996s] Level 5:colcon.colcon_core.verb:set package 'relbot2turtlesim' build argument 'catkin_skip_building_tests' from command line to 'False'
[0.996s] DEBUG:colcon.colcon_core.verb:Building package 'relbot2turtlesim' with the following arguments: {'ament_cmake_args': None, 'build_base': '/home/ubuntu/relBot/build/relbot2turtlesim', 'catkin_cmake_args': None, 'catkin_skip_building_tests': False, 'cmake_args': None, 'cmake_clean_cache': False, 'cmake_clean_first': False, 'cmake_force_configure': False, 'cmake_target': None, 'cmake_target_skip_unavailable': False, 'install_base': '/home/ubuntu/relBot/install/relbot2turtlesim', 'merge_install': False, 'path': '/home/ubuntu/relBot/src/relbot2turtlesim', 'symlink_install': False, 'test_result_base': None}
[0.997s] Level 5:colcon.colcon_core.verb:set package 'relbot_launch' build argument 'cmake_args' from command line to 'None'
[0.997s] Level 5:colcon.colcon_core.verb:set package 'relbot_launch' build argument 'cmake_target' from command line to 'None'
[0.997s] Level 5:colcon.colcon_core.verb:set package 'relbot_launch' build argument 'cmake_target_skip_unavailable' from command line to 'False'
[0.997s] Level 5:colcon.colcon_core.verb:set package 'relbot_launch' build argument 'cmake_clean_cache' from command line to 'False'
[0.997s] Level 5:colcon.colcon_core.verb:set package 'relbot_launch' build argument 'cmake_clean_first' from command line to 'False'
[0.997s] Level 5:colcon.colcon_core.verb:set package 'relbot_launch' build argument 'cmake_force_configure' from command line to 'False'
[0.997s] Level 5:colcon.colcon_core.verb:set package 'relbot_launch' build argument 'ament_cmake_args' from command line to 'None'
[0.997s] Level 5:colcon.colcon_core.verb:set package 'relbot_launch' build argument 'catkin_cmake_args' from command line to 'None'
[0.997s] Level 5:colcon.colcon_core.verb:set package 'relbot_launch' build argument 'catkin_skip_building_tests' from command line to 'False'
[0.997s] DEBUG:colcon.colcon_core.verb:Building package 'relbot_launch' with the following arguments: {'ament_cmake_args': None, 'build_base': '/home/ubuntu/relBot/build/relbot_launch', 'catkin_cmake_args': None, 'catkin_skip_building_tests': False, 'cmake_args': None, 'cmake_clean_cache': False, 'cmake_clean_first': False, 'cmake_force_configure': False, 'cmake_target': None, 'cmake_target_skip_unavailable': False, 'install_base': '/home/ubuntu/relBot/install/relbot_launch', 'merge_install': False, 'path': '/home/ubuntu/relBot/src/relbot_launch', 'symlink_install': False, 'test_result_base': None}
[0.998s] Level 5:colcon.colcon_core.verb:set package 'relbot_sequence_controller' build argument 'cmake_args' from command line to 'None'
[0.998s] Level 5:colcon.colcon_core.verb:set package 'relbot_sequence_controller' build argument 'cmake_target' from command line to 'None'
[0.998s] Level 5:colcon.colcon_core.verb:set package 'relbot_sequence_controller' build argument 'cmake_target_skip_unavailable' from command line to 'False'
[0.998s] Level 5:colcon.colcon_core.verb:set package 'relbot_sequence_controller' build argument 'cmake_clean_cache' from command line to 'False'
[0.998s] Level 5:colcon.colcon_core.verb:set package 'relbot_sequence_controller' build argument 'cmake_clean_first' from command line to 'False'
[0.998s] Level 5:colcon.colcon_core.verb:set package 'relbot_sequence_controller' build argument 'cmake_force_configure' from command line to 'False'
[0.999s] Level 5:colcon.colcon_core.verb:set package 'relbot_sequence_controller' build argument 'ament_cmake_args' from command line to 'None'
[0.999s] Level 5:colcon.colcon_core.verb:set package 'relbot_sequence_controller' build argument 'catkin_cmake_args' from command line to 'None'
[0.999s] Level 5:colcon.colcon_core.verb:set package 'relbot_sequence_controller' build argument 'catkin_skip_building_tests' from command line to 'False'
[0.999s] DEBUG:colcon.colcon_core.verb:Building package 'relbot_sequence_controller' with the following arguments: {'ament_cmake_args': None, 'build_base': '/home/ubuntu/relBot/build/relbot_sequence_controller', 'catkin_cmake_args': None, 'catkin_skip_building_tests': False, 'cmake_args': None, 'cmake_clean_cache': False, 'cmake_clean_first': False, 'cmake_force_configure': False, 'cmake_target': None, 'cmake_target_skip_unavailable': False, 'install_base': '/home/ubuntu/relBot/install/relbot_sequence_controller', 'merge_install': False, 'path': '/home/ubuntu/relBot/src/relbot_sequence_controller', 'symlink_install': False, 'test_result_base': None}
[1.000s] Level 5:colcon.colcon_core.verb:set package 'relbot_simulator' build argument 'cmake_args' from command line to 'None'
[1.000s] Level 5:colcon.colcon_core.verb:set package 'relbot_simulator' build argument 'cmake_target' from command line to 'None'
[1.000s] Level 5:colcon.colcon_core.verb:set package 'relbot_simulator' build argument 'cmake_target_skip_unavailable' from command line to 'False'
[1.000s] Level 5:colcon.colcon_core.verb:set package 'relbot_simulator' build argument 'cmake_clean_cache' from command line to 'False'
[1.000s] Level 5:colcon.colcon_core.verb:set package 'relbot_simulator' build argument 'cmake_clean_first' from command line to 'False'
[1.000s] Level 5:colcon.colcon_core.verb:set package 'relbot_simulator' build argument 'cmake_force_configure' from command line to 'False'
[1.000s] Level 5:colcon.colcon_core.verb:set package 'relbot_simulator' build argument 'ament_cmake_args' from command line to 'None'
[1.000s] Level 5:colcon.colcon_core.verb:set package 'relbot_simulator' build argument 'catkin_cmake_args' from command line to 'None'
[1.000s] Level 5:colcon.colcon_core.verb:set package 'relbot_simulator' build argument 'catkin_skip_building_tests' from command line to 'False'
[1.000s] DEBUG:colcon.colcon_core.verb:Building package 'relbot_simulator' with the following arguments: {'ament_cmake_args': None, 'build_base': '/home/ubuntu/relBot/build/relbot_simulator', 'catkin_cmake_args': None, 'catkin_skip_building_tests': False, 'cmake_args': None, 'cmake_clean_cache': False, 'cmake_clean_first': False, 'cmake_force_configure': False, 'cmake_target': None, 'cmake_target_skip_unavailable': False, 'install_base': '/home/ubuntu/relBot/install/relbot_simulator', 'merge_install': False, 'path': '/home/ubuntu/relBot/src/relbot_simulator', 'symlink_install': False, 'test_result_base': None}
[1.001s] INFO:colcon.colcon_core.executor:Executing jobs using 'parallel' executor
[1.004s] DEBUG:colcon.colcon_parallel_executor.executor.parallel:run_until_complete
[1.006s] INFO:colcon.colcon_ros.task.ament_cmake.build:Building ROS package in '/home/ubuntu/relBot/src/cam2image_vm2ros' with build type 'ament_cmake'
[1.009s] INFO:colcon.colcon_cmake.task.cmake.build:Building CMake package in '/home/ubuntu/relBot/src/cam2image_vm2ros'
[1.016s] INFO:colcon.colcon_core.plugin_system:Skipping extension 'colcon_core.shell.bat': Not used on non-Windows systems
[1.016s] INFO:colcon.colcon_core.shell:Skip shell extension 'powershell' for command environment: Not usable outside of PowerShell
[1.016s] DEBUG:colcon.colcon_core.shell:Skip shell extension 'dsv' for command environment
[1.029s] INFO:colcon.colcon_ros.task.ament_cmake.build:Building ROS package in '/home/ubuntu/relBot/src/my_image_processor' with build type 'ament_cmake'
[1.030s] INFO:colcon.colcon_cmake.task.cmake.build:Building CMake package in '/home/ubuntu/relBot/src/my_image_processor'
[1.032s] INFO:colcon.colcon_core.shell:Skip shell extension 'powershell' for command environment: Not usable outside of PowerShell
[1.032s] DEBUG:colcon.colcon_core.shell:Skip shell extension 'dsv' for command environment
[1.044s] INFO:colcon.colcon_ros.task.ament_cmake.build:Building ROS package in '/home/ubuntu/relBot/src/relbot2turtlesim' with build type 'ament_cmake'
[1.044s] INFO:colcon.colcon_cmake.task.cmake.build:Building CMake package in '/home/ubuntu/relBot/src/relbot2turtlesim'
[1.045s] INFO:colcon.colcon_core.shell:Skip shell extension 'powershell' for command environment: Not usable outside of PowerShell
[1.045s] DEBUG:colcon.colcon_core.shell:Skip shell extension 'dsv' for command environment
[1.057s] INFO:colcon.colcon_ros.task.ament_cmake.build:Building ROS package in '/home/ubuntu/relBot/src/relbot_launch' with build type 'ament_cmake'
[1.058s] INFO:colcon.colcon_cmake.task.cmake.build:Building CMake package in '/home/ubuntu/relBot/src/relbot_launch'
[1.059s] INFO:colcon.colcon_core.shell:Skip shell extension 'powershell' for command environment: Not usable outside of PowerShell
[1.059s] DEBUG:colcon.colcon_core.shell:Skip shell extension 'dsv' for command environment
[1.076s] INFO:colcon.colcon_ros.task.ament_cmake.build:Building ROS package in '/home/ubuntu/relBot/src/relbot_sequence_controller' with build type 'ament_cmake'
[1.077s] INFO:colcon.colcon_cmake.task.cmake.build:Building CMake package in '/home/ubuntu/relBot/src/relbot_sequence_controller'
[1.078s] INFO:colcon.colcon_core.shell:Skip shell extension 'powershell' for command environment: Not usable outside of PowerShell
[1.078s] DEBUG:colcon.colcon_core.shell:Skip shell extension 'dsv' for command environment
[1.091s] INFO:colcon.colcon_ros.task.ament_cmake.build:Building ROS package in '/home/ubuntu/relBot/src/relbot_simulator' with build type 'ament_cmake'
[1.092s] INFO:colcon.colcon_cmake.task.cmake.build:Building CMake package in '/home/ubuntu/relBot/src/relbot_simulator'
[1.093s] INFO:colcon.colcon_core.shell:Skip shell extension 'powershell' for command environment: Not usable outside of PowerShell
[1.093s] DEBUG:colcon.colcon_core.shell:Skip shell extension 'dsv' for command environment
[1.131s] DEBUG:colcon.colcon_core.event_handler.log_command:Invoking command in '/home/ubuntu/relBot/build/cam2image_vm2ros': CMAKE_PREFIX_PATH=${CMAKE_PREFIX_PATH}:/opt/ros/jazzy DEBUGINFOD_URLS=https://debuginfod.ubuntu.com /usr/bin/cmake --build /home/ubuntu/relBot/build/cam2image_vm2ros -- -j8 -l8
[1.147s] DEBUG:colcon.colcon_core.event_handler.log_command:Invoking command in '/home/ubuntu/relBot/build/my_image_processor': CMAKE_PREFIX_PATH=${CMAKE_PREFIX_PATH}:/opt/ros/jazzy DEBUGINFOD_URLS=https://debuginfod.ubuntu.com /usr/bin/cmake --build /home/ubuntu/relBot/build/my_image_processor -- -j8 -l8
[1.156s] DEBUG:colcon.colcon_core.event_handler.log_command:Invoking command in '/home/ubuntu/relBot/build/relbot2turtlesim': CMAKE_PREFIX_PATH=${CMAKE_PREFIX_PATH}:/opt/ros/jazzy DEBUGINFOD_URLS=https://debuginfod.ubuntu.com /usr/bin/cmake --build /home/ubuntu/relBot/build/relbot2turtlesim -- -j8 -l8
[1.171s] DEBUG:colcon.colcon_core.event_handler.log_command:Invoking command in '/home/ubuntu/relBot/build/relbot_launch': CMAKE_PREFIX_PATH=${CMAKE_PREFIX_PATH}:/opt/ros/jazzy DEBUGINFOD_URLS=https://debuginfod.ubuntu.com /usr/bin/cmake --build /home/ubuntu/relBot/build/relbot_launch -- -j8 -l8
[1.176s] DEBUG:colcon.colcon_core.event_handler.log_command:Invoking command in '/home/ubuntu/relBot/build/relbot_sequence_controller': CMAKE_PREFIX_PATH=${CMAKE_PREFIX_PATH}:/opt/ros/jazzy DEBUGINFOD_URLS=https://debuginfod.ubuntu.com /usr/bin/cmake --build /home/ubuntu/relBot/build/relbot_sequence_controller -- -j8 -l8
[1.196s] DEBUG:colcon.colcon_core.event_handler.log_command:Invoking command in '/home/ubuntu/relBot/build/relbot_simulator': CMAKE_PREFIX_PATH=${CMAKE_PREFIX_PATH}:/opt/ros/jazzy DEBUGINFOD_URLS=https://debuginfod.ubuntu.com /usr/bin/cmake --build /home/ubuntu/relBot/build/relbot_simulator -- -j8 -l8
[1.281s] DEBUG:colcon.colcon_core.event_handler.log_command:Invoked command in '/home/ubuntu/relBot/build/relbot_launch' returned '0': CMAKE_PREFIX_PATH=${CMAKE_PREFIX_PATH}:/opt/ros/jazzy DEBUGINFOD_URLS=https://debuginfod.ubuntu.com /usr/bin/cmake --build /home/ubuntu/relBot/build/relbot_launch -- -j8 -l8
[1.301s] DEBUG:colcon.colcon_core.event_handler.log_command:Invoking command in '/home/ubuntu/relBot/build/relbot_launch': CMAKE_PREFIX_PATH=${CMAKE_PREFIX_PATH}:/opt/ros/jazzy DEBUGINFOD_URLS=https://debuginfod.ubuntu.com /usr/bin/cmake --install /home/ubuntu/relBot/build/relbot_launch
[1.329s] Level 1:colcon.colcon_core.environment:create_environment_scripts_only(relbot_launch)
[1.331s] DEBUG:colcon.colcon_core.event_handler.log_command:Invoked command in '/home/ubuntu/relBot/build/relbot_launch' returned '0': CMAKE_PREFIX_PATH=${CMAKE_PREFIX_PATH}:/opt/ros/jazzy DEBUGINFOD_URLS=https://debuginfod.ubuntu.com /usr/bin/cmake --install /home/ubuntu/relBot/build/relbot_launch
[1.337s] Level 1:colcon.colcon_core.environment:checking '/home/ubuntu/relBot/install/relbot_launch' for CMake module files
[1.339s] Level 1:colcon.colcon_core.environment:checking '/home/ubuntu/relBot/install/relbot_launch' for CMake config files
[1.340s] Level 1:colcon.colcon_core.shell:create_environment_hook('relbot_launch', 'cmake_prefix_path')
[1.340s] INFO:colcon.colcon_core.shell:Creating environment hook '/home/ubuntu/relBot/install/relbot_launch/share/relbot_launch/hook/cmake_prefix_path.ps1'
[1.342s] INFO:colcon.colcon_core.shell:Creating environment descriptor '/home/ubuntu/relBot/install/relbot_launch/share/relbot_launch/hook/cmake_prefix_path.dsv'
[1.344s] INFO:colcon.colcon_core.shell:Creating environment hook '/home/ubuntu/relBot/install/relbot_launch/share/relbot_launch/hook/cmake_prefix_path.sh'
[1.346s] Level 1:colcon.colcon_core.environment:checking '/home/ubuntu/relBot/install/relbot_launch/bin'
[1.346s] Level 1:colcon.colcon_core.environment:checking '/home/ubuntu/relBot/install/relbot_launch/lib/pkgconfig/relbot_launch.pc'
[1.347s] Level 1:colcon.colcon_core.environment:checking '/home/ubuntu/relBot/install/relbot_launch/lib/python3.12/site-packages'
[1.347s] Level 1:colcon.colcon_core.environment:checking '/home/ubuntu/relBot/install/relbot_launch/bin'
[1.347s] INFO:colcon.colcon_core.shell:Creating package script '/home/ubuntu/relBot/install/relbot_launch/share/relbot_launch/package.ps1'
[1.348s] INFO:colcon.colcon_core.shell:Creating package descriptor '/home/ubuntu/relBot/install/relbot_launch/share/relbot_launch/package.dsv'
[1.349s] INFO:colcon.colcon_core.shell:Creating package script '/home/ubuntu/relBot/install/relbot_launch/share/relbot_launch/package.sh'
[1.350s] INFO:colcon.colcon_core.shell:Creating package script '/home/ubuntu/relBot/install/relbot_launch/share/relbot_launch/package.bash'
[1.351s] INFO:colcon.colcon_core.shell:Creating package script '/home/ubuntu/relBot/install/relbot_launch/share/relbot_launch/package.zsh'
[1.353s] Level 1:colcon.colcon_core.environment:create_file_with_runtime_dependencies(/home/ubuntu/relBot/install/relbot_launch/share/colcon-core/packages/relbot_launch)
[1.354s] Level 1:colcon.colcon_core.environment:create_environment_scripts_only(relbot_launch)
[1.354s] Level 1:colcon.colcon_core.environment:checking '/home/ubuntu/relBot/install/relbot_launch' for CMake module files
[1.355s] Level 1:colcon.colcon_core.environment:checking '/home/ubuntu/relBot/install/relbot_launch' for CMake config files
[1.355s] Level 1:colcon.colcon_core.shell:create_environment_hook('relbot_launch', 'cmake_prefix_path')
[1.356s] INFO:colcon.colcon_core.shell:Creating environment hook '/home/ubuntu/relBot/install/relbot_launch/share/relbot_launch/hook/cmake_prefix_path.ps1'
[1.356s] INFO:colcon.colcon_core.shell:Creating environment descriptor '/home/ubuntu/relBot/install/relbot_launch/share/relbot_launch/hook/cmake_prefix_path.dsv'
[1.357s] INFO:colcon.colcon_core.shell:Creating environment hook '/home/ubuntu/relBot/install/relbot_launch/share/relbot_launch/hook/cmake_prefix_path.sh'
[1.359s] Level 1:colcon.colcon_core.environment:checking '/home/ubuntu/relBot/install/relbot_launch/bin'
[1.359s] Level 1:colcon.colcon_core.environment:checking '/home/ubuntu/relBot/install/relbot_launch/lib/pkgconfig/relbot_launch.pc'
[1.361s] Level 1:colcon.colcon_core.environment:checking '/home/ubuntu/relBot/install/relbot_launch/lib/python3.12/site-packages'
[1.362s] Level 1:colcon.colcon_core.environment:checking '/home/ubuntu/relBot/install/relbot_launch/bin'
[1.362s] INFO:colcon.colcon_core.shell:Creating package script '/home/ubuntu/relBot/install/relbot_launch/share/relbot_launch/package.ps1'
[1.363s] INFO:colcon.colcon_core.shell:Creating package descriptor '/home/ubuntu/relBot/install/relbot_launch/share/relbot_launch/package.dsv'
[1.365s] INFO:colcon.colcon_core.shell:Creating package script '/home/ubuntu/relBot/install/relbot_launch/share/relbot_launch/package.sh'
[1.365s] INFO:colcon.colcon_core.shell:Creating package script '/home/ubuntu/relBot/install/relbot_launch/share/relbot_launch/package.bash'
[1.366s] INFO:colcon.colcon_core.shell:Creating package script '/home/ubuntu/relBot/install/relbot_launch/share/relbot_launch/package.zsh'
[1.367s] Level 1:colcon.colcon_core.environment:create_file_with_runtime_dependencies(/home/ubuntu/relBot/install/relbot_launch/share/colcon-core/packages/relbot_launch)
[1.373s] DEBUG:colcon.colcon_core.event_handler.log_command:Invoked command in '/home/ubuntu/relBot/build/my_image_processor' returned '0': CMAKE_PREFIX_PATH=${CMAKE_PREFIX_PATH}:/opt/ros/jazzy DEBUGINFOD_URLS=https://debuginfod.ubuntu.com /usr/bin/cmake --build /home/ubuntu/relBot/build/my_image_processor -- -j8 -l8
[1.375s] DEBUG:colcon.colcon_core.event_handler.log_command:Invoking command in '/home/ubuntu/relBot/build/my_image_processor': CMAKE_PREFIX_PATH=${CMAKE_PREFIX_PATH}:/opt/ros/jazzy DEBUGINFOD_URLS=https://debuginfod.ubuntu.com /usr/bin/cmake --install /home/ubuntu/relBot/build/my_image_processor
[1.377s] DEBUG:colcon.colcon_core.event_handler.log_command:Invoked command in '/home/ubuntu/relBot/build/relbot2turtlesim' returned '0': CMAKE_PREFIX_PATH=${CMAKE_PREFIX_PATH}:/opt/ros/jazzy DEBUGINFOD_URLS=https://debuginfod.ubuntu.com /usr/bin/cmake --build /home/ubuntu/relBot/build/relbot2turtlesim -- -j8 -l8
[1.379s] DEBUG:colcon.colcon_core.event_handler.log_command:Invoking command in '/home/ubuntu/relBot/build/relbot2turtlesim': CMAKE_PREFIX_PATH=${CMAKE_PREFIX_PATH}:/opt/ros/jazzy DEBUGINFOD_URLS=https://debuginfod.ubuntu.com /usr/bin/cmake --install /home/ubuntu/relBot/build/relbot2turtlesim
[1.381s] DEBUG:colcon.colcon_core.event_handler.log_command:Invoked command in '/home/ubuntu/relBot/build/cam2image_vm2ros' returned '0': CMAKE_PREFIX_PATH=${CMAKE_PREFIX_PATH}:/opt/ros/jazzy DEBUGINFOD_URLS=https://debuginfod.ubuntu.com /usr/bin/cmake --build /home/ubuntu/relBot/build/cam2image_vm2ros -- -j8 -l8
[1.384s] DEBUG:colcon.colcon_core.event_handler.log_command:Invoking command in '/home/ubuntu/relBot/build/cam2image_vm2ros': CMAKE_PREFIX_PATH=${CMAKE_PREFIX_PATH}:/opt/ros/jazzy DEBUGINFOD_URLS=https://debuginfod.ubuntu.com /usr/bin/cmake --install /home/ubuntu/relBot/build/cam2image_vm2ros
[1.388s] DEBUG:colcon.colcon_core.event_handler.log_command:Invoked command in '/home/ubuntu/relBot/build/relbot_simulator' returned '0': CMAKE_PREFIX_PATH=${CMAKE_PREFIX_PATH}:/opt/ros/jazzy DEBUGINFOD_URLS=https://debuginfod.ubuntu.com /usr/bin/cmake --build /home/ubuntu/relBot/build/relbot_simulator -- -j8 -l8
[1.391s] DEBUG:colcon.colcon_core.event_handler.log_command:Invoking command in '/home/ubuntu/relBot/build/relbot_simulator': CMAKE_PREFIX_PATH=${CMAKE_PREFIX_PATH}:/opt/ros/jazzy DEBUGINFOD_URLS=https://debuginfod.ubuntu.com /usr/bin/cmake --install /home/ubuntu/relBot/build/relbot_simulator
[1.427s] Level 1:colcon.colcon_core.environment:create_environment_scripts_only(my_image_processor)
[1.429s] Level 1:colcon.colcon_core.environment:checking '/home/ubuntu/relBot/install/my_image_processor' for CMake module files
[1.442s] Level 1:colcon.colcon_core.environment:checking '/home/ubuntu/relBot/install/my_image_processor' for CMake config files
[1.448s] DEBUG:colcon.colcon_core.event_handler.log_command:Invoked command in '/home/ubuntu/relBot/build/my_image_processor' returned '0': CMAKE_PREFIX_PATH=${CMAKE_PREFIX_PATH}:/opt/ros/jazzy DEBUGINFOD_URLS=https://debuginfod.ubuntu.com /usr/bin/cmake --install /home/ubuntu/relBot/build/my_image_processor
[1.449s] Level 1:colcon.colcon_core.shell:create_environment_hook('my_image_processor', 'cmake_prefix_path')
[1.449s] INFO:colcon.colcon_core.shell:Creating environment hook '/home/ubuntu/relBot/install/my_image_processor/share/my_image_processor/hook/cmake_prefix_path.ps1'
[1.451s] INFO:colcon.colcon_core.shell:Creating environment descriptor '/home/ubuntu/relBot/install/my_image_processor/share/my_image_processor/hook/cmake_prefix_path.dsv'
[1.452s] INFO:colcon.colcon_core.shell:Creating environment hook '/home/ubuntu/relBot/install/my_image_processor/share/my_image_processor/hook/cmake_prefix_path.sh'
[1.453s] Level 1:colcon.colcon_core.environment:checking '/home/ubuntu/relBot/install/my_image_processor/lib'
[1.454s] Level 1:colcon.colcon_core.environment:checking '/home/ubuntu/relBot/install/my_image_processor/bin'
[1.454s] Level 1:colcon.colcon_core.environment:checking '/home/ubuntu/relBot/install/my_image_processor/lib/pkgconfig/my_image_processor.pc'
[1.455s] Level 1:colcon.colcon_core.environment:checking '/home/ubuntu/relBot/install/my_image_processor/lib/python3.12/site-packages'
[1.456s] Level 1:colcon.colcon_core.environment:checking '/home/ubuntu/relBot/install/my_image_processor/bin'
[1.456s] INFO:colcon.colcon_core.shell:Creating package script '/home/ubuntu/relBot/install/my_image_processor/share/my_image_processor/package.ps1'
[1.458s] INFO:colcon.colcon_core.shell:Creating package descriptor '/home/ubuntu/relBot/install/my_image_processor/share/my_image_processor/package.dsv'
[1.459s] INFO:colcon.colcon_core.shell:Creating package script '/home/ubuntu/relBot/install/my_image_processor/share/my_image_processor/package.sh'
[1.460s] INFO:colcon.colcon_core.shell:Creating package script '/home/ubuntu/relBot/install/my_image_processor/share/my_image_processor/package.bash'
[1.461s] INFO:colcon.colcon_core.shell:Creating package script '/home/ubuntu/relBot/install/my_image_processor/share/my_image_processor/package.zsh'
[1.461s] Level 1:colcon.colcon_core.environment:create_file_with_runtime_dependencies(/home/ubuntu/relBot/install/my_image_processor/share/colcon-core/packages/my_image_processor)
[1.462s] Level 1:colcon.colcon_core.environment:create_environment_scripts_only(my_image_processor)
[1.463s] Level 1:colcon.colcon_core.environment:checking '/home/ubuntu/relBot/install/my_image_processor' for CMake module files
[1.463s] Level 1:colcon.colcon_core.environment:checking '/home/ubuntu/relBot/install/my_image_processor' for CMake config files
[1.464s] Level 1:colcon.colcon_core.shell:create_environment_hook('my_image_processor', 'cmake_prefix_path')
[1.464s] INFO:colcon.colcon_core.shell:Creating environment hook '/home/ubuntu/relBot/install/my_image_processor/share/my_image_processor/hook/cmake_prefix_path.ps1'
[1.465s] INFO:colcon.colcon_core.shell:Creating environment descriptor '/home/ubuntu/relBot/install/my_image_processor/share/my_image_processor/hook/cmake_prefix_path.dsv'
[1.465s] INFO:colcon.colcon_core.shell:Creating environment hook '/home/ubuntu/relBot/install/my_image_processor/share/my_image_processor/hook/cmake_prefix_path.sh'
[1.466s] Level 1:colcon.colcon_core.environment:checking '/home/ubuntu/relBot/install/my_image_processor/lib'
[1.467s] Level 1:colcon.colcon_core.environment:checking '/home/ubuntu/relBot/install/my_image_processor/bin'
[1.467s] Level 1:colcon.colcon_core.environment:checking '/home/ubuntu/relBot/install/my_image_processor/lib/pkgconfig/my_image_processor.pc'
[1.467s] Level 1:colcon.colcon_core.environment:checking '/home/ubuntu/relBot/install/my_image_processor/lib/python3.12/site-packages'
[1.467s] Level 1:colcon.colcon_core.environment:checking '/home/ubuntu/relBot/install/my_image_processor/bin'
[1.468s] INFO:colcon.colcon_core.shell:Creating package script '/home/ubuntu/relBot/install/my_image_processor/share/my_image_processor/package.ps1'
[1.469s] INFO:colcon.colcon_core.shell:Creating package descriptor '/home/ubuntu/relBot/install/my_image_processor/share/my_image_processor/package.dsv'
[1.470s] INFO:colcon.colcon_core.shell:Creating package script '/home/ubuntu/relBot/install/my_image_processor/share/my_image_processor/package.sh'
[1.471s] INFO:colcon.colcon_core.shell:Creating package script '/home/ubuntu/relBot/install/my_image_processor/share/my_image_processor/package.bash'
[1.471s] INFO:colcon.colcon_core.shell:Creating package script '/home/ubuntu/relBot/install/my_image_processor/share/my_image_processor/package.zsh'
[1.472s] Level 1:colcon.colcon_core.environment:create_file_with_runtime_dependencies(/home/ubuntu/relBot/install/my_image_processor/share/colcon-core/packages/my_image_processor)
[1.473s] Level 1:colcon.colcon_core.environment:create_environment_scripts_only(relbot2turtlesim)
[1.474s] Level 1:colcon.colcon_core.environment:checking '/home/ubuntu/relBot/install/relbot2turtlesim' for CMake module files
[1.479s] Level 1:colcon.colcon_core.environment:checking '/home/ubuntu/relBot/install/relbot2turtlesim' for CMake config files
[1.479s] DEBUG:colcon.colcon_core.event_handler.log_command:Invoked command in '/home/ubuntu/relBot/build/relbot2turtlesim' returned '0': CMAKE_PREFIX_PATH=${CMAKE_PREFIX_PATH}:/opt/ros/jazzy DEBUGINFOD_URLS=https://debuginfod.ubuntu.com /usr/bin/cmake --install /home/ubuntu/relBot/build/relbot2turtlesim
[1.480s] Level 1:colcon.colcon_core.shell:create_environment_hook('relbot2turtlesim', 'cmake_prefix_path')
[1.480s] INFO:colcon.colcon_core.shell:Creating environment hook '/home/ubuntu/relBot/install/relbot2turtlesim/share/relbot2turtlesim/hook/cmake_prefix_path.ps1'
[1.481s] INFO:colcon.colcon_core.shell:Creating environment descriptor '/home/ubuntu/relBot/install/relbot2turtlesim/share/relbot2turtlesim/hook/cmake_prefix_path.dsv'
[1.481s] INFO:colcon.colcon_core.shell:Creating environment hook '/home/ubuntu/relBot/install/relbot2turtlesim/share/relbot2turtlesim/hook/cmake_prefix_path.sh'
[1.482s] Level 1:colcon.colcon_core.environment:checking '/home/ubuntu/relBot/install/relbot2turtlesim/lib'
[1.482s] Level 1:colcon.colcon_core.environment:checking '/home/ubuntu/relBot/install/relbot2turtlesim/bin'
[1.483s] Level 1:colcon.colcon_core.environment:checking '/home/ubuntu/relBot/install/relbot2turtlesim/lib/pkgconfig/relbot2turtlesim.pc'
[1.483s] Level 1:colcon.colcon_core.environment:checking '/home/ubuntu/relBot/install/relbot2turtlesim/lib/python3.12/site-packages'
[1.483s] Level 1:colcon.colcon_core.environment:checking '/home/ubuntu/relBot/install/relbot2turtlesim/bin'
[1.484s] INFO:colcon.colcon_core.shell:Creating package script '/home/ubuntu/relBot/install/relbot2turtlesim/share/relbot2turtlesim/package.ps1'
[1.484s] INFO:colcon.colcon_core.shell:Creating package descriptor '/home/ubuntu/relBot/install/relbot2turtlesim/share/relbot2turtlesim/package.dsv'
[1.485s] INFO:colcon.colcon_core.shell:Creating package script '/home/ubuntu/relBot/install/relbot2turtlesim/share/relbot2turtlesim/package.sh'
[1.486s] INFO:colcon.colcon_core.shell:Creating package script '/home/ubuntu/relBot/install/relbot2turtlesim/share/relbot2turtlesim/package.bash'
[1.486s] INFO:colcon.colcon_core.shell:Creating package script '/home/ubuntu/relBot/install/relbot2turtlesim/share/relbot2turtlesim/package.zsh'
[1.487s] Level 1:colcon.colcon_core.environment:create_file_with_runtime_dependencies(/home/ubuntu/relBot/install/relbot2turtlesim/share/colcon-core/packages/relbot2turtlesim)
[1.488s] Level 1:colcon.colcon_core.environment:create_environment_scripts_only(relbot2turtlesim)
[1.488s] Level 1:colcon.colcon_core.environment:checking '/home/ubuntu/relBot/install/relbot2turtlesim' for CMake module files
[1.489s] Level 1:colcon.colcon_core.environment:checking '/home/ubuntu/relBot/install/relbot2turtlesim' for CMake config files
[1.489s] Level 1:colcon.colcon_core.shell:create_environment_hook('relbot2turtlesim', 'cmake_prefix_path')
[1.490s] INFO:colcon.colcon_core.shell:Creating environment hook '/home/ubuntu/relBot/install/relbot2turtlesim/share/relbot2turtlesim/hook/cmake_prefix_path.ps1'
[1.491s] INFO:colcon.colcon_core.shell:Creating environment descriptor '/home/ubuntu/relBot/install/relbot2turtlesim/share/relbot2turtlesim/hook/cmake_prefix_path.dsv'
[1.492s] INFO:colcon.colcon_core.shell:Creating environment hook '/home/ubuntu/relBot/install/relbot2turtlesim/share/relbot2turtlesim/hook/cmake_prefix_path.sh'
[1.493s] Level 1:colcon.colcon_core.environment:checking '/home/ubuntu/relBot/install/relbot2turtlesim/lib'
[1.493s] Level 1:colcon.colcon_core.environment:checking '/home/ubuntu/relBot/install/relbot2turtlesim/bin'
[1.493s] Level 1:colcon.colcon_core.environment:checking '/home/ubuntu/relBot/install/relbot2turtlesim/lib/pkgconfig/relbot2turtlesim.pc'
[1.494s] Level 1:colcon.colcon_core.environment:checking '/home/ubuntu/relBot/install/relbot2turtlesim/lib/python3.12/site-packages'
[1.494s] Level 1:colcon.colcon_core.environment:checking '/home/ubuntu/relBot/install/relbot2turtlesim/bin'
[1.495s] INFO:colcon.colcon_core.shell:Creating package script '/home/ubuntu/relBot/install/relbot2turtlesim/share/relbot2turtlesim/package.ps1'
[1.497s] INFO:colcon.colcon_core.shell:Creating package descriptor '/home/ubuntu/relBot/install/relbot2turtlesim/share/relbot2turtlesim/package.dsv'
[1.499s] INFO:colcon.colcon_core.shell:Creating package script '/home/ubuntu/relBot/install/relbot2turtlesim/share/relbot2turtlesim/package.sh'
[1.501s] INFO:colcon.colcon_core.shell:Creating package script '/home/ubuntu/relBot/install/relbot2turtlesim/share/relbot2turtlesim/package.bash'
[1.503s] INFO:colcon.colcon_core.shell:Creating package script '/home/ubuntu/relBot/install/relbot2turtlesim/share/relbot2turtlesim/package.zsh'
[1.505s] Level 1:colcon.colcon_core.environment:create_file_with_runtime_dependencies(/home/ubuntu/relBot/install/relbot2turtlesim/share/colcon-core/packages/relbot2turtlesim)
[1.507s] Level 1:colcon.colcon_core.environment:create_environment_scripts_only(cam2image_vm2ros)
[1.507s] Level 1:colcon.colcon_core.environment:checking '/home/ubuntu/relBot/install/cam2image_vm2ros' for CMake module files
[1.513s] Level 1:colcon.colcon_core.environment:checking '/home/ubuntu/relBot/install/cam2image_vm2ros' for CMake config files
[1.514s] DEBUG:colcon.colcon_core.event_handler.log_command:Invoked command in '/home/ubuntu/relBot/build/cam2image_vm2ros' returned '0': CMAKE_PREFIX_PATH=${CMAKE_PREFIX_PATH}:/opt/ros/jazzy DEBUGINFOD_URLS=https://debuginfod.ubuntu.com /usr/bin/cmake --install /home/ubuntu/relBot/build/cam2image_vm2ros
[1.515s] Level 1:colcon.colcon_core.shell:create_environment_hook('cam2image_vm2ros', 'cmake_prefix_path')
[1.516s] INFO:colcon.colcon_core.shell:Creating environment hook '/home/ubuntu/relBot/install/cam2image_vm2ros/share/cam2image_vm2ros/hook/cmake_prefix_path.ps1'
[1.517s] INFO:colcon.colcon_core.shell:Creating environment descriptor '/home/ubuntu/relBot/install/cam2image_vm2ros/share/cam2image_vm2ros/hook/cmake_prefix_path.dsv'
[1.519s] INFO:colcon.colcon_core.shell:Creating environment hook '/home/ubuntu/relBot/install/cam2image_vm2ros/share/cam2image_vm2ros/hook/cmake_prefix_path.sh'
[1.520s] Level 1:colcon.colcon_core.environment:checking '/home/ubuntu/relBot/install/cam2image_vm2ros/lib'
[1.521s] Level 1:colcon.colcon_core.shell:create_environment_hook('cam2image_vm2ros', 'ld_library_path_lib')
[1.521s] INFO:colcon.colcon_core.shell:Creating environment hook '/home/ubuntu/relBot/install/cam2image_vm2ros/share/cam2image_vm2ros/hook/ld_library_path_lib.ps1'
[1.523s] INFO:colcon.colcon_core.shell:Creating environment descriptor '/home/ubuntu/relBot/install/cam2image_vm2ros/share/cam2image_vm2ros/hook/ld_library_path_lib.dsv'
[1.524s] INFO:colcon.colcon_core.shell:Creating environment hook '/home/ubuntu/relBot/install/cam2image_vm2ros/share/cam2image_vm2ros/hook/ld_library_path_lib.sh'
[1.525s] Level 1:colcon.colcon_core.environment:checking '/home/ubuntu/relBot/install/cam2image_vm2ros/bin'
[1.527s] Level 1:colcon.colcon_core.environment:checking '/home/ubuntu/relBot/install/cam2image_vm2ros/lib/pkgconfig/cam2image_vm2ros.pc'
[1.528s] Level 1:colcon.colcon_core.environment:checking '/home/ubuntu/relBot/install/cam2image_vm2ros/lib/python3.12/site-packages'
[1.529s] Level 1:colcon.colcon_core.environment:checking '/home/ubuntu/relBot/install/cam2image_vm2ros/bin'
[1.530s] INFO:colcon.colcon_core.shell:Creating package script '/home/ubuntu/relBot/install/cam2image_vm2ros/share/cam2image_vm2ros/package.ps1'
[1.532s] INFO:colcon.colcon_core.shell:Creating package descriptor '/home/ubuntu/relBot/install/cam2image_vm2ros/share/cam2image_vm2ros/package.dsv'
[1.533s] INFO:colcon.colcon_core.shell:Creating package script '/home/ubuntu/relBot/install/cam2image_vm2ros/share/cam2image_vm2ros/package.sh'
[1.535s] INFO:colcon.colcon_core.shell:Creating package script '/home/ubuntu/relBot/install/cam2image_vm2ros/share/cam2image_vm2ros/package.bash'
[1.536s] INFO:colcon.colcon_core.shell:Creating package script '/home/ubuntu/relBot/install/cam2image_vm2ros/share/cam2image_vm2ros/package.zsh'
[1.537s] Level 1:colcon.colcon_core.environment:create_file_with_runtime_dependencies(/home/ubuntu/relBot/install/cam2image_vm2ros/share/colcon-core/packages/cam2image_vm2ros)
[1.538s] Level 1:colcon.colcon_core.environment:create_environment_scripts_only(cam2image_vm2ros)
[1.539s] Level 1:colcon.colcon_core.environment:checking '/home/ubuntu/relBot/install/cam2image_vm2ros' for CMake module files
[1.541s] Level 1:colcon.colcon_core.environment:checking '/home/ubuntu/relBot/install/cam2image_vm2ros' for CMake config files
[1.542s] Level 1:colcon.colcon_core.shell:create_environment_hook('cam2image_vm2ros', 'cmake_prefix_path')
[1.543s] INFO:colcon.colcon_core.shell:Creating environment hook '/home/ubuntu/relBot/install/cam2image_vm2ros/share/cam2image_vm2ros/hook/cmake_prefix_path.ps1'
[1.545s] INFO:colcon.colcon_core.shell:Creating environment descriptor '/home/ubuntu/relBot/install/cam2image_vm2ros/share/cam2image_vm2ros/hook/cmake_prefix_path.dsv'
[1.547s] INFO:colcon.colcon_core.shell:Creating environment hook '/home/ubuntu/relBot/install/cam2image_vm2ros/share/cam2image_vm2ros/hook/cmake_prefix_path.sh'
[1.548s] Level 1:colcon.colcon_core.environment:checking '/home/ubuntu/relBot/install/cam2image_vm2ros/lib'
[1.548s] Level 1:colcon.colcon_core.shell:create_environment_hook('cam2image_vm2ros', 'ld_library_path_lib')
[1.548s] INFO:colcon.colcon_core.shell:Creating environment hook '/home/ubuntu/relBot/install/cam2image_vm2ros/share/cam2image_vm2ros/hook/ld_library_path_lib.ps1'
[1.549s] INFO:colcon.colcon_core.shell:Creating environment descriptor '/home/ubuntu/relBot/install/cam2image_vm2ros/share/cam2image_vm2ros/hook/ld_library_path_lib.dsv'
[1.550s] INFO:colcon.colcon_core.shell:Creating environment hook '/home/ubuntu/relBot/install/cam2image_vm2ros/share/cam2image_vm2ros/hook/ld_library_path_lib.sh'
[1.551s] Level 1:colcon.colcon_core.environment:checking '/home/ubuntu/relBot/install/cam2image_vm2ros/bin'
[1.551s] Level 1:colcon.colcon_core.environment:checking '/home/ubuntu/relBot/install/cam2image_vm2ros/lib/pkgconfig/cam2image_vm2ros.pc'
[1.552s] Level 1:colcon.colcon_core.environment:checking '/home/ubuntu/relBot/install/cam2image_vm2ros/lib/python3.12/site-packages'
[1.553s] Level 1:colcon.colcon_core.environment:checking '/home/ubuntu/relBot/install/cam2image_vm2ros/bin'
[1.553s] INFO:colcon.colcon_core.shell:Creating package script '/home/ubuntu/relBot/install/cam2image_vm2ros/share/cam2image_vm2ros/package.ps1'
[1.555s] INFO:colcon.colcon_core.shell:Creating package descriptor '/home/ubuntu/relBot/install/cam2image_vm2ros/share/cam2image_vm2ros/package.dsv'
[1.557s] INFO:colcon.colcon_core.shell:Creating package script '/home/ubuntu/relBot/install/cam2image_vm2ros/share/cam2image_vm2ros/package.sh'
[1.559s] INFO:colcon.colcon_core.shell:Creating package script '/home/ubuntu/relBot/install/cam2image_vm2ros/share/cam2image_vm2ros/package.bash'
[1.560s] INFO:colcon.colcon_core.shell:Creating package script '/home/ubuntu/relBot/install/cam2image_vm2ros/share/cam2image_vm2ros/package.zsh'
[1.561s] Level 1:colcon.colcon_core.environment:create_file_with_runtime_dependencies(/home/ubuntu/relBot/install/cam2image_vm2ros/share/colcon-core/packages/cam2image_vm2ros)
[1.561s] Level 1:colcon.colcon_core.environment:create_environment_scripts_only(relbot_simulator)
[1.563s] Level 1:colcon.colcon_core.environment:checking '/home/ubuntu/relBot/install/relbot_simulator' for CMake module files
[1.568s] DEBUG:colcon.colcon_core.event_handler.log_command:Invoked command in '/home/ubuntu/relBot/build/relbot_simulator' returned '0': CMAKE_PREFIX_PATH=${CMAKE_PREFIX_PATH}:/opt/ros/jazzy DEBUGINFOD_URLS=https://debuginfod.ubuntu.com /usr/bin/cmake --install /home/ubuntu/relBot/build/relbot_simulator
[1.569s] Level 1:colcon.colcon_core.environment:checking '/home/ubuntu/relBot/install/relbot_simulator' for CMake config files
[1.569s] Level 1:colcon.colcon_core.shell:create_environment_hook('relbot_simulator', 'cmake_prefix_path')
[1.570s] INFO:colcon.colcon_core.shell:Creating environment hook '/home/ubuntu/relBot/install/relbot_simulator/share/relbot_simulator/hook/cmake_prefix_path.ps1'
[1.571s] INFO:colcon.colcon_core.shell:Creating environment descriptor '/home/ubuntu/relBot/install/relbot_simulator/share/relbot_simulator/hook/cmake_prefix_path.dsv'
[1.572s] INFO:colcon.colcon_core.shell:Creating environment hook '/home/ubuntu/relBot/install/relbot_simulator/share/relbot_simulator/hook/cmake_prefix_path.sh'
[1.574s] Level 1:colcon.colcon_core.environment:checking '/home/ubuntu/relBot/install/relbot_simulator/lib'
[1.574s] Level 1:colcon.colcon_core.environment:checking '/home/ubuntu/relBot/install/relbot_simulator/bin'
[1.574s] Level 1:colcon.colcon_core.environment:checking '/home/ubuntu/relBot/install/relbot_simulator/lib/pkgconfig/relbot_simulator.pc'
[1.575s] Level 1:colcon.colcon_core.environment:checking '/home/ubuntu/relBot/install/relbot_simulator/lib/python3.12/site-packages'
[1.576s] Level 1:colcon.colcon_core.environment:checking '/home/ubuntu/relBot/install/relbot_simulator/bin'
[1.576s] INFO:colcon.colcon_core.shell:Creating package script '/home/ubuntu/relBot/install/relbot_simulator/share/relbot_simulator/package.ps1'
[1.578s] INFO:colcon.colcon_core.shell:Creating package descriptor '/home/ubuntu/relBot/install/relbot_simulator/share/relbot_simulator/package.dsv'
[1.579s] INFO:colcon.colcon_core.shell:Creating package script '/home/ubuntu/relBot/install/relbot_simulator/share/relbot_simulator/package.sh'
[1.580s] INFO:colcon.colcon_core.shell:Creating package script '/home/ubuntu/relBot/install/relbot_simulator/share/relbot_simulator/package.bash'
[1.581s] INFO:colcon.colcon_core.shell:Creating package script '/home/ubuntu/relBot/install/relbot_simulator/share/relbot_simulator/package.zsh'
[1.582s] Level 1:colcon.colcon_core.environment:create_file_with_runtime_dependencies(/home/ubuntu/relBot/install/relbot_simulator/share/colcon-core/packages/relbot_simulator)
[1.583s] Level 1:colcon.colcon_core.environment:create_environment_scripts_only(relbot_simulator)
[1.583s] Level 1:colcon.colcon_core.environment:checking '/home/ubuntu/relBot/install/relbot_simulator' for CMake module files
[1.585s] Level 1:colcon.colcon_core.environment:checking '/home/ubuntu/relBot/install/relbot_simulator' for CMake config files
[1.585s] Level 1:colcon.colcon_core.shell:create_environment_hook('relbot_simulator', 'cmake_prefix_path')
[1.586s] INFO:colcon.colcon_core.shell:Creating environment hook '/home/ubuntu/relBot/install/relbot_simulator/share/relbot_simulator/hook/cmake_prefix_path.ps1'
[1.587s] INFO:colcon.colcon_core.shell:Creating environment descriptor '/home/ubuntu/relBot/install/relbot_simulator/share/relbot_simulator/hook/cmake_prefix_path.dsv'
[1.589s] INFO:colcon.colcon_core.shell:Creating environment hook '/home/ubuntu/relBot/install/relbot_simulator/share/relbot_simulator/hook/cmake_prefix_path.sh'
[1.591s] Level 1:colcon.colcon_core.environment:checking '/home/ubuntu/relBot/install/relbot_simulator/lib'
[1.591s] Level 1:colcon.colcon_core.environment:checking '/home/ubuntu/relBot/install/relbot_simulator/bin'
[1.592s] Level 1:colcon.colcon_core.environment:checking '/home/ubuntu/relBot/install/relbot_simulator/lib/pkgconfig/relbot_simulator.pc'
[1.592s] Level 1:colcon.colcon_core.environment:checking '/home/ubuntu/relBot/install/relbot_simulator/lib/python3.12/site-packages'
[1.593s] Level 1:colcon.colcon_core.environment:checking '/home/ubuntu/relBot/install/relbot_simulator/bin'
[1.593s] INFO:colcon.colcon_core.shell:Creating package script '/home/ubuntu/relBot/install/relbot_simulator/share/relbot_simulator/package.ps1'
[1.595s] INFO:colcon.colcon_core.shell:Creating package descriptor '/home/ubuntu/relBot/install/relbot_simulator/share/relbot_simulator/package.dsv'
[1.596s] INFO:colcon.colcon_core.shell:Creating package script '/home/ubuntu/relBot/install/relbot_simulator/share/relbot_simulator/package.sh'
[1.597s] INFO:colcon.colcon_core.shell:Creating package script '/home/ubuntu/relBot/install/relbot_simulator/share/relbot_simulator/package.bash'
[1.598s] INFO:colcon.colcon_core.shell:Creating package script '/home/ubuntu/relBot/install/relbot_simulator/share/relbot_simulator/package.zsh'
[1.599s] Level 1:colcon.colcon_core.environment:create_file_with_runtime_dependencies(/home/ubuntu/relBot/install/relbot_simulator/share/colcon-core/packages/relbot_simulator)
[25.591s] DEBUG:colcon.colcon_core.event_handler.log_command:Invoked command in '/home/ubuntu/relBot/build/relbot_sequence_controller' returned '0': CMAKE_PREFIX_PATH=${CMAKE_PREFIX_PATH}:/opt/ros/jazzy DEBUGINFOD_URLS=https://debuginfod.ubuntu.com /usr/bin/cmake --build /home/ubuntu/relBot/build/relbot_sequence_controller -- -j8 -l8
[25.595s] DEBUG:colcon.colcon_core.event_handler.log_command:Invoking command in '/home/ubuntu/relBot/build/relbot_sequence_controller': CMAKE_PREFIX_PATH=${CMAKE_PREFIX_PATH}:/opt/ros/jazzy DEBUGINFOD_URLS=https://debuginfod.ubuntu.com /usr/bin/cmake --install /home/ubuntu/relBot/build/relbot_sequence_controller
[25.658s] Level 1:colcon.colcon_core.environment:create_environment_scripts_only(relbot_sequence_controller)
[25.659s] Level 1:colcon.colcon_core.environment:checking '/home/ubuntu/relBot/install/relbot_sequence_controller' for CMake module files
[25.662s] DEBUG:colcon.colcon_core.event_handler.log_command:Invoked command in '/home/ubuntu/relBot/build/relbot_sequence_controller' returned '0': CMAKE_PREFIX_PATH=${CMAKE_PREFIX_PATH}:/opt/ros/jazzy DEBUGINFOD_URLS=https://debuginfod.ubuntu.com /usr/bin/cmake --install /home/ubuntu/relBot/build/relbot_sequence_controller
[25.666s] Level 1:colcon.colcon_core.environment:checking '/home/ubuntu/relBot/install/relbot_sequence_controller' for CMake config files
[25.668s] Level 1:colcon.colcon_core.shell:create_environment_hook('relbot_sequence_controller', 'cmake_prefix_path')
[25.669s] INFO:colcon.colcon_core.shell:Creating environment hook '/home/ubuntu/relBot/install/relbot_sequence_controller/share/relbot_sequence_controller/hook/cmake_prefix_path.ps1'
[25.671s] INFO:colcon.colcon_core.shell:Creating environment descriptor '/home/ubuntu/relBot/install/relbot_sequence_controller/share/relbot_sequence_controller/hook/cmake_prefix_path.dsv'
[25.673s] INFO:colcon.colcon_core.shell:Creating environment hook '/home/ubuntu/relBot/install/relbot_sequence_controller/share/relbot_sequence_controller/hook/cmake_prefix_path.sh'
[25.675s] Level 1:colcon.colcon_core.environment:checking '/home/ubuntu/relBot/install/relbot_sequence_controller/lib'
[25.675s] Level 1:colcon.colcon_core.environment:checking '/home/ubuntu/relBot/install/relbot_sequence_controller/bin'
[25.676s] Level 1:colcon.colcon_core.environment:checking '/home/ubuntu/relBot/install/relbot_sequence_controller/lib/pkgconfig/relbot_sequence_controller.pc'
[25.676s] Level 1:colcon.colcon_core.environment:checking '/home/ubuntu/relBot/install/relbot_sequence_controller/lib/python3.12/site-packages'
[25.677s] Level 1:colcon.colcon_core.environment:checking '/home/ubuntu/relBot/install/relbot_sequence_controller/bin'
[25.678s] INFO:colcon.colcon_core.shell:Creating package script '/home/ubuntu/relBot/install/relbot_sequence_controller/share/relbot_sequence_controller/package.ps1'
[25.682s] INFO:colcon.colcon_core.shell:Creating package descriptor '/home/ubuntu/relBot/install/relbot_sequence_controller/share/relbot_sequence_controller/package.dsv'
[25.685s] INFO:colcon.colcon_core.shell:Creating package script '/home/ubuntu/relBot/install/relbot_sequence_controller/share/relbot_sequence_controller/package.sh'
[25.687s] INFO:colcon.colcon_core.shell:Creating package script '/home/ubuntu/relBot/install/relbot_sequence_controller/share/relbot_sequence_controller/package.bash'
[25.689s] INFO:colcon.colcon_core.shell:Creating package script '/home/ubuntu/relBot/install/relbot_sequence_controller/share/relbot_sequence_controller/package.zsh'
[25.691s] Level 1:colcon.colcon_core.environment:create_file_with_runtime_dependencies(/home/ubuntu/relBot/install/relbot_sequence_controller/share/colcon-core/packages/relbot_sequence_controller)
[25.693s] Level 1:colcon.colcon_core.environment:create_environment_scripts_only(relbot_sequence_controller)
[25.694s] Level 1:colcon.colcon_core.environment:checking '/home/ubuntu/relBot/install/relbot_sequence_controller' for CMake module files
[25.700s] Level 1:colcon.colcon_core.environment:checking '/home/ubuntu/relBot/install/relbot_sequence_controller' for CMake config files
[25.701s] Level 1:colcon.colcon_core.shell:create_environment_hook('relbot_sequence_controller', 'cmake_prefix_path')
[25.702s] INFO:colcon.colcon_core.shell:Creating environment hook '/home/ubuntu/relBot/install/relbot_sequence_controller/share/relbot_sequence_controller/hook/cmake_prefix_path.ps1'
[25.703s] INFO:colcon.colcon_core.shell:Creating environment descriptor '/home/ubuntu/relBot/install/relbot_sequence_controller/share/relbot_sequence_controller/hook/cmake_prefix_path.dsv'
[25.704s] INFO:colcon.colcon_core.shell:Creating environment hook '/home/ubuntu/relBot/install/relbot_sequence_controller/share/relbot_sequence_controller/hook/cmake_prefix_path.sh'
[25.706s] Level 1:colcon.colcon_core.environment:checking '/home/ubuntu/relBot/install/relbot_sequence_controller/lib'
[25.706s] Level 1:colcon.colcon_core.environment:checking '/home/ubuntu/relBot/install/relbot_sequence_controller/bin'
[25.707s] Level 1:colcon.colcon_core.environment:checking '/home/ubuntu/relBot/install/relbot_sequence_controller/lib/pkgconfig/relbot_sequence_controller.pc'
[25.707s] Level 1:colcon.colcon_core.environment:checking '/home/ubuntu/relBot/install/relbot_sequence_controller/lib/python3.12/site-packages'
[25.708s] Level 1:colcon.colcon_core.environment:checking '/home/ubuntu/relBot/install/relbot_sequence_controller/bin'
[25.709s] INFO:colcon.colcon_core.shell:Creating package script '/home/ubuntu/relBot/install/relbot_sequence_controller/share/relbot_sequence_controller/package.ps1'
[25.710s] INFO:colcon.colcon_core.shell:Creating package descriptor '/home/ubuntu/relBot/install/relbot_sequence_controller/share/relbot_sequence_controller/package.dsv'
[25.713s] INFO:colcon.colcon_core.shell:Creating package script '/home/ubuntu/relBot/install/relbot_sequence_controller/share/relbot_sequence_controller/package.sh'
[25.715s] INFO:colcon.colcon_core.shell:Creating package script '/home/ubuntu/relBot/install/relbot_sequence_controller/share/relbot_sequence_controller/package.bash'
[25.717s] INFO:colcon.colcon_core.shell:Creating package script '/home/ubuntu/relBot/install/relbot_sequence_controller/share/relbot_sequence_controller/package.zsh'
[25.718s] Level 1:colcon.colcon_core.environment:create_file_with_runtime_dependencies(/home/ubuntu/relBot/install/relbot_sequence_controller/share/colcon-core/packages/relbot_sequence_controller)
[25.720s] DEBUG:colcon.colcon_parallel_executor.executor.parallel:closing loop
[25.720s] DEBUG:colcon.colcon_parallel_executor.executor.parallel:loop closed
[25.721s] DEBUG:colcon.colcon_parallel_executor.executor.parallel:run_until_complete finished with '0'
[25.721s] DEBUG:colcon.colcon_core.event_reactor:joining thread
[25.869s] INFO:colcon.colcon_core.plugin_system:Skipping extension 'colcon_notification.desktop_notification.notify_send': Could not find 'notify-send'
[25.870s] INFO:colcon.colcon_core.plugin_system:Skipping extension 'colcon_notification.desktop_notification.terminal_notifier': Not used on non-Darwin systems
[25.870s] INFO:colcon.colcon_core.plugin_system:Skipping extension 'colcon_notification.desktop_notification.win32': Not used on non-Windows systems
[25.870s] INFO:colcon.colcon_notification.desktop_notification:Sending desktop notification using 'notify2'
[25.873s] DEBUG:colcon.colcon_notification.desktop_notification.notify2:Failed to initialize notify2: org.freedesktop.DBus.Error.ServiceUnknown: The name org.freedesktop.Notifications was not provided by any .service files
[25.873s] DEBUG:colcon.colcon_core.event_reactor:joined thread
[25.874s] INFO:colcon.colcon_core.shell:Creating prefix script '/home/ubuntu/relBot/install/local_setup.ps1'
[25.875s] INFO:colcon.colcon_core.shell:Creating prefix util module '/home/ubuntu/relBot/install/_local_setup_util_ps1.py'
[25.879s] INFO:colcon.colcon_core.shell:Creating prefix chain script '/home/ubuntu/relBot/install/setup.ps1'
[25.882s] INFO:colcon.colcon_core.shell:Creating prefix script '/home/ubuntu/relBot/install/local_setup.sh'
[25.883s] INFO:colcon.colcon_core.shell:Creating prefix util module '/home/ubuntu/relBot/install/_local_setup_util_sh.py'
[25.885s] INFO:colcon.colcon_core.shell:Creating prefix chain script '/home/ubuntu/relBot/install/setup.sh'
[25.888s] INFO:colcon.colcon_core.shell:Creating prefix script '/home/ubuntu/relBot/install/local_setup.bash'
[25.889s] INFO:colcon.colcon_core.shell:Creating prefix chain script '/home/ubuntu/relBot/install/setup.bash'
[25.891s] INFO:colcon.colcon_core.shell:Creating prefix script '/home/ubuntu/relBot/install/local_setup.zsh'
[25.893s] INFO:colcon.colcon_core.shell:Creating prefix chain script '/home/ubuntu/relBot/install/setup.zsh'
