[0.084s] Invoking command in '/home/ubuntu/relBot/build/my_image_processor': CMAKE_PREFIX_PATH=${CMAKE_PREFIX_PATH}:/opt/ros/jazzy DEBUGINFOD_URLS=https://debuginfod.ubuntu.com /usr/bin/cmake --build /home/ubuntu/relBot/build/my_image_processor -- -j8 -l8
[0.307s] [100%] Built target image_processor
[0.371s] Invoked command in '/home/ubuntu/relBot/build/my_image_processor' returned '0': CMAKE_PREFIX_PATH=${CMAKE_PREFIX_PATH}:/opt/ros/jazzy DEBUGINFOD_URLS=https://debuginfod.ubuntu.com /usr/bin/cmake --build /home/ubuntu/relBot/build/my_image_processor -- -j8 -l8
[0.378s] Invoking command in '/home/ubuntu/relBot/build/my_image_processor': CMAKE_PREFIX_PATH=${CMAKE_PREFIX_PATH}:/opt/ros/jazzy DEBUGINFOD_URLS=https://debuginfod.ubuntu.com /usr/bin/cmake --install /home/ubuntu/relBot/build/my_image_processor
[0.434s] -- Install configuration: ""
[0.435s] -- Up-to-date: /home/ubuntu/relBot/install/my_image_processor/lib/my_image_processor/image_processor
[0.450s] -- Up-to-date: /home/ubuntu/relBot/install/my_image_processor/share/ament_index/resource_index/package_run_dependencies/my_image_processor
[0.451s] -- Up-to-date: /home/ubuntu/relBot/install/my_image_processor/share/ament_index/resource_index/parent_prefix_path/my_image_processor
[0.451s] -- Up-to-date: /home/ubuntu/relBot/install/my_image_processor/share/my_image_processor/environment/ament_prefix_path.sh
[0.452s] -- Up-to-date: /home/ubuntu/relBot/install/my_image_processor/share/my_image_processor/environment/ament_prefix_path.dsv
[0.452s] -- Up-to-date: /home/ubuntu/relBot/install/my_image_processor/share/my_image_processor/environment/path.sh
[0.452s] -- Up-to-date: /home/ubuntu/relBot/install/my_image_processor/share/my_image_processor/environment/path.dsv
[0.453s] -- Up-to-date: /home/ubuntu/relBot/install/my_image_processor/share/my_image_processor/local_setup.bash
[0.456s] -- Up-to-date: /home/ubuntu/relBot/install/my_image_processor/share/my_image_processor/local_setup.sh
[0.458s] -- Up-to-date: /home/ubuntu/relBot/install/my_image_processor/share/my_image_processor/local_setup.zsh
[0.460s] -- Up-to-date: /home/ubuntu/relBot/install/my_image_processor/share/my_image_processor/local_setup.dsv
[0.460s] -- Installing: /home/ubuntu/relBot/install/my_image_processor/share/my_image_processor/package.dsv
[0.461s] -- Up-to-date: /home/ubuntu/relBot/install/my_image_processor/share/ament_index/resource_index/packages/my_image_processor
[0.462s] -- Up-to-date: /home/ubuntu/relBot/install/my_image_processor/share/my_image_processor/cmake/my_image_processorConfig.cmake
[0.462s] -- Up-to-date: /home/ubuntu/relBot/install/my_image_processor/share/my_image_processor/cmake/my_image_processorConfig-version.cmake
[0.462s] -- Up-to-date: /home/ubuntu/relBot/install/my_image_processor/share/my_image_processor/package.xml
[0.589s] Invoked command in '/home/ubuntu/relBot/build/my_image_processor' returned '0': CMAKE_PREFIX_PATH=${CMAKE_PREFIX_PATH}:/opt/ros/jazzy DEBUGINFOD_URLS=https://debuginfod.ubuntu.com /usr/bin/cmake --install /home/ubuntu/relBot/build/my_image_processor
