[0.095s] Invoking command in '/home/ubuntu/relBot/build/my_image_processor': CMAKE_PREFIX_PATH=${CMAKE_PREFIX_PATH}:/opt/ros/jazzy DEBUGINFOD_URLS=https://debuginfod.ubuntu.com /usr/bin/cmake --build /home/ubuntu/relBot/build/my_image_processor -- -j8 -l8
[0.192s] Change Dir: '/home/ubuntu/relBot/build/my_image_processor'
[0.192s] 
[0.193s] Run Build Command(s): /usr/bin/cmake -E env VERBOSE=1 /usr/bin/gmake -f Makefile -j8 -l8
[0.193s] /usr/bin/cmake -S/home/ubuntu/relBot/src/my_image_processor -B/home/ubuntu/relBot/build/my_image_processor --check-build-system CMakeFiles/Makefile.cmake 0
[0.549s] /usr/bin/cmake -E cmake_progress_start /home/ubuntu/relBot/build/my_image_processor/CMakeFiles /home/ubuntu/relBot/build/my_image_processor//CMakeFiles/progress.marks
[0.575s] /usr/bin/gmake  -f CMakeFiles/Makefile2 all
[0.579s] gmake[1]: Entering directory '/home/ubuntu/relBot/build/my_image_processor'
[0.580s] /usr/bin/gmake  -f CMakeFiles/image_processor.dir/build.make CMakeFiles/image_processor.dir/depend
[0.598s] gmake[2]: Entering directory '/home/ubuntu/relBot/build/my_image_processor'
[0.599s] cd /home/ubuntu/relBot/build/my_image_processor && /usr/bin/cmake -E cmake_depends "Unix Makefiles" /home/ubuntu/relBot/src/my_image_processor /home/ubuntu/relBot/src/my_image_processor /home/ubuntu/relBot/build/my_image_processor /home/ubuntu/relBot/build/my_image_processor /home/ubuntu/relBot/build/my_image_processor/CMakeFiles/image_processor.dir/DependInfo.cmake "--color="
[0.627s] gmake[2]: Leaving directory '/home/ubuntu/relBot/build/my_image_processor'
[0.628s] /usr/bin/gmake  -f CMakeFiles/image_processor.dir/build.make CMakeFiles/image_processor.dir/build
[0.640s] gmake[2]: Entering directory '/home/ubuntu/relBot/build/my_image_processor'
[0.640s] gmake[2]: Nothing to be done for 'CMakeFiles/image_processor.dir/build'.
[0.640s] gmake[2]: Leaving directory '/home/ubuntu/relBot/build/my_image_processor'
[0.672s] [100%] Built target image_processor
[0.673s] gmake[1]: Leaving directory '/home/ubuntu/relBot/build/my_image_processor'
[0.673s] /usr/bin/cmake -E cmake_progress_start /home/ubuntu/relBot/build/my_image_processor/CMakeFiles 0
[0.690s] 
[0.717s] Invoked command in '/home/ubuntu/relBot/build/my_image_processor' returned '0': CMAKE_PREFIX_PATH=${CMAKE_PREFIX_PATH}:/opt/ros/jazzy DEBUGINFOD_URLS=https://debuginfod.ubuntu.com /usr/bin/cmake --build /home/ubuntu/relBot/build/my_image_processor -- -j8 -l8
[0.727s] Invoking command in '/home/ubuntu/relBot/build/my_image_processor': CMAKE_PREFIX_PATH=${CMAKE_PREFIX_PATH}:/opt/ros/jazzy DEBUGINFOD_URLS=https://debuginfod.ubuntu.com /usr/bin/cmake --install /home/ubuntu/relBot/build/my_image_processor
[0.746s] -- Install configuration: ""
[0.777s] -- Up-to-date: /home/ubuntu/relBot/install/my_image_processor/lib/my_image_processor/image_processor
[0.777s] -- Up-to-date: /home/ubuntu/relBot/install/my_image_processor/share/ament_index/resource_index/package_run_dependencies/my_image_processor
[0.777s] -- Up-to-date: /home/ubuntu/relBot/install/my_image_processor/share/ament_index/resource_index/parent_prefix_path/my_image_processor
[0.778s] -- Up-to-date: /home/ubuntu/relBot/install/my_image_processor/share/my_image_processor/environment/ament_prefix_path.sh
[0.778s] -- Up-to-date: /home/ubuntu/relBot/install/my_image_processor/share/my_image_processor/environment/ament_prefix_path.dsv
[0.779s] -- Up-to-date: /home/ubuntu/relBot/install/my_image_processor/share/my_image_processor/environment/path.sh
[0.779s] -- Up-to-date: /home/ubuntu/relBot/install/my_image_processor/share/my_image_processor/environment/path.dsv
[0.780s] -- Up-to-date: /home/ubuntu/relBot/install/my_image_processor/share/my_image_processor/local_setup.bash
[0.780s] -- Up-to-date: /home/ubuntu/relBot/install/my_image_processor/share/my_image_processor/local_setup.sh
[0.780s] -- Up-to-date: /home/ubuntu/relBot/install/my_image_processor/share/my_image_processor/local_setup.zsh
[0.780s] -- Up-to-date: /home/ubuntu/relBot/install/my_image_processor/share/my_image_processor/local_setup.dsv
[0.781s] -- Installing: /home/ubuntu/relBot/install/my_image_processor/share/my_image_processor/package.dsv
[0.781s] -- Up-to-date: /home/ubuntu/relBot/install/my_image_processor/share/ament_index/resource_index/packages/my_image_processor
[0.783s] -- Up-to-date: /home/ubuntu/relBot/install/my_image_processor/share/my_image_processor/cmake/my_image_processorConfig.cmake
[0.783s] -- Up-to-date: /home/ubuntu/relBot/install/my_image_processor/share/my_image_processor/cmake/my_image_processorConfig-version.cmake
[0.784s] -- Up-to-date: /home/ubuntu/relBot/install/my_image_processor/share/my_image_processor/package.xml
[0.881s] Invoked command in '/home/ubuntu/relBot/build/my_image_processor' returned '0': CMAKE_PREFIX_PATH=${CMAKE_PREFIX_PATH}:/opt/ros/jazzy DEBUGINFOD_URLS=https://debuginfod.ubuntu.com /usr/bin/cmake --install /home/ubuntu/relBot/build/my_image_processor
