[0.195s] DEBUG:colcon:Command line arguments: ['/usr/bin/colcon', 'build']
[0.195s] DEBUG:colcon:Parsed command line arguments: Namespace(log_base=None, log_level=None, verb_name='build', build_base='build', install_base='install', merge_install=False, symlink_install=False, test_result_base=None, continue_on_error=False, executor='parallel', parallel_workers=8, event_handlers=None, ignore_user_meta=False, metas=['./colcon.meta'], base_paths=['.'], packages_ignore=None, packages_ignore_regex=None, paths=None, packages_up_to=None, packages_up_to_regex=None, packages_above=None, packages_above_and_dependencies=None, packages_above_depth=None, packages_select_by_dep=None, packages_skip_by_dep=None, packages_skip_up_to=None, packages_select_build_failed=False, packages_skip_build_finished=False, packages_select_test_failures=False, packages_skip_test_passed=False, packages_select=None, packages_skip=None, packages_select_regex=None, packages_skip_regex=None, packages_start=None, packages_end=None, allow_overriding=[], cmake_args=None, cmake_target=None, cmake_target_skip_unavailable=False, cmake_clean_cache=False, cmake_clean_first=False, cmake_force_configure=False, ament_cmake_args=None, catkin_cmake_args=None, catkin_skip_building_tests=False, mixin_files=None, mixin=None, verb_parser=<colcon_mixin.mixin.mixin_argument.MixinArgumentDecorator object at 0x7f3793d88d40>, verb_extension=<colcon_core.verb.build.BuildVerb object at 0x7f3793d88a40>, main=<bound method BuildVerb.main of <colcon_core.verb.build.BuildVerb object at 0x7f3793d88a40>>, mixin_verb=('build',))
[0.233s] Level 1:colcon.colcon_core.package_discovery:discover_packages(colcon_meta) check parameters
[0.233s] Level 1:colcon.colcon_core.package_discovery:discover_packages(recursive) check parameters
[0.233s] Level 1:colcon.colcon_core.package_discovery:discover_packages(ignore) check parameters
[0.233s] Level 1:colcon.colcon_core.package_discovery:discover_packages(path) check parameters
[0.233s] Level 1:colcon.colcon_core.package_discovery:discover_packages(colcon_meta) discover
[0.233s] Level 1:colcon.colcon_core.package_discovery:discover_packages(recursive) discover
[0.233s] INFO:colcon.colcon_core.package_discovery:Crawling recursively for packages in '/home/ubuntu/relBot'
[0.233s] Level 1:colcon.colcon_core.package_identification:_identify(.) by extensions ['ignore', 'ignore_ament_install']
[0.233s] Level 1:colcon.colcon_core.package_identification:_identify(.) by extension 'ignore'
[0.233s] Level 1:colcon.colcon_core.package_identification:_identify(.) by extension 'ignore_ament_install'
[0.233s] Level 1:colcon.colcon_core.package_identification:_identify(.) by extensions ['colcon_pkg']
[0.233s] Level 1:colcon.colcon_core.package_identification:_identify(.) by extension 'colcon_pkg'
[0.234s] Level 1:colcon.colcon_core.package_identification:_identify(.) by extensions ['colcon_meta']
[0.234s] Level 1:colcon.colcon_core.package_identification:_identify(.) by extension 'colcon_meta'
[0.234s] Level 1:colcon.colcon_core.package_identification:_identify(.) by extensions ['ros']
[0.234s] Level 1:colcon.colcon_core.package_identification:_identify(.) by extension 'ros'
[0.257s] Level 1:colcon.colcon_core.package_identification:_identify(.) by extensions ['cmake', 'python']
[0.257s] Level 1:colcon.colcon_core.package_identification:_identify(.) by extension 'cmake'
[0.257s] Level 1:colcon.colcon_core.package_identification:_identify(.) by extension 'python'
[0.258s] Level 1:colcon.colcon_core.package_identification:_identify(.) by extensions ['python_setup_py']
[0.258s] Level 1:colcon.colcon_core.package_identification:_identify(.) by extension 'python_setup_py'
[0.258s] Level 1:colcon.colcon_core.package_identification:_identify(build) by extensions ['ignore', 'ignore_ament_install']
[0.258s] Level 1:colcon.colcon_core.package_identification:_identify(build) by extension 'ignore'
[0.258s] Level 1:colcon.colcon_core.package_identification:_identify(build) ignored
[0.258s] Level 1:colcon.colcon_core.package_identification:_identify(install) by extensions ['ignore', 'ignore_ament_install']
[0.258s] Level 1:colcon.colcon_core.package_identification:_identify(install) by extension 'ignore'
[0.258s] Level 1:colcon.colcon_core.package_identification:_identify(install) ignored
[0.258s] Level 1:colcon.colcon_core.package_identification:_identify(log) by extensions ['ignore', 'ignore_ament_install']
[0.259s] Level 1:colcon.colcon_core.package_identification:_identify(log) by extension 'ignore'
[0.259s] Level 1:colcon.colcon_core.package_identification:_identify(log) ignored
[0.259s] Level 1:colcon.colcon_core.package_identification:_identify(src) by extensions ['ignore', 'ignore_ament_install']
[0.259s] Level 1:colcon.colcon_core.package_identification:_identify(src) by extension 'ignore'
[0.259s] Level 1:colcon.colcon_core.package_identification:_identify(src) by extension 'ignore_ament_install'
[0.259s] Level 1:colcon.colcon_core.package_identification:_identify(src) by extensions ['colcon_pkg']
[0.259s] Level 1:colcon.colcon_core.package_identification:_identify(src) by extension 'colcon_pkg'
[0.259s] Level 1:colcon.colcon_core.package_identification:_identify(src) by extensions ['colcon_meta']
[0.259s] Level 1:colcon.colcon_core.package_identification:_identify(src) by extension 'colcon_meta'
[0.259s] Level 1:colcon.colcon_core.package_identification:_identify(src) by extensions ['ros']
[0.259s] Level 1:colcon.colcon_core.package_identification:_identify(src) by extension 'ros'
[0.259s] Level 1:colcon.colcon_core.package_identification:_identify(src) by extensions ['cmake', 'python']
[0.260s] Level 1:colcon.colcon_core.package_identification:_identify(src) by extension 'cmake'
[0.260s] Level 1:colcon.colcon_core.package_identification:_identify(src) by extension 'python'
[0.260s] Level 1:colcon.colcon_core.package_identification:_identify(src) by extensions ['python_setup_py']
[0.260s] Level 1:colcon.colcon_core.package_identification:_identify(src) by extension 'python_setup_py'
[0.260s] Level 1:colcon.colcon_core.package_identification:_identify(src/cam2image_vm2ros) by extensions ['ignore', 'ignore_ament_install']
[0.260s] Level 1:colcon.colcon_core.package_identification:_identify(src/cam2image_vm2ros) by extension 'ignore'
[0.260s] Level 1:colcon.colcon_core.package_identification:_identify(src/cam2image_vm2ros) by extension 'ignore_ament_install'
[0.260s] Level 1:colcon.colcon_core.package_identification:_identify(src/cam2image_vm2ros) by extensions ['colcon_pkg']
[0.260s] Level 1:colcon.colcon_core.package_identification:_identify(src/cam2image_vm2ros) by extension 'colcon_pkg'
[0.260s] Level 1:colcon.colcon_core.package_identification:_identify(src/cam2image_vm2ros) by extensions ['colcon_meta']
[0.260s] Level 1:colcon.colcon_core.package_identification:_identify(src/cam2image_vm2ros) by extension 'colcon_meta'
[0.260s] Level 1:colcon.colcon_core.package_identification:_identify(src/cam2image_vm2ros) by extensions ['ros']
[0.260s] Level 1:colcon.colcon_core.package_identification:_identify(src/cam2image_vm2ros) by extension 'ros'
[0.263s] DEBUG:colcon.colcon_core.package_identification:Package 'src/cam2image_vm2ros' with type 'ros.ament_cmake' and name 'cam2image_vm2ros'
[0.263s] Level 1:colcon.colcon_core.package_identification:_identify(src/my_image_processor) by extensions ['ignore', 'ignore_ament_install']
[0.263s] Level 1:colcon.colcon_core.package_identification:_identify(src/my_image_processor) by extension 'ignore'
[0.263s] Level 1:colcon.colcon_core.package_identification:_identify(src/my_image_processor) by extension 'ignore_ament_install'
[0.263s] Level 1:colcon.colcon_core.package_identification:_identify(src/my_image_processor) by extensions ['colcon_pkg']
[0.264s] Level 1:colcon.colcon_core.package_identification:_identify(src/my_image_processor) by extension 'colcon_pkg'
[0.264s] Level 1:colcon.colcon_core.package_identification:_identify(src/my_image_processor) by extensions ['colcon_meta']
[0.264s] Level 1:colcon.colcon_core.package_identification:_identify(src/my_image_processor) by extension 'colcon_meta'
[0.264s] Level 1:colcon.colcon_core.package_identification:_identify(src/my_image_processor) by extensions ['ros']
[0.264s] Level 1:colcon.colcon_core.package_identification:_identify(src/my_image_processor) by extension 'ros'
[0.264s] DEBUG:colcon.colcon_core.package_identification:Package 'src/my_image_processor' with type 'ros.ament_cmake' and name 'my_image_processor'
[0.265s] Level 1:colcon.colcon_core.package_identification:_identify(src/relbot2turtlesim) by extensions ['ignore', 'ignore_ament_install']
[0.265s] Level 1:colcon.colcon_core.package_identification:_identify(src/relbot2turtlesim) by extension 'ignore'
[0.265s] Level 1:colcon.colcon_core.package_identification:_identify(src/relbot2turtlesim) by extension 'ignore_ament_install'
[0.265s] Level 1:colcon.colcon_core.package_identification:_identify(src/relbot2turtlesim) by extensions ['colcon_pkg']
[0.265s] Level 1:colcon.colcon_core.package_identification:_identify(src/relbot2turtlesim) by extension 'colcon_pkg'
[0.265s] Level 1:colcon.colcon_core.package_identification:_identify(src/relbot2turtlesim) by extensions ['colcon_meta']
[0.265s] Level 1:colcon.colcon_core.package_identification:_identify(src/relbot2turtlesim) by extension 'colcon_meta'
[0.265s] Level 1:colcon.colcon_core.package_identification:_identify(src/relbot2turtlesim) by extensions ['ros']
[0.265s] Level 1:colcon.colcon_core.package_identification:_identify(src/relbot2turtlesim) by extension 'ros'
[0.266s] DEBUG:colcon.colcon_core.package_identification:Package 'src/relbot2turtlesim' with type 'ros.ament_cmake' and name 'relbot2turtlesim'
[0.266s] Level 1:colcon.colcon_core.package_identification:_identify(src/relbot_launch) by extensions ['ignore', 'ignore_ament_install']
[0.266s] Level 1:colcon.colcon_core.package_identification:_identify(src/relbot_launch) by extension 'ignore'
[0.266s] Level 1:colcon.colcon_core.package_identification:_identify(src/relbot_launch) by extension 'ignore_ament_install'
[0.266s] Level 1:colcon.colcon_core.package_identification:_identify(src/relbot_launch) by extensions ['colcon_pkg']
[0.266s] Level 1:colcon.colcon_core.package_identification:_identify(src/relbot_launch) by extension 'colcon_pkg'
[0.266s] Level 1:colcon.colcon_core.package_identification:_identify(src/relbot_launch) by extensions ['colcon_meta']
[0.266s] Level 1:colcon.colcon_core.package_identification:_identify(src/relbot_launch) by extension 'colcon_meta'
[0.266s] Level 1:colcon.colcon_core.package_identification:_identify(src/relbot_launch) by extensions ['ros']
[0.266s] Level 1:colcon.colcon_core.package_identification:_identify(src/relbot_launch) by extension 'ros'
[0.267s] DEBUG:colcon.colcon_core.package_identification:Package 'src/relbot_launch' with type 'ros.ament_cmake' and name 'relbot_launch'
[0.267s] Level 1:colcon.colcon_core.package_identification:_identify(src/relbot_sequence_controller) by extensions ['ignore', 'ignore_ament_install']
[0.267s] Level 1:colcon.colcon_core.package_identification:_identify(src/relbot_sequence_controller) by extension 'ignore'
[0.267s] Level 1:colcon.colcon_core.package_identification:_identify(src/relbot_sequence_controller) by extension 'ignore_ament_install'
[0.267s] Level 1:colcon.colcon_core.package_identification:_identify(src/relbot_sequence_controller) by extensions ['colcon_pkg']
[0.267s] Level 1:colcon.colcon_core.package_identification:_identify(src/relbot_sequence_controller) by extension 'colcon_pkg'
[0.267s] Level 1:colcon.colcon_core.package_identification:_identify(src/relbot_sequence_controller) by extensions ['colcon_meta']
[0.267s] Level 1:colcon.colcon_core.package_identification:_identify(src/relbot_sequence_controller) by extension 'colcon_meta'
[0.267s] Level 1:colcon.colcon_core.package_identification:_identify(src/relbot_sequence_controller) by extensions ['ros']
[0.268s] Level 1:colcon.colcon_core.package_identification:_identify(src/relbot_sequence_controller) by extension 'ros'
[0.268s] DEBUG:colcon.colcon_core.package_identification:Package 'src/relbot_sequence_controller' with type 'ros.ament_cmake' and name 'relbot_sequence_controller'
[0.268s] Level 1:colcon.colcon_core.package_identification:_identify(src/relbot_simulator) by extensions ['ignore', 'ignore_ament_install']
[0.268s] Level 1:colcon.colcon_core.package_identification:_identify(src/relbot_simulator) by extension 'ignore'
[0.268s] Level 1:colcon.colcon_core.package_identification:_identify(src/relbot_simulator) by extension 'ignore_ament_install'
[0.269s] Level 1:colcon.colcon_core.package_identification:_identify(src/relbot_simulator) by extensions ['colcon_pkg']
[0.269s] Level 1:colcon.colcon_core.package_identification:_identify(src/relbot_simulator) by extension 'colcon_pkg'
[0.269s] Level 1:colcon.colcon_core.package_identification:_identify(src/relbot_simulator) by extensions ['colcon_meta']
[0.269s] Level 1:colcon.colcon_core.package_identification:_identify(src/relbot_simulator) by extension 'colcon_meta'
[0.269s] Level 1:colcon.colcon_core.package_identification:_identify(src/relbot_simulator) by extensions ['ros']
[0.269s] Level 1:colcon.colcon_core.package_identification:_identify(src/relbot_simulator) by extension 'ros'
[0.269s] DEBUG:colcon.colcon_core.package_identification:Package 'src/relbot_simulator' with type 'ros.ament_cmake' and name 'relbot_simulator'
[0.270s] Level 1:colcon.colcon_core.package_discovery:discover_packages(recursive) using defaults
[0.270s] Level 1:colcon.colcon_core.package_discovery:discover_packages(ignore) discover
[0.270s] Level 1:colcon.colcon_core.package_discovery:discover_packages(ignore) using defaults
[0.270s] Level 1:colcon.colcon_core.package_discovery:discover_packages(path) discover
[0.270s] Level 1:colcon.colcon_core.package_discovery:discover_packages(path) using defaults
[0.289s] Level 1:colcon.colcon_core.package_discovery:discover_packages(prefix_path) check parameters
[0.289s] Level 1:colcon.colcon_core.package_discovery:discover_packages(prefix_path) discover
[0.289s] WARNING:colcon.colcon_ros.prefix_path.ament:The path '/home/ubuntu/relBot/install/relbot_simulator' in the environment variable AMENT_PREFIX_PATH doesn't exist
[0.290s] WARNING:colcon.colcon_ros.prefix_path.ament:The path '/home/ubuntu/relBot/install/relbot_sequence_controller' in the environment variable AMENT_PREFIX_PATH doesn't exist
[0.290s] WARNING:colcon.colcon_ros.prefix_path.ament:The path '/home/ubuntu/relBot/install/relbot_launch' in the environment variable AMENT_PREFIX_PATH doesn't exist
[0.290s] WARNING:colcon.colcon_ros.prefix_path.ament:The path '/home/ubuntu/relBot/install/relbot2turtlesim' in the environment variable AMENT_PREFIX_PATH doesn't exist
[0.290s] WARNING:colcon.colcon_ros.prefix_path.ament:The path '/home/ubuntu/relBot/install/cam2image_vm2ros' in the environment variable AMENT_PREFIX_PATH doesn't exist
[0.290s] WARNING:colcon.colcon_ros.prefix_path.catkin:The path '/home/ubuntu/relBot/install/relbot_simulator' in the environment variable CMAKE_PREFIX_PATH doesn't exist
[0.290s] WARNING:colcon.colcon_ros.prefix_path.catkin:The path '/home/ubuntu/relBot/install/relbot_sequence_controller' in the environment variable CMAKE_PREFIX_PATH doesn't exist
[0.290s] WARNING:colcon.colcon_ros.prefix_path.catkin:The path '/home/ubuntu/relBot/install/relbot_launch' in the environment variable CMAKE_PREFIX_PATH doesn't exist
[0.290s] WARNING:colcon.colcon_ros.prefix_path.catkin:The path '/home/ubuntu/relBot/install/relbot2turtlesim' in the environment variable CMAKE_PREFIX_PATH doesn't exist
[0.290s] WARNING:colcon.colcon_ros.prefix_path.catkin:The path '/home/ubuntu/relBot/install/cam2image_vm2ros' in the environment variable CMAKE_PREFIX_PATH doesn't exist
[0.291s] DEBUG:colcon.colcon_installed_package_information.package_discovery:Found 1 installed packages in /home/ubuntu/relBot/install
[0.293s] DEBUG:colcon.colcon_installed_package_information.package_discovery:Found 285 installed packages in /opt/ros/jazzy
[0.294s] Level 1:colcon.colcon_core.package_discovery:discover_packages(prefix_path) using defaults
[0.345s] Level 5:colcon.colcon_core.verb:set package 'cam2image_vm2ros' build argument 'cmake_args' from command line to 'None'
[0.345s] Level 5:colcon.colcon_core.verb:set package 'cam2image_vm2ros' build argument 'cmake_target' from command line to 'None'
[0.345s] Level 5:colcon.colcon_core.verb:set package 'cam2image_vm2ros' build argument 'cmake_target_skip_unavailable' from command line to 'False'
[0.345s] Level 5:colcon.colcon_core.verb:set package 'cam2image_vm2ros' build argument 'cmake_clean_cache' from command line to 'False'
[0.345s] Level 5:colcon.colcon_core.verb:set package 'cam2image_vm2ros' build argument 'cmake_clean_first' from command line to 'False'
[0.345s] Level 5:colcon.colcon_core.verb:set package 'cam2image_vm2ros' build argument 'cmake_force_configure' from command line to 'False'
[0.345s] Level 5:colcon.colcon_core.verb:set package 'cam2image_vm2ros' build argument 'ament_cmake_args' from command line to 'None'
[0.345s] Level 5:colcon.colcon_core.verb:set package 'cam2image_vm2ros' build argument 'catkin_cmake_args' from command line to 'None'
[0.345s] Level 5:colcon.colcon_core.verb:set package 'cam2image_vm2ros' build argument 'catkin_skip_building_tests' from command line to 'False'
[0.345s] DEBUG:colcon.colcon_core.verb:Building package 'cam2image_vm2ros' with the following arguments: {'ament_cmake_args': None, 'build_base': '/home/ubuntu/relBot/build/cam2image_vm2ros', 'catkin_cmake_args': None, 'catkin_skip_building_tests': False, 'cmake_args': None, 'cmake_clean_cache': False, 'cmake_clean_first': False, 'cmake_force_configure': False, 'cmake_target': None, 'cmake_target_skip_unavailable': False, 'install_base': '/home/ubuntu/relBot/install/cam2image_vm2ros', 'merge_install': False, 'path': '/home/ubuntu/relBot/src/cam2image_vm2ros', 'symlink_install': False, 'test_result_base': None}
[0.345s] Level 5:colcon.colcon_core.verb:set package 'my_image_processor' build argument 'cmake_args' from command line to 'None'
[0.346s] Level 5:colcon.colcon_core.verb:set package 'my_image_processor' build argument 'cmake_target' from command line to 'None'
[0.346s] Level 5:colcon.colcon_core.verb:set package 'my_image_processor' build argument 'cmake_target_skip_unavailable' from command line to 'False'
[0.346s] Level 5:colcon.colcon_core.verb:set package 'my_image_processor' build argument 'cmake_clean_cache' from command line to 'False'
[0.346s] Level 5:colcon.colcon_core.verb:set package 'my_image_processor' build argument 'cmake_clean_first' from command line to 'False'
[0.346s] Level 5:colcon.colcon_core.verb:set package 'my_image_processor' build argument 'cmake_force_configure' from command line to 'False'
[0.346s] Level 5:colcon.colcon_core.verb:set package 'my_image_processor' build argument 'ament_cmake_args' from command line to 'None'
[0.346s] Level 5:colcon.colcon_core.verb:set package 'my_image_processor' build argument 'catkin_cmake_args' from command line to 'None'
[0.346s] Level 5:colcon.colcon_core.verb:set package 'my_image_processor' build argument 'catkin_skip_building_tests' from command line to 'False'
[0.346s] DEBUG:colcon.colcon_core.verb:Building package 'my_image_processor' with the following arguments: {'ament_cmake_args': None, 'build_base': '/home/ubuntu/relBot/build/my_image_processor', 'catkin_cmake_args': None, 'catkin_skip_building_tests': False, 'cmake_args': None, 'cmake_clean_cache': False, 'cmake_clean_first': False, 'cmake_force_configure': False, 'cmake_target': None, 'cmake_target_skip_unavailable': False, 'install_base': '/home/ubuntu/relBot/install/my_image_processor', 'merge_install': False, 'path': '/home/ubuntu/relBot/src/my_image_processor', 'symlink_install': False, 'test_result_base': None}
[0.346s] Level 5:colcon.colcon_core.verb:set package 'relbot2turtlesim' build argument 'cmake_args' from command line to 'None'
[0.346s] Level 5:colcon.colcon_core.verb:set package 'relbot2turtlesim' build argument 'cmake_target' from command line to 'None'
[0.346s] Level 5:colcon.colcon_core.verb:set package 'relbot2turtlesim' build argument 'cmake_target_skip_unavailable' from command line to 'False'
[0.346s] Level 5:colcon.colcon_core.verb:set package 'relbot2turtlesim' build argument 'cmake_clean_cache' from command line to 'False'
[0.346s] Level 5:colcon.colcon_core.verb:set package 'relbot2turtlesim' build argument 'cmake_clean_first' from command line to 'False'
[0.346s] Level 5:colcon.colcon_core.verb:set package 'relbot2turtlesim' build argument 'cmake_force_configure' from command line to 'False'
[0.346s] Level 5:colcon.colcon_core.verb:set package 'relbot2turtlesim' build argument 'ament_cmake_args' from command line to 'None'
[0.346s] Level 5:colcon.colcon_core.verb:set package 'relbot2turtlesim' build argument 'catkin_cmake_args' from command line to 'None'
[0.346s] Level 5:colcon.colcon_core.verb:set package 'relbot2turtlesim' build argument 'catkin_skip_building_tests' from command line to 'False'
[0.346s] DEBUG:colcon.colcon_core.verb:Building package 'relbot2turtlesim' with the following arguments: {'ament_cmake_args': None, 'build_base': '/home/ubuntu/relBot/build/relbot2turtlesim', 'catkin_cmake_args': None, 'catkin_skip_building_tests': False, 'cmake_args': None, 'cmake_clean_cache': False, 'cmake_clean_first': False, 'cmake_force_configure': False, 'cmake_target': None, 'cmake_target_skip_unavailable': False, 'install_base': '/home/ubuntu/relBot/install/relbot2turtlesim', 'merge_install': False, 'path': '/home/ubuntu/relBot/src/relbot2turtlesim', 'symlink_install': False, 'test_result_base': None}
[0.347s] Level 5:colcon.colcon_core.verb:set package 'relbot_launch' build argument 'cmake_args' from command line to 'None'
[0.347s] Level 5:colcon.colcon_core.verb:set package 'relbot_launch' build argument 'cmake_target' from command line to 'None'
[0.347s] Level 5:colcon.colcon_core.verb:set package 'relbot_launch' build argument 'cmake_target_skip_unavailable' from command line to 'False'
[0.347s] Level 5:colcon.colcon_core.verb:set package 'relbot_launch' build argument 'cmake_clean_cache' from command line to 'False'
[0.347s] Level 5:colcon.colcon_core.verb:set package 'relbot_launch' build argument 'cmake_clean_first' from command line to 'False'
[0.347s] Level 5:colcon.colcon_core.verb:set package 'relbot_launch' build argument 'cmake_force_configure' from command line to 'False'
[0.347s] Level 5:colcon.colcon_core.verb:set package 'relbot_launch' build argument 'ament_cmake_args' from command line to 'None'
[0.347s] Level 5:colcon.colcon_core.verb:set package 'relbot_launch' build argument 'catkin_cmake_args' from command line to 'None'
[0.347s] Level 5:colcon.colcon_core.verb:set package 'relbot_launch' build argument 'catkin_skip_building_tests' from command line to 'False'
[0.347s] DEBUG:colcon.colcon_core.verb:Building package 'relbot_launch' with the following arguments: {'ament_cmake_args': None, 'build_base': '/home/ubuntu/relBot/build/relbot_launch', 'catkin_cmake_args': None, 'catkin_skip_building_tests': False, 'cmake_args': None, 'cmake_clean_cache': False, 'cmake_clean_first': False, 'cmake_force_configure': False, 'cmake_target': None, 'cmake_target_skip_unavailable': False, 'install_base': '/home/ubuntu/relBot/install/relbot_launch', 'merge_install': False, 'path': '/home/ubuntu/relBot/src/relbot_launch', 'symlink_install': False, 'test_result_base': None}
[0.347s] Level 5:colcon.colcon_core.verb:set package 'relbot_sequence_controller' build argument 'cmake_args' from command line to 'None'
[0.347s] Level 5:colcon.colcon_core.verb:set package 'relbot_sequence_controller' build argument 'cmake_target' from command line to 'None'
[0.347s] Level 5:colcon.colcon_core.verb:set package 'relbot_sequence_controller' build argument 'cmake_target_skip_unavailable' from command line to 'False'
[0.347s] Level 5:colcon.colcon_core.verb:set package 'relbot_sequence_controller' build argument 'cmake_clean_cache' from command line to 'False'
[0.347s] Level 5:colcon.colcon_core.verb:set package 'relbot_sequence_controller' build argument 'cmake_clean_first' from command line to 'False'
[0.347s] Level 5:colcon.colcon_core.verb:set package 'relbot_sequence_controller' build argument 'cmake_force_configure' from command line to 'False'
[0.347s] Level 5:colcon.colcon_core.verb:set package 'relbot_sequence_controller' build argument 'ament_cmake_args' from command line to 'None'
[0.347s] Level 5:colcon.colcon_core.verb:set package 'relbot_sequence_controller' build argument 'catkin_cmake_args' from command line to 'None'
[0.347s] Level 5:colcon.colcon_core.verb:set package 'relbot_sequence_controller' build argument 'catkin_skip_building_tests' from command line to 'False'
[0.347s] DEBUG:colcon.colcon_core.verb:Building package 'relbot_sequence_controller' with the following arguments: {'ament_cmake_args': None, 'build_base': '/home/ubuntu/relBot/build/relbot_sequence_controller', 'catkin_cmake_args': None, 'catkin_skip_building_tests': False, 'cmake_args': None, 'cmake_clean_cache': False, 'cmake_clean_first': False, 'cmake_force_configure': False, 'cmake_target': None, 'cmake_target_skip_unavailable': False, 'install_base': '/home/ubuntu/relBot/install/relbot_sequence_controller', 'merge_install': False, 'path': '/home/ubuntu/relBot/src/relbot_sequence_controller', 'symlink_install': False, 'test_result_base': None}
[0.348s] Level 5:colcon.colcon_core.verb:set package 'relbot_simulator' build argument 'cmake_args' from command line to 'None'
[0.348s] Level 5:colcon.colcon_core.verb:set package 'relbot_simulator' build argument 'cmake_target' from command line to 'None'
[0.348s] Level 5:colcon.colcon_core.verb:set package 'relbot_simulator' build argument 'cmake_target_skip_unavailable' from command line to 'False'
[0.348s] Level 5:colcon.colcon_core.verb:set package 'relbot_simulator' build argument 'cmake_clean_cache' from command line to 'False'
[0.348s] Level 5:colcon.colcon_core.verb:set package 'relbot_simulator' build argument 'cmake_clean_first' from command line to 'False'
[0.348s] Level 5:colcon.colcon_core.verb:set package 'relbot_simulator' build argument 'cmake_force_configure' from command line to 'False'
[0.348s] Level 5:colcon.colcon_core.verb:set package 'relbot_simulator' build argument 'ament_cmake_args' from command line to 'None'
[0.348s] Level 5:colcon.colcon_core.verb:set package 'relbot_simulator' build argument 'catkin_cmake_args' from command line to 'None'
[0.348s] Level 5:colcon.colcon_core.verb:set package 'relbot_simulator' build argument 'catkin_skip_building_tests' from command line to 'False'
[0.348s] DEBUG:colcon.colcon_core.verb:Building package 'relbot_simulator' with the following arguments: {'ament_cmake_args': None, 'build_base': '/home/ubuntu/relBot/build/relbot_simulator', 'catkin_cmake_args': None, 'catkin_skip_building_tests': False, 'cmake_args': None, 'cmake_clean_cache': False, 'cmake_clean_first': False, 'cmake_force_configure': False, 'cmake_target': None, 'cmake_target_skip_unavailable': False, 'install_base': '/home/ubuntu/relBot/install/relbot_simulator', 'merge_install': False, 'path': '/home/ubuntu/relBot/src/relbot_simulator', 'symlink_install': False, 'test_result_base': None}
[0.348s] INFO:colcon.colcon_core.executor:Executing jobs using 'parallel' executor
[0.349s] DEBUG:colcon.colcon_parallel_executor.executor.parallel:run_until_complete
[0.349s] INFO:colcon.colcon_ros.task.ament_cmake.build:Building ROS package in '/home/ubuntu/relBot/src/cam2image_vm2ros' with build type 'ament_cmake'
[0.350s] INFO:colcon.colcon_cmake.task.cmake.build:Building CMake package in '/home/ubuntu/relBot/src/cam2image_vm2ros'
[0.353s] INFO:colcon.colcon_core.plugin_system:Skipping extension 'colcon_core.shell.bat': Not used on non-Windows systems
[0.353s] INFO:colcon.colcon_core.shell:Skip shell extension 'powershell' for command environment: Not usable outside of PowerShell
[0.353s] DEBUG:colcon.colcon_core.shell:Skip shell extension 'dsv' for command environment
[0.356s] INFO:colcon.colcon_ros.task.ament_cmake.build:Building ROS package in '/home/ubuntu/relBot/src/my_image_processor' with build type 'ament_cmake'
[0.356s] INFO:colcon.colcon_cmake.task.cmake.build:Building CMake package in '/home/ubuntu/relBot/src/my_image_processor'
[0.357s] INFO:colcon.colcon_core.shell:Skip shell extension 'powershell' for command environment: Not usable outside of PowerShell
[0.357s] DEBUG:colcon.colcon_core.shell:Skip shell extension 'dsv' for command environment
[0.363s] INFO:colcon.colcon_ros.task.ament_cmake.build:Building ROS package in '/home/ubuntu/relBot/src/relbot2turtlesim' with build type 'ament_cmake'
[0.363s] INFO:colcon.colcon_cmake.task.cmake.build:Building CMake package in '/home/ubuntu/relBot/src/relbot2turtlesim'
[0.365s] INFO:colcon.colcon_core.shell:Skip shell extension 'powershell' for command environment: Not usable outside of PowerShell
[0.365s] DEBUG:colcon.colcon_core.shell:Skip shell extension 'dsv' for command environment
[0.371s] INFO:colcon.colcon_ros.task.ament_cmake.build:Building ROS package in '/home/ubuntu/relBot/src/relbot_launch' with build type 'ament_cmake'
[0.371s] INFO:colcon.colcon_cmake.task.cmake.build:Building CMake package in '/home/ubuntu/relBot/src/relbot_launch'
[0.372s] INFO:colcon.colcon_core.shell:Skip shell extension 'powershell' for command environment: Not usable outside of PowerShell
[0.372s] DEBUG:colcon.colcon_core.shell:Skip shell extension 'dsv' for command environment
[0.378s] INFO:colcon.colcon_ros.task.ament_cmake.build:Building ROS package in '/home/ubuntu/relBot/src/relbot_sequence_controller' with build type 'ament_cmake'
[0.378s] INFO:colcon.colcon_cmake.task.cmake.build:Building CMake package in '/home/ubuntu/relBot/src/relbot_sequence_controller'
[0.379s] INFO:colcon.colcon_core.shell:Skip shell extension 'powershell' for command environment: Not usable outside of PowerShell
[0.379s] DEBUG:colcon.colcon_core.shell:Skip shell extension 'dsv' for command environment
[0.386s] INFO:colcon.colcon_ros.task.ament_cmake.build:Building ROS package in '/home/ubuntu/relBot/src/relbot_simulator' with build type 'ament_cmake'
[0.387s] INFO:colcon.colcon_cmake.task.cmake.build:Building CMake package in '/home/ubuntu/relBot/src/relbot_simulator'
[0.387s] INFO:colcon.colcon_core.shell:Skip shell extension 'powershell' for command environment: Not usable outside of PowerShell
[0.388s] DEBUG:colcon.colcon_core.shell:Skip shell extension 'dsv' for command environment
[0.402s] DEBUG:colcon.colcon_core.event_handler.log_command:Invoking command in '/home/ubuntu/relBot/build/cam2image_vm2ros': CMAKE_PREFIX_PATH=${CMAKE_PREFIX_PATH}:/opt/ros/jazzy DEBUGINFOD_URLS=https://debuginfod.ubuntu.com /usr/bin/cmake /home/ubuntu/relBot/src/cam2image_vm2ros -DCMAKE_INSTALL_PREFIX=/home/ubuntu/relBot/install/cam2image_vm2ros
[0.408s] DEBUG:colcon.colcon_core.event_handler.log_command:Invoking command in '/home/ubuntu/relBot/build/my_image_processor': CMAKE_PREFIX_PATH=${CMAKE_PREFIX_PATH}:/opt/ros/jazzy DEBUGINFOD_URLS=https://debuginfod.ubuntu.com /usr/bin/cmake --build /home/ubuntu/relBot/build/my_image_processor -- -j8 -l8
[0.413s] DEBUG:colcon.colcon_core.event_handler.log_command:Invoking command in '/home/ubuntu/relBot/build/relbot2turtlesim': CMAKE_PREFIX_PATH=${CMAKE_PREFIX_PATH}:/opt/ros/jazzy DEBUGINFOD_URLS=https://debuginfod.ubuntu.com /usr/bin/cmake /home/ubuntu/relBot/src/relbot2turtlesim -DCMAKE_INSTALL_PREFIX=/home/ubuntu/relBot/install/relbot2turtlesim
[0.417s] DEBUG:colcon.colcon_core.event_handler.log_command:Invoking command in '/home/ubuntu/relBot/build/relbot_launch': CMAKE_PREFIX_PATH=${CMAKE_PREFIX_PATH}:/opt/ros/jazzy DEBUGINFOD_URLS=https://debuginfod.ubuntu.com /usr/bin/cmake /home/ubuntu/relBot/src/relbot_launch -DCMAKE_INSTALL_PREFIX=/home/ubuntu/relBot/install/relbot_launch
[0.423s] DEBUG:colcon.colcon_core.event_handler.log_command:Invoking command in '/home/ubuntu/relBot/build/relbot_sequence_controller': CMAKE_PREFIX_PATH=${CMAKE_PREFIX_PATH}:/opt/ros/jazzy DEBUGINFOD_URLS=https://debuginfod.ubuntu.com /usr/bin/cmake /home/ubuntu/relBot/src/relbot_sequence_controller -DCMAKE_INSTALL_PREFIX=/home/ubuntu/relBot/install/relbot_sequence_controller
[0.452s] DEBUG:colcon.colcon_core.event_handler.log_command:Invoking command in '/home/ubuntu/relBot/build/relbot_simulator': CMAKE_PREFIX_PATH=${CMAKE_PREFIX_PATH}:/opt/ros/jazzy DEBUGINFOD_URLS=https://debuginfod.ubuntu.com /usr/bin/cmake /home/ubuntu/relBot/src/relbot_simulator -DCMAKE_INSTALL_PREFIX=/home/ubuntu/relBot/install/relbot_simulator
[0.535s] DEBUG:colcon.colcon_core.event_handler.log_command:Invoked command in '/home/ubuntu/relBot/build/my_image_processor' returned '0': CMAKE_PREFIX_PATH=${CMAKE_PREFIX_PATH}:/opt/ros/jazzy DEBUGINFOD_URLS=https://debuginfod.ubuntu.com /usr/bin/cmake --build /home/ubuntu/relBot/build/my_image_processor -- -j8 -l8
[0.548s] DEBUG:colcon.colcon_core.event_handler.log_command:Invoking command in '/home/ubuntu/relBot/build/my_image_processor': CMAKE_PREFIX_PATH=${CMAKE_PREFIX_PATH}:/opt/ros/jazzy DEBUGINFOD_URLS=https://debuginfod.ubuntu.com /usr/bin/cmake --install /home/ubuntu/relBot/build/my_image_processor
[0.562s] Level 1:colcon.colcon_core.environment:create_environment_scripts_only(my_image_processor)
[0.563s] DEBUG:colcon.colcon_core.event_handler.log_command:Invoked command in '/home/ubuntu/relBot/build/my_image_processor' returned '0': CMAKE_PREFIX_PATH=${CMAKE_PREFIX_PATH}:/opt/ros/jazzy DEBUGINFOD_URLS=https://debuginfod.ubuntu.com /usr/bin/cmake --install /home/ubuntu/relBot/build/my_image_processor
[0.566s] Level 1:colcon.colcon_core.environment:checking '/home/ubuntu/relBot/install/my_image_processor' for CMake module files
[0.567s] Level 1:colcon.colcon_core.environment:checking '/home/ubuntu/relBot/install/my_image_processor' for CMake config files
[0.568s] Level 1:colcon.colcon_core.shell:create_environment_hook('my_image_processor', 'cmake_prefix_path')
[0.568s] INFO:colcon.colcon_core.shell:Creating environment hook '/home/ubuntu/relBot/install/my_image_processor/share/my_image_processor/hook/cmake_prefix_path.ps1'
[0.569s] INFO:colcon.colcon_core.shell:Creating environment descriptor '/home/ubuntu/relBot/install/my_image_processor/share/my_image_processor/hook/cmake_prefix_path.dsv'
[0.569s] INFO:colcon.colcon_core.shell:Creating environment hook '/home/ubuntu/relBot/install/my_image_processor/share/my_image_processor/hook/cmake_prefix_path.sh'
[0.571s] Level 1:colcon.colcon_core.environment:checking '/home/ubuntu/relBot/install/my_image_processor/lib'
[0.571s] Level 1:colcon.colcon_core.environment:checking '/home/ubuntu/relBot/install/my_image_processor/bin'
[0.571s] Level 1:colcon.colcon_core.environment:checking '/home/ubuntu/relBot/install/my_image_processor/lib/pkgconfig/my_image_processor.pc'
[0.572s] Level 1:colcon.colcon_core.environment:checking '/home/ubuntu/relBot/install/my_image_processor/lib/python3.12/site-packages'
[0.572s] Level 1:colcon.colcon_core.environment:checking '/home/ubuntu/relBot/install/my_image_processor/bin'
[0.572s] INFO:colcon.colcon_core.shell:Creating package script '/home/ubuntu/relBot/install/my_image_processor/share/my_image_processor/package.ps1'
[0.573s] INFO:colcon.colcon_core.shell:Creating package descriptor '/home/ubuntu/relBot/install/my_image_processor/share/my_image_processor/package.dsv'
[0.574s] INFO:colcon.colcon_core.shell:Creating package script '/home/ubuntu/relBot/install/my_image_processor/share/my_image_processor/package.sh'
[0.575s] INFO:colcon.colcon_core.shell:Creating package script '/home/ubuntu/relBot/install/my_image_processor/share/my_image_processor/package.bash'
[0.576s] INFO:colcon.colcon_core.shell:Creating package script '/home/ubuntu/relBot/install/my_image_processor/share/my_image_processor/package.zsh'
[0.576s] Level 1:colcon.colcon_core.environment:create_file_with_runtime_dependencies(/home/ubuntu/relBot/install/my_image_processor/share/colcon-core/packages/my_image_processor)
[0.577s] Level 1:colcon.colcon_core.environment:create_environment_scripts_only(my_image_processor)
[0.577s] Level 1:colcon.colcon_core.environment:checking '/home/ubuntu/relBot/install/my_image_processor' for CMake module files
[0.578s] Level 1:colcon.colcon_core.environment:checking '/home/ubuntu/relBot/install/my_image_processor' for CMake config files
[0.579s] Level 1:colcon.colcon_core.shell:create_environment_hook('my_image_processor', 'cmake_prefix_path')
[0.579s] INFO:colcon.colcon_core.shell:Creating environment hook '/home/ubuntu/relBot/install/my_image_processor/share/my_image_processor/hook/cmake_prefix_path.ps1'
[0.580s] INFO:colcon.colcon_core.shell:Creating environment descriptor '/home/ubuntu/relBot/install/my_image_processor/share/my_image_processor/hook/cmake_prefix_path.dsv'
[0.580s] INFO:colcon.colcon_core.shell:Creating environment hook '/home/ubuntu/relBot/install/my_image_processor/share/my_image_processor/hook/cmake_prefix_path.sh'
[0.581s] Level 1:colcon.colcon_core.environment:checking '/home/ubuntu/relBot/install/my_image_processor/lib'
[0.581s] Level 1:colcon.colcon_core.environment:checking '/home/ubuntu/relBot/install/my_image_processor/bin'
[0.582s] Level 1:colcon.colcon_core.environment:checking '/home/ubuntu/relBot/install/my_image_processor/lib/pkgconfig/my_image_processor.pc'
[0.582s] Level 1:colcon.colcon_core.environment:checking '/home/ubuntu/relBot/install/my_image_processor/lib/python3.12/site-packages'
[0.583s] Level 1:colcon.colcon_core.environment:checking '/home/ubuntu/relBot/install/my_image_processor/bin'
[0.587s] INFO:colcon.colcon_core.shell:Creating package script '/home/ubuntu/relBot/install/my_image_processor/share/my_image_processor/package.ps1'
[0.588s] INFO:colcon.colcon_core.shell:Creating package descriptor '/home/ubuntu/relBot/install/my_image_processor/share/my_image_processor/package.dsv'
[0.589s] INFO:colcon.colcon_core.shell:Creating package script '/home/ubuntu/relBot/install/my_image_processor/share/my_image_processor/package.sh'
[0.590s] INFO:colcon.colcon_core.shell:Creating package script '/home/ubuntu/relBot/install/my_image_processor/share/my_image_processor/package.bash'
[0.591s] INFO:colcon.colcon_core.shell:Creating package script '/home/ubuntu/relBot/install/my_image_processor/share/my_image_processor/package.zsh'
[0.591s] Level 1:colcon.colcon_core.environment:create_file_with_runtime_dependencies(/home/ubuntu/relBot/install/my_image_processor/share/colcon-core/packages/my_image_processor)
[4.098s] DEBUG:colcon.colcon_core.event_handler.log_command:Invoked command in '/home/ubuntu/relBot/build/relbot_launch' returned '0': CMAKE_PREFIX_PATH=${CMAKE_PREFIX_PATH}:/opt/ros/jazzy DEBUGINFOD_URLS=https://debuginfod.ubuntu.com /usr/bin/cmake /home/ubuntu/relBot/src/relbot_launch -DCMAKE_INSTALL_PREFIX=/home/ubuntu/relBot/install/relbot_launch
[4.101s] DEBUG:colcon.colcon_core.event_handler.log_command:Invoking command in '/home/ubuntu/relBot/build/relbot_launch': CMAKE_PREFIX_PATH=${CMAKE_PREFIX_PATH}:/opt/ros/jazzy DEBUGINFOD_URLS=https://debuginfod.ubuntu.com /usr/bin/cmake --build /home/ubuntu/relBot/build/relbot_launch -- -j8 -l8
[4.177s] DEBUG:colcon.colcon_core.event_handler.log_command:Invoked command in '/home/ubuntu/relBot/build/relbot_launch' returned '0': CMAKE_PREFIX_PATH=${CMAKE_PREFIX_PATH}:/opt/ros/jazzy DEBUGINFOD_URLS=https://debuginfod.ubuntu.com /usr/bin/cmake --build /home/ubuntu/relBot/build/relbot_launch -- -j8 -l8
[4.177s] DEBUG:colcon.colcon_core.event_handler.log_command:Invoking command in '/home/ubuntu/relBot/build/relbot_launch': CMAKE_PREFIX_PATH=${CMAKE_PREFIX_PATH}:/opt/ros/jazzy DEBUGINFOD_URLS=https://debuginfod.ubuntu.com /usr/bin/cmake --install /home/ubuntu/relBot/build/relbot_launch
[4.206s] Level 1:colcon.colcon_core.environment:create_environment_scripts_only(relbot_launch)
[4.206s] Level 1:colcon.colcon_core.environment:checking '/home/ubuntu/relBot/install/relbot_launch' for CMake module files
[4.207s] DEBUG:colcon.colcon_core.event_handler.log_command:Invoked command in '/home/ubuntu/relBot/build/relbot_launch' returned '0': CMAKE_PREFIX_PATH=${CMAKE_PREFIX_PATH}:/opt/ros/jazzy DEBUGINFOD_URLS=https://debuginfod.ubuntu.com /usr/bin/cmake --install /home/ubuntu/relBot/build/relbot_launch
[4.208s] Level 1:colcon.colcon_core.environment:checking '/home/ubuntu/relBot/install/relbot_launch' for CMake config files
[4.208s] Level 1:colcon.colcon_core.shell:create_environment_hook('relbot_launch', 'cmake_prefix_path')
[4.208s] INFO:colcon.colcon_core.shell:Creating environment hook '/home/ubuntu/relBot/install/relbot_launch/share/relbot_launch/hook/cmake_prefix_path.ps1'
[4.209s] INFO:colcon.colcon_core.shell:Creating environment descriptor '/home/ubuntu/relBot/install/relbot_launch/share/relbot_launch/hook/cmake_prefix_path.dsv'
[4.210s] INFO:colcon.colcon_core.shell:Creating environment hook '/home/ubuntu/relBot/install/relbot_launch/share/relbot_launch/hook/cmake_prefix_path.sh'
[4.211s] Level 1:colcon.colcon_core.environment:checking '/home/ubuntu/relBot/install/relbot_launch/bin'
[4.211s] Level 1:colcon.colcon_core.environment:checking '/home/ubuntu/relBot/install/relbot_launch/lib/pkgconfig/relbot_launch.pc'
[4.211s] Level 1:colcon.colcon_core.environment:checking '/home/ubuntu/relBot/install/relbot_launch/lib/python3.12/site-packages'
[4.212s] Level 1:colcon.colcon_core.environment:checking '/home/ubuntu/relBot/install/relbot_launch/bin'
[4.212s] INFO:colcon.colcon_core.shell:Creating package script '/home/ubuntu/relBot/install/relbot_launch/share/relbot_launch/package.ps1'
[4.213s] INFO:colcon.colcon_core.shell:Creating package descriptor '/home/ubuntu/relBot/install/relbot_launch/share/relbot_launch/package.dsv'
[4.214s] INFO:colcon.colcon_core.shell:Creating package script '/home/ubuntu/relBot/install/relbot_launch/share/relbot_launch/package.sh'
[4.215s] INFO:colcon.colcon_core.shell:Creating package script '/home/ubuntu/relBot/install/relbot_launch/share/relbot_launch/package.bash'
[4.215s] INFO:colcon.colcon_core.shell:Creating package script '/home/ubuntu/relBot/install/relbot_launch/share/relbot_launch/package.zsh'
[4.216s] Level 1:colcon.colcon_core.environment:create_file_with_runtime_dependencies(/home/ubuntu/relBot/install/relbot_launch/share/colcon-core/packages/relbot_launch)
[4.217s] Level 1:colcon.colcon_core.environment:create_environment_scripts_only(relbot_launch)
[4.217s] Level 1:colcon.colcon_core.environment:checking '/home/ubuntu/relBot/install/relbot_launch' for CMake module files
[4.219s] Level 1:colcon.colcon_core.environment:checking '/home/ubuntu/relBot/install/relbot_launch' for CMake config files
[4.220s] Level 1:colcon.colcon_core.shell:create_environment_hook('relbot_launch', 'cmake_prefix_path')
[4.220s] INFO:colcon.colcon_core.shell:Creating environment hook '/home/ubuntu/relBot/install/relbot_launch/share/relbot_launch/hook/cmake_prefix_path.ps1'
[4.221s] INFO:colcon.colcon_core.shell:Creating environment descriptor '/home/ubuntu/relBot/install/relbot_launch/share/relbot_launch/hook/cmake_prefix_path.dsv'
[4.222s] INFO:colcon.colcon_core.shell:Creating environment hook '/home/ubuntu/relBot/install/relbot_launch/share/relbot_launch/hook/cmake_prefix_path.sh'
[4.223s] Level 1:colcon.colcon_core.environment:checking '/home/ubuntu/relBot/install/relbot_launch/bin'
[4.223s] Level 1:colcon.colcon_core.environment:checking '/home/ubuntu/relBot/install/relbot_launch/lib/pkgconfig/relbot_launch.pc'
[4.224s] Level 1:colcon.colcon_core.environment:checking '/home/ubuntu/relBot/install/relbot_launch/lib/python3.12/site-packages'
[4.224s] Level 1:colcon.colcon_core.environment:checking '/home/ubuntu/relBot/install/relbot_launch/bin'
[4.225s] INFO:colcon.colcon_core.shell:Creating package script '/home/ubuntu/relBot/install/relbot_launch/share/relbot_launch/package.ps1'
[4.226s] INFO:colcon.colcon_core.shell:Creating package descriptor '/home/ubuntu/relBot/install/relbot_launch/share/relbot_launch/package.dsv'
[4.227s] INFO:colcon.colcon_core.shell:Creating package script '/home/ubuntu/relBot/install/relbot_launch/share/relbot_launch/package.sh'
[4.228s] INFO:colcon.colcon_core.shell:Creating package script '/home/ubuntu/relBot/install/relbot_launch/share/relbot_launch/package.bash'
[4.229s] INFO:colcon.colcon_core.shell:Creating package script '/home/ubuntu/relBot/install/relbot_launch/share/relbot_launch/package.zsh'
[4.230s] Level 1:colcon.colcon_core.environment:create_file_with_runtime_dependencies(/home/ubuntu/relBot/install/relbot_launch/share/colcon-core/packages/relbot_launch)
[5.470s] DEBUG:colcon.colcon_core.event_handler.log_command:Invoked command in '/home/ubuntu/relBot/build/relbot2turtlesim' returned '0': CMAKE_PREFIX_PATH=${CMAKE_PREFIX_PATH}:/opt/ros/jazzy DEBUGINFOD_URLS=https://debuginfod.ubuntu.com /usr/bin/cmake /home/ubuntu/relBot/src/relbot2turtlesim -DCMAKE_INSTALL_PREFIX=/home/ubuntu/relBot/install/relbot2turtlesim
[5.472s] DEBUG:colcon.colcon_core.event_handler.log_command:Invoking command in '/home/ubuntu/relBot/build/relbot2turtlesim': CMAKE_PREFIX_PATH=${CMAKE_PREFIX_PATH}:/opt/ros/jazzy DEBUGINFOD_URLS=https://debuginfod.ubuntu.com /usr/bin/cmake --build /home/ubuntu/relBot/build/relbot2turtlesim -- -j8 -l8
[5.512s] DEBUG:colcon.colcon_core.event_handler.log_command:Invoked command in '/home/ubuntu/relBot/build/cam2image_vm2ros' returned '0': CMAKE_PREFIX_PATH=${CMAKE_PREFIX_PATH}:/opt/ros/jazzy DEBUGINFOD_URLS=https://debuginfod.ubuntu.com /usr/bin/cmake /home/ubuntu/relBot/src/cam2image_vm2ros -DCMAKE_INSTALL_PREFIX=/home/ubuntu/relBot/install/cam2image_vm2ros
[5.513s] DEBUG:colcon.colcon_core.event_handler.log_command:Invoking command in '/home/ubuntu/relBot/build/cam2image_vm2ros': CMAKE_PREFIX_PATH=${CMAKE_PREFIX_PATH}:/opt/ros/jazzy DEBUGINFOD_URLS=https://debuginfod.ubuntu.com /usr/bin/cmake --build /home/ubuntu/relBot/build/cam2image_vm2ros -- -j8 -l8
[5.658s] DEBUG:colcon.colcon_core.event_handler.log_command:Invoked command in '/home/ubuntu/relBot/build/relbot_sequence_controller' returned '0': CMAKE_PREFIX_PATH=${CMAKE_PREFIX_PATH}:/opt/ros/jazzy DEBUGINFOD_URLS=https://debuginfod.ubuntu.com /usr/bin/cmake /home/ubuntu/relBot/src/relbot_sequence_controller -DCMAKE_INSTALL_PREFIX=/home/ubuntu/relBot/install/relbot_sequence_controller
[5.659s] DEBUG:colcon.colcon_core.event_handler.log_command:Invoking command in '/home/ubuntu/relBot/build/relbot_sequence_controller': CMAKE_PREFIX_PATH=${CMAKE_PREFIX_PATH}:/opt/ros/jazzy DEBUGINFOD_URLS=https://debuginfod.ubuntu.com /usr/bin/cmake --build /home/ubuntu/relBot/build/relbot_sequence_controller -- -j8 -l8
[5.933s] DEBUG:colcon.colcon_core.event_handler.log_command:Invoked command in '/home/ubuntu/relBot/build/relbot_simulator' returned '0': CMAKE_PREFIX_PATH=${CMAKE_PREFIX_PATH}:/opt/ros/jazzy DEBUGINFOD_URLS=https://debuginfod.ubuntu.com /usr/bin/cmake /home/ubuntu/relBot/src/relbot_simulator -DCMAKE_INSTALL_PREFIX=/home/ubuntu/relBot/install/relbot_simulator
[5.934s] DEBUG:colcon.colcon_core.event_handler.log_command:Invoking command in '/home/ubuntu/relBot/build/relbot_simulator': CMAKE_PREFIX_PATH=${CMAKE_PREFIX_PATH}:/opt/ros/jazzy DEBUGINFOD_URLS=https://debuginfod.ubuntu.com /usr/bin/cmake --build /home/ubuntu/relBot/build/relbot_simulator -- -j8 -l8
[20.103s] DEBUG:colcon.colcon_core.event_handler.log_command:Invoked command in '/home/ubuntu/relBot/build/relbot_sequence_controller' returned '2': CMAKE_PREFIX_PATH=${CMAKE_PREFIX_PATH}:/opt/ros/jazzy DEBUGINFOD_URLS=https://debuginfod.ubuntu.com /usr/bin/cmake --build /home/ubuntu/relBot/build/relbot_sequence_controller -- -j8 -l8
[20.104s] Level 1:colcon.colcon_core.environment:create_environment_scripts_only(relbot_sequence_controller)
[20.105s] Level 1:colcon.colcon_core.environment:checking '/home/ubuntu/relBot/install/relbot_sequence_controller' for CMake module files
[20.105s] Level 1:colcon.colcon_core.environment:checking '/home/ubuntu/relBot/install/relbot_sequence_controller' for CMake config files
[20.106s] Level 1:colcon.colcon_core.environment:checking '/home/ubuntu/relBot/install/relbot_sequence_controller/bin'
[20.106s] Level 1:colcon.colcon_core.environment:checking '/home/ubuntu/relBot/install/relbot_sequence_controller/lib/pkgconfig/relbot_sequence_controller.pc'
[20.107s] Level 1:colcon.colcon_core.environment:checking '/home/ubuntu/relBot/install/relbot_sequence_controller/lib/python3.12/site-packages'
[20.107s] Level 1:colcon.colcon_core.environment:checking '/home/ubuntu/relBot/install/relbot_sequence_controller/bin'
[20.108s] INFO:colcon.colcon_core.shell:Creating package script '/home/ubuntu/relBot/install/relbot_sequence_controller/share/relbot_sequence_controller/package.ps1'
[20.112s] INFO:colcon.colcon_core.shell:Creating package descriptor '/home/ubuntu/relBot/install/relbot_sequence_controller/share/relbot_sequence_controller/package.dsv'
[20.113s] INFO:colcon.colcon_core.shell:Creating package script '/home/ubuntu/relBot/install/relbot_sequence_controller/share/relbot_sequence_controller/package.sh'
[20.114s] INFO:colcon.colcon_core.shell:Creating package script '/home/ubuntu/relBot/install/relbot_sequence_controller/share/relbot_sequence_controller/package.bash'
[20.116s] INFO:colcon.colcon_core.shell:Creating package script '/home/ubuntu/relBot/install/relbot_sequence_controller/share/relbot_sequence_controller/package.zsh'
[20.116s] Level 1:colcon.colcon_core.environment:create_file_with_runtime_dependencies(/home/ubuntu/relBot/install/relbot_sequence_controller/share/colcon-core/packages/relbot_sequence_controller)
[41.448s] DEBUG:colcon.colcon_parallel_executor.executor.parallel:closing loop
[41.449s] DEBUG:colcon.colcon_parallel_executor.executor.parallel:loop closed
[41.449s] DEBUG:colcon.colcon_parallel_executor.executor.parallel:run_until_complete finished with '2'
[41.450s] DEBUG:colcon.colcon_core.event_reactor:joining thread
[41.540s] INFO:colcon.colcon_core.plugin_system:Skipping extension 'colcon_notification.desktop_notification.notify_send': Could not find 'notify-send'
[41.541s] INFO:colcon.colcon_core.plugin_system:Skipping extension 'colcon_notification.desktop_notification.terminal_notifier': Not used on non-Darwin systems
[41.541s] INFO:colcon.colcon_core.plugin_system:Skipping extension 'colcon_notification.desktop_notification.win32': Not used on non-Windows systems
[41.541s] INFO:colcon.colcon_notification.desktop_notification:Sending desktop notification using 'notify2'
[41.543s] DEBUG:colcon.colcon_notification.desktop_notification.notify2:Failed to initialize notify2: org.freedesktop.DBus.Error.ServiceUnknown: The name org.freedesktop.Notifications was not provided by any .service files
[41.543s] DEBUG:colcon.colcon_core.event_reactor:joined thread
[41.543s] INFO:colcon.colcon_core.shell:Creating prefix script '/home/ubuntu/relBot/install/local_setup.ps1'
[41.545s] INFO:colcon.colcon_core.shell:Creating prefix util module '/home/ubuntu/relBot/install/_local_setup_util_ps1.py'
[41.547s] INFO:colcon.colcon_core.shell:Creating prefix chain script '/home/ubuntu/relBot/install/setup.ps1'
[41.548s] INFO:colcon.colcon_core.shell:Creating prefix script '/home/ubuntu/relBot/install/local_setup.sh'
[41.549s] INFO:colcon.colcon_core.shell:Creating prefix util module '/home/ubuntu/relBot/install/_local_setup_util_sh.py'
[41.550s] INFO:colcon.colcon_core.shell:Creating prefix chain script '/home/ubuntu/relBot/install/setup.sh'
[41.552s] INFO:colcon.colcon_core.shell:Creating prefix script '/home/ubuntu/relBot/install/local_setup.bash'
[41.554s] INFO:colcon.colcon_core.shell:Creating prefix chain script '/home/ubuntu/relBot/install/setup.bash'
[41.556s] INFO:colcon.colcon_core.shell:Creating prefix script '/home/ubuntu/relBot/install/local_setup.zsh'
[41.558s] INFO:colcon.colcon_core.shell:Creating prefix chain script '/home/ubuntu/relBot/install/setup.zsh'
