[0.065s] Invoking command in '/home/ubuntu/relBot/build/relbot_simulator': CMAKE_PREFIX_PATH=${CMAKE_PREFIX_PATH}:/opt/ros/jazzy DEBUGINFOD_URLS=https://debuginfod.ubuntu.com /usr/bin/cmake /home/ubuntu/relBot/src/relbot_simulator -DCMAKE_INSTALL_PREFIX=/home/ubuntu/relBot/install/relbot_simulator
[0.298s] -- The C compiler identification is GNU 13.3.0
[1.247s] -- The CXX compiler identification is GNU 13.3.0
[2.368s] -- Detecting C compiler ABI info
[2.724s] -- Detecting C compiler ABI info - done
[2.740s] -- Check for working C compiler: /usr/bin/cc - skipped
[2.740s] -- Detecting C compile features
[2.741s] -- Detecting C compile features - done
[2.841s] -- Detecting CXX compiler ABI info
[3.203s] -- Detecting CXX compiler ABI info - done
[3.217s] -- Check for working CXX compiler: /usr/bin/c++ - skipped
[3.217s] -- Detecting CXX compile features
[3.218s] -- Detecting CXX compile features - done
[3.222s] -- Found ament_cmake: 2.5.3 (/opt/ros/jazzy/share/ament_cmake/cmake)
[3.477s] -- Found Python3: /usr/bin/python3 (found version "3.12.3") found components: Interpreter 
[3.643s] -- Found rclcpp: 28.1.6 (/opt/ros/jazzy/share/rclcpp/cmake)
[3.929s] -- Found rosidl_generator_c: 4.6.5 (/opt/ros/jazzy/share/rosidl_generator_c/cmake)
[3.954s] -- Found rosidl_generator_cpp: 4.6.5 (/opt/ros/jazzy/share/rosidl_generator_cpp/cmake)
[3.984s] -- Using all available rosidl_typesupport_c: rosidl_typesupport_fastrtps_c;rosidl_typesupport_introspection_c
[4.030s] -- Using all available rosidl_typesupport_cpp: rosidl_typesupport_fastrtps_cpp;rosidl_typesupport_introspection_cpp
[4.209s] -- Found rmw_implementation_cmake: 7.3.1 (/opt/ros/jazzy/share/rmw_implementation_cmake/cmake)
[4.212s] -- Found rmw_fastrtps_cpp: 8.4.1 (/opt/ros/jazzy/share/rmw_fastrtps_cpp/cmake)
[4.322s] -- Found OpenSSL: /usr/lib/x86_64-linux-gnu/libcrypto.so (found version "3.0.13")  
[4.556s] -- Found FastRTPS: /opt/ros/jazzy/include (Required is at least version "2.13") 
[4.677s] -- Using RMW implementation 'rmw_fastrtps_cpp' as default
[4.955s] -- Found example_interfaces: 0.12.0 (/opt/ros/jazzy/share/example_interfaces/cmake)
[5.060s] -- Found geometry_msgs: 5.3.5 (/opt/ros/jazzy/share/geometry_msgs/cmake)
[5.112s] -- Found sensor_msgs: 5.3.5 (/opt/ros/jazzy/share/sensor_msgs/cmake)
[5.166s] -- Found OpenCV: /usr (found version "4.6.0") found components: core highgui imgcodecs imgproc videoio 
[5.167s] -- Found cv_bridge: 4.1.0 (/opt/ros/jazzy/share/cv_bridge/cmake)
[5.176s] -- Found ament_lint_auto: 0.17.1 (/opt/ros/jazzy/share/ament_lint_auto/cmake)
[5.412s] -- Added test 'copyright' to check source files copyright and LICENSE
[5.420s] -- Added test 'cppcheck' to perform static code analysis on C / C++ code
[5.420s] -- Configured cppcheck include dirs: /home/ubuntu/relBot/src/relbot_simulator/include;/home/ubuntu/relBot/src/relbot_simulator/common;$<BUILD_INTERFACE:/home/ubuntu/relBot/src/relbot_simulator/include>;$<BUILD_INTERFACE:/home/ubuntu/relBot/src/relbot_simulator/common>
[5.420s] -- Configured cppcheck exclude dirs and/or files: 
[5.421s] -- Added test 'cpplint' to check C / C++ code against the Google style
[5.421s] -- Configured cpplint exclude dirs and/or files: 
[5.427s] -- Added test 'lint_cmake' to check CMake code style
[5.432s] -- Added test 'uncrustify' to check C / C++ code style
[5.433s] -- Configured uncrustify additional arguments: 
[5.436s] -- Added test 'xmllint' to check XML markup files
[5.453s] -- Configuring done (5.4s)
[5.513s] -- Generating done (0.0s)
[5.522s] -- Build files have been written to: /home/ubuntu/relBot/build/relbot_simulator
[5.547s] Invoked command in '/home/ubuntu/relBot/build/relbot_simulator' returned '0': CMAKE_PREFIX_PATH=${CMAKE_PREFIX_PATH}:/opt/ros/jazzy DEBUGINFOD_URLS=https://debuginfod.ubuntu.com /usr/bin/cmake /home/ubuntu/relBot/src/relbot_simulator -DCMAKE_INSTALL_PREFIX=/home/ubuntu/relBot/install/relbot_simulator
[5.547s] Invoking command in '/home/ubuntu/relBot/build/relbot_simulator': CMAKE_PREFIX_PATH=${CMAKE_PREFIX_PATH}:/opt/ros/jazzy DEBUGINFOD_URLS=https://debuginfod.ubuntu.com /usr/bin/cmake --build /home/ubuntu/relBot/build/relbot_simulator -- -j8 -l8
[5.720s] [ 11%] [32mBuilding CXX object CMakeFiles/relbot_simulator.dir/src/relbot_simulator.cpp.o[0m
[5.721s] [ 22%] [32mBuilding CXX object CMakeFiles/relbot_simulator.dir/src/Plant.cpp.o[0m
[5.723s] [ 33%] [32mBuilding CXX object CMakeFiles/relbot_simulator.dir/common/MotionProfiles.cpp.o[0m
[5.750s] [ 44%] [32mBuilding CXX object CMakeFiles/relbot_simulator.dir/common/EulerAngles.cpp.o[0m
[5.781s] [ 55%] [32mBuilding CXX object CMakeFiles/relbot_simulator.dir/common/xxfuncs.cpp.o[0m
[5.870s] [ 66%] [32mBuilding CXX object CMakeFiles/relbot_simulator.dir/common/xxinteg.cpp.o[0m
[5.871s] [ 77%] [32mBuilding CXX object CMakeFiles/relbot_simulator.dir/common/xxinverse.cpp.o[0m
[5.891s] [ 88%] [32mBuilding CXX object CMakeFiles/relbot_simulator.dir/common/xxmatrix.cpp.o[0m
[39.335s] [100%] [32m[1mLinking CXX executable relbot_simulator[0m
[41.034s] [100%] Built target relbot_simulator
