[0.044s] Invoking command in '/home/ubuntu/relBot/build/relbot_sequence_controller': CMAKE_PREFIX_PATH=${CMAKE_PREFIX_PATH}:/opt/ros/jazzy DEBUGINFOD_URLS=https://debuginfod.ubuntu.com /usr/bin/cmake --build /home/ubuntu/relBot/build/relbot_sequence_controller -- -j8 -l8
[0.162s] [ 50%] [32mBuilding CXX object CMakeFiles/relbot_sequence_controller.dir/src/relbot_sequence_controller.cpp.o[0m
[14.854s] [100%] [32m[1mLinking CXX executable relbot_sequence_controller[0m
[15.714s] [100%] Built target relbot_sequence_controller
[15.740s] Invoked command in '/home/ubuntu/relBot/build/relbot_sequence_controller' returned '0': CMAKE_PREFIX_PATH=${CMAKE_PREFIX_PATH}:/opt/ros/jazzy DEBUGINFOD_URLS=https://debuginfod.ubuntu.com /usr/bin/cmake --build /home/ubuntu/relBot/build/relbot_sequence_controller -- -j8 -l8
[15.744s] Invoking command in '/home/ubuntu/relBot/build/relbot_sequence_controller': CMAKE_PREFIX_PATH=${CMAKE_PREFIX_PATH}:/opt/ros/jazzy DEBUGINFOD_URLS=https://debuginfod.ubuntu.com /usr/bin/cmake --install /home/ubuntu/relBot/build/relbot_sequence_controller
[15.762s] -- Install configuration: ""
[15.764s] -- Installing: /home/ubuntu/relBot/install/relbot_sequence_controller/lib/relbot_sequence_controller/relbot_sequence_controller
[15.787s] -- Set non-toolchain portion of runtime path of "/home/ubuntu/relBot/install/relbot_sequence_controller/lib/relbot_sequence_controller/relbot_sequence_controller" to ""
[15.788s] -- Up-to-date: /home/ubuntu/relBot/install/relbot_sequence_controller/share/ament_index/resource_index/package_run_dependencies/relbot_sequence_controller
[15.788s] -- Up-to-date: /home/ubuntu/relBot/install/relbot_sequence_controller/share/ament_index/resource_index/parent_prefix_path/relbot_sequence_controller
[15.789s] -- Up-to-date: /home/ubuntu/relBot/install/relbot_sequence_controller/share/relbot_sequence_controller/environment/ament_prefix_path.sh
[15.789s] -- Up-to-date: /home/ubuntu/relBot/install/relbot_sequence_controller/share/relbot_sequence_controller/environment/ament_prefix_path.dsv
[15.790s] -- Up-to-date: /home/ubuntu/relBot/install/relbot_sequence_controller/share/relbot_sequence_controller/environment/path.sh
[15.791s] -- Up-to-date: /home/ubuntu/relBot/install/relbot_sequence_controller/share/relbot_sequence_controller/environment/path.dsv
[15.791s] -- Up-to-date: /home/ubuntu/relBot/install/relbot_sequence_controller/share/relbot_sequence_controller/local_setup.bash
[15.791s] -- Up-to-date: /home/ubuntu/relBot/install/relbot_sequence_controller/share/relbot_sequence_controller/local_setup.sh
[15.792s] -- Up-to-date: /home/ubuntu/relBot/install/relbot_sequence_controller/share/relbot_sequence_controller/local_setup.zsh
[15.792s] -- Up-to-date: /home/ubuntu/relBot/install/relbot_sequence_controller/share/relbot_sequence_controller/local_setup.dsv
[15.792s] -- Installing: /home/ubuntu/relBot/install/relbot_sequence_controller/share/relbot_sequence_controller/package.dsv
[15.792s] -- Up-to-date: /home/ubuntu/relBot/install/relbot_sequence_controller/share/ament_index/resource_index/packages/relbot_sequence_controller
[15.793s] -- Up-to-date: /home/ubuntu/relBot/install/relbot_sequence_controller/share/relbot_sequence_controller/cmake/relbot_sequence_controllerConfig.cmake
[15.793s] -- Up-to-date: /home/ubuntu/relBot/install/relbot_sequence_controller/share/relbot_sequence_controller/cmake/relbot_sequence_controllerConfig-version.cmake
[15.794s] -- Up-to-date: /home/ubuntu/relBot/install/relbot_sequence_controller/share/relbot_sequence_controller/package.xml
[15.796s] Invoked command in '/home/ubuntu/relBot/build/relbot_sequence_controller' returned '0': CMAKE_PREFIX_PATH=${CMAKE_PREFIX_PATH}:/opt/ros/jazzy DEBUGINFOD_URLS=https://debuginfod.ubuntu.com /usr/bin/cmake --install /home/ubuntu/relBot/build/relbot_sequence_controller
