[0.059s] Invoking command in '/home/ubuntu/relBot/build/relbot_simulator': CMAKE_PREFIX_PATH=${CMAKE_PREFIX_PATH}:/opt/ros/jazzy DEBUGINFOD_URLS=https://debuginfod.ubuntu.com /usr/bin/cmake --build /home/ubuntu/relBot/build/relbot_simulator -- -j8 -l8
[0.224s] [100%] Built target relbot_simulator
[0.259s] Invoked command in '/home/ubuntu/relBot/build/relbot_simulator' returned '0': CMAKE_PREFIX_PATH=${CMAKE_PREFIX_PATH}:/opt/ros/jazzy DEBUGINFOD_URLS=https://debuginfod.ubuntu.com /usr/bin/cmake --build /home/ubuntu/relBot/build/relbot_simulator -- -j8 -l8
[0.268s] Invoking command in '/home/ubuntu/relBot/build/relbot_simulator': CMAKE_PREFIX_PATH=${CMAKE_PREFIX_PATH}:/opt/ros/jazzy DEBUGINFOD_URLS=https://debuginfod.ubuntu.com /usr/bin/cmake --install /home/ubuntu/relBot/build/relbot_simulator
[0.316s] -- Install configuration: ""
[0.317s] -- Up-to-date: /home/ubuntu/relBot/install/relbot_simulator/lib/relbot_simulator/relbot_simulator
[0.317s] -- Up-to-date: /home/ubuntu/relBot/install/relbot_simulator/include
[0.317s] -- Up-to-date: /home/ubuntu/relBot/install/relbot_simulator/include/xxinverse.cpp
[0.318s] -- Up-to-date: /home/ubuntu/relBot/install/relbot_simulator/include/xxmodel.h
[0.318s] -- Up-to-date: /home/ubuntu/relBot/install/relbot_simulator/include/xxtypes.h
[0.319s] -- Up-to-date: /home/ubuntu/relBot/install/relbot_simulator/include/xxmatrix.cpp
[0.319s] -- Up-to-date: /home/ubuntu/relBot/install/relbot_simulator/include/xxinverse.h
[0.320s] -- Up-to-date: /home/ubuntu/relBot/install/relbot_simulator/include/MotionProfiles.h
[0.320s] -- Up-to-date: /home/ubuntu/relBot/install/relbot_simulator/include/xxfuncs.cpp
[0.330s] -- Up-to-date: /home/ubuntu/relBot/install/relbot_simulator/include/xxfuncs.h
[0.331s] -- Up-to-date: /home/ubuntu/relBot/install/relbot_simulator/include/MotionProfiles.cpp
[0.331s] -- Up-to-date: /home/ubuntu/relBot/install/relbot_simulator/include/xxinteg.cpp
[0.332s] -- Up-to-date: /home/ubuntu/relBot/install/relbot_simulator/include/EulerAngles.cpp
[0.332s] -- Up-to-date: /home/ubuntu/relBot/install/relbot_simulator/include/xxinteg.h
[0.333s] -- Up-to-date: /home/ubuntu/relBot/install/relbot_simulator/include/EulerAngles.h
[0.333s] -- Up-to-date: /home/ubuntu/relBot/install/relbot_simulator/include/xxmatrix.h
[0.335s] -- Up-to-date: /home/ubuntu/relBot/install/relbot_simulator/share/ament_index/resource_index/package_run_dependencies/relbot_simulator
[0.336s] -- Up-to-date: /home/ubuntu/relBot/install/relbot_simulator/share/ament_index/resource_index/parent_prefix_path/relbot_simulator
[0.337s] -- Up-to-date: /home/ubuntu/relBot/install/relbot_simulator/share/relbot_simulator/environment/ament_prefix_path.sh
[0.340s] -- Up-to-date: /home/ubuntu/relBot/install/relbot_simulator/share/relbot_simulator/environment/ament_prefix_path.dsv
[0.342s] -- Up-to-date: /home/ubuntu/relBot/install/relbot_simulator/share/relbot_simulator/environment/path.sh
[0.342s] -- Up-to-date: /home/ubuntu/relBot/install/relbot_simulator/share/relbot_simulator/environment/path.dsv
[0.343s] -- Up-to-date: /home/ubuntu/relBot/install/relbot_simulator/share/relbot_simulator/local_setup.bash
[0.344s] -- Up-to-date: /home/ubuntu/relBot/install/relbot_simulator/share/relbot_simulator/local_setup.sh
[0.345s] -- Up-to-date: /home/ubuntu/relBot/install/relbot_simulator/share/relbot_simulator/local_setup.zsh
[0.345s] -- Up-to-date: /home/ubuntu/relBot/install/relbot_simulator/share/relbot_simulator/local_setup.dsv
[0.346s] -- Installing: /home/ubuntu/relBot/install/relbot_simulator/share/relbot_simulator/package.dsv
[0.346s] -- Up-to-date: /home/ubuntu/relBot/install/relbot_simulator/share/ament_index/resource_index/packages/relbot_simulator
[0.346s] -- Up-to-date: /home/ubuntu/relBot/install/relbot_simulator/share/relbot_simulator/cmake/relbot_simulatorConfig.cmake
[0.346s] -- Up-to-date: /home/ubuntu/relBot/install/relbot_simulator/share/relbot_simulator/cmake/relbot_simulatorConfig-version.cmake
[0.347s] -- Up-to-date: /home/ubuntu/relBot/install/relbot_simulator/share/relbot_simulator/package.xml
[0.440s] Invoked command in '/home/ubuntu/relBot/build/relbot_simulator' returned '0': CMAKE_PREFIX_PATH=${CMAKE_PREFIX_PATH}:/opt/ros/jazzy DEBUGINFOD_URLS=https://debuginfod.ubuntu.com /usr/bin/cmake --install /home/ubuntu/relBot/build/relbot_simulator
