[0.078s] Invoking command in '/home/ubuntu/relBot/build/cam2image_vm2ros': CMAKE_PREFIX_PATH=${CMAKE_PREFIX_PATH}:/opt/ros/jazzy DEBUGINFOD_URLS=https://debuginfod.ubuntu.com /usr/bin/cmake --build /home/ubuntu/relBot/build/cam2image_vm2ros -- -j8 -l8
[0.262s] [ 40%] Built target cam2image
[0.310s] [100%] Built target cam2image_vm2ros
[0.366s] Invoked command in '/home/ubuntu/relBot/build/cam2image_vm2ros' returned '0': CMAKE_PREFIX_PATH=${CMAKE_PREFIX_PATH}:/opt/ros/jazzy DEBUGINFOD_URLS=https://debuginfod.ubuntu.com /usr/bin/cmake --build /home/ubuntu/relBot/build/cam2image_vm2ros -- -j8 -l8
[0.369s] Invoking command in '/home/ubuntu/relBot/build/cam2image_vm2ros': CMAKE_PREFIX_PATH=${CMAKE_PREFIX_PATH}:/opt/ros/jazzy DEBUGINFOD_URLS=https://debuginfod.ubuntu.com /usr/bin/cmake --install /home/ubuntu/relBot/build/cam2image_vm2ros
[0.406s] -- Install configuration: ""
[0.407s] -- Up-to-date: /home/ubuntu/relBot/install/cam2image_vm2ros/lib/cam2image_vm2ros/cam2image
[0.412s] -- Up-to-date: /home/ubuntu/relBot/install/cam2image_vm2ros/lib/libcam2image_vm2ros.so
[0.415s] -- Up-to-date: /home/ubuntu/relBot/install/cam2image_vm2ros/include/cam2image_vm2ros
[0.417s] -- Up-to-date: /home/ubuntu/relBot/install/cam2image_vm2ros/include/cam2image_vm2ros/cam2image.hpp
[0.421s] -- Up-to-date: /home/ubuntu/relBot/install/cam2image_vm2ros/include/cam2image_vm2ros/base64.hpp
[0.421s] -- Up-to-date: /home/ubuntu/relBot/install/cam2image_vm2ros/include/cam2image_vm2ros/visibility_control.h
[0.422s] -- Up-to-date: /home/ubuntu/relBot/install/cam2image_vm2ros/include/cam2image_vm2ros/remote_capture.hpp
[0.426s] -- Up-to-date: /home/ubuntu/relBot/install/cam2image_vm2ros/share/cam2image_vm2ros/environment/library_path.sh
[0.427s] -- Up-to-date: /home/ubuntu/relBot/install/cam2image_vm2ros/share/cam2image_vm2ros/environment/library_path.dsv
[0.427s] -- Up-to-date: /home/ubuntu/relBot/install/cam2image_vm2ros/share/ament_index/resource_index/package_run_dependencies/cam2image_vm2ros
[0.427s] -- Up-to-date: /home/ubuntu/relBot/install/cam2image_vm2ros/share/ament_index/resource_index/parent_prefix_path/cam2image_vm2ros
[0.427s] -- Up-to-date: /home/ubuntu/relBot/install/cam2image_vm2ros/share/cam2image_vm2ros/environment/ament_prefix_path.sh
[0.428s] -- Up-to-date: /home/ubuntu/relBot/install/cam2image_vm2ros/share/cam2image_vm2ros/environment/ament_prefix_path.dsv
[0.428s] -- Up-to-date: /home/ubuntu/relBot/install/cam2image_vm2ros/share/cam2image_vm2ros/environment/path.sh
[0.428s] -- Up-to-date: /home/ubuntu/relBot/install/cam2image_vm2ros/share/cam2image_vm2ros/environment/path.dsv
[0.429s] -- Up-to-date: /home/ubuntu/relBot/install/cam2image_vm2ros/share/cam2image_vm2ros/local_setup.bash
[0.429s] -- Up-to-date: /home/ubuntu/relBot/install/cam2image_vm2ros/share/cam2image_vm2ros/local_setup.sh
[0.429s] -- Up-to-date: /home/ubuntu/relBot/install/cam2image_vm2ros/share/cam2image_vm2ros/local_setup.zsh
[0.430s] -- Up-to-date: /home/ubuntu/relBot/install/cam2image_vm2ros/share/cam2image_vm2ros/local_setup.dsv
[0.437s] -- Installing: /home/ubuntu/relBot/install/cam2image_vm2ros/share/cam2image_vm2ros/package.dsv
[0.445s] -- Up-to-date: /home/ubuntu/relBot/install/cam2image_vm2ros/share/ament_index/resource_index/packages/cam2image_vm2ros
[0.446s] -- Up-to-date: /home/ubuntu/relBot/install/cam2image_vm2ros/share/ament_index/resource_index/rclcpp_components/cam2image_vm2ros
[0.447s] -- Up-to-date: /home/ubuntu/relBot/install/cam2image_vm2ros/share/cam2image_vm2ros/cmake/cam2image_vm2rosExport.cmake
[0.448s] -- Up-to-date: /home/ubuntu/relBot/install/cam2image_vm2ros/share/cam2image_vm2ros/cmake/cam2image_vm2rosExport-noconfig.cmake
[0.449s] -- Up-to-date: /home/ubuntu/relBot/install/cam2image_vm2ros/share/cam2image_vm2ros/cmake/ament_cmake_export_libraries-extras.cmake
[0.450s] -- Up-to-date: /home/ubuntu/relBot/install/cam2image_vm2ros/share/cam2image_vm2ros/cmake/ament_cmake_export_targets-extras.cmake
[0.453s] -- Up-to-date: /home/ubuntu/relBot/install/cam2image_vm2ros/share/cam2image_vm2ros/cmake/ament_cmake_export_dependencies-extras.cmake
[0.454s] -- Up-to-date: /home/ubuntu/relBot/install/cam2image_vm2ros/share/cam2image_vm2ros/cmake/cam2image_vm2rosConfig.cmake
[0.456s] -- Up-to-date: /home/ubuntu/relBot/install/cam2image_vm2ros/share/cam2image_vm2ros/cmake/cam2image_vm2rosConfig-version.cmake
[0.456s] -- Up-to-date: /home/ubuntu/relBot/install/cam2image_vm2ros/share/cam2image_vm2ros/package.xml
[0.527s] Invoked command in '/home/ubuntu/relBot/build/cam2image_vm2ros' returned '0': CMAKE_PREFIX_PATH=${CMAKE_PREFIX_PATH}:/opt/ros/jazzy DEBUGINFOD_URLS=https://debuginfod.ubuntu.com /usr/bin/cmake --install /home/ubuntu/relBot/build/cam2image_vm2ros
