[0.032s] Invoking command in '/home/ubuntu/relBot/build/relbot_sequence_controller': CMAKE_PREFIX_PATH=${CMAKE_PREFIX_PATH}:/opt/ros/jazzy DEBUGINFOD_URLS=https://debuginfod.ubuntu.com /usr/bin/cmake --build /home/ubuntu/relBot/build/relbot_sequence_controller -- -j8 -l8
[0.138s] [100%] Built target relbot_sequence_controller
[0.165s] Invoked command in '/home/ubuntu/relBot/build/relbot_sequence_controller' returned '0': CMAKE_PREFIX_PATH=${CMAKE_PREFIX_PATH}:/opt/ros/jazzy DEBUGINFOD_URLS=https://debuginfod.ubuntu.com /usr/bin/cmake --build /home/ubuntu/relBot/build/relbot_sequence_controller -- -j8 -l8
[0.167s] Invoking command in '/home/ubuntu/relBot/build/relbot_sequence_controller': CMAKE_PREFIX_PATH=${CMAKE_PREFIX_PATH}:/opt/ros/jazzy DEBUGINFOD_URLS=https://debuginfod.ubuntu.com /usr/bin/cmake --install /home/ubuntu/relBot/build/relbot_sequence_controller
[0.180s] -- Install configuration: ""
[0.181s] -- Up-to-date: /home/ubuntu/relBot/install/relbot_sequence_controller/lib/relbot_sequence_controller/relbot_sequence_controller
[0.183s] -- Up-to-date: /home/ubuntu/relBot/install/relbot_sequence_controller/share/ament_index/resource_index/package_run_dependencies/relbot_sequence_controller
[0.184s] -- Up-to-date: /home/ubuntu/relBot/install/relbot_sequence_controller/share/ament_index/resource_index/parent_prefix_path/relbot_sequence_controller
[0.186s] -- Up-to-date: /home/ubuntu/relBot/install/relbot_sequence_controller/share/relbot_sequence_controller/environment/ament_prefix_path.sh
[0.190s] -- Up-to-date: /home/ubuntu/relBot/install/relbot_sequence_controller/share/relbot_sequence_controller/environment/ament_prefix_path.dsv
[0.199s] -- Up-to-date: /home/ubuntu/relBot/install/relbot_sequence_controller/share/relbot_sequence_controller/environment/path.sh
[0.199s] -- Up-to-date: /home/ubuntu/relBot/install/relbot_sequence_controller/share/relbot_sequence_controller/environment/path.dsv
[0.199s] -- Up-to-date: /home/ubuntu/relBot/install/relbot_sequence_controller/share/relbot_sequence_controller/local_setup.bash
[0.200s] -- Up-to-date: /home/ubuntu/relBot/install/relbot_sequence_controller/share/relbot_sequence_controller/local_setup.sh
[0.200s] -- Up-to-date: /home/ubuntu/relBot/install/relbot_sequence_controller/share/relbot_sequence_controller/local_setup.zsh
[0.200s] -- Up-to-date: /home/ubuntu/relBot/install/relbot_sequence_controller/share/relbot_sequence_controller/local_setup.dsv
[0.200s] -- Installing: /home/ubuntu/relBot/install/relbot_sequence_controller/share/relbot_sequence_controller/package.dsv
[0.201s] -- Up-to-date: /home/ubuntu/relBot/install/relbot_sequence_controller/share/ament_index/resource_index/packages/relbot_sequence_controller
[0.201s] -- Up-to-date: /home/ubuntu/relBot/install/relbot_sequence_controller/share/relbot_sequence_controller/cmake/relbot_sequence_controllerConfig.cmake
[0.201s] -- Up-to-date: /home/ubuntu/relBot/install/relbot_sequence_controller/share/relbot_sequence_controller/cmake/relbot_sequence_controllerConfig-version.cmake
[0.202s] -- Up-to-date: /home/ubuntu/relBot/install/relbot_sequence_controller/share/relbot_sequence_controller/package.xml
[0.243s] Invoked command in '/home/ubuntu/relBot/build/relbot_sequence_controller' returned '0': CMAKE_PREFIX_PATH=${CMAKE_PREFIX_PATH}:/opt/ros/jazzy DEBUGINFOD_URLS=https://debuginfod.ubuntu.com /usr/bin/cmake --install /home/ubuntu/relBot/build/relbot_sequence_controller
