[0.323s] DEBUG:colcon:Command line arguments: ['/usr/bin/colcon', 'build']
[0.323s] DEBUG:colcon:Parsed command line arguments: Namespace(log_base=None, log_level=None, verb_name='build', build_base='build', install_base='install', merge_install=False, symlink_install=False, test_result_base=None, continue_on_error=False, executor='parallel', parallel_workers=8, event_handlers=None, ignore_user_meta=False, metas=['./colcon.meta'], base_paths=['.'], packages_ignore=None, packages_ignore_regex=None, paths=None, packages_up_to=None, packages_up_to_regex=None, packages_above=None, packages_above_and_dependencies=None, packages_above_depth=None, packages_select_by_dep=None, packages_skip_by_dep=None, packages_skip_up_to=None, packages_select_build_failed=False, packages_skip_build_finished=False, packages_select_test_failures=False, packages_skip_test_passed=False, packages_select=None, packages_skip=None, packages_select_regex=None, packages_skip_regex=None, packages_start=None, packages_end=None, allow_overriding=[], cmake_args=None, cmake_target=None, cmake_target_skip_unavailable=False, cmake_clean_cache=False, cmake_clean_first=False, cmake_force_configure=False, ament_cmake_args=None, catkin_cmake_args=None, catkin_skip_building_tests=False, mixin_files=None, mixin=None, verb_parser=<colcon_mixin.mixin.mixin_argument.MixinArgumentDecorator object at 0x7fe586038d70>, verb_extension=<colcon_core.verb.build.BuildVerb object at 0x7fe586038a10>, main=<bound method BuildVerb.main of <colcon_core.verb.build.BuildVerb object at 0x7fe586038a10>>, mixin_verb=('build',))
[0.375s] Level 1:colcon.colcon_core.package_discovery:discover_packages(colcon_meta) check parameters
[0.375s] Level 1:colcon.colcon_core.package_discovery:discover_packages(recursive) check parameters
[0.375s] Level 1:colcon.colcon_core.package_discovery:discover_packages(ignore) check parameters
[0.375s] Level 1:colcon.colcon_core.package_discovery:discover_packages(path) check parameters
[0.375s] Level 1:colcon.colcon_core.package_discovery:discover_packages(colcon_meta) discover
[0.376s] Level 1:colcon.colcon_core.package_discovery:discover_packages(recursive) discover
[0.376s] INFO:colcon.colcon_core.package_discovery:Crawling recursively for packages in '/home/ubuntu/relBot'
[0.376s] Level 1:colcon.colcon_core.package_identification:_identify(.) by extensions ['ignore', 'ignore_ament_install']
[0.376s] Level 1:colcon.colcon_core.package_identification:_identify(.) by extension 'ignore'
[0.376s] Level 1:colcon.colcon_core.package_identification:_identify(.) by extension 'ignore_ament_install'
[0.376s] Level 1:colcon.colcon_core.package_identification:_identify(.) by extensions ['colcon_pkg']
[0.376s] Level 1:colcon.colcon_core.package_identification:_identify(.) by extension 'colcon_pkg'
[0.377s] Level 1:colcon.colcon_core.package_identification:_identify(.) by extensions ['colcon_meta']
[0.377s] Level 1:colcon.colcon_core.package_identification:_identify(.) by extension 'colcon_meta'
[0.377s] Level 1:colcon.colcon_core.package_identification:_identify(.) by extensions ['ros']
[0.377s] Level 1:colcon.colcon_core.package_identification:_identify(.) by extension 'ros'
[0.411s] Level 1:colcon.colcon_core.package_identification:_identify(.) by extensions ['cmake', 'python']
[0.411s] Level 1:colcon.colcon_core.package_identification:_identify(.) by extension 'cmake'
[0.411s] Level 1:colcon.colcon_core.package_identification:_identify(.) by extension 'python'
[0.411s] Level 1:colcon.colcon_core.package_identification:_identify(.) by extensions ['python_setup_py']
[0.412s] Level 1:colcon.colcon_core.package_identification:_identify(.) by extension 'python_setup_py'
[0.412s] Level 1:colcon.colcon_core.package_identification:_identify(build) by extensions ['ignore', 'ignore_ament_install']
[0.412s] Level 1:colcon.colcon_core.package_identification:_identify(build) by extension 'ignore'
[0.412s] Level 1:colcon.colcon_core.package_identification:_identify(build) ignored
[0.412s] Level 1:colcon.colcon_core.package_identification:_identify(install) by extensions ['ignore', 'ignore_ament_install']
[0.412s] Level 1:colcon.colcon_core.package_identification:_identify(install) by extension 'ignore'
[0.413s] Level 1:colcon.colcon_core.package_identification:_identify(install) ignored
[0.413s] Level 1:colcon.colcon_core.package_identification:_identify(log) by extensions ['ignore', 'ignore_ament_install']
[0.413s] Level 1:colcon.colcon_core.package_identification:_identify(log) by extension 'ignore'
[0.413s] Level 1:colcon.colcon_core.package_identification:_identify(log) ignored
[0.413s] Level 1:colcon.colcon_core.package_identification:_identify(src) by extensions ['ignore', 'ignore_ament_install']
[0.413s] Level 1:colcon.colcon_core.package_identification:_identify(src) by extension 'ignore'
[0.413s] Level 1:colcon.colcon_core.package_identification:_identify(src) by extension 'ignore_ament_install'
[0.414s] Level 1:colcon.colcon_core.package_identification:_identify(src) by extensions ['colcon_pkg']
[0.414s] Level 1:colcon.colcon_core.package_identification:_identify(src) by extension 'colcon_pkg'
[0.414s] Level 1:colcon.colcon_core.package_identification:_identify(src) by extensions ['colcon_meta']
[0.414s] Level 1:colcon.colcon_core.package_identification:_identify(src) by extension 'colcon_meta'
[0.414s] Level 1:colcon.colcon_core.package_identification:_identify(src) by extensions ['ros']
[0.414s] Level 1:colcon.colcon_core.package_identification:_identify(src) by extension 'ros'
[0.414s] Level 1:colcon.colcon_core.package_identification:_identify(src) by extensions ['cmake', 'python']
[0.414s] Level 1:colcon.colcon_core.package_identification:_identify(src) by extension 'cmake'
[0.415s] Level 1:colcon.colcon_core.package_identification:_identify(src) by extension 'python'
[0.415s] Level 1:colcon.colcon_core.package_identification:_identify(src) by extensions ['python_setup_py']
[0.415s] Level 1:colcon.colcon_core.package_identification:_identify(src) by extension 'python_setup_py'
[0.415s] Level 1:colcon.colcon_core.package_identification:_identify(src/cam2image_vm2ros) by extensions ['ignore', 'ignore_ament_install']
[0.415s] Level 1:colcon.colcon_core.package_identification:_identify(src/cam2image_vm2ros) by extension 'ignore'
[0.415s] Level 1:colcon.colcon_core.package_identification:_identify(src/cam2image_vm2ros) by extension 'ignore_ament_install'
[0.415s] Level 1:colcon.colcon_core.package_identification:_identify(src/cam2image_vm2ros) by extensions ['colcon_pkg']
[0.415s] Level 1:colcon.colcon_core.package_identification:_identify(src/cam2image_vm2ros) by extension 'colcon_pkg'
[0.415s] Level 1:colcon.colcon_core.package_identification:_identify(src/cam2image_vm2ros) by extensions ['colcon_meta']
[0.416s] Level 1:colcon.colcon_core.package_identification:_identify(src/cam2image_vm2ros) by extension 'colcon_meta'
[0.416s] Level 1:colcon.colcon_core.package_identification:_identify(src/cam2image_vm2ros) by extensions ['ros']
[0.416s] Level 1:colcon.colcon_core.package_identification:_identify(src/cam2image_vm2ros) by extension 'ros'
[0.419s] DEBUG:colcon.colcon_core.package_identification:Package 'src/cam2image_vm2ros' with type 'ros.ament_cmake' and name 'cam2image_vm2ros'
[0.419s] Level 1:colcon.colcon_core.package_identification:_identify(src/my_image_processor) by extensions ['ignore', 'ignore_ament_install']
[0.419s] Level 1:colcon.colcon_core.package_identification:_identify(src/my_image_processor) by extension 'ignore'
[0.419s] Level 1:colcon.colcon_core.package_identification:_identify(src/my_image_processor) by extension 'ignore_ament_install'
[0.419s] Level 1:colcon.colcon_core.package_identification:_identify(src/my_image_processor) by extensions ['colcon_pkg']
[0.419s] Level 1:colcon.colcon_core.package_identification:_identify(src/my_image_processor) by extension 'colcon_pkg'
[0.420s] Level 1:colcon.colcon_core.package_identification:_identify(src/my_image_processor) by extensions ['colcon_meta']
[0.420s] Level 1:colcon.colcon_core.package_identification:_identify(src/my_image_processor) by extension 'colcon_meta'
[0.420s] Level 1:colcon.colcon_core.package_identification:_identify(src/my_image_processor) by extensions ['ros']
[0.420s] Level 1:colcon.colcon_core.package_identification:_identify(src/my_image_processor) by extension 'ros'
[0.420s] DEBUG:colcon.colcon_core.package_identification:Package 'src/my_image_processor' with type 'ros.ament_cmake' and name 'my_image_processor'
[0.421s] Level 1:colcon.colcon_core.package_identification:_identify(src/relbot2turtlesim) by extensions ['ignore', 'ignore_ament_install']
[0.421s] Level 1:colcon.colcon_core.package_identification:_identify(src/relbot2turtlesim) by extension 'ignore'
[0.421s] Level 1:colcon.colcon_core.package_identification:_identify(src/relbot2turtlesim) by extension 'ignore_ament_install'
[0.421s] Level 1:colcon.colcon_core.package_identification:_identify(src/relbot2turtlesim) by extensions ['colcon_pkg']
[0.421s] Level 1:colcon.colcon_core.package_identification:_identify(src/relbot2turtlesim) by extension 'colcon_pkg'
[0.421s] Level 1:colcon.colcon_core.package_identification:_identify(src/relbot2turtlesim) by extensions ['colcon_meta']
[0.421s] Level 1:colcon.colcon_core.package_identification:_identify(src/relbot2turtlesim) by extension 'colcon_meta'
[0.421s] Level 1:colcon.colcon_core.package_identification:_identify(src/relbot2turtlesim) by extensions ['ros']
[0.421s] Level 1:colcon.colcon_core.package_identification:_identify(src/relbot2turtlesim) by extension 'ros'
[0.422s] DEBUG:colcon.colcon_core.package_identification:Package 'src/relbot2turtlesim' with type 'ros.ament_cmake' and name 'relbot2turtlesim'
[0.422s] Level 1:colcon.colcon_core.package_identification:_identify(src/relbot_launch) by extensions ['ignore', 'ignore_ament_install']
[0.422s] Level 1:colcon.colcon_core.package_identification:_identify(src/relbot_launch) by extension 'ignore'
[0.422s] Level 1:colcon.colcon_core.package_identification:_identify(src/relbot_launch) by extension 'ignore_ament_install'
[0.423s] Level 1:colcon.colcon_core.package_identification:_identify(src/relbot_launch) by extensions ['colcon_pkg']
[0.423s] Level 1:colcon.colcon_core.package_identification:_identify(src/relbot_launch) by extension 'colcon_pkg'
[0.423s] Level 1:colcon.colcon_core.package_identification:_identify(src/relbot_launch) by extensions ['colcon_meta']
[0.423s] Level 1:colcon.colcon_core.package_identification:_identify(src/relbot_launch) by extension 'colcon_meta'
[0.423s] Level 1:colcon.colcon_core.package_identification:_identify(src/relbot_launch) by extensions ['ros']
[0.423s] Level 1:colcon.colcon_core.package_identification:_identify(src/relbot_launch) by extension 'ros'
[0.423s] DEBUG:colcon.colcon_core.package_identification:Package 'src/relbot_launch' with type 'ros.ament_cmake' and name 'relbot_launch'
[0.423s] Level 1:colcon.colcon_core.package_identification:_identify(src/relbot_sequence_controller) by extensions ['ignore', 'ignore_ament_install']
[0.424s] Level 1:colcon.colcon_core.package_identification:_identify(src/relbot_sequence_controller) by extension 'ignore'
[0.424s] Level 1:colcon.colcon_core.package_identification:_identify(src/relbot_sequence_controller) by extension 'ignore_ament_install'
[0.424s] Level 1:colcon.colcon_core.package_identification:_identify(src/relbot_sequence_controller) by extensions ['colcon_pkg']
[0.424s] Level 1:colcon.colcon_core.package_identification:_identify(src/relbot_sequence_controller) by extension 'colcon_pkg'
[0.424s] Level 1:colcon.colcon_core.package_identification:_identify(src/relbot_sequence_controller) by extensions ['colcon_meta']
[0.424s] Level 1:colcon.colcon_core.package_identification:_identify(src/relbot_sequence_controller) by extension 'colcon_meta'
[0.424s] Level 1:colcon.colcon_core.package_identification:_identify(src/relbot_sequence_controller) by extensions ['ros']
[0.424s] Level 1:colcon.colcon_core.package_identification:_identify(src/relbot_sequence_controller) by extension 'ros'
[0.425s] DEBUG:colcon.colcon_core.package_identification:Package 'src/relbot_sequence_controller' with type 'ros.ament_cmake' and name 'relbot_sequence_controller'
[0.425s] Level 1:colcon.colcon_core.package_identification:_identify(src/relbot_simulator) by extensions ['ignore', 'ignore_ament_install']
[0.425s] Level 1:colcon.colcon_core.package_identification:_identify(src/relbot_simulator) by extension 'ignore'
[0.425s] Level 1:colcon.colcon_core.package_identification:_identify(src/relbot_simulator) by extension 'ignore_ament_install'
[0.425s] Level 1:colcon.colcon_core.package_identification:_identify(src/relbot_simulator) by extensions ['colcon_pkg']
[0.425s] Level 1:colcon.colcon_core.package_identification:_identify(src/relbot_simulator) by extension 'colcon_pkg'
[0.425s] Level 1:colcon.colcon_core.package_identification:_identify(src/relbot_simulator) by extensions ['colcon_meta']
[0.425s] Level 1:colcon.colcon_core.package_identification:_identify(src/relbot_simulator) by extension 'colcon_meta'
[0.425s] Level 1:colcon.colcon_core.package_identification:_identify(src/relbot_simulator) by extensions ['ros']
[0.426s] Level 1:colcon.colcon_core.package_identification:_identify(src/relbot_simulator) by extension 'ros'
[0.426s] DEBUG:colcon.colcon_core.package_identification:Package 'src/relbot_simulator' with type 'ros.ament_cmake' and name 'relbot_simulator'
[0.426s] Level 1:colcon.colcon_core.package_discovery:discover_packages(recursive) using defaults
[0.427s] Level 1:colcon.colcon_core.package_discovery:discover_packages(ignore) discover
[0.427s] Level 1:colcon.colcon_core.package_discovery:discover_packages(ignore) using defaults
[0.427s] Level 1:colcon.colcon_core.package_discovery:discover_packages(path) discover
[0.427s] Level 1:colcon.colcon_core.package_discovery:discover_packages(path) using defaults
[0.451s] Level 1:colcon.colcon_core.package_discovery:discover_packages(prefix_path) check parameters
[0.451s] Level 1:colcon.colcon_core.package_discovery:discover_packages(prefix_path) discover
[0.454s] DEBUG:colcon.colcon_installed_package_information.package_discovery:Found 285 installed packages in /opt/ros/jazzy
[0.455s] Level 1:colcon.colcon_core.package_discovery:discover_packages(prefix_path) using defaults
[0.535s] Level 5:colcon.colcon_core.verb:set package 'cam2image_vm2ros' build argument 'cmake_args' from command line to 'None'
[0.535s] Level 5:colcon.colcon_core.verb:set package 'cam2image_vm2ros' build argument 'cmake_target' from command line to 'None'
[0.535s] Level 5:colcon.colcon_core.verb:set package 'cam2image_vm2ros' build argument 'cmake_target_skip_unavailable' from command line to 'False'
[0.535s] Level 5:colcon.colcon_core.verb:set package 'cam2image_vm2ros' build argument 'cmake_clean_cache' from command line to 'False'
[0.535s] Level 5:colcon.colcon_core.verb:set package 'cam2image_vm2ros' build argument 'cmake_clean_first' from command line to 'False'
[0.535s] Level 5:colcon.colcon_core.verb:set package 'cam2image_vm2ros' build argument 'cmake_force_configure' from command line to 'False'
[0.535s] Level 5:colcon.colcon_core.verb:set package 'cam2image_vm2ros' build argument 'ament_cmake_args' from command line to 'None'
[0.535s] Level 5:colcon.colcon_core.verb:set package 'cam2image_vm2ros' build argument 'catkin_cmake_args' from command line to 'None'
[0.535s] Level 5:colcon.colcon_core.verb:set package 'cam2image_vm2ros' build argument 'catkin_skip_building_tests' from command line to 'False'
[0.535s] DEBUG:colcon.colcon_core.verb:Building package 'cam2image_vm2ros' with the following arguments: {'ament_cmake_args': None, 'build_base': '/home/ubuntu/relBot/build/cam2image_vm2ros', 'catkin_cmake_args': None, 'catkin_skip_building_tests': False, 'cmake_args': None, 'cmake_clean_cache': False, 'cmake_clean_first': False, 'cmake_force_configure': False, 'cmake_target': None, 'cmake_target_skip_unavailable': False, 'install_base': '/home/ubuntu/relBot/install/cam2image_vm2ros', 'merge_install': False, 'path': '/home/ubuntu/relBot/src/cam2image_vm2ros', 'symlink_install': False, 'test_result_base': None}
[0.536s] Level 5:colcon.colcon_core.verb:set package 'my_image_processor' build argument 'cmake_args' from command line to 'None'
[0.536s] Level 5:colcon.colcon_core.verb:set package 'my_image_processor' build argument 'cmake_target' from command line to 'None'
[0.536s] Level 5:colcon.colcon_core.verb:set package 'my_image_processor' build argument 'cmake_target_skip_unavailable' from command line to 'False'
[0.536s] Level 5:colcon.colcon_core.verb:set package 'my_image_processor' build argument 'cmake_clean_cache' from command line to 'False'
[0.536s] Level 5:colcon.colcon_core.verb:set package 'my_image_processor' build argument 'cmake_clean_first' from command line to 'False'
[0.536s] Level 5:colcon.colcon_core.verb:set package 'my_image_processor' build argument 'cmake_force_configure' from command line to 'False'
[0.536s] Level 5:colcon.colcon_core.verb:set package 'my_image_processor' build argument 'ament_cmake_args' from command line to 'None'
[0.536s] Level 5:colcon.colcon_core.verb:set package 'my_image_processor' build argument 'catkin_cmake_args' from command line to 'None'
[0.536s] Level 5:colcon.colcon_core.verb:set package 'my_image_processor' build argument 'catkin_skip_building_tests' from command line to 'False'
[0.536s] DEBUG:colcon.colcon_core.verb:Building package 'my_image_processor' with the following arguments: {'ament_cmake_args': None, 'build_base': '/home/ubuntu/relBot/build/my_image_processor', 'catkin_cmake_args': None, 'catkin_skip_building_tests': False, 'cmake_args': None, 'cmake_clean_cache': False, 'cmake_clean_first': False, 'cmake_force_configure': False, 'cmake_target': None, 'cmake_target_skip_unavailable': False, 'install_base': '/home/ubuntu/relBot/install/my_image_processor', 'merge_install': False, 'path': '/home/ubuntu/relBot/src/my_image_processor', 'symlink_install': False, 'test_result_base': None}
[0.537s] Level 5:colcon.colcon_core.verb:set package 'relbot2turtlesim' build argument 'cmake_args' from command line to 'None'
[0.537s] Level 5:colcon.colcon_core.verb:set package 'relbot2turtlesim' build argument 'cmake_target' from command line to 'None'
[0.537s] Level 5:colcon.colcon_core.verb:set package 'relbot2turtlesim' build argument 'cmake_target_skip_unavailable' from command line to 'False'
[0.537s] Level 5:colcon.colcon_core.verb:set package 'relbot2turtlesim' build argument 'cmake_clean_cache' from command line to 'False'
[0.537s] Level 5:colcon.colcon_core.verb:set package 'relbot2turtlesim' build argument 'cmake_clean_first' from command line to 'False'
[0.537s] Level 5:colcon.colcon_core.verb:set package 'relbot2turtlesim' build argument 'cmake_force_configure' from command line to 'False'
[0.537s] Level 5:colcon.colcon_core.verb:set package 'relbot2turtlesim' build argument 'ament_cmake_args' from command line to 'None'
[0.537s] Level 5:colcon.colcon_core.verb:set package 'relbot2turtlesim' build argument 'catkin_cmake_args' from command line to 'None'
[0.537s] Level 5:colcon.colcon_core.verb:set package 'relbot2turtlesim' build argument 'catkin_skip_building_tests' from command line to 'False'
[0.537s] DEBUG:colcon.colcon_core.verb:Building package 'relbot2turtlesim' with the following arguments: {'ament_cmake_args': None, 'build_base': '/home/ubuntu/relBot/build/relbot2turtlesim', 'catkin_cmake_args': None, 'catkin_skip_building_tests': False, 'cmake_args': None, 'cmake_clean_cache': False, 'cmake_clean_first': False, 'cmake_force_configure': False, 'cmake_target': None, 'cmake_target_skip_unavailable': False, 'install_base': '/home/ubuntu/relBot/install/relbot2turtlesim', 'merge_install': False, 'path': '/home/ubuntu/relBot/src/relbot2turtlesim', 'symlink_install': False, 'test_result_base': None}
[0.537s] Level 5:colcon.colcon_core.verb:set package 'relbot_launch' build argument 'cmake_args' from command line to 'None'
[0.537s] Level 5:colcon.colcon_core.verb:set package 'relbot_launch' build argument 'cmake_target' from command line to 'None'
[0.538s] Level 5:colcon.colcon_core.verb:set package 'relbot_launch' build argument 'cmake_target_skip_unavailable' from command line to 'False'
[0.538s] Level 5:colcon.colcon_core.verb:set package 'relbot_launch' build argument 'cmake_clean_cache' from command line to 'False'
[0.538s] Level 5:colcon.colcon_core.verb:set package 'relbot_launch' build argument 'cmake_clean_first' from command line to 'False'
[0.538s] Level 5:colcon.colcon_core.verb:set package 'relbot_launch' build argument 'cmake_force_configure' from command line to 'False'
[0.538s] Level 5:colcon.colcon_core.verb:set package 'relbot_launch' build argument 'ament_cmake_args' from command line to 'None'
[0.538s] Level 5:colcon.colcon_core.verb:set package 'relbot_launch' build argument 'catkin_cmake_args' from command line to 'None'
[0.538s] Level 5:colcon.colcon_core.verb:set package 'relbot_launch' build argument 'catkin_skip_building_tests' from command line to 'False'
[0.538s] DEBUG:colcon.colcon_core.verb:Building package 'relbot_launch' with the following arguments: {'ament_cmake_args': None, 'build_base': '/home/ubuntu/relBot/build/relbot_launch', 'catkin_cmake_args': None, 'catkin_skip_building_tests': False, 'cmake_args': None, 'cmake_clean_cache': False, 'cmake_clean_first': False, 'cmake_force_configure': False, 'cmake_target': None, 'cmake_target_skip_unavailable': False, 'install_base': '/home/ubuntu/relBot/install/relbot_launch', 'merge_install': False, 'path': '/home/ubuntu/relBot/src/relbot_launch', 'symlink_install': False, 'test_result_base': None}
[0.538s] Level 5:colcon.colcon_core.verb:set package 'relbot_sequence_controller' build argument 'cmake_args' from command line to 'None'
[0.538s] Level 5:colcon.colcon_core.verb:set package 'relbot_sequence_controller' build argument 'cmake_target' from command line to 'None'
[0.538s] Level 5:colcon.colcon_core.verb:set package 'relbot_sequence_controller' build argument 'cmake_target_skip_unavailable' from command line to 'False'
[0.538s] Level 5:colcon.colcon_core.verb:set package 'relbot_sequence_controller' build argument 'cmake_clean_cache' from command line to 'False'
[0.538s] Level 5:colcon.colcon_core.verb:set package 'relbot_sequence_controller' build argument 'cmake_clean_first' from command line to 'False'
[0.538s] Level 5:colcon.colcon_core.verb:set package 'relbot_sequence_controller' build argument 'cmake_force_configure' from command line to 'False'
[0.539s] Level 5:colcon.colcon_core.verb:set package 'relbot_sequence_controller' build argument 'ament_cmake_args' from command line to 'None'
[0.539s] Level 5:colcon.colcon_core.verb:set package 'relbot_sequence_controller' build argument 'catkin_cmake_args' from command line to 'None'
[0.539s] Level 5:colcon.colcon_core.verb:set package 'relbot_sequence_controller' build argument 'catkin_skip_building_tests' from command line to 'False'
[0.539s] DEBUG:colcon.colcon_core.verb:Building package 'relbot_sequence_controller' with the following arguments: {'ament_cmake_args': None, 'build_base': '/home/ubuntu/relBot/build/relbot_sequence_controller', 'catkin_cmake_args': None, 'catkin_skip_building_tests': False, 'cmake_args': None, 'cmake_clean_cache': False, 'cmake_clean_first': False, 'cmake_force_configure': False, 'cmake_target': None, 'cmake_target_skip_unavailable': False, 'install_base': '/home/ubuntu/relBot/install/relbot_sequence_controller', 'merge_install': False, 'path': '/home/ubuntu/relBot/src/relbot_sequence_controller', 'symlink_install': False, 'test_result_base': None}
[0.539s] Level 5:colcon.colcon_core.verb:set package 'relbot_simulator' build argument 'cmake_args' from command line to 'None'
[0.539s] Level 5:colcon.colcon_core.verb:set package 'relbot_simulator' build argument 'cmake_target' from command line to 'None'
[0.539s] Level 5:colcon.colcon_core.verb:set package 'relbot_simulator' build argument 'cmake_target_skip_unavailable' from command line to 'False'
[0.539s] Level 5:colcon.colcon_core.verb:set package 'relbot_simulator' build argument 'cmake_clean_cache' from command line to 'False'
[0.539s] Level 5:colcon.colcon_core.verb:set package 'relbot_simulator' build argument 'cmake_clean_first' from command line to 'False'
[0.539s] Level 5:colcon.colcon_core.verb:set package 'relbot_simulator' build argument 'cmake_force_configure' from command line to 'False'
[0.539s] Level 5:colcon.colcon_core.verb:set package 'relbot_simulator' build argument 'ament_cmake_args' from command line to 'None'
[0.539s] Level 5:colcon.colcon_core.verb:set package 'relbot_simulator' build argument 'catkin_cmake_args' from command line to 'None'
[0.539s] Level 5:colcon.colcon_core.verb:set package 'relbot_simulator' build argument 'catkin_skip_building_tests' from command line to 'False'
[0.539s] DEBUG:colcon.colcon_core.verb:Building package 'relbot_simulator' with the following arguments: {'ament_cmake_args': None, 'build_base': '/home/ubuntu/relBot/build/relbot_simulator', 'catkin_cmake_args': None, 'catkin_skip_building_tests': False, 'cmake_args': None, 'cmake_clean_cache': False, 'cmake_clean_first': False, 'cmake_force_configure': False, 'cmake_target': None, 'cmake_target_skip_unavailable': False, 'install_base': '/home/ubuntu/relBot/install/relbot_simulator', 'merge_install': False, 'path': '/home/ubuntu/relBot/src/relbot_simulator', 'symlink_install': False, 'test_result_base': None}
[0.540s] INFO:colcon.colcon_core.executor:Executing jobs using 'parallel' executor
[0.541s] DEBUG:colcon.colcon_parallel_executor.executor.parallel:run_until_complete
[0.541s] INFO:colcon.colcon_ros.task.ament_cmake.build:Building ROS package in '/home/ubuntu/relBot/src/cam2image_vm2ros' with build type 'ament_cmake'
[0.542s] INFO:colcon.colcon_cmake.task.cmake.build:Building CMake package in '/home/ubuntu/relBot/src/cam2image_vm2ros'
[0.546s] INFO:colcon.colcon_core.plugin_system:Skipping extension 'colcon_core.shell.bat': Not used on non-Windows systems
[0.546s] INFO:colcon.colcon_core.shell:Skip shell extension 'powershell' for command environment: Not usable outside of PowerShell
[0.546s] DEBUG:colcon.colcon_core.shell:Skip shell extension 'dsv' for command environment
[0.551s] INFO:colcon.colcon_ros.task.ament_cmake.build:Building ROS package in '/home/ubuntu/relBot/src/my_image_processor' with build type 'ament_cmake'
[0.551s] INFO:colcon.colcon_cmake.task.cmake.build:Building CMake package in '/home/ubuntu/relBot/src/my_image_processor'
[0.552s] INFO:colcon.colcon_core.shell:Skip shell extension 'powershell' for command environment: Not usable outside of PowerShell
[0.552s] DEBUG:colcon.colcon_core.shell:Skip shell extension 'dsv' for command environment
[0.557s] INFO:colcon.colcon_ros.task.ament_cmake.build:Building ROS package in '/home/ubuntu/relBot/src/relbot2turtlesim' with build type 'ament_cmake'
[0.557s] INFO:colcon.colcon_cmake.task.cmake.build:Building CMake package in '/home/ubuntu/relBot/src/relbot2turtlesim'
[0.557s] INFO:colcon.colcon_core.shell:Skip shell extension 'powershell' for command environment: Not usable outside of PowerShell
[0.558s] DEBUG:colcon.colcon_core.shell:Skip shell extension 'dsv' for command environment
[0.561s] INFO:colcon.colcon_ros.task.ament_cmake.build:Building ROS package in '/home/ubuntu/relBot/src/relbot_launch' with build type 'ament_cmake'
[0.562s] INFO:colcon.colcon_cmake.task.cmake.build:Building CMake package in '/home/ubuntu/relBot/src/relbot_launch'
[0.563s] INFO:colcon.colcon_core.shell:Skip shell extension 'powershell' for command environment: Not usable outside of PowerShell
[0.564s] DEBUG:colcon.colcon_core.shell:Skip shell extension 'dsv' for command environment
[0.571s] INFO:colcon.colcon_ros.task.ament_cmake.build:Building ROS package in '/home/ubuntu/relBot/src/relbot_sequence_controller' with build type 'ament_cmake'
[0.572s] INFO:colcon.colcon_cmake.task.cmake.build:Building CMake package in '/home/ubuntu/relBot/src/relbot_sequence_controller'
[0.572s] INFO:colcon.colcon_core.shell:Skip shell extension 'powershell' for command environment: Not usable outside of PowerShell
[0.572s] DEBUG:colcon.colcon_core.shell:Skip shell extension 'dsv' for command environment
[0.576s] INFO:colcon.colcon_ros.task.ament_cmake.build:Building ROS package in '/home/ubuntu/relBot/src/relbot_simulator' with build type 'ament_cmake'
[0.576s] INFO:colcon.colcon_cmake.task.cmake.build:Building CMake package in '/home/ubuntu/relBot/src/relbot_simulator'
[0.577s] INFO:colcon.colcon_core.shell:Skip shell extension 'powershell' for command environment: Not usable outside of PowerShell
[0.577s] DEBUG:colcon.colcon_core.shell:Skip shell extension 'dsv' for command environment
[0.591s] DEBUG:colcon.colcon_core.event_handler.log_command:Invoking command in '/home/ubuntu/relBot/build/cam2image_vm2ros': CMAKE_PREFIX_PATH=${CMAKE_PREFIX_PATH}:/opt/ros/jazzy DEBUGINFOD_URLS=https://debuginfod.ubuntu.com /usr/bin/cmake --build /home/ubuntu/relBot/build/cam2image_vm2ros -- -j8 -l8
[0.596s] DEBUG:colcon.colcon_core.event_handler.log_command:Invoking command in '/home/ubuntu/relBot/build/my_image_processor': CMAKE_PREFIX_PATH=${CMAKE_PREFIX_PATH}:/opt/ros/jazzy DEBUGINFOD_URLS=https://debuginfod.ubuntu.com /usr/bin/cmake --build /home/ubuntu/relBot/build/my_image_processor -- -j8 -l8
[0.601s] DEBUG:colcon.colcon_core.event_handler.log_command:Invoking command in '/home/ubuntu/relBot/build/relbot2turtlesim': CMAKE_PREFIX_PATH=${CMAKE_PREFIX_PATH}:/opt/ros/jazzy DEBUGINFOD_URLS=https://debuginfod.ubuntu.com /usr/bin/cmake --build /home/ubuntu/relBot/build/relbot2turtlesim -- -j8 -l8
[0.619s] DEBUG:colcon.colcon_core.event_handler.log_command:Invoking command in '/home/ubuntu/relBot/build/relbot_launch': CMAKE_PREFIX_PATH=${CMAKE_PREFIX_PATH}:/opt/ros/jazzy DEBUGINFOD_URLS=https://debuginfod.ubuntu.com /usr/bin/cmake --build /home/ubuntu/relBot/build/relbot_launch -- -j8 -l8
[0.621s] DEBUG:colcon.colcon_core.event_handler.log_command:Invoking command in '/home/ubuntu/relBot/build/relbot_sequence_controller': CMAKE_PREFIX_PATH=${CMAKE_PREFIX_PATH}:/opt/ros/jazzy DEBUGINFOD_URLS=https://debuginfod.ubuntu.com /usr/bin/cmake --build /home/ubuntu/relBot/build/relbot_sequence_controller -- -j8 -l8
[0.645s] DEBUG:colcon.colcon_core.event_handler.log_command:Invoking command in '/home/ubuntu/relBot/build/relbot_simulator': CMAKE_PREFIX_PATH=${CMAKE_PREFIX_PATH}:/opt/ros/jazzy DEBUGINFOD_URLS=https://debuginfod.ubuntu.com /usr/bin/cmake --build /home/ubuntu/relBot/build/relbot_simulator -- -j8 -l8
[0.684s] DEBUG:colcon.colcon_core.event_handler.log_command:Invoked command in '/home/ubuntu/relBot/build/relbot_launch' returned '0': CMAKE_PREFIX_PATH=${CMAKE_PREFIX_PATH}:/opt/ros/jazzy DEBUGINFOD_URLS=https://debuginfod.ubuntu.com /usr/bin/cmake --build /home/ubuntu/relBot/build/relbot_launch -- -j8 -l8
[0.705s] DEBUG:colcon.colcon_core.event_handler.log_command:Invoking command in '/home/ubuntu/relBot/build/relbot_launch': CMAKE_PREFIX_PATH=${CMAKE_PREFIX_PATH}:/opt/ros/jazzy DEBUGINFOD_URLS=https://debuginfod.ubuntu.com /usr/bin/cmake --install /home/ubuntu/relBot/build/relbot_launch
[0.736s] Level 1:colcon.colcon_core.environment:create_environment_scripts_only(relbot_launch)
[0.744s] DEBUG:colcon.colcon_core.event_handler.log_command:Invoked command in '/home/ubuntu/relBot/build/relbot_launch' returned '0': CMAKE_PREFIX_PATH=${CMAKE_PREFIX_PATH}:/opt/ros/jazzy DEBUGINFOD_URLS=https://debuginfod.ubuntu.com /usr/bin/cmake --install /home/ubuntu/relBot/build/relbot_launch
[0.747s] Level 1:colcon.colcon_core.environment:checking '/home/ubuntu/relBot/install/relbot_launch' for CMake module files
[0.748s] Level 1:colcon.colcon_core.environment:checking '/home/ubuntu/relBot/install/relbot_launch' for CMake config files
[0.749s] Level 1:colcon.colcon_core.shell:create_environment_hook('relbot_launch', 'cmake_prefix_path')
[0.749s] INFO:colcon.colcon_core.shell:Creating environment hook '/home/ubuntu/relBot/install/relbot_launch/share/relbot_launch/hook/cmake_prefix_path.ps1'
[0.751s] INFO:colcon.colcon_core.shell:Creating environment descriptor '/home/ubuntu/relBot/install/relbot_launch/share/relbot_launch/hook/cmake_prefix_path.dsv'
[0.752s] INFO:colcon.colcon_core.shell:Creating environment hook '/home/ubuntu/relBot/install/relbot_launch/share/relbot_launch/hook/cmake_prefix_path.sh'
[0.754s] Level 1:colcon.colcon_core.environment:checking '/home/ubuntu/relBot/install/relbot_launch/bin'
[0.754s] Level 1:colcon.colcon_core.environment:checking '/home/ubuntu/relBot/install/relbot_launch/lib/pkgconfig/relbot_launch.pc'
[0.755s] Level 1:colcon.colcon_core.environment:checking '/home/ubuntu/relBot/install/relbot_launch/lib/python3.12/site-packages'
[0.755s] Level 1:colcon.colcon_core.environment:checking '/home/ubuntu/relBot/install/relbot_launch/bin'
[0.756s] INFO:colcon.colcon_core.shell:Creating package script '/home/ubuntu/relBot/install/relbot_launch/share/relbot_launch/package.ps1'
[0.757s] INFO:colcon.colcon_core.shell:Creating package descriptor '/home/ubuntu/relBot/install/relbot_launch/share/relbot_launch/package.dsv'
[0.758s] INFO:colcon.colcon_core.shell:Creating package script '/home/ubuntu/relBot/install/relbot_launch/share/relbot_launch/package.sh'
[0.760s] INFO:colcon.colcon_core.shell:Creating package script '/home/ubuntu/relBot/install/relbot_launch/share/relbot_launch/package.bash'
[0.762s] INFO:colcon.colcon_core.shell:Creating package script '/home/ubuntu/relBot/install/relbot_launch/share/relbot_launch/package.zsh'
[0.764s] Level 1:colcon.colcon_core.environment:create_file_with_runtime_dependencies(/home/ubuntu/relBot/install/relbot_launch/share/colcon-core/packages/relbot_launch)
[0.764s] Level 1:colcon.colcon_core.environment:create_environment_scripts_only(relbot_launch)
[0.765s] Level 1:colcon.colcon_core.environment:checking '/home/ubuntu/relBot/install/relbot_launch' for CMake module files
[0.765s] Level 1:colcon.colcon_core.environment:checking '/home/ubuntu/relBot/install/relbot_launch' for CMake config files
[0.766s] Level 1:colcon.colcon_core.shell:create_environment_hook('relbot_launch', 'cmake_prefix_path')
[0.766s] INFO:colcon.colcon_core.shell:Creating environment hook '/home/ubuntu/relBot/install/relbot_launch/share/relbot_launch/hook/cmake_prefix_path.ps1'
[0.767s] INFO:colcon.colcon_core.shell:Creating environment descriptor '/home/ubuntu/relBot/install/relbot_launch/share/relbot_launch/hook/cmake_prefix_path.dsv'
[0.768s] INFO:colcon.colcon_core.shell:Creating environment hook '/home/ubuntu/relBot/install/relbot_launch/share/relbot_launch/hook/cmake_prefix_path.sh'
[0.769s] Level 1:colcon.colcon_core.environment:checking '/home/ubuntu/relBot/install/relbot_launch/bin'
[0.769s] Level 1:colcon.colcon_core.environment:checking '/home/ubuntu/relBot/install/relbot_launch/lib/pkgconfig/relbot_launch.pc'
[0.769s] Level 1:colcon.colcon_core.environment:checking '/home/ubuntu/relBot/install/relbot_launch/lib/python3.12/site-packages'
[0.770s] Level 1:colcon.colcon_core.environment:checking '/home/ubuntu/relBot/install/relbot_launch/bin'
[0.770s] INFO:colcon.colcon_core.shell:Creating package script '/home/ubuntu/relBot/install/relbot_launch/share/relbot_launch/package.ps1'
[0.771s] INFO:colcon.colcon_core.shell:Creating package descriptor '/home/ubuntu/relBot/install/relbot_launch/share/relbot_launch/package.dsv'
[0.772s] INFO:colcon.colcon_core.shell:Creating package script '/home/ubuntu/relBot/install/relbot_launch/share/relbot_launch/package.sh'
[0.773s] INFO:colcon.colcon_core.shell:Creating package script '/home/ubuntu/relBot/install/relbot_launch/share/relbot_launch/package.bash'
[0.773s] INFO:colcon.colcon_core.shell:Creating package script '/home/ubuntu/relBot/install/relbot_launch/share/relbot_launch/package.zsh'
[0.774s] Level 1:colcon.colcon_core.environment:create_file_with_runtime_dependencies(/home/ubuntu/relBot/install/relbot_launch/share/colcon-core/packages/relbot_launch)
[0.782s] DEBUG:colcon.colcon_core.event_handler.log_command:Invoked command in '/home/ubuntu/relBot/build/relbot2turtlesim' returned '0': CMAKE_PREFIX_PATH=${CMAKE_PREFIX_PATH}:/opt/ros/jazzy DEBUGINFOD_URLS=https://debuginfod.ubuntu.com /usr/bin/cmake --build /home/ubuntu/relBot/build/relbot2turtlesim -- -j8 -l8
[0.783s] DEBUG:colcon.colcon_core.event_handler.log_command:Invoking command in '/home/ubuntu/relBot/build/relbot2turtlesim': CMAKE_PREFIX_PATH=${CMAKE_PREFIX_PATH}:/opt/ros/jazzy DEBUGINFOD_URLS=https://debuginfod.ubuntu.com /usr/bin/cmake --install /home/ubuntu/relBot/build/relbot2turtlesim
[0.785s] DEBUG:colcon.colcon_core.event_handler.log_command:Invoked command in '/home/ubuntu/relBot/build/relbot_sequence_controller' returned '0': CMAKE_PREFIX_PATH=${CMAKE_PREFIX_PATH}:/opt/ros/jazzy DEBUGINFOD_URLS=https://debuginfod.ubuntu.com /usr/bin/cmake --build /home/ubuntu/relBot/build/relbot_sequence_controller -- -j8 -l8
[0.786s] DEBUG:colcon.colcon_core.event_handler.log_command:Invoking command in '/home/ubuntu/relBot/build/relbot_sequence_controller': CMAKE_PREFIX_PATH=${CMAKE_PREFIX_PATH}:/opt/ros/jazzy DEBUGINFOD_URLS=https://debuginfod.ubuntu.com /usr/bin/cmake --install /home/ubuntu/relBot/build/relbot_sequence_controller
[0.789s] DEBUG:colcon.colcon_core.event_handler.log_command:Invoked command in '/home/ubuntu/relBot/build/cam2image_vm2ros' returned '0': CMAKE_PREFIX_PATH=${CMAKE_PREFIX_PATH}:/opt/ros/jazzy DEBUGINFOD_URLS=https://debuginfod.ubuntu.com /usr/bin/cmake --build /home/ubuntu/relBot/build/cam2image_vm2ros -- -j8 -l8
[0.790s] DEBUG:colcon.colcon_core.event_handler.log_command:Invoking command in '/home/ubuntu/relBot/build/cam2image_vm2ros': CMAKE_PREFIX_PATH=${CMAKE_PREFIX_PATH}:/opt/ros/jazzy DEBUGINFOD_URLS=https://debuginfod.ubuntu.com /usr/bin/cmake --install /home/ubuntu/relBot/build/cam2image_vm2ros
[0.804s] Level 1:colcon.colcon_core.environment:create_environment_scripts_only(relbot2turtlesim)
[0.805s] Level 1:colcon.colcon_core.environment:checking '/home/ubuntu/relBot/install/relbot2turtlesim' for CMake module files
[0.808s] DEBUG:colcon.colcon_core.event_handler.log_command:Invoked command in '/home/ubuntu/relBot/build/relbot_simulator' returned '0': CMAKE_PREFIX_PATH=${CMAKE_PREFIX_PATH}:/opt/ros/jazzy DEBUGINFOD_URLS=https://debuginfod.ubuntu.com /usr/bin/cmake --build /home/ubuntu/relBot/build/relbot_simulator -- -j8 -l8
[0.810s] Level 1:colcon.colcon_core.environment:checking '/home/ubuntu/relBot/install/relbot2turtlesim' for CMake config files
[0.814s] DEBUG:colcon.colcon_core.event_handler.log_command:Invoking command in '/home/ubuntu/relBot/build/relbot_simulator': CMAKE_PREFIX_PATH=${CMAKE_PREFIX_PATH}:/opt/ros/jazzy DEBUGINFOD_URLS=https://debuginfod.ubuntu.com /usr/bin/cmake --install /home/ubuntu/relBot/build/relbot_simulator
[0.814s] Level 1:colcon.colcon_core.shell:create_environment_hook('relbot2turtlesim', 'cmake_prefix_path')
[0.815s] INFO:colcon.colcon_core.shell:Creating environment hook '/home/ubuntu/relBot/install/relbot2turtlesim/share/relbot2turtlesim/hook/cmake_prefix_path.ps1'
[0.816s] INFO:colcon.colcon_core.shell:Creating environment descriptor '/home/ubuntu/relBot/install/relbot2turtlesim/share/relbot2turtlesim/hook/cmake_prefix_path.dsv'
[0.817s] INFO:colcon.colcon_core.shell:Creating environment hook '/home/ubuntu/relBot/install/relbot2turtlesim/share/relbot2turtlesim/hook/cmake_prefix_path.sh'
[0.819s] Level 1:colcon.colcon_core.environment:checking '/home/ubuntu/relBot/install/relbot2turtlesim/lib'
[0.819s] Level 1:colcon.colcon_core.environment:checking '/home/ubuntu/relBot/install/relbot2turtlesim/bin'
[0.819s] Level 1:colcon.colcon_core.environment:checking '/home/ubuntu/relBot/install/relbot2turtlesim/lib/pkgconfig/relbot2turtlesim.pc'
[0.820s] Level 1:colcon.colcon_core.environment:checking '/home/ubuntu/relBot/install/relbot2turtlesim/lib/python3.12/site-packages'
[0.820s] Level 1:colcon.colcon_core.environment:checking '/home/ubuntu/relBot/install/relbot2turtlesim/bin'
[0.820s] INFO:colcon.colcon_core.shell:Creating package script '/home/ubuntu/relBot/install/relbot2turtlesim/share/relbot2turtlesim/package.ps1'
[0.822s] INFO:colcon.colcon_core.shell:Creating package descriptor '/home/ubuntu/relBot/install/relbot2turtlesim/share/relbot2turtlesim/package.dsv'
[0.823s] INFO:colcon.colcon_core.shell:Creating package script '/home/ubuntu/relBot/install/relbot2turtlesim/share/relbot2turtlesim/package.sh'
[0.824s] INFO:colcon.colcon_core.shell:Creating package script '/home/ubuntu/relBot/install/relbot2turtlesim/share/relbot2turtlesim/package.bash'
[0.825s] INFO:colcon.colcon_core.shell:Creating package script '/home/ubuntu/relBot/install/relbot2turtlesim/share/relbot2turtlesim/package.zsh'
[0.826s] Level 1:colcon.colcon_core.environment:create_file_with_runtime_dependencies(/home/ubuntu/relBot/install/relbot2turtlesim/share/colcon-core/packages/relbot2turtlesim)
[0.827s] DEBUG:colcon.colcon_core.event_handler.log_command:Invoked command in '/home/ubuntu/relBot/build/relbot2turtlesim' returned '0': CMAKE_PREFIX_PATH=${CMAKE_PREFIX_PATH}:/opt/ros/jazzy DEBUGINFOD_URLS=https://debuginfod.ubuntu.com /usr/bin/cmake --install /home/ubuntu/relBot/build/relbot2turtlesim
[0.836s] Level 1:colcon.colcon_core.environment:create_environment_scripts_only(relbot2turtlesim)
[0.836s] Level 1:colcon.colcon_core.environment:checking '/home/ubuntu/relBot/install/relbot2turtlesim' for CMake module files
[0.842s] Level 1:colcon.colcon_core.environment:checking '/home/ubuntu/relBot/install/relbot2turtlesim' for CMake config files
[0.852s] Level 1:colcon.colcon_core.shell:create_environment_hook('relbot2turtlesim', 'cmake_prefix_path')
[0.853s] INFO:colcon.colcon_core.shell:Creating environment hook '/home/ubuntu/relBot/install/relbot2turtlesim/share/relbot2turtlesim/hook/cmake_prefix_path.ps1'
[0.853s] INFO:colcon.colcon_core.shell:Creating environment descriptor '/home/ubuntu/relBot/install/relbot2turtlesim/share/relbot2turtlesim/hook/cmake_prefix_path.dsv'
[0.853s] INFO:colcon.colcon_core.shell:Creating environment hook '/home/ubuntu/relBot/install/relbot2turtlesim/share/relbot2turtlesim/hook/cmake_prefix_path.sh'
[0.854s] Level 1:colcon.colcon_core.environment:checking '/home/ubuntu/relBot/install/relbot2turtlesim/lib'
[0.854s] Level 1:colcon.colcon_core.environment:checking '/home/ubuntu/relBot/install/relbot2turtlesim/bin'
[0.854s] Level 1:colcon.colcon_core.environment:checking '/home/ubuntu/relBot/install/relbot2turtlesim/lib/pkgconfig/relbot2turtlesim.pc'
[0.855s] Level 1:colcon.colcon_core.environment:checking '/home/ubuntu/relBot/install/relbot2turtlesim/lib/python3.12/site-packages'
[0.855s] Level 1:colcon.colcon_core.environment:checking '/home/ubuntu/relBot/install/relbot2turtlesim/bin'
[0.855s] INFO:colcon.colcon_core.shell:Creating package script '/home/ubuntu/relBot/install/relbot2turtlesim/share/relbot2turtlesim/package.ps1'
[0.856s] INFO:colcon.colcon_core.shell:Creating package descriptor '/home/ubuntu/relBot/install/relbot2turtlesim/share/relbot2turtlesim/package.dsv'
[0.856s] INFO:colcon.colcon_core.shell:Creating package script '/home/ubuntu/relBot/install/relbot2turtlesim/share/relbot2turtlesim/package.sh'
[0.857s] INFO:colcon.colcon_core.shell:Creating package script '/home/ubuntu/relBot/install/relbot2turtlesim/share/relbot2turtlesim/package.bash'
[0.857s] INFO:colcon.colcon_core.shell:Creating package script '/home/ubuntu/relBot/install/relbot2turtlesim/share/relbot2turtlesim/package.zsh'
[0.858s] Level 1:colcon.colcon_core.environment:create_file_with_runtime_dependencies(/home/ubuntu/relBot/install/relbot2turtlesim/share/colcon-core/packages/relbot2turtlesim)
[0.860s] Level 1:colcon.colcon_core.environment:create_environment_scripts_only(relbot_sequence_controller)
[0.860s] Level 1:colcon.colcon_core.environment:checking '/home/ubuntu/relBot/install/relbot_sequence_controller' for CMake module files
[0.862s] DEBUG:colcon.colcon_core.event_handler.log_command:Invoked command in '/home/ubuntu/relBot/build/relbot_sequence_controller' returned '0': CMAKE_PREFIX_PATH=${CMAKE_PREFIX_PATH}:/opt/ros/jazzy DEBUGINFOD_URLS=https://debuginfod.ubuntu.com /usr/bin/cmake --install /home/ubuntu/relBot/build/relbot_sequence_controller
[0.863s] Level 1:colcon.colcon_core.environment:checking '/home/ubuntu/relBot/install/relbot_sequence_controller' for CMake config files
[0.864s] Level 1:colcon.colcon_core.shell:create_environment_hook('relbot_sequence_controller', 'cmake_prefix_path')
[0.864s] INFO:colcon.colcon_core.shell:Creating environment hook '/home/ubuntu/relBot/install/relbot_sequence_controller/share/relbot_sequence_controller/hook/cmake_prefix_path.ps1'
[0.865s] INFO:colcon.colcon_core.shell:Creating environment descriptor '/home/ubuntu/relBot/install/relbot_sequence_controller/share/relbot_sequence_controller/hook/cmake_prefix_path.dsv'
[0.866s] INFO:colcon.colcon_core.shell:Creating environment hook '/home/ubuntu/relBot/install/relbot_sequence_controller/share/relbot_sequence_controller/hook/cmake_prefix_path.sh'
[0.867s] Level 1:colcon.colcon_core.environment:checking '/home/ubuntu/relBot/install/relbot_sequence_controller/lib'
[0.867s] Level 1:colcon.colcon_core.environment:checking '/home/ubuntu/relBot/install/relbot_sequence_controller/bin'
[0.867s] Level 1:colcon.colcon_core.environment:checking '/home/ubuntu/relBot/install/relbot_sequence_controller/lib/pkgconfig/relbot_sequence_controller.pc'
[0.867s] Level 1:colcon.colcon_core.environment:checking '/home/ubuntu/relBot/install/relbot_sequence_controller/lib/python3.12/site-packages'
[0.868s] Level 1:colcon.colcon_core.environment:checking '/home/ubuntu/relBot/install/relbot_sequence_controller/bin'
[0.868s] INFO:colcon.colcon_core.shell:Creating package script '/home/ubuntu/relBot/install/relbot_sequence_controller/share/relbot_sequence_controller/package.ps1'
[0.869s] INFO:colcon.colcon_core.shell:Creating package descriptor '/home/ubuntu/relBot/install/relbot_sequence_controller/share/relbot_sequence_controller/package.dsv'
[0.870s] INFO:colcon.colcon_core.shell:Creating package script '/home/ubuntu/relBot/install/relbot_sequence_controller/share/relbot_sequence_controller/package.sh'
[0.871s] INFO:colcon.colcon_core.shell:Creating package script '/home/ubuntu/relBot/install/relbot_sequence_controller/share/relbot_sequence_controller/package.bash'
[0.871s] INFO:colcon.colcon_core.shell:Creating package script '/home/ubuntu/relBot/install/relbot_sequence_controller/share/relbot_sequence_controller/package.zsh'
[0.872s] Level 1:colcon.colcon_core.environment:create_file_with_runtime_dependencies(/home/ubuntu/relBot/install/relbot_sequence_controller/share/colcon-core/packages/relbot_sequence_controller)
[0.873s] Level 1:colcon.colcon_core.environment:create_environment_scripts_only(relbot_sequence_controller)
[0.873s] Level 1:colcon.colcon_core.environment:checking '/home/ubuntu/relBot/install/relbot_sequence_controller' for CMake module files
[0.874s] Level 1:colcon.colcon_core.environment:checking '/home/ubuntu/relBot/install/relbot_sequence_controller' for CMake config files
[0.875s] Level 1:colcon.colcon_core.shell:create_environment_hook('relbot_sequence_controller', 'cmake_prefix_path')
[0.875s] INFO:colcon.colcon_core.shell:Creating environment hook '/home/ubuntu/relBot/install/relbot_sequence_controller/share/relbot_sequence_controller/hook/cmake_prefix_path.ps1'
[0.876s] INFO:colcon.colcon_core.shell:Creating environment descriptor '/home/ubuntu/relBot/install/relbot_sequence_controller/share/relbot_sequence_controller/hook/cmake_prefix_path.dsv'
[0.877s] INFO:colcon.colcon_core.shell:Creating environment hook '/home/ubuntu/relBot/install/relbot_sequence_controller/share/relbot_sequence_controller/hook/cmake_prefix_path.sh'
[0.878s] Level 1:colcon.colcon_core.environment:checking '/home/ubuntu/relBot/install/relbot_sequence_controller/lib'
[0.878s] Level 1:colcon.colcon_core.environment:checking '/home/ubuntu/relBot/install/relbot_sequence_controller/bin'
[0.878s] Level 1:colcon.colcon_core.environment:checking '/home/ubuntu/relBot/install/relbot_sequence_controller/lib/pkgconfig/relbot_sequence_controller.pc'
[0.879s] Level 1:colcon.colcon_core.environment:checking '/home/ubuntu/relBot/install/relbot_sequence_controller/lib/python3.12/site-packages'
[0.879s] Level 1:colcon.colcon_core.environment:checking '/home/ubuntu/relBot/install/relbot_sequence_controller/bin'
[0.880s] INFO:colcon.colcon_core.shell:Creating package script '/home/ubuntu/relBot/install/relbot_sequence_controller/share/relbot_sequence_controller/package.ps1'
[0.881s] INFO:colcon.colcon_core.shell:Creating package descriptor '/home/ubuntu/relBot/install/relbot_sequence_controller/share/relbot_sequence_controller/package.dsv'
[0.881s] INFO:colcon.colcon_core.shell:Creating package script '/home/ubuntu/relBot/install/relbot_sequence_controller/share/relbot_sequence_controller/package.sh'
[0.882s] INFO:colcon.colcon_core.shell:Creating package script '/home/ubuntu/relBot/install/relbot_sequence_controller/share/relbot_sequence_controller/package.bash'
[0.882s] INFO:colcon.colcon_core.shell:Creating package script '/home/ubuntu/relBot/install/relbot_sequence_controller/share/relbot_sequence_controller/package.zsh'
[0.883s] Level 1:colcon.colcon_core.environment:create_file_with_runtime_dependencies(/home/ubuntu/relBot/install/relbot_sequence_controller/share/colcon-core/packages/relbot_sequence_controller)
[0.886s] Level 1:colcon.colcon_core.environment:create_environment_scripts_only(cam2image_vm2ros)
[0.886s] Level 1:colcon.colcon_core.environment:checking '/home/ubuntu/relBot/install/cam2image_vm2ros' for CMake module files
[0.888s] DEBUG:colcon.colcon_core.event_handler.log_command:Invoked command in '/home/ubuntu/relBot/build/cam2image_vm2ros' returned '0': CMAKE_PREFIX_PATH=${CMAKE_PREFIX_PATH}:/opt/ros/jazzy DEBUGINFOD_URLS=https://debuginfod.ubuntu.com /usr/bin/cmake --install /home/ubuntu/relBot/build/cam2image_vm2ros
[0.889s] Level 1:colcon.colcon_core.environment:checking '/home/ubuntu/relBot/install/cam2image_vm2ros' for CMake config files
[0.889s] Level 1:colcon.colcon_core.shell:create_environment_hook('cam2image_vm2ros', 'cmake_prefix_path')
[0.890s] INFO:colcon.colcon_core.shell:Creating environment hook '/home/ubuntu/relBot/install/cam2image_vm2ros/share/cam2image_vm2ros/hook/cmake_prefix_path.ps1'
[0.890s] INFO:colcon.colcon_core.shell:Creating environment descriptor '/home/ubuntu/relBot/install/cam2image_vm2ros/share/cam2image_vm2ros/hook/cmake_prefix_path.dsv'
[0.891s] INFO:colcon.colcon_core.shell:Creating environment hook '/home/ubuntu/relBot/install/cam2image_vm2ros/share/cam2image_vm2ros/hook/cmake_prefix_path.sh'
[0.892s] Level 1:colcon.colcon_core.environment:checking '/home/ubuntu/relBot/install/cam2image_vm2ros/lib'
[0.892s] Level 1:colcon.colcon_core.shell:create_environment_hook('cam2image_vm2ros', 'ld_library_path_lib')
[0.893s] INFO:colcon.colcon_core.shell:Creating environment hook '/home/ubuntu/relBot/install/cam2image_vm2ros/share/cam2image_vm2ros/hook/ld_library_path_lib.ps1'
[0.895s] INFO:colcon.colcon_core.shell:Creating environment descriptor '/home/ubuntu/relBot/install/cam2image_vm2ros/share/cam2image_vm2ros/hook/ld_library_path_lib.dsv'
[0.895s] INFO:colcon.colcon_core.shell:Creating environment hook '/home/ubuntu/relBot/install/cam2image_vm2ros/share/cam2image_vm2ros/hook/ld_library_path_lib.sh'
[0.897s] Level 1:colcon.colcon_core.environment:checking '/home/ubuntu/relBot/install/cam2image_vm2ros/bin'
[0.897s] Level 1:colcon.colcon_core.environment:checking '/home/ubuntu/relBot/install/cam2image_vm2ros/lib/pkgconfig/cam2image_vm2ros.pc'
[0.898s] Level 1:colcon.colcon_core.environment:checking '/home/ubuntu/relBot/install/cam2image_vm2ros/lib/python3.12/site-packages'
[0.898s] Level 1:colcon.colcon_core.environment:checking '/home/ubuntu/relBot/install/cam2image_vm2ros/bin'
[0.899s] INFO:colcon.colcon_core.shell:Creating package script '/home/ubuntu/relBot/install/cam2image_vm2ros/share/cam2image_vm2ros/package.ps1'
[0.900s] INFO:colcon.colcon_core.shell:Creating package descriptor '/home/ubuntu/relBot/install/cam2image_vm2ros/share/cam2image_vm2ros/package.dsv'
[0.900s] INFO:colcon.colcon_core.shell:Creating package script '/home/ubuntu/relBot/install/cam2image_vm2ros/share/cam2image_vm2ros/package.sh'
[0.901s] INFO:colcon.colcon_core.shell:Creating package script '/home/ubuntu/relBot/install/cam2image_vm2ros/share/cam2image_vm2ros/package.bash'
[0.901s] INFO:colcon.colcon_core.shell:Creating package script '/home/ubuntu/relBot/install/cam2image_vm2ros/share/cam2image_vm2ros/package.zsh'
[0.902s] Level 1:colcon.colcon_core.environment:create_file_with_runtime_dependencies(/home/ubuntu/relBot/install/cam2image_vm2ros/share/colcon-core/packages/cam2image_vm2ros)
[0.902s] Level 1:colcon.colcon_core.environment:create_environment_scripts_only(cam2image_vm2ros)
[0.902s] Level 1:colcon.colcon_core.environment:checking '/home/ubuntu/relBot/install/cam2image_vm2ros' for CMake module files
[0.903s] Level 1:colcon.colcon_core.environment:checking '/home/ubuntu/relBot/install/cam2image_vm2ros' for CMake config files
[0.904s] Level 1:colcon.colcon_core.shell:create_environment_hook('cam2image_vm2ros', 'cmake_prefix_path')
[0.904s] INFO:colcon.colcon_core.shell:Creating environment hook '/home/ubuntu/relBot/install/cam2image_vm2ros/share/cam2image_vm2ros/hook/cmake_prefix_path.ps1'
[0.904s] INFO:colcon.colcon_core.shell:Creating environment descriptor '/home/ubuntu/relBot/install/cam2image_vm2ros/share/cam2image_vm2ros/hook/cmake_prefix_path.dsv'
[0.905s] INFO:colcon.colcon_core.shell:Creating environment hook '/home/ubuntu/relBot/install/cam2image_vm2ros/share/cam2image_vm2ros/hook/cmake_prefix_path.sh'
[0.906s] Level 1:colcon.colcon_core.environment:checking '/home/ubuntu/relBot/install/cam2image_vm2ros/lib'
[0.906s] Level 1:colcon.colcon_core.shell:create_environment_hook('cam2image_vm2ros', 'ld_library_path_lib')
[0.906s] INFO:colcon.colcon_core.shell:Creating environment hook '/home/ubuntu/relBot/install/cam2image_vm2ros/share/cam2image_vm2ros/hook/ld_library_path_lib.ps1'
[0.906s] INFO:colcon.colcon_core.shell:Creating environment descriptor '/home/ubuntu/relBot/install/cam2image_vm2ros/share/cam2image_vm2ros/hook/ld_library_path_lib.dsv'
[0.907s] INFO:colcon.colcon_core.shell:Creating environment hook '/home/ubuntu/relBot/install/cam2image_vm2ros/share/cam2image_vm2ros/hook/ld_library_path_lib.sh'
[0.907s] Level 1:colcon.colcon_core.environment:checking '/home/ubuntu/relBot/install/cam2image_vm2ros/bin'
[0.908s] Level 1:colcon.colcon_core.environment:checking '/home/ubuntu/relBot/install/cam2image_vm2ros/lib/pkgconfig/cam2image_vm2ros.pc'
[0.908s] Level 1:colcon.colcon_core.environment:checking '/home/ubuntu/relBot/install/cam2image_vm2ros/lib/python3.12/site-packages'
[0.909s] Level 1:colcon.colcon_core.environment:checking '/home/ubuntu/relBot/install/cam2image_vm2ros/bin'
[0.909s] INFO:colcon.colcon_core.shell:Creating package script '/home/ubuntu/relBot/install/cam2image_vm2ros/share/cam2image_vm2ros/package.ps1'
[0.910s] INFO:colcon.colcon_core.shell:Creating package descriptor '/home/ubuntu/relBot/install/cam2image_vm2ros/share/cam2image_vm2ros/package.dsv'
[0.913s] INFO:colcon.colcon_core.shell:Creating package script '/home/ubuntu/relBot/install/cam2image_vm2ros/share/cam2image_vm2ros/package.sh'
[0.915s] INFO:colcon.colcon_core.shell:Creating package script '/home/ubuntu/relBot/install/cam2image_vm2ros/share/cam2image_vm2ros/package.bash'
[0.916s] INFO:colcon.colcon_core.shell:Creating package script '/home/ubuntu/relBot/install/cam2image_vm2ros/share/cam2image_vm2ros/package.zsh'
[0.917s] Level 1:colcon.colcon_core.environment:create_file_with_runtime_dependencies(/home/ubuntu/relBot/install/cam2image_vm2ros/share/colcon-core/packages/cam2image_vm2ros)
[0.918s] Level 1:colcon.colcon_core.environment:create_environment_scripts_only(relbot_simulator)
[0.919s] Level 1:colcon.colcon_core.environment:checking '/home/ubuntu/relBot/install/relbot_simulator' for CMake module files
[0.922s] DEBUG:colcon.colcon_core.event_handler.log_command:Invoked command in '/home/ubuntu/relBot/build/relbot_simulator' returned '0': CMAKE_PREFIX_PATH=${CMAKE_PREFIX_PATH}:/opt/ros/jazzy DEBUGINFOD_URLS=https://debuginfod.ubuntu.com /usr/bin/cmake --install /home/ubuntu/relBot/build/relbot_simulator
[0.923s] Level 1:colcon.colcon_core.environment:checking '/home/ubuntu/relBot/install/relbot_simulator' for CMake config files
[0.923s] Level 1:colcon.colcon_core.shell:create_environment_hook('relbot_simulator', 'cmake_prefix_path')
[0.923s] INFO:colcon.colcon_core.shell:Creating environment hook '/home/ubuntu/relBot/install/relbot_simulator/share/relbot_simulator/hook/cmake_prefix_path.ps1'
[0.924s] INFO:colcon.colcon_core.shell:Creating environment descriptor '/home/ubuntu/relBot/install/relbot_simulator/share/relbot_simulator/hook/cmake_prefix_path.dsv'
[0.925s] INFO:colcon.colcon_core.shell:Creating environment hook '/home/ubuntu/relBot/install/relbot_simulator/share/relbot_simulator/hook/cmake_prefix_path.sh'
[0.926s] Level 1:colcon.colcon_core.environment:checking '/home/ubuntu/relBot/install/relbot_simulator/lib'
[0.927s] Level 1:colcon.colcon_core.environment:checking '/home/ubuntu/relBot/install/relbot_simulator/bin'
[0.927s] Level 1:colcon.colcon_core.environment:checking '/home/ubuntu/relBot/install/relbot_simulator/lib/pkgconfig/relbot_simulator.pc'
[0.928s] Level 1:colcon.colcon_core.environment:checking '/home/ubuntu/relBot/install/relbot_simulator/lib/python3.12/site-packages'
[0.929s] Level 1:colcon.colcon_core.environment:checking '/home/ubuntu/relBot/install/relbot_simulator/bin'
[0.930s] INFO:colcon.colcon_core.shell:Creating package script '/home/ubuntu/relBot/install/relbot_simulator/share/relbot_simulator/package.ps1'
[0.931s] INFO:colcon.colcon_core.shell:Creating package descriptor '/home/ubuntu/relBot/install/relbot_simulator/share/relbot_simulator/package.dsv'
[0.932s] INFO:colcon.colcon_core.shell:Creating package script '/home/ubuntu/relBot/install/relbot_simulator/share/relbot_simulator/package.sh'
[0.933s] INFO:colcon.colcon_core.shell:Creating package script '/home/ubuntu/relBot/install/relbot_simulator/share/relbot_simulator/package.bash'
[0.934s] INFO:colcon.colcon_core.shell:Creating package script '/home/ubuntu/relBot/install/relbot_simulator/share/relbot_simulator/package.zsh'
[0.934s] Level 1:colcon.colcon_core.environment:create_file_with_runtime_dependencies(/home/ubuntu/relBot/install/relbot_simulator/share/colcon-core/packages/relbot_simulator)
[0.936s] Level 1:colcon.colcon_core.environment:create_environment_scripts_only(relbot_simulator)
[0.936s] Level 1:colcon.colcon_core.environment:checking '/home/ubuntu/relBot/install/relbot_simulator' for CMake module files
[0.937s] Level 1:colcon.colcon_core.environment:checking '/home/ubuntu/relBot/install/relbot_simulator' for CMake config files
[0.938s] Level 1:colcon.colcon_core.shell:create_environment_hook('relbot_simulator', 'cmake_prefix_path')
[0.938s] INFO:colcon.colcon_core.shell:Creating environment hook '/home/ubuntu/relBot/install/relbot_simulator/share/relbot_simulator/hook/cmake_prefix_path.ps1'
[0.939s] INFO:colcon.colcon_core.shell:Creating environment descriptor '/home/ubuntu/relBot/install/relbot_simulator/share/relbot_simulator/hook/cmake_prefix_path.dsv'
[0.940s] INFO:colcon.colcon_core.shell:Creating environment hook '/home/ubuntu/relBot/install/relbot_simulator/share/relbot_simulator/hook/cmake_prefix_path.sh'
[0.941s] Level 1:colcon.colcon_core.environment:checking '/home/ubuntu/relBot/install/relbot_simulator/lib'
[0.942s] Level 1:colcon.colcon_core.environment:checking '/home/ubuntu/relBot/install/relbot_simulator/bin'
[0.942s] Level 1:colcon.colcon_core.environment:checking '/home/ubuntu/relBot/install/relbot_simulator/lib/pkgconfig/relbot_simulator.pc'
[0.942s] Level 1:colcon.colcon_core.environment:checking '/home/ubuntu/relBot/install/relbot_simulator/lib/python3.12/site-packages'
[0.943s] Level 1:colcon.colcon_core.environment:checking '/home/ubuntu/relBot/install/relbot_simulator/bin'
[0.944s] INFO:colcon.colcon_core.shell:Creating package script '/home/ubuntu/relBot/install/relbot_simulator/share/relbot_simulator/package.ps1'
[0.946s] INFO:colcon.colcon_core.shell:Creating package descriptor '/home/ubuntu/relBot/install/relbot_simulator/share/relbot_simulator/package.dsv'
[0.947s] INFO:colcon.colcon_core.shell:Creating package script '/home/ubuntu/relBot/install/relbot_simulator/share/relbot_simulator/package.sh'
[0.948s] INFO:colcon.colcon_core.shell:Creating package script '/home/ubuntu/relBot/install/relbot_simulator/share/relbot_simulator/package.bash'
[0.949s] INFO:colcon.colcon_core.shell:Creating package script '/home/ubuntu/relBot/install/relbot_simulator/share/relbot_simulator/package.zsh'
[0.951s] Level 1:colcon.colcon_core.environment:create_file_with_runtime_dependencies(/home/ubuntu/relBot/install/relbot_simulator/share/colcon-core/packages/relbot_simulator)
[10.550s] DEBUG:colcon.colcon_core.event_handler.log_command:Invoked command in '/home/ubuntu/relBot/build/my_image_processor' returned '2': CMAKE_PREFIX_PATH=${CMAKE_PREFIX_PATH}:/opt/ros/jazzy DEBUGINFOD_URLS=https://debuginfod.ubuntu.com /usr/bin/cmake --build /home/ubuntu/relBot/build/my_image_processor -- -j8 -l8
[10.551s] Level 1:colcon.colcon_core.environment:create_environment_scripts_only(my_image_processor)
[10.551s] Level 1:colcon.colcon_core.environment:checking '/home/ubuntu/relBot/install/my_image_processor' for CMake module files
[10.551s] Level 1:colcon.colcon_core.environment:checking '/home/ubuntu/relBot/install/my_image_processor' for CMake config files
[10.552s] Level 1:colcon.colcon_core.environment:checking '/home/ubuntu/relBot/install/my_image_processor/bin'
[10.552s] Level 1:colcon.colcon_core.environment:checking '/home/ubuntu/relBot/install/my_image_processor/lib/pkgconfig/my_image_processor.pc'
[10.553s] Level 1:colcon.colcon_core.environment:checking '/home/ubuntu/relBot/install/my_image_processor/lib/python3.12/site-packages'
[10.553s] Level 1:colcon.colcon_core.environment:checking '/home/ubuntu/relBot/install/my_image_processor/bin'
[10.553s] INFO:colcon.colcon_core.shell:Creating package script '/home/ubuntu/relBot/install/my_image_processor/share/my_image_processor/package.ps1'
[10.554s] INFO:colcon.colcon_core.shell:Creating package descriptor '/home/ubuntu/relBot/install/my_image_processor/share/my_image_processor/package.dsv'
[10.555s] INFO:colcon.colcon_core.shell:Creating package script '/home/ubuntu/relBot/install/my_image_processor/share/my_image_processor/package.sh'
[10.556s] INFO:colcon.colcon_core.shell:Creating package script '/home/ubuntu/relBot/install/my_image_processor/share/my_image_processor/package.bash'
[10.556s] INFO:colcon.colcon_core.shell:Creating package script '/home/ubuntu/relBot/install/my_image_processor/share/my_image_processor/package.zsh'
[10.557s] Level 1:colcon.colcon_core.environment:create_file_with_runtime_dependencies(/home/ubuntu/relBot/install/my_image_processor/share/colcon-core/packages/my_image_processor)
[10.568s] DEBUG:colcon.colcon_parallel_executor.executor.parallel:closing loop
[10.568s] DEBUG:colcon.colcon_parallel_executor.executor.parallel:loop closed
[10.568s] DEBUG:colcon.colcon_parallel_executor.executor.parallel:run_until_complete finished with '2'
[10.569s] DEBUG:colcon.colcon_core.event_reactor:joining thread
[10.658s] INFO:colcon.colcon_core.plugin_system:Skipping extension 'colcon_notification.desktop_notification.notify_send': Could not find 'notify-send'
[10.659s] INFO:colcon.colcon_core.plugin_system:Skipping extension 'colcon_notification.desktop_notification.terminal_notifier': Not used on non-Darwin systems
[10.659s] INFO:colcon.colcon_core.plugin_system:Skipping extension 'colcon_notification.desktop_notification.win32': Not used on non-Windows systems
[10.659s] INFO:colcon.colcon_notification.desktop_notification:Sending desktop notification using 'notify2'
[10.661s] DEBUG:colcon.colcon_notification.desktop_notification.notify2:Failed to initialize notify2: org.freedesktop.DBus.Error.ServiceUnknown: The name org.freedesktop.Notifications was not provided by any .service files
[10.661s] DEBUG:colcon.colcon_core.event_reactor:joined thread
[10.661s] INFO:colcon.colcon_core.shell:Creating prefix script '/home/ubuntu/relBot/install/local_setup.ps1'
[10.662s] INFO:colcon.colcon_core.shell:Creating prefix util module '/home/ubuntu/relBot/install/_local_setup_util_ps1.py'
[10.664s] INFO:colcon.colcon_core.shell:Creating prefix chain script '/home/ubuntu/relBot/install/setup.ps1'
[10.665s] INFO:colcon.colcon_core.shell:Creating prefix script '/home/ubuntu/relBot/install/local_setup.sh'
[10.666s] INFO:colcon.colcon_core.shell:Creating prefix util module '/home/ubuntu/relBot/install/_local_setup_util_sh.py'
[10.667s] INFO:colcon.colcon_core.shell:Creating prefix chain script '/home/ubuntu/relBot/install/setup.sh'
[10.668s] INFO:colcon.colcon_core.shell:Creating prefix script '/home/ubuntu/relBot/install/local_setup.bash'
[10.668s] INFO:colcon.colcon_core.shell:Creating prefix chain script '/home/ubuntu/relBot/install/setup.bash'
[10.670s] INFO:colcon.colcon_core.shell:Creating prefix script '/home/ubuntu/relBot/install/local_setup.zsh'
[10.670s] INFO:colcon.colcon_core.shell:Creating prefix chain script '/home/ubuntu/relBot/install/setup.zsh'
