[0.038s] Invoking command in '/home/ubuntu/relBot/build/relbot2turtlesim': CMAKE_PREFIX_PATH=${CMAKE_PREFIX_PATH}:/opt/ros/jazzy DEBUGINFOD_URLS=https://debuginfod.ubuntu.com /usr/bin/cmake --build /home/ubuntu/relBot/build/relbot2turtlesim -- -j8 -l8
[0.146s] [100%] Built target relbot2turtlesim
[0.186s] Invoked command in '/home/ubuntu/relBot/build/relbot2turtlesim' returned '0': CMAKE_PREFIX_PATH=${CMAKE_PREFIX_PATH}:/opt/ros/jazzy DEBUGINFOD_URLS=https://debuginfod.ubuntu.com /usr/bin/cmake --build /home/ubuntu/relBot/build/relbot2turtlesim -- -j8 -l8
[0.192s] Invoking command in '/home/ubuntu/relBot/build/relbot2turtlesim': CMAKE_PREFIX_PATH=${CMAKE_PREFIX_PATH}:/opt/ros/jazzy DEBUGINFOD_URLS=https://debuginfod.ubuntu.com /usr/bin/cmake --install /home/ubuntu/relBot/build/relbot2turtlesim
[0.203s] -- Install configuration: ""
[0.205s] -- Installing: /home/ubuntu/relBot/install/relbot2turtlesim/lib/relbot2turtlesim/relbot2turtlesim
[0.219s] -- Set non-toolchain portion of runtime path of "/home/ubuntu/relBot/install/relbot2turtlesim/lib/relbot2turtlesim/relbot2turtlesim" to ""
[0.221s] -- Installing: /home/ubuntu/relBot/install/relbot2turtlesim/share/ament_index/resource_index/package_run_dependencies/relbot2turtlesim
[0.222s] -- Installing: /home/ubuntu/relBot/install/relbot2turtlesim/share/ament_index/resource_index/parent_prefix_path/relbot2turtlesim
[0.222s] -- Installing: /home/ubuntu/relBot/install/relbot2turtlesim/share/relbot2turtlesim/environment/ament_prefix_path.sh
[0.223s] -- Installing: /home/ubuntu/relBot/install/relbot2turtlesim/share/relbot2turtlesim/environment/ament_prefix_path.dsv
[0.223s] -- Installing: /home/ubuntu/relBot/install/relbot2turtlesim/share/relbot2turtlesim/environment/path.sh
[0.225s] -- Installing: /home/ubuntu/relBot/install/relbot2turtlesim/share/relbot2turtlesim/environment/path.dsv
[0.226s] -- Installing: /home/ubuntu/relBot/install/relbot2turtlesim/share/relbot2turtlesim/local_setup.bash
[0.226s] -- Installing: /home/ubuntu/relBot/install/relbot2turtlesim/share/relbot2turtlesim/local_setup.sh
[0.226s] -- Installing: /home/ubuntu/relBot/install/relbot2turtlesim/share/relbot2turtlesim/local_setup.zsh
[0.242s] -- Installing: /home/ubuntu/relBot/install/relbot2turtlesim/share/relbot2turtlesim/local_setup.dsv
[0.242s] -- Installing: /home/ubuntu/relBot/install/relbot2turtlesim/share/relbot2turtlesim/package.dsv
[0.243s] -- Installing: /home/ubuntu/relBot/install/relbot2turtlesim/share/ament_index/resource_index/packages/relbot2turtlesim
[0.243s] -- Installing: /home/ubuntu/relBot/install/relbot2turtlesim/share/relbot2turtlesim/cmake/relbot2turtlesimConfig.cmake
[0.243s] -- Installing: /home/ubuntu/relBot/install/relbot2turtlesim/share/relbot2turtlesim/cmake/relbot2turtlesimConfig-version.cmake
[0.244s] -- Installing: /home/ubuntu/relBot/install/relbot2turtlesim/share/relbot2turtlesim/package.xml
[0.275s] Invoked command in '/home/ubuntu/relBot/build/relbot2turtlesim' returned '0': CMAKE_PREFIX_PATH=${CMAKE_PREFIX_PATH}:/opt/ros/jazzy DEBUGINFOD_URLS=https://debuginfod.ubuntu.com /usr/bin/cmake --install /home/ubuntu/relBot/build/relbot2turtlesim
