[0.034s] Invoking command in '/home/ubuntu/relBot/build/my_image_processor': CMAKE_PREFIX_PATH=${CMAKE_PREFIX_PATH}:/opt/ros/jazzy DEBUGINFOD_URLS=https://debuginfod.ubuntu.com /usr/bin/cmake --build /home/ubuntu/relBot/build/my_image_processor -- -j8 -l8
[0.052s] Change Dir: '/home/ubuntu/relBot/build/my_image_processor'
[0.054s] 
[0.054s] Run Build Command(s): /usr/bin/cmake -E env VERBOSE=1 /usr/bin/gmake -f Makefile -j8 -l8
[0.061s] /usr/bin/cmake -S/home/ubuntu/relBot/src/my_image_processor -B/home/ubuntu/relBot/build/my_image_processor --check-build-system CMakeFiles/Makefile.cmake 0
[0.082s] /usr/bin/cmake -E cmake_progress_start /home/ubuntu/relBot/build/my_image_processor/CMakeFiles /home/ubuntu/relBot/build/my_image_processor//CMakeFiles/progress.marks
[0.099s] /usr/bin/gmake  -f CMakeFiles/Makefile2 all
[0.099s] gmake[1]: Entering directory '/home/ubuntu/relBot/build/my_image_processor'
[0.100s] /usr/bin/gmake  -f CMakeFiles/image_processor.dir/build.make CMakeFiles/image_processor.dir/depend
[0.100s] gmake[2]: Entering directory '/home/ubuntu/relBot/build/my_image_processor'
[0.100s] cd /home/ubuntu/relBot/build/my_image_processor && /usr/bin/cmake -E cmake_depends "Unix Makefiles" /home/ubuntu/relBot/src/my_image_processor /home/ubuntu/relBot/src/my_image_processor /home/ubuntu/relBot/build/my_image_processor /home/ubuntu/relBot/build/my_image_processor /home/ubuntu/relBot/build/my_image_processor/CMakeFiles/image_processor.dir/DependInfo.cmake "--color="
[0.118s] gmake[2]: Leaving directory '/home/ubuntu/relBot/build/my_image_processor'
[0.119s] /usr/bin/gmake  -f CMakeFiles/image_processor.dir/build.make CMakeFiles/image_processor.dir/build
[0.131s] gmake[2]: Entering directory '/home/ubuntu/relBot/build/my_image_processor'
[0.132s] gmake[2]: Nothing to be done for 'CMakeFiles/image_processor.dir/build'.
[0.132s] gmake[2]: Leaving directory '/home/ubuntu/relBot/build/my_image_processor'
[0.148s] [100%] Built target image_processor
[0.149s] gmake[1]: Leaving directory '/home/ubuntu/relBot/build/my_image_processor'
[0.149s] /usr/bin/cmake -E cmake_progress_start /home/ubuntu/relBot/build/my_image_processor/CMakeFiles 0
[0.163s] 
[0.177s] Invoked command in '/home/ubuntu/relBot/build/my_image_processor' returned '0': CMAKE_PREFIX_PATH=${CMAKE_PREFIX_PATH}:/opt/ros/jazzy DEBUGINFOD_URLS=https://debuginfod.ubuntu.com /usr/bin/cmake --build /home/ubuntu/relBot/build/my_image_processor -- -j8 -l8
[0.179s] Invoking command in '/home/ubuntu/relBot/build/my_image_processor': CMAKE_PREFIX_PATH=${CMAKE_PREFIX_PATH}:/opt/ros/jazzy DEBUGINFOD_URLS=https://debuginfod.ubuntu.com /usr/bin/cmake --install /home/ubuntu/relBot/build/my_image_processor
[0.193s] -- Install configuration: ""
[0.194s] -- Up-to-date: /home/ubuntu/relBot/install/my_image_processor/lib/my_image_processor/image_processor
[0.196s] -- Up-to-date: /home/ubuntu/relBot/install/my_image_processor/share/ament_index/resource_index/package_run_dependencies/my_image_processor
[0.199s] -- Up-to-date: /home/ubuntu/relBot/install/my_image_processor/share/ament_index/resource_index/parent_prefix_path/my_image_processor
[0.200s] -- Up-to-date: /home/ubuntu/relBot/install/my_image_processor/share/my_image_processor/environment/ament_prefix_path.sh
[0.200s] -- Up-to-date: /home/ubuntu/relBot/install/my_image_processor/share/my_image_processor/environment/ament_prefix_path.dsv
[0.201s] -- Up-to-date: /home/ubuntu/relBot/install/my_image_processor/share/my_image_processor/environment/path.sh
[0.202s] -- Up-to-date: /home/ubuntu/relBot/install/my_image_processor/share/my_image_processor/environment/path.dsv
[0.202s] -- Up-to-date: /home/ubuntu/relBot/install/my_image_processor/share/my_image_processor/local_setup.bash
[0.203s] -- Up-to-date: /home/ubuntu/relBot/install/my_image_processor/share/my_image_processor/local_setup.sh
[0.204s] -- Up-to-date: /home/ubuntu/relBot/install/my_image_processor/share/my_image_processor/local_setup.zsh
[0.204s] -- Up-to-date: /home/ubuntu/relBot/install/my_image_processor/share/my_image_processor/local_setup.dsv
[0.206s] -- Installing: /home/ubuntu/relBot/install/my_image_processor/share/my_image_processor/package.dsv
[0.207s] -- Up-to-date: /home/ubuntu/relBot/install/my_image_processor/share/ament_index/resource_index/packages/my_image_processor
[0.207s] -- Up-to-date: /home/ubuntu/relBot/install/my_image_processor/share/my_image_processor/cmake/my_image_processorConfig.cmake
[0.207s] -- Up-to-date: /home/ubuntu/relBot/install/my_image_processor/share/my_image_processor/cmake/my_image_processorConfig-version.cmake
[0.209s] -- Up-to-date: /home/ubuntu/relBot/install/my_image_processor/share/my_image_processor/package.xml
[0.212s] Invoked command in '/home/ubuntu/relBot/build/my_image_processor' returned '0': CMAKE_PREFIX_PATH=${CMAKE_PREFIX_PATH}:/opt/ros/jazzy DEBUGINFOD_URLS=https://debuginfod.ubuntu.com /usr/bin/cmake --install /home/ubuntu/relBot/build/my_image_processor
