[0.040s] Invoking command in '/home/ubuntu/relBot/build/relbot_simulator': CMAKE_PREFIX_PATH=${CMAKE_PREFIX_PATH}:/opt/ros/jazzy DEBUGINFOD_URLS=https://debuginfod.ubuntu.com /usr/bin/cmake /home/ubuntu/relBot/src/relbot_simulator -DCMAKE_INSTALL_PREFIX=/home/ubuntu/relBot/install/relbot_simulator
[1.210s] -- The C compiler identification is GNU 13.3.0
[3.076s] -- The CXX compiler identification is GNU 13.3.0
[4.868s] -- Detecting C compiler ABI info
[5.365s] -- Detecting C compiler ABI info - done
[5.410s] -- Check for working C compiler: /usr/bin/cc - skipped
[5.413s] -- Detecting C compile features
[5.414s] -- Detecting C compile features - done
[5.721s] -- Detecting CXX compiler ABI info
[6.517s] -- Detecting CXX compiler ABI info - done
[6.538s] -- Check for working CXX compiler: /usr/bin/c++ - skipped
[6.538s] -- Detecting CXX compile features
[6.540s] -- Detecting CXX compile features - done
[6.547s] -- Found ament_cmake: 2.5.3 (/opt/ros/jazzy/share/ament_cmake/cmake)
[6.986s] -- Found Python3: /usr/bin/python3 (found version "3.12.3") found components: Interpreter 
[7.728s] -- Found rclcpp: 28.1.6 (/opt/ros/jazzy/share/rclcpp/cmake)
[8.455s] -- Found rosidl_generator_c: 4.6.5 (/opt/ros/jazzy/share/rosidl_generator_c/cmake)
[8.581s] -- Found rosidl_generator_cpp: 4.6.5 (/opt/ros/jazzy/share/rosidl_generator_cpp/cmake)
[8.810s] -- Using all available rosidl_typesupport_c: rosidl_typesupport_fastrtps_c;rosidl_typesupport_introspection_c
[9.006s] -- Using all available rosidl_typesupport_cpp: rosidl_typesupport_fastrtps_cpp;rosidl_typesupport_introspection_cpp
[9.676s] -- Found rmw_implementation_cmake: 7.3.1 (/opt/ros/jazzy/share/rmw_implementation_cmake/cmake)
[9.726s] -- Found rmw_fastrtps_cpp: 8.4.1 (/opt/ros/jazzy/share/rmw_fastrtps_cpp/cmake)
[10.274s] -- Found OpenSSL: /usr/lib/x86_64-linux-gnu/libcrypto.so (found version "3.0.13")  
[10.623s] -- Found FastRTPS: /opt/ros/jazzy/include (Required is at least version "2.13") 
[10.980s] -- Using RMW implementation 'rmw_fastrtps_cpp' as default
[11.891s] -- Found example_interfaces: 0.12.0 (/opt/ros/jazzy/share/example_interfaces/cmake)
[12.341s] -- Found geometry_msgs: 5.3.5 (/opt/ros/jazzy/share/geometry_msgs/cmake)
[12.403s] -- Found sensor_msgs: 5.3.5 (/opt/ros/jazzy/share/sensor_msgs/cmake)
[12.471s] -- Found OpenCV: /usr (found version "4.6.0") found components: core highgui imgcodecs imgproc videoio 
[12.474s] -- Found cv_bridge: 4.1.0 (/opt/ros/jazzy/share/cv_bridge/cmake)
[12.486s] -- Found ament_lint_auto: 0.17.1 (/opt/ros/jazzy/share/ament_lint_auto/cmake)
[12.817s] -- Added test 'copyright' to check source files copyright and LICENSE
[12.823s] -- Added test 'cppcheck' to perform static code analysis on C / C++ code
[12.824s] -- Configured cppcheck include dirs: /home/ubuntu/relBot/src/relbot_simulator/include;/home/ubuntu/relBot/src/relbot_simulator/common;$<BUILD_INTERFACE:/home/ubuntu/relBot/src/relbot_simulator/include>;$<BUILD_INTERFACE:/home/ubuntu/relBot/src/relbot_simulator/common>
[12.824s] -- Configured cppcheck exclude dirs and/or files: 
[12.832s] -- Added test 'cpplint' to check C / C++ code against the Google style
[12.833s] -- Configured cpplint exclude dirs and/or files: 
[12.837s] -- Added test 'lint_cmake' to check CMake code style
[12.844s] -- Added test 'uncrustify' to check C / C++ code style
[12.844s] -- Configured uncrustify additional arguments: 
[12.850s] -- Added test 'xmllint' to check XML markup files
[12.852s] -- Configuring done (12.8s)
[12.899s] -- Generating done (0.0s)
[12.917s] -- Build files have been written to: /home/ubuntu/relBot/build/relbot_simulator
[12.953s] Invoked command in '/home/ubuntu/relBot/build/relbot_simulator' returned '0': CMAKE_PREFIX_PATH=${CMAKE_PREFIX_PATH}:/opt/ros/jazzy DEBUGINFOD_URLS=https://debuginfod.ubuntu.com /usr/bin/cmake /home/ubuntu/relBot/src/relbot_simulator -DCMAKE_INSTALL_PREFIX=/home/ubuntu/relBot/install/relbot_simulator
[12.954s] Invoking command in '/home/ubuntu/relBot/build/relbot_simulator': CMAKE_PREFIX_PATH=${CMAKE_PREFIX_PATH}:/opt/ros/jazzy DEBUGINFOD_URLS=https://debuginfod.ubuntu.com /usr/bin/cmake --build /home/ubuntu/relBot/build/relbot_simulator -- -j8 -l8
[13.278s] [ 11%] [32mBuilding CXX object CMakeFiles/relbot_simulator.dir/src/relbot_simulator.cpp.o[0m
[13.318s] [ 22%] [32mBuilding CXX object CMakeFiles/relbot_simulator.dir/src/Plant.cpp.o[0m
[13.325s] [ 33%] [32mBuilding CXX object CMakeFiles/relbot_simulator.dir/common/EulerAngles.cpp.o[0m
[13.386s] [ 44%] [32mBuilding CXX object CMakeFiles/relbot_simulator.dir/common/MotionProfiles.cpp.o[0m
[13.392s] [ 55%] [32mBuilding CXX object CMakeFiles/relbot_simulator.dir/common/xxfuncs.cpp.o[0m
[13.433s] [ 66%] [32mBuilding CXX object CMakeFiles/relbot_simulator.dir/common/xxinteg.cpp.o[0m
[13.446s] [ 77%] [32mBuilding CXX object CMakeFiles/relbot_simulator.dir/common/xxinverse.cpp.o[0m
[13.465s] [ 88%] [32mBuilding CXX object CMakeFiles/relbot_simulator.dir/common/xxmatrix.cpp.o[0m
[72.244s] [100%] [32m[1mLinking CXX executable relbot_simulator[0m
[76.055s] [100%] Built target relbot_simulator
