[0.019s] Invoking command in '/home/ubuntu/relBot/build/my_image_processor': CMAKE_PREFIX_PATH=${CMAKE_PREFIX_PATH}:/opt/ros/jazzy DEBUGINFOD_URLS=https://debuginfod.ubuntu.com /usr/bin/cmake /home/ubuntu/relBot/src/my_image_processor -DCMAKE_VERBOSE_MAKEFILE=ON -DCMAKE_INSTALL_PREFIX=/home/ubuntu/relBot/install/my_image_processor
[0.381s] -- The C compiler identification is GNU 13.3.0
[1.286s] -- The CXX compiler identification is GNU 13.3.0
[2.109s] -- Detecting C compiler ABI info
[2.506s] -- Detecting C compiler ABI info - done
[2.517s] -- Check for working C compiler: /usr/bin/cc - skipped
[2.522s] -- Detecting C compile features
[2.522s] -- Detecting C compile features - done
[2.642s] -- Detecting CXX compiler ABI info
[2.988s] -- Detecting CXX compiler ABI info - done
[3.006s] -- Check for working CXX compiler: /usr/bin/c++ - skipped
[3.006s] -- Detecting CXX compile features
[3.008s] -- Detecting CXX compile features - done
[3.028s] -- Found ament_cmake: 2.5.3 (/opt/ros/jazzy/share/ament_cmake/cmake)
[3.231s] -- Found Python3: /usr/bin/python3 (found version "3.12.3") found components: Interpreter 
[3.372s] -- Found rclcpp: 28.1.6 (/opt/ros/jazzy/share/rclcpp/cmake)
[3.597s] -- Found rosidl_generator_c: 4.6.5 (/opt/ros/jazzy/share/rosidl_generator_c/cmake)
[3.614s] -- Found rosidl_generator_cpp: 4.6.5 (/opt/ros/jazzy/share/rosidl_generator_cpp/cmake)
[3.637s] -- Using all available rosidl_typesupport_c: rosidl_typesupport_fastrtps_c;rosidl_typesupport_introspection_c
[3.660s] -- Using all available rosidl_typesupport_cpp: rosidl_typesupport_fastrtps_cpp;rosidl_typesupport_introspection_cpp
[3.760s] -- Found rmw_implementation_cmake: 7.3.1 (/opt/ros/jazzy/share/rmw_implementation_cmake/cmake)
[3.764s] -- Found rmw_fastrtps_cpp: 8.4.1 (/opt/ros/jazzy/share/rmw_fastrtps_cpp/cmake)
[3.862s] -- Found OpenSSL: /usr/lib/x86_64-linux-gnu/libcrypto.so (found version "3.0.13")  
[4.091s] -- Found FastRTPS: /opt/ros/jazzy/include (Required is at least version "2.13") 
[4.226s] -- Using RMW implementation 'rmw_fastrtps_cpp' as default
[4.512s] -- Found sensor_msgs: 5.3.5 (/opt/ros/jazzy/share/sensor_msgs/cmake)
[4.614s] -- Found cv_bridge: 4.1.0 (/opt/ros/jazzy/share/cv_bridge/cmake)
[4.636s] -- Found OpenCV: /usr (found version "4.6.0") 
[4.641s] -- Found ament_lint_auto: 0.17.1 (/opt/ros/jazzy/share/ament_lint_auto/cmake)
[4.773s] -- Added test 'cppcheck' to perform static code analysis on C / C++ code
[4.774s] -- Configured cppcheck include dirs: /home/ubuntu/relBot/src/my_image_processor/include
[4.774s] -- Configured cppcheck exclude dirs and/or files: 
[4.776s] -- Added test 'lint_cmake' to check CMake code style
[4.778s] -- Added test 'uncrustify' to check C / C++ code style
[4.778s] -- Configured uncrustify additional arguments: 
[4.779s] -- Added test 'xmllint' to check XML markup files
[4.781s] -- Configuring done (4.8s)
[4.801s] -- Generating done (0.0s)
[4.807s] -- Build files have been written to: /home/ubuntu/relBot/build/my_image_processor
[4.818s] Invoked command in '/home/ubuntu/relBot/build/my_image_processor' returned '0': CMAKE_PREFIX_PATH=${CMAKE_PREFIX_PATH}:/opt/ros/jazzy DEBUGINFOD_URLS=https://debuginfod.ubuntu.com /usr/bin/cmake /home/ubuntu/relBot/src/my_image_processor -DCMAKE_VERBOSE_MAKEFILE=ON -DCMAKE_INSTALL_PREFIX=/home/ubuntu/relBot/install/my_image_processor
[4.821s] Invoking command in '/home/ubuntu/relBot/build/my_image_processor': CMAKE_PREFIX_PATH=${CMAKE_PREFIX_PATH}:/opt/ros/jazzy DEBUGINFOD_URLS=https://debuginfod.ubuntu.com /usr/bin/cmake --build /home/ubuntu/relBot/build/my_image_processor -- -j8 -l8
[4.829s] Change Dir: '/home/ubuntu/relBot/build/my_image_processor'
[4.829s] 
[4.829s] Run Build Command(s): /usr/bin/cmake -E env VERBOSE=1 /usr/bin/gmake -f Makefile -j8 -l8
[4.837s] /usr/bin/cmake -S/home/ubuntu/relBot/src/my_image_processor -B/home/ubuntu/relBot/build/my_image_processor --check-build-system CMakeFiles/Makefile.cmake 0
[4.850s] /usr/bin/cmake -E cmake_progress_start /home/ubuntu/relBot/build/my_image_processor/CMakeFiles /home/ubuntu/relBot/build/my_image_processor//CMakeFiles/progress.marks
[4.858s] /usr/bin/gmake  -f CMakeFiles/Makefile2 all
[4.859s] gmake[1]: Entering directory '/home/ubuntu/relBot/build/my_image_processor'
[4.859s] /usr/bin/gmake  -f CMakeFiles/image_processor.dir/build.make CMakeFiles/image_processor.dir/depend
[4.861s] gmake[2]: Entering directory '/home/ubuntu/relBot/build/my_image_processor'
[4.861s] cd /home/ubuntu/relBot/build/my_image_processor && /usr/bin/cmake -E cmake_depends "Unix Makefiles" /home/ubuntu/relBot/src/my_image_processor /home/ubuntu/relBot/src/my_image_processor /home/ubuntu/relBot/build/my_image_processor /home/ubuntu/relBot/build/my_image_processor /home/ubuntu/relBot/build/my_image_processor/CMakeFiles/image_processor.dir/DependInfo.cmake "--color="
[4.872s] gmake[2]: Leaving directory '/home/ubuntu/relBot/build/my_image_processor'
[4.872s] /usr/bin/gmake  -f CMakeFiles/image_processor.dir/build.make CMakeFiles/image_processor.dir/build
[4.874s] gmake[2]: Entering directory '/home/ubuntu/relBot/build/my_image_processor'
[4.883s] [ 50%] [32mBuilding CXX object CMakeFiles/image_processor.dir/src/image_processor.cpp.o[0m
[4.885s] /usr/bin/c++ -DDEFAULT_RMW_IMPLEMENTATION=rmw_fastrtps_cpp -DFASTCDR_DYN_LINK -I/home/ubuntu/relBot/src/my_image_processor/include -isystem /usr/include/opencv4 -isystem /opt/ros/jazzy/include/sensor_msgs -isystem /opt/ros/jazzy/include/rclcpp -isystem /opt/ros/jazzy/include/cv_bridge -isystem /opt/ros/jazzy/include/builtin_interfaces -isystem /opt/ros/jazzy/include/rosidl_runtime_c -isystem /opt/ros/jazzy/include/rcutils -isystem /opt/ros/jazzy/include/rosidl_typesupport_interface -isystem /opt/ros/jazzy/include/fastcdr -isystem /opt/ros/jazzy/include/rosidl_runtime_cpp -isystem /opt/ros/jazzy/include/rosidl_typesupport_fastrtps_cpp -isystem /opt/ros/jazzy/include/rmw -isystem /opt/ros/jazzy/include/rosidl_dynamic_typesupport -isystem /opt/ros/jazzy/include/rosidl_typesupport_fastrtps_c -isystem /opt/ros/jazzy/include/rosidl_typesupport_introspection_c -isystem /opt/ros/jazzy/include/rosidl_typesupport_introspection_cpp -isystem /opt/ros/jazzy/include/libstatistics_collector -isystem /opt/ros/jazzy/include/rcl -isystem /opt/ros/jazzy/include/rcl_interfaces -isystem /opt/ros/jazzy/include/service_msgs -isystem /opt/ros/jazzy/include/rcl_logging_interface -isystem /opt/ros/jazzy/include/rcl_yaml_param_parser -isystem /opt/ros/jazzy/include/type_description_interfaces -isystem /opt/ros/jazzy/include/rcpputils -isystem /opt/ros/jazzy/include/statistics_msgs -isystem /opt/ros/jazzy/include/rosgraph_msgs -isystem /opt/ros/jazzy/include/rosidl_typesupport_cpp -isystem /opt/ros/jazzy/include/rosidl_typesupport_c -isystem /opt/ros/jazzy/include/tracetools -isystem /opt/ros/jazzy/include/geometry_msgs -isystem /opt/ros/jazzy/include/std_msgs -Wall -Wextra -Wpedantic -MD -MT CMakeFiles/image_processor.dir/src/image_processor.cpp.o -MF CMakeFiles/image_processor.dir/src/image_processor.cpp.o.d -o CMakeFiles/image_processor.dir/src/image_processor.cpp.o -c /home/ubuntu/relBot/src/my_image_processor/src/image_processor.cpp
[5.221s] In file included from [01m[K/home/ubuntu/relBot/src/my_image_processor/src/image_processor.cpp:1[m[K:
[5.221s] [01m[K/home/ubuntu/relBot/src/my_image_processor/include/image_processor.hpp:6:10:[m[K [01;31m[Kfatal error: [m[Kcv_bridge/cv_bridge.h: No such file or directory
[5.221s]     6 | #include [01;31m[K<cv_bridge/cv_bridge.h>[m[K
[5.221s]       |          [01;31m[K^~~~~~~~~~~~~~~~~~~~~~~[m[K
[5.222s] compilation terminated.
[5.224s] gmake[2]: *** [CMakeFiles/image_processor.dir/build.make:79: CMakeFiles/image_processor.dir/src/image_processor.cpp.o] Error 1
[5.224s] gmake[2]: Leaving directory '/home/ubuntu/relBot/build/my_image_processor'
[5.225s] gmake[1]: *** [CMakeFiles/Makefile2:140: CMakeFiles/image_processor.dir/all] Error 2
[5.225s] gmake[1]: Leaving directory '/home/ubuntu/relBot/build/my_image_processor'
[5.225s] gmake: *** [Makefile:149: all] Error 2
[5.226s] 
[5.229s] Invoked command in '/home/ubuntu/relBot/build/my_image_processor' returned '2': CMAKE_PREFIX_PATH=${CMAKE_PREFIX_PATH}:/opt/ros/jazzy DEBUGINFOD_URLS=https://debuginfod.ubuntu.com /usr/bin/cmake --build /home/ubuntu/relBot/build/my_image_processor -- -j8 -l8
