[0.219s] DEBUG:colcon:Command line arguments: ['/usr/bin/colcon', 'build']
[0.219s] DEBUG:colcon:Parsed command line arguments: Namespace(log_base=None, log_level=None, verb_name='build', build_base='build', install_base='install', merge_install=False, symlink_install=False, test_result_base=None, continue_on_error=False, executor='parallel', parallel_workers=8, event_handlers=None, ignore_user_meta=False, metas=['./colcon.meta'], base_paths=['.'], packages_ignore=None, packages_ignore_regex=None, paths=None, packages_up_to=None, packages_up_to_regex=None, packages_above=None, packages_above_and_dependencies=None, packages_above_depth=None, packages_select_by_dep=None, packages_skip_by_dep=None, packages_skip_up_to=None, packages_select_build_failed=False, packages_skip_build_finished=False, packages_select_test_failures=False, packages_skip_test_passed=False, packages_select=None, packages_skip=None, packages_select_regex=None, packages_skip_regex=None, packages_start=None, packages_end=None, allow_overriding=[], cmake_args=None, cmake_target=None, cmake_target_skip_unavailable=False, cmake_clean_cache=False, cmake_clean_first=False, cmake_force_configure=False, ament_cmake_args=None, catkin_cmake_args=None, catkin_skip_building_tests=False, mixin_files=None, mixin=None, verb_parser=<colcon_mixin.mixin.mixin_argument.MixinArgumentDecorator object at 0x7fee8e680b90>, verb_extension=<colcon_core.verb.build.BuildVerb object at 0x7fee8e6801a0>, main=<bound method BuildVerb.main of <colcon_core.verb.build.BuildVerb object at 0x7fee8e6801a0>>, mixin_verb=('build',))
[0.262s] Level 1:colcon.colcon_core.package_discovery:discover_packages(colcon_meta) check parameters
[0.262s] Level 1:colcon.colcon_core.package_discovery:discover_packages(recursive) check parameters
[0.262s] Level 1:colcon.colcon_core.package_discovery:discover_packages(ignore) check parameters
[0.262s] Level 1:colcon.colcon_core.package_discovery:discover_packages(path) check parameters
[0.262s] Level 1:colcon.colcon_core.package_discovery:discover_packages(colcon_meta) discover
[0.262s] Level 1:colcon.colcon_core.package_discovery:discover_packages(recursive) discover
[0.263s] INFO:colcon.colcon_core.package_discovery:Crawling recursively for packages in '/home/ubuntu/relBot'
[0.263s] Level 1:colcon.colcon_core.package_identification:_identify(.) by extensions ['ignore', 'ignore_ament_install']
[0.263s] Level 1:colcon.colcon_core.package_identification:_identify(.) by extension 'ignore'
[0.263s] Level 1:colcon.colcon_core.package_identification:_identify(.) by extension 'ignore_ament_install'
[0.263s] Level 1:colcon.colcon_core.package_identification:_identify(.) by extensions ['colcon_pkg']
[0.263s] Level 1:colcon.colcon_core.package_identification:_identify(.) by extension 'colcon_pkg'
[0.263s] Level 1:colcon.colcon_core.package_identification:_identify(.) by extensions ['colcon_meta']
[0.263s] Level 1:colcon.colcon_core.package_identification:_identify(.) by extension 'colcon_meta'
[0.263s] Level 1:colcon.colcon_core.package_identification:_identify(.) by extensions ['ros']
[0.263s] Level 1:colcon.colcon_core.package_identification:_identify(.) by extension 'ros'
[0.290s] Level 1:colcon.colcon_core.package_identification:_identify(.) by extensions ['cmake', 'python']
[0.290s] Level 1:colcon.colcon_core.package_identification:_identify(.) by extension 'cmake'
[0.290s] Level 1:colcon.colcon_core.package_identification:_identify(.) by extension 'python'
[0.290s] Level 1:colcon.colcon_core.package_identification:_identify(.) by extensions ['python_setup_py']
[0.290s] Level 1:colcon.colcon_core.package_identification:_identify(.) by extension 'python_setup_py'
[0.290s] Level 1:colcon.colcon_core.package_identification:_identify(build) by extensions ['ignore', 'ignore_ament_install']
[0.290s] Level 1:colcon.colcon_core.package_identification:_identify(build) by extension 'ignore'
[0.290s] Level 1:colcon.colcon_core.package_identification:_identify(build) ignored
[0.290s] Level 1:colcon.colcon_core.package_identification:_identify(install) by extensions ['ignore', 'ignore_ament_install']
[0.291s] Level 1:colcon.colcon_core.package_identification:_identify(install) by extension 'ignore'
[0.291s] Level 1:colcon.colcon_core.package_identification:_identify(install) ignored
[0.291s] Level 1:colcon.colcon_core.package_identification:_identify(log) by extensions ['ignore', 'ignore_ament_install']
[0.291s] Level 1:colcon.colcon_core.package_identification:_identify(log) by extension 'ignore'
[0.291s] Level 1:colcon.colcon_core.package_identification:_identify(log) ignored
[0.291s] Level 1:colcon.colcon_core.package_identification:_identify(src) by extensions ['ignore', 'ignore_ament_install']
[0.291s] Level 1:colcon.colcon_core.package_identification:_identify(src) by extension 'ignore'
[0.291s] Level 1:colcon.colcon_core.package_identification:_identify(src) by extension 'ignore_ament_install'
[0.291s] Level 1:colcon.colcon_core.package_identification:_identify(src) by extensions ['colcon_pkg']
[0.292s] Level 1:colcon.colcon_core.package_identification:_identify(src) by extension 'colcon_pkg'
[0.292s] Level 1:colcon.colcon_core.package_identification:_identify(src) by extensions ['colcon_meta']
[0.292s] Level 1:colcon.colcon_core.package_identification:_identify(src) by extension 'colcon_meta'
[0.292s] Level 1:colcon.colcon_core.package_identification:_identify(src) by extensions ['ros']
[0.292s] Level 1:colcon.colcon_core.package_identification:_identify(src) by extension 'ros'
[0.292s] Level 1:colcon.colcon_core.package_identification:_identify(src) by extensions ['cmake', 'python']
[0.292s] Level 1:colcon.colcon_core.package_identification:_identify(src) by extension 'cmake'
[0.292s] Level 1:colcon.colcon_core.package_identification:_identify(src) by extension 'python'
[0.292s] Level 1:colcon.colcon_core.package_identification:_identify(src) by extensions ['python_setup_py']
[0.292s] Level 1:colcon.colcon_core.package_identification:_identify(src) by extension 'python_setup_py'
[0.292s] Level 1:colcon.colcon_core.package_identification:_identify(src/cam2image_vm2ros) by extensions ['ignore', 'ignore_ament_install']
[0.292s] Level 1:colcon.colcon_core.package_identification:_identify(src/cam2image_vm2ros) by extension 'ignore'
[0.292s] Level 1:colcon.colcon_core.package_identification:_identify(src/cam2image_vm2ros) by extension 'ignore_ament_install'
[0.292s] Level 1:colcon.colcon_core.package_identification:_identify(src/cam2image_vm2ros) by extensions ['colcon_pkg']
[0.293s] Level 1:colcon.colcon_core.package_identification:_identify(src/cam2image_vm2ros) by extension 'colcon_pkg'
[0.293s] Level 1:colcon.colcon_core.package_identification:_identify(src/cam2image_vm2ros) by extensions ['colcon_meta']
[0.293s] Level 1:colcon.colcon_core.package_identification:_identify(src/cam2image_vm2ros) by extension 'colcon_meta'
[0.293s] Level 1:colcon.colcon_core.package_identification:_identify(src/cam2image_vm2ros) by extensions ['ros']
[0.293s] Level 1:colcon.colcon_core.package_identification:_identify(src/cam2image_vm2ros) by extension 'ros'
[0.296s] DEBUG:colcon.colcon_core.package_identification:Package 'src/cam2image_vm2ros' with type 'ros.ament_cmake' and name 'cam2image_vm2ros'
[0.296s] Level 1:colcon.colcon_core.package_identification:_identify(src/my_image_processor) by extensions ['ignore', 'ignore_ament_install']
[0.296s] Level 1:colcon.colcon_core.package_identification:_identify(src/my_image_processor) by extension 'ignore'
[0.296s] Level 1:colcon.colcon_core.package_identification:_identify(src/my_image_processor) by extension 'ignore_ament_install'
[0.296s] Level 1:colcon.colcon_core.package_identification:_identify(src/my_image_processor) by extensions ['colcon_pkg']
[0.296s] Level 1:colcon.colcon_core.package_identification:_identify(src/my_image_processor) by extension 'colcon_pkg'
[0.296s] Level 1:colcon.colcon_core.package_identification:_identify(src/my_image_processor) by extensions ['colcon_meta']
[0.296s] Level 1:colcon.colcon_core.package_identification:_identify(src/my_image_processor) by extension 'colcon_meta'
[0.296s] Level 1:colcon.colcon_core.package_identification:_identify(src/my_image_processor) by extensions ['ros']
[0.296s] Level 1:colcon.colcon_core.package_identification:_identify(src/my_image_processor) by extension 'ros'
[0.297s] DEBUG:colcon.colcon_core.package_identification:Package 'src/my_image_processor' with type 'ros.ament_cmake' and name 'my_image_processor'
[0.297s] Level 1:colcon.colcon_core.package_identification:_identify(src/relbot2turtlesim) by extensions ['ignore', 'ignore_ament_install']
[0.298s] Level 1:colcon.colcon_core.package_identification:_identify(src/relbot2turtlesim) by extension 'ignore'
[0.298s] Level 1:colcon.colcon_core.package_identification:_identify(src/relbot2turtlesim) by extension 'ignore_ament_install'
[0.298s] Level 1:colcon.colcon_core.package_identification:_identify(src/relbot2turtlesim) by extensions ['colcon_pkg']
[0.298s] Level 1:colcon.colcon_core.package_identification:_identify(src/relbot2turtlesim) by extension 'colcon_pkg'
[0.298s] Level 1:colcon.colcon_core.package_identification:_identify(src/relbot2turtlesim) by extensions ['colcon_meta']
[0.298s] Level 1:colcon.colcon_core.package_identification:_identify(src/relbot2turtlesim) by extension 'colcon_meta'
[0.298s] Level 1:colcon.colcon_core.package_identification:_identify(src/relbot2turtlesim) by extensions ['ros']
[0.298s] Level 1:colcon.colcon_core.package_identification:_identify(src/relbot2turtlesim) by extension 'ros'
[0.299s] DEBUG:colcon.colcon_core.package_identification:Package 'src/relbot2turtlesim' with type 'ros.ament_cmake' and name 'relbot2turtlesim'
[0.299s] Level 1:colcon.colcon_core.package_identification:_identify(src/relbot_launch) by extensions ['ignore', 'ignore_ament_install']
[0.299s] Level 1:colcon.colcon_core.package_identification:_identify(src/relbot_launch) by extension 'ignore'
[0.299s] Level 1:colcon.colcon_core.package_identification:_identify(src/relbot_launch) by extension 'ignore_ament_install'
[0.300s] Level 1:colcon.colcon_core.package_identification:_identify(src/relbot_launch) by extensions ['colcon_pkg']
[0.300s] Level 1:colcon.colcon_core.package_identification:_identify(src/relbot_launch) by extension 'colcon_pkg'
[0.300s] Level 1:colcon.colcon_core.package_identification:_identify(src/relbot_launch) by extensions ['colcon_meta']
[0.300s] Level 1:colcon.colcon_core.package_identification:_identify(src/relbot_launch) by extension 'colcon_meta'
[0.300s] Level 1:colcon.colcon_core.package_identification:_identify(src/relbot_launch) by extensions ['ros']
[0.300s] Level 1:colcon.colcon_core.package_identification:_identify(src/relbot_launch) by extension 'ros'
[0.300s] DEBUG:colcon.colcon_core.package_identification:Package 'src/relbot_launch' with type 'ros.ament_cmake' and name 'relbot_launch'
[0.300s] Level 1:colcon.colcon_core.package_identification:_identify(src/relbot_sequence_controller) by extensions ['ignore', 'ignore_ament_install']
[0.301s] Level 1:colcon.colcon_core.package_identification:_identify(src/relbot_sequence_controller) by extension 'ignore'
[0.301s] Level 1:colcon.colcon_core.package_identification:_identify(src/relbot_sequence_controller) by extension 'ignore_ament_install'
[0.301s] Level 1:colcon.colcon_core.package_identification:_identify(src/relbot_sequence_controller) by extensions ['colcon_pkg']
[0.301s] Level 1:colcon.colcon_core.package_identification:_identify(src/relbot_sequence_controller) by extension 'colcon_pkg'
[0.301s] Level 1:colcon.colcon_core.package_identification:_identify(src/relbot_sequence_controller) by extensions ['colcon_meta']
[0.301s] Level 1:colcon.colcon_core.package_identification:_identify(src/relbot_sequence_controller) by extension 'colcon_meta'
[0.301s] Level 1:colcon.colcon_core.package_identification:_identify(src/relbot_sequence_controller) by extensions ['ros']
[0.301s] Level 1:colcon.colcon_core.package_identification:_identify(src/relbot_sequence_controller) by extension 'ros'
[0.302s] DEBUG:colcon.colcon_core.package_identification:Package 'src/relbot_sequence_controller' with type 'ros.ament_cmake' and name 'relbot_sequence_controller'
[0.302s] Level 1:colcon.colcon_core.package_identification:_identify(src/relbot_simulator) by extensions ['ignore', 'ignore_ament_install']
[0.302s] Level 1:colcon.colcon_core.package_identification:_identify(src/relbot_simulator) by extension 'ignore'
[0.302s] Level 1:colcon.colcon_core.package_identification:_identify(src/relbot_simulator) by extension 'ignore_ament_install'
[0.302s] Level 1:colcon.colcon_core.package_identification:_identify(src/relbot_simulator) by extensions ['colcon_pkg']
[0.302s] Level 1:colcon.colcon_core.package_identification:_identify(src/relbot_simulator) by extension 'colcon_pkg'
[0.302s] Level 1:colcon.colcon_core.package_identification:_identify(src/relbot_simulator) by extensions ['colcon_meta']
[0.302s] Level 1:colcon.colcon_core.package_identification:_identify(src/relbot_simulator) by extension 'colcon_meta'
[0.302s] Level 1:colcon.colcon_core.package_identification:_identify(src/relbot_simulator) by extensions ['ros']
[0.302s] Level 1:colcon.colcon_core.package_identification:_identify(src/relbot_simulator) by extension 'ros'
[0.303s] DEBUG:colcon.colcon_core.package_identification:Package 'src/relbot_simulator' with type 'ros.ament_cmake' and name 'relbot_simulator'
[0.303s] Level 1:colcon.colcon_core.package_discovery:discover_packages(recursive) using defaults
[0.303s] Level 1:colcon.colcon_core.package_discovery:discover_packages(ignore) discover
[0.303s] Level 1:colcon.colcon_core.package_discovery:discover_packages(ignore) using defaults
[0.303s] Level 1:colcon.colcon_core.package_discovery:discover_packages(path) discover
[0.303s] Level 1:colcon.colcon_core.package_discovery:discover_packages(path) using defaults
[0.322s] Level 1:colcon.colcon_core.package_discovery:discover_packages(prefix_path) check parameters
[0.322s] Level 1:colcon.colcon_core.package_discovery:discover_packages(prefix_path) discover
[0.324s] DEBUG:colcon.colcon_installed_package_information.package_discovery:Found 6 installed packages in /home/ubuntu/relBot/install
[0.325s] DEBUG:colcon.colcon_installed_package_information.package_discovery:Found 285 installed packages in /opt/ros/jazzy
[0.326s] Level 1:colcon.colcon_core.package_discovery:discover_packages(prefix_path) using defaults
[0.373s] Level 5:colcon.colcon_core.verb:set package 'cam2image_vm2ros' build argument 'cmake_args' from command line to 'None'
[0.374s] Level 5:colcon.colcon_core.verb:set package 'cam2image_vm2ros' build argument 'cmake_target' from command line to 'None'
[0.374s] Level 5:colcon.colcon_core.verb:set package 'cam2image_vm2ros' build argument 'cmake_target_skip_unavailable' from command line to 'False'
[0.374s] Level 5:colcon.colcon_core.verb:set package 'cam2image_vm2ros' build argument 'cmake_clean_cache' from command line to 'False'
[0.374s] Level 5:colcon.colcon_core.verb:set package 'cam2image_vm2ros' build argument 'cmake_clean_first' from command line to 'False'
[0.374s] Level 5:colcon.colcon_core.verb:set package 'cam2image_vm2ros' build argument 'cmake_force_configure' from command line to 'False'
[0.374s] Level 5:colcon.colcon_core.verb:set package 'cam2image_vm2ros' build argument 'ament_cmake_args' from command line to 'None'
[0.374s] Level 5:colcon.colcon_core.verb:set package 'cam2image_vm2ros' build argument 'catkin_cmake_args' from command line to 'None'
[0.374s] Level 5:colcon.colcon_core.verb:set package 'cam2image_vm2ros' build argument 'catkin_skip_building_tests' from command line to 'False'
[0.374s] DEBUG:colcon.colcon_core.verb:Building package 'cam2image_vm2ros' with the following arguments: {'ament_cmake_args': None, 'build_base': '/home/ubuntu/relBot/build/cam2image_vm2ros', 'catkin_cmake_args': None, 'catkin_skip_building_tests': False, 'cmake_args': None, 'cmake_clean_cache': False, 'cmake_clean_first': False, 'cmake_force_configure': False, 'cmake_target': None, 'cmake_target_skip_unavailable': False, 'install_base': '/home/ubuntu/relBot/install/cam2image_vm2ros', 'merge_install': False, 'path': '/home/ubuntu/relBot/src/cam2image_vm2ros', 'symlink_install': False, 'test_result_base': None}
[0.374s] Level 5:colcon.colcon_core.verb:set package 'my_image_processor' build argument 'cmake_args' from command line to 'None'
[0.374s] Level 5:colcon.colcon_core.verb:set package 'my_image_processor' build argument 'cmake_target' from command line to 'None'
[0.374s] Level 5:colcon.colcon_core.verb:set package 'my_image_processor' build argument 'cmake_target_skip_unavailable' from command line to 'False'
[0.374s] Level 5:colcon.colcon_core.verb:set package 'my_image_processor' build argument 'cmake_clean_cache' from command line to 'False'
[0.374s] Level 5:colcon.colcon_core.verb:set package 'my_image_processor' build argument 'cmake_clean_first' from command line to 'False'
[0.374s] Level 5:colcon.colcon_core.verb:set package 'my_image_processor' build argument 'cmake_force_configure' from command line to 'False'
[0.374s] Level 5:colcon.colcon_core.verb:set package 'my_image_processor' build argument 'ament_cmake_args' from command line to 'None'
[0.374s] Level 5:colcon.colcon_core.verb:set package 'my_image_processor' build argument 'catkin_cmake_args' from command line to 'None'
[0.374s] Level 5:colcon.colcon_core.verb:set package 'my_image_processor' build argument 'catkin_skip_building_tests' from command line to 'False'
[0.374s] DEBUG:colcon.colcon_core.verb:Building package 'my_image_processor' with the following arguments: {'ament_cmake_args': None, 'build_base': '/home/ubuntu/relBot/build/my_image_processor', 'catkin_cmake_args': None, 'catkin_skip_building_tests': False, 'cmake_args': None, 'cmake_clean_cache': False, 'cmake_clean_first': False, 'cmake_force_configure': False, 'cmake_target': None, 'cmake_target_skip_unavailable': False, 'install_base': '/home/ubuntu/relBot/install/my_image_processor', 'merge_install': False, 'path': '/home/ubuntu/relBot/src/my_image_processor', 'symlink_install': False, 'test_result_base': None}
[0.375s] Level 5:colcon.colcon_core.verb:set package 'relbot2turtlesim' build argument 'cmake_args' from command line to 'None'
[0.375s] Level 5:colcon.colcon_core.verb:set package 'relbot2turtlesim' build argument 'cmake_target' from command line to 'None'
[0.375s] Level 5:colcon.colcon_core.verb:set package 'relbot2turtlesim' build argument 'cmake_target_skip_unavailable' from command line to 'False'
[0.375s] Level 5:colcon.colcon_core.verb:set package 'relbot2turtlesim' build argument 'cmake_clean_cache' from command line to 'False'
[0.375s] Level 5:colcon.colcon_core.verb:set package 'relbot2turtlesim' build argument 'cmake_clean_first' from command line to 'False'
[0.375s] Level 5:colcon.colcon_core.verb:set package 'relbot2turtlesim' build argument 'cmake_force_configure' from command line to 'False'
[0.375s] Level 5:colcon.colcon_core.verb:set package 'relbot2turtlesim' build argument 'ament_cmake_args' from command line to 'None'
[0.375s] Level 5:colcon.colcon_core.verb:set package 'relbot2turtlesim' build argument 'catkin_cmake_args' from command line to 'None'
[0.375s] Level 5:colcon.colcon_core.verb:set package 'relbot2turtlesim' build argument 'catkin_skip_building_tests' from command line to 'False'
[0.375s] DEBUG:colcon.colcon_core.verb:Building package 'relbot2turtlesim' with the following arguments: {'ament_cmake_args': None, 'build_base': '/home/ubuntu/relBot/build/relbot2turtlesim', 'catkin_cmake_args': None, 'catkin_skip_building_tests': False, 'cmake_args': None, 'cmake_clean_cache': False, 'cmake_clean_first': False, 'cmake_force_configure': False, 'cmake_target': None, 'cmake_target_skip_unavailable': False, 'install_base': '/home/ubuntu/relBot/install/relbot2turtlesim', 'merge_install': False, 'path': '/home/ubuntu/relBot/src/relbot2turtlesim', 'symlink_install': False, 'test_result_base': None}
[0.376s] Level 5:colcon.colcon_core.verb:set package 'relbot_launch' build argument 'cmake_args' from command line to 'None'
[0.376s] Level 5:colcon.colcon_core.verb:set package 'relbot_launch' build argument 'cmake_target' from command line to 'None'
[0.376s] Level 5:colcon.colcon_core.verb:set package 'relbot_launch' build argument 'cmake_target_skip_unavailable' from command line to 'False'
[0.376s] Level 5:colcon.colcon_core.verb:set package 'relbot_launch' build argument 'cmake_clean_cache' from command line to 'False'
[0.376s] Level 5:colcon.colcon_core.verb:set package 'relbot_launch' build argument 'cmake_clean_first' from command line to 'False'
[0.376s] Level 5:colcon.colcon_core.verb:set package 'relbot_launch' build argument 'cmake_force_configure' from command line to 'False'
[0.376s] Level 5:colcon.colcon_core.verb:set package 'relbot_launch' build argument 'ament_cmake_args' from command line to 'None'
[0.376s] Level 5:colcon.colcon_core.verb:set package 'relbot_launch' build argument 'catkin_cmake_args' from command line to 'None'
[0.376s] Level 5:colcon.colcon_core.verb:set package 'relbot_launch' build argument 'catkin_skip_building_tests' from command line to 'False'
[0.376s] DEBUG:colcon.colcon_core.verb:Building package 'relbot_launch' with the following arguments: {'ament_cmake_args': None, 'build_base': '/home/ubuntu/relBot/build/relbot_launch', 'catkin_cmake_args': None, 'catkin_skip_building_tests': False, 'cmake_args': None, 'cmake_clean_cache': False, 'cmake_clean_first': False, 'cmake_force_configure': False, 'cmake_target': None, 'cmake_target_skip_unavailable': False, 'install_base': '/home/ubuntu/relBot/install/relbot_launch', 'merge_install': False, 'path': '/home/ubuntu/relBot/src/relbot_launch', 'symlink_install': False, 'test_result_base': None}
[0.376s] Level 5:colcon.colcon_core.verb:set package 'relbot_sequence_controller' build argument 'cmake_args' from command line to 'None'
[0.376s] Level 5:colcon.colcon_core.verb:set package 'relbot_sequence_controller' build argument 'cmake_target' from command line to 'None'
[0.376s] Level 5:colcon.colcon_core.verb:set package 'relbot_sequence_controller' build argument 'cmake_target_skip_unavailable' from command line to 'False'
[0.376s] Level 5:colcon.colcon_core.verb:set package 'relbot_sequence_controller' build argument 'cmake_clean_cache' from command line to 'False'
[0.376s] Level 5:colcon.colcon_core.verb:set package 'relbot_sequence_controller' build argument 'cmake_clean_first' from command line to 'False'
[0.376s] Level 5:colcon.colcon_core.verb:set package 'relbot_sequence_controller' build argument 'cmake_force_configure' from command line to 'False'
[0.376s] Level 5:colcon.colcon_core.verb:set package 'relbot_sequence_controller' build argument 'ament_cmake_args' from command line to 'None'
[0.376s] Level 5:colcon.colcon_core.verb:set package 'relbot_sequence_controller' build argument 'catkin_cmake_args' from command line to 'None'
[0.377s] Level 5:colcon.colcon_core.verb:set package 'relbot_sequence_controller' build argument 'catkin_skip_building_tests' from command line to 'False'
[0.377s] DEBUG:colcon.colcon_core.verb:Building package 'relbot_sequence_controller' with the following arguments: {'ament_cmake_args': None, 'build_base': '/home/ubuntu/relBot/build/relbot_sequence_controller', 'catkin_cmake_args': None, 'catkin_skip_building_tests': False, 'cmake_args': None, 'cmake_clean_cache': False, 'cmake_clean_first': False, 'cmake_force_configure': False, 'cmake_target': None, 'cmake_target_skip_unavailable': False, 'install_base': '/home/ubuntu/relBot/install/relbot_sequence_controller', 'merge_install': False, 'path': '/home/ubuntu/relBot/src/relbot_sequence_controller', 'symlink_install': False, 'test_result_base': None}
[0.377s] Level 5:colcon.colcon_core.verb:set package 'relbot_simulator' build argument 'cmake_args' from command line to 'None'
[0.377s] Level 5:colcon.colcon_core.verb:set package 'relbot_simulator' build argument 'cmake_target' from command line to 'None'
[0.377s] Level 5:colcon.colcon_core.verb:set package 'relbot_simulator' build argument 'cmake_target_skip_unavailable' from command line to 'False'
[0.377s] Level 5:colcon.colcon_core.verb:set package 'relbot_simulator' build argument 'cmake_clean_cache' from command line to 'False'
[0.377s] Level 5:colcon.colcon_core.verb:set package 'relbot_simulator' build argument 'cmake_clean_first' from command line to 'False'
[0.377s] Level 5:colcon.colcon_core.verb:set package 'relbot_simulator' build argument 'cmake_force_configure' from command line to 'False'
[0.377s] Level 5:colcon.colcon_core.verb:set package 'relbot_simulator' build argument 'ament_cmake_args' from command line to 'None'
[0.377s] Level 5:colcon.colcon_core.verb:set package 'relbot_simulator' build argument 'catkin_cmake_args' from command line to 'None'
[0.377s] Level 5:colcon.colcon_core.verb:set package 'relbot_simulator' build argument 'catkin_skip_building_tests' from command line to 'False'
[0.377s] DEBUG:colcon.colcon_core.verb:Building package 'relbot_simulator' with the following arguments: {'ament_cmake_args': None, 'build_base': '/home/ubuntu/relBot/build/relbot_simulator', 'catkin_cmake_args': None, 'catkin_skip_building_tests': False, 'cmake_args': None, 'cmake_clean_cache': False, 'cmake_clean_first': False, 'cmake_force_configure': False, 'cmake_target': None, 'cmake_target_skip_unavailable': False, 'install_base': '/home/ubuntu/relBot/install/relbot_simulator', 'merge_install': False, 'path': '/home/ubuntu/relBot/src/relbot_simulator', 'symlink_install': False, 'test_result_base': None}
[0.377s] INFO:colcon.colcon_core.executor:Executing jobs using 'parallel' executor
[0.378s] DEBUG:colcon.colcon_parallel_executor.executor.parallel:run_until_complete
[0.379s] INFO:colcon.colcon_ros.task.ament_cmake.build:Building ROS package in '/home/ubuntu/relBot/src/cam2image_vm2ros' with build type 'ament_cmake'
[0.379s] INFO:colcon.colcon_cmake.task.cmake.build:Building CMake package in '/home/ubuntu/relBot/src/cam2image_vm2ros'
[0.382s] INFO:colcon.colcon_core.plugin_system:Skipping extension 'colcon_core.shell.bat': Not used on non-Windows systems
[0.383s] INFO:colcon.colcon_core.shell:Skip shell extension 'powershell' for command environment: Not usable outside of PowerShell
[0.383s] DEBUG:colcon.colcon_core.shell:Skip shell extension 'dsv' for command environment
[0.386s] INFO:colcon.colcon_ros.task.ament_cmake.build:Building ROS package in '/home/ubuntu/relBot/src/my_image_processor' with build type 'ament_cmake'
[0.386s] INFO:colcon.colcon_cmake.task.cmake.build:Building CMake package in '/home/ubuntu/relBot/src/my_image_processor'
[0.387s] INFO:colcon.colcon_core.shell:Skip shell extension 'powershell' for command environment: Not usable outside of PowerShell
[0.387s] DEBUG:colcon.colcon_core.shell:Skip shell extension 'dsv' for command environment
[0.391s] INFO:colcon.colcon_ros.task.ament_cmake.build:Building ROS package in '/home/ubuntu/relBot/src/relbot2turtlesim' with build type 'ament_cmake'
[0.392s] INFO:colcon.colcon_cmake.task.cmake.build:Building CMake package in '/home/ubuntu/relBot/src/relbot2turtlesim'
[0.392s] INFO:colcon.colcon_core.shell:Skip shell extension 'powershell' for command environment: Not usable outside of PowerShell
[0.392s] DEBUG:colcon.colcon_core.shell:Skip shell extension 'dsv' for command environment
[0.397s] INFO:colcon.colcon_ros.task.ament_cmake.build:Building ROS package in '/home/ubuntu/relBot/src/relbot_launch' with build type 'ament_cmake'
[0.397s] INFO:colcon.colcon_cmake.task.cmake.build:Building CMake package in '/home/ubuntu/relBot/src/relbot_launch'
[0.398s] INFO:colcon.colcon_core.shell:Skip shell extension 'powershell' for command environment: Not usable outside of PowerShell
[0.398s] DEBUG:colcon.colcon_core.shell:Skip shell extension 'dsv' for command environment
[0.403s] INFO:colcon.colcon_ros.task.ament_cmake.build:Building ROS package in '/home/ubuntu/relBot/src/relbot_sequence_controller' with build type 'ament_cmake'
[0.403s] INFO:colcon.colcon_cmake.task.cmake.build:Building CMake package in '/home/ubuntu/relBot/src/relbot_sequence_controller'
[0.404s] INFO:colcon.colcon_core.shell:Skip shell extension 'powershell' for command environment: Not usable outside of PowerShell
[0.404s] DEBUG:colcon.colcon_core.shell:Skip shell extension 'dsv' for command environment
[0.408s] INFO:colcon.colcon_ros.task.ament_cmake.build:Building ROS package in '/home/ubuntu/relBot/src/relbot_simulator' with build type 'ament_cmake'
[0.408s] INFO:colcon.colcon_cmake.task.cmake.build:Building CMake package in '/home/ubuntu/relBot/src/relbot_simulator'
[0.408s] INFO:colcon.colcon_core.shell:Skip shell extension 'powershell' for command environment: Not usable outside of PowerShell
[0.408s] DEBUG:colcon.colcon_core.shell:Skip shell extension 'dsv' for command environment
[0.419s] DEBUG:colcon.colcon_core.event_handler.log_command:Invoking command in '/home/ubuntu/relBot/build/cam2image_vm2ros': CMAKE_PREFIX_PATH=${CMAKE_PREFIX_PATH}:/opt/ros/jazzy DEBUGINFOD_URLS=https://debuginfod.ubuntu.com /usr/bin/cmake --build /home/ubuntu/relBot/build/cam2image_vm2ros -- -j8 -l8
[0.425s] DEBUG:colcon.colcon_core.event_handler.log_command:Invoking command in '/home/ubuntu/relBot/build/my_image_processor': CMAKE_PREFIX_PATH=${CMAKE_PREFIX_PATH}:/opt/ros/jazzy DEBUGINFOD_URLS=https://debuginfod.ubuntu.com /usr/bin/cmake --build /home/ubuntu/relBot/build/my_image_processor -- -j8 -l8
[0.429s] DEBUG:colcon.colcon_core.event_handler.log_command:Invoking command in '/home/ubuntu/relBot/build/relbot2turtlesim': CMAKE_PREFIX_PATH=${CMAKE_PREFIX_PATH}:/opt/ros/jazzy DEBUGINFOD_URLS=https://debuginfod.ubuntu.com /usr/bin/cmake --build /home/ubuntu/relBot/build/relbot2turtlesim -- -j8 -l8
[0.432s] DEBUG:colcon.colcon_core.event_handler.log_command:Invoking command in '/home/ubuntu/relBot/build/relbot_launch': CMAKE_PREFIX_PATH=${CMAKE_PREFIX_PATH}:/opt/ros/jazzy DEBUGINFOD_URLS=https://debuginfod.ubuntu.com /usr/bin/cmake --build /home/ubuntu/relBot/build/relbot_launch -- -j8 -l8
[0.436s] DEBUG:colcon.colcon_core.event_handler.log_command:Invoking command in '/home/ubuntu/relBot/build/relbot_sequence_controller': CMAKE_PREFIX_PATH=${CMAKE_PREFIX_PATH}:/opt/ros/jazzy DEBUGINFOD_URLS=https://debuginfod.ubuntu.com /usr/bin/cmake --build /home/ubuntu/relBot/build/relbot_sequence_controller -- -j8 -l8
[0.453s] DEBUG:colcon.colcon_core.event_handler.log_command:Invoking command in '/home/ubuntu/relBot/build/relbot_simulator': CMAKE_PREFIX_PATH=${CMAKE_PREFIX_PATH}:/opt/ros/jazzy DEBUGINFOD_URLS=https://debuginfod.ubuntu.com /usr/bin/cmake --build /home/ubuntu/relBot/build/relbot_simulator -- -j8 -l8
[0.499s] DEBUG:colcon.colcon_core.event_handler.log_command:Invoked command in '/home/ubuntu/relBot/build/relbot_launch' returned '0': CMAKE_PREFIX_PATH=${CMAKE_PREFIX_PATH}:/opt/ros/jazzy DEBUGINFOD_URLS=https://debuginfod.ubuntu.com /usr/bin/cmake --build /home/ubuntu/relBot/build/relbot_launch -- -j8 -l8
[0.517s] DEBUG:colcon.colcon_core.event_handler.log_command:Invoking command in '/home/ubuntu/relBot/build/relbot_launch': CMAKE_PREFIX_PATH=${CMAKE_PREFIX_PATH}:/opt/ros/jazzy DEBUGINFOD_URLS=https://debuginfod.ubuntu.com /usr/bin/cmake --install /home/ubuntu/relBot/build/relbot_launch
[0.537s] Level 1:colcon.colcon_core.environment:create_environment_scripts_only(relbot_launch)
[0.542s] DEBUG:colcon.colcon_core.event_handler.log_command:Invoked command in '/home/ubuntu/relBot/build/relbot_launch' returned '0': CMAKE_PREFIX_PATH=${CMAKE_PREFIX_PATH}:/opt/ros/jazzy DEBUGINFOD_URLS=https://debuginfod.ubuntu.com /usr/bin/cmake --install /home/ubuntu/relBot/build/relbot_launch
[0.546s] Level 1:colcon.colcon_core.environment:checking '/home/ubuntu/relBot/install/relbot_launch' for CMake module files
[0.547s] Level 1:colcon.colcon_core.environment:checking '/home/ubuntu/relBot/install/relbot_launch' for CMake config files
[0.548s] Level 1:colcon.colcon_core.shell:create_environment_hook('relbot_launch', 'cmake_prefix_path')
[0.549s] INFO:colcon.colcon_core.shell:Creating environment hook '/home/ubuntu/relBot/install/relbot_launch/share/relbot_launch/hook/cmake_prefix_path.ps1'
[0.550s] INFO:colcon.colcon_core.shell:Creating environment descriptor '/home/ubuntu/relBot/install/relbot_launch/share/relbot_launch/hook/cmake_prefix_path.dsv'
[0.551s] INFO:colcon.colcon_core.shell:Creating environment hook '/home/ubuntu/relBot/install/relbot_launch/share/relbot_launch/hook/cmake_prefix_path.sh'
[0.553s] Level 1:colcon.colcon_core.environment:checking '/home/ubuntu/relBot/install/relbot_launch/bin'
[0.553s] Level 1:colcon.colcon_core.environment:checking '/home/ubuntu/relBot/install/relbot_launch/lib/pkgconfig/relbot_launch.pc'
[0.554s] Level 1:colcon.colcon_core.environment:checking '/home/ubuntu/relBot/install/relbot_launch/lib/python3.12/site-packages'
[0.554s] Level 1:colcon.colcon_core.environment:checking '/home/ubuntu/relBot/install/relbot_launch/bin'
[0.555s] INFO:colcon.colcon_core.shell:Creating package script '/home/ubuntu/relBot/install/relbot_launch/share/relbot_launch/package.ps1'
[0.558s] INFO:colcon.colcon_core.shell:Creating package descriptor '/home/ubuntu/relBot/install/relbot_launch/share/relbot_launch/package.dsv'
[0.560s] INFO:colcon.colcon_core.shell:Creating package script '/home/ubuntu/relBot/install/relbot_launch/share/relbot_launch/package.sh'
[0.563s] INFO:colcon.colcon_core.shell:Creating package script '/home/ubuntu/relBot/install/relbot_launch/share/relbot_launch/package.bash'
[0.564s] INFO:colcon.colcon_core.shell:Creating package script '/home/ubuntu/relBot/install/relbot_launch/share/relbot_launch/package.zsh'
[0.566s] Level 1:colcon.colcon_core.environment:create_file_with_runtime_dependencies(/home/ubuntu/relBot/install/relbot_launch/share/colcon-core/packages/relbot_launch)
[0.568s] Level 1:colcon.colcon_core.environment:create_environment_scripts_only(relbot_launch)
[0.568s] Level 1:colcon.colcon_core.environment:checking '/home/ubuntu/relBot/install/relbot_launch' for CMake module files
[0.569s] Level 1:colcon.colcon_core.environment:checking '/home/ubuntu/relBot/install/relbot_launch' for CMake config files
[0.570s] Level 1:colcon.colcon_core.shell:create_environment_hook('relbot_launch', 'cmake_prefix_path')
[0.570s] INFO:colcon.colcon_core.shell:Creating environment hook '/home/ubuntu/relBot/install/relbot_launch/share/relbot_launch/hook/cmake_prefix_path.ps1'
[0.571s] INFO:colcon.colcon_core.shell:Creating environment descriptor '/home/ubuntu/relBot/install/relbot_launch/share/relbot_launch/hook/cmake_prefix_path.dsv'
[0.571s] INFO:colcon.colcon_core.shell:Creating environment hook '/home/ubuntu/relBot/install/relbot_launch/share/relbot_launch/hook/cmake_prefix_path.sh'
[0.572s] Level 1:colcon.colcon_core.environment:checking '/home/ubuntu/relBot/install/relbot_launch/bin'
[0.572s] Level 1:colcon.colcon_core.environment:checking '/home/ubuntu/relBot/install/relbot_launch/lib/pkgconfig/relbot_launch.pc'
[0.573s] Level 1:colcon.colcon_core.environment:checking '/home/ubuntu/relBot/install/relbot_launch/lib/python3.12/site-packages'
[0.573s] Level 1:colcon.colcon_core.environment:checking '/home/ubuntu/relBot/install/relbot_launch/bin'
[0.573s] INFO:colcon.colcon_core.shell:Creating package script '/home/ubuntu/relBot/install/relbot_launch/share/relbot_launch/package.ps1'
[0.575s] INFO:colcon.colcon_core.shell:Creating package descriptor '/home/ubuntu/relBot/install/relbot_launch/share/relbot_launch/package.dsv'
[0.576s] INFO:colcon.colcon_core.shell:Creating package script '/home/ubuntu/relBot/install/relbot_launch/share/relbot_launch/package.sh'
[0.578s] INFO:colcon.colcon_core.shell:Creating package script '/home/ubuntu/relBot/install/relbot_launch/share/relbot_launch/package.bash'
[0.579s] INFO:colcon.colcon_core.shell:Creating package script '/home/ubuntu/relBot/install/relbot_launch/share/relbot_launch/package.zsh'
[0.580s] Level 1:colcon.colcon_core.environment:create_file_with_runtime_dependencies(/home/ubuntu/relBot/install/relbot_launch/share/colcon-core/packages/relbot_launch)
[0.585s] DEBUG:colcon.colcon_core.event_handler.log_command:Invoked command in '/home/ubuntu/relBot/build/cam2image_vm2ros' returned '0': CMAKE_PREFIX_PATH=${CMAKE_PREFIX_PATH}:/opt/ros/jazzy DEBUGINFOD_URLS=https://debuginfod.ubuntu.com /usr/bin/cmake --build /home/ubuntu/relBot/build/cam2image_vm2ros -- -j8 -l8
[0.586s] DEBUG:colcon.colcon_core.event_handler.log_command:Invoking command in '/home/ubuntu/relBot/build/cam2image_vm2ros': CMAKE_PREFIX_PATH=${CMAKE_PREFIX_PATH}:/opt/ros/jazzy DEBUGINFOD_URLS=https://debuginfod.ubuntu.com /usr/bin/cmake --install /home/ubuntu/relBot/build/cam2image_vm2ros
[0.587s] DEBUG:colcon.colcon_core.event_handler.log_command:Invoked command in '/home/ubuntu/relBot/build/relbot2turtlesim' returned '0': CMAKE_PREFIX_PATH=${CMAKE_PREFIX_PATH}:/opt/ros/jazzy DEBUGINFOD_URLS=https://debuginfod.ubuntu.com /usr/bin/cmake --build /home/ubuntu/relBot/build/relbot2turtlesim -- -j8 -l8
[0.589s] DEBUG:colcon.colcon_core.event_handler.log_command:Invoking command in '/home/ubuntu/relBot/build/relbot2turtlesim': CMAKE_PREFIX_PATH=${CMAKE_PREFIX_PATH}:/opt/ros/jazzy DEBUGINFOD_URLS=https://debuginfod.ubuntu.com /usr/bin/cmake --install /home/ubuntu/relBot/build/relbot2turtlesim
[0.590s] DEBUG:colcon.colcon_core.event_handler.log_command:Invoked command in '/home/ubuntu/relBot/build/my_image_processor' returned '0': CMAKE_PREFIX_PATH=${CMAKE_PREFIX_PATH}:/opt/ros/jazzy DEBUGINFOD_URLS=https://debuginfod.ubuntu.com /usr/bin/cmake --build /home/ubuntu/relBot/build/my_image_processor -- -j8 -l8
[0.592s] DEBUG:colcon.colcon_core.event_handler.log_command:Invoking command in '/home/ubuntu/relBot/build/my_image_processor': CMAKE_PREFIX_PATH=${CMAKE_PREFIX_PATH}:/opt/ros/jazzy DEBUGINFOD_URLS=https://debuginfod.ubuntu.com /usr/bin/cmake --install /home/ubuntu/relBot/build/my_image_processor
[0.595s] DEBUG:colcon.colcon_core.event_handler.log_command:Invoked command in '/home/ubuntu/relBot/build/relbot_simulator' returned '0': CMAKE_PREFIX_PATH=${CMAKE_PREFIX_PATH}:/opt/ros/jazzy DEBUGINFOD_URLS=https://debuginfod.ubuntu.com /usr/bin/cmake --build /home/ubuntu/relBot/build/relbot_simulator -- -j8 -l8
[0.599s] DEBUG:colcon.colcon_core.event_handler.log_command:Invoking command in '/home/ubuntu/relBot/build/relbot_simulator': CMAKE_PREFIX_PATH=${CMAKE_PREFIX_PATH}:/opt/ros/jazzy DEBUGINFOD_URLS=https://debuginfod.ubuntu.com /usr/bin/cmake --install /home/ubuntu/relBot/build/relbot_simulator
[0.617s] Level 1:colcon.colcon_core.environment:create_environment_scripts_only(relbot2turtlesim)
[0.619s] Level 1:colcon.colcon_core.environment:checking '/home/ubuntu/relBot/install/relbot2turtlesim' for CMake module files
[0.626s] Level 1:colcon.colcon_core.environment:checking '/home/ubuntu/relBot/install/relbot2turtlesim' for CMake config files
[0.628s] Level 1:colcon.colcon_core.shell:create_environment_hook('relbot2turtlesim', 'cmake_prefix_path')
[0.629s] INFO:colcon.colcon_core.shell:Creating environment hook '/home/ubuntu/relBot/install/relbot2turtlesim/share/relbot2turtlesim/hook/cmake_prefix_path.ps1'
[0.632s] INFO:colcon.colcon_core.shell:Creating environment descriptor '/home/ubuntu/relBot/install/relbot2turtlesim/share/relbot2turtlesim/hook/cmake_prefix_path.dsv'
[0.634s] DEBUG:colcon.colcon_core.event_handler.log_command:Invoked command in '/home/ubuntu/relBot/build/relbot2turtlesim' returned '0': CMAKE_PREFIX_PATH=${CMAKE_PREFIX_PATH}:/opt/ros/jazzy DEBUGINFOD_URLS=https://debuginfod.ubuntu.com /usr/bin/cmake --install /home/ubuntu/relBot/build/relbot2turtlesim
[0.634s] INFO:colcon.colcon_core.shell:Creating environment hook '/home/ubuntu/relBot/install/relbot2turtlesim/share/relbot2turtlesim/hook/cmake_prefix_path.sh'
[0.635s] Level 1:colcon.colcon_core.environment:checking '/home/ubuntu/relBot/install/relbot2turtlesim/lib'
[0.635s] Level 1:colcon.colcon_core.environment:checking '/home/ubuntu/relBot/install/relbot2turtlesim/bin'
[0.636s] Level 1:colcon.colcon_core.environment:checking '/home/ubuntu/relBot/install/relbot2turtlesim/lib/pkgconfig/relbot2turtlesim.pc'
[0.636s] Level 1:colcon.colcon_core.environment:checking '/home/ubuntu/relBot/install/relbot2turtlesim/lib/python3.12/site-packages'
[0.636s] Level 1:colcon.colcon_core.environment:checking '/home/ubuntu/relBot/install/relbot2turtlesim/bin'
[0.637s] INFO:colcon.colcon_core.shell:Creating package script '/home/ubuntu/relBot/install/relbot2turtlesim/share/relbot2turtlesim/package.ps1'
[0.637s] INFO:colcon.colcon_core.shell:Creating package descriptor '/home/ubuntu/relBot/install/relbot2turtlesim/share/relbot2turtlesim/package.dsv'
[0.638s] INFO:colcon.colcon_core.shell:Creating package script '/home/ubuntu/relBot/install/relbot2turtlesim/share/relbot2turtlesim/package.sh'
[0.638s] INFO:colcon.colcon_core.shell:Creating package script '/home/ubuntu/relBot/install/relbot2turtlesim/share/relbot2turtlesim/package.bash'
[0.639s] INFO:colcon.colcon_core.shell:Creating package script '/home/ubuntu/relBot/install/relbot2turtlesim/share/relbot2turtlesim/package.zsh'
[0.639s] Level 1:colcon.colcon_core.environment:create_file_with_runtime_dependencies(/home/ubuntu/relBot/install/relbot2turtlesim/share/colcon-core/packages/relbot2turtlesim)
[0.640s] Level 1:colcon.colcon_core.environment:create_environment_scripts_only(relbot2turtlesim)
[0.640s] Level 1:colcon.colcon_core.environment:checking '/home/ubuntu/relBot/install/relbot2turtlesim' for CMake module files
[0.640s] Level 1:colcon.colcon_core.environment:checking '/home/ubuntu/relBot/install/relbot2turtlesim' for CMake config files
[0.641s] Level 1:colcon.colcon_core.shell:create_environment_hook('relbot2turtlesim', 'cmake_prefix_path')
[0.641s] INFO:colcon.colcon_core.shell:Creating environment hook '/home/ubuntu/relBot/install/relbot2turtlesim/share/relbot2turtlesim/hook/cmake_prefix_path.ps1'
[0.641s] INFO:colcon.colcon_core.shell:Creating environment descriptor '/home/ubuntu/relBot/install/relbot2turtlesim/share/relbot2turtlesim/hook/cmake_prefix_path.dsv'
[0.642s] INFO:colcon.colcon_core.shell:Creating environment hook '/home/ubuntu/relBot/install/relbot2turtlesim/share/relbot2turtlesim/hook/cmake_prefix_path.sh'
[0.642s] Level 1:colcon.colcon_core.environment:checking '/home/ubuntu/relBot/install/relbot2turtlesim/lib'
[0.643s] Level 1:colcon.colcon_core.environment:checking '/home/ubuntu/relBot/install/relbot2turtlesim/bin'
[0.643s] Level 1:colcon.colcon_core.environment:checking '/home/ubuntu/relBot/install/relbot2turtlesim/lib/pkgconfig/relbot2turtlesim.pc'
[0.643s] Level 1:colcon.colcon_core.environment:checking '/home/ubuntu/relBot/install/relbot2turtlesim/lib/python3.12/site-packages'
[0.643s] Level 1:colcon.colcon_core.environment:checking '/home/ubuntu/relBot/install/relbot2turtlesim/bin'
[0.643s] INFO:colcon.colcon_core.shell:Creating package script '/home/ubuntu/relBot/install/relbot2turtlesim/share/relbot2turtlesim/package.ps1'
[0.644s] INFO:colcon.colcon_core.shell:Creating package descriptor '/home/ubuntu/relBot/install/relbot2turtlesim/share/relbot2turtlesim/package.dsv'
[0.644s] INFO:colcon.colcon_core.shell:Creating package script '/home/ubuntu/relBot/install/relbot2turtlesim/share/relbot2turtlesim/package.sh'
[0.645s] INFO:colcon.colcon_core.shell:Creating package script '/home/ubuntu/relBot/install/relbot2turtlesim/share/relbot2turtlesim/package.bash'
[0.646s] INFO:colcon.colcon_core.shell:Creating package script '/home/ubuntu/relBot/install/relbot2turtlesim/share/relbot2turtlesim/package.zsh'
[0.646s] Level 1:colcon.colcon_core.environment:create_file_with_runtime_dependencies(/home/ubuntu/relBot/install/relbot2turtlesim/share/colcon-core/packages/relbot2turtlesim)
[0.647s] Level 1:colcon.colcon_core.environment:create_environment_scripts_only(cam2image_vm2ros)
[0.647s] Level 1:colcon.colcon_core.environment:checking '/home/ubuntu/relBot/install/cam2image_vm2ros' for CMake module files
[0.649s] DEBUG:colcon.colcon_core.event_handler.log_command:Invoked command in '/home/ubuntu/relBot/build/cam2image_vm2ros' returned '0': CMAKE_PREFIX_PATH=${CMAKE_PREFIX_PATH}:/opt/ros/jazzy DEBUGINFOD_URLS=https://debuginfod.ubuntu.com /usr/bin/cmake --install /home/ubuntu/relBot/build/cam2image_vm2ros
[0.650s] Level 1:colcon.colcon_core.environment:checking '/home/ubuntu/relBot/install/cam2image_vm2ros' for CMake config files
[0.651s] Level 1:colcon.colcon_core.shell:create_environment_hook('cam2image_vm2ros', 'cmake_prefix_path')
[0.651s] INFO:colcon.colcon_core.shell:Creating environment hook '/home/ubuntu/relBot/install/cam2image_vm2ros/share/cam2image_vm2ros/hook/cmake_prefix_path.ps1'
[0.651s] INFO:colcon.colcon_core.shell:Creating environment descriptor '/home/ubuntu/relBot/install/cam2image_vm2ros/share/cam2image_vm2ros/hook/cmake_prefix_path.dsv'
[0.652s] INFO:colcon.colcon_core.shell:Creating environment hook '/home/ubuntu/relBot/install/cam2image_vm2ros/share/cam2image_vm2ros/hook/cmake_prefix_path.sh'
[0.652s] Level 1:colcon.colcon_core.environment:checking '/home/ubuntu/relBot/install/cam2image_vm2ros/lib'
[0.653s] Level 1:colcon.colcon_core.shell:create_environment_hook('cam2image_vm2ros', 'ld_library_path_lib')
[0.653s] INFO:colcon.colcon_core.shell:Creating environment hook '/home/ubuntu/relBot/install/cam2image_vm2ros/share/cam2image_vm2ros/hook/ld_library_path_lib.ps1'
[0.653s] INFO:colcon.colcon_core.shell:Creating environment descriptor '/home/ubuntu/relBot/install/cam2image_vm2ros/share/cam2image_vm2ros/hook/ld_library_path_lib.dsv'
[0.654s] INFO:colcon.colcon_core.shell:Creating environment hook '/home/ubuntu/relBot/install/cam2image_vm2ros/share/cam2image_vm2ros/hook/ld_library_path_lib.sh'
[0.654s] Level 1:colcon.colcon_core.environment:checking '/home/ubuntu/relBot/install/cam2image_vm2ros/bin'
[0.654s] Level 1:colcon.colcon_core.environment:checking '/home/ubuntu/relBot/install/cam2image_vm2ros/lib/pkgconfig/cam2image_vm2ros.pc'
[0.655s] Level 1:colcon.colcon_core.environment:checking '/home/ubuntu/relBot/install/cam2image_vm2ros/lib/python3.12/site-packages'
[0.655s] Level 1:colcon.colcon_core.environment:checking '/home/ubuntu/relBot/install/cam2image_vm2ros/bin'
[0.656s] INFO:colcon.colcon_core.shell:Creating package script '/home/ubuntu/relBot/install/cam2image_vm2ros/share/cam2image_vm2ros/package.ps1'
[0.657s] INFO:colcon.colcon_core.shell:Creating package descriptor '/home/ubuntu/relBot/install/cam2image_vm2ros/share/cam2image_vm2ros/package.dsv'
[0.657s] INFO:colcon.colcon_core.shell:Creating package script '/home/ubuntu/relBot/install/cam2image_vm2ros/share/cam2image_vm2ros/package.sh'
[0.658s] INFO:colcon.colcon_core.shell:Creating package script '/home/ubuntu/relBot/install/cam2image_vm2ros/share/cam2image_vm2ros/package.bash'
[0.658s] INFO:colcon.colcon_core.shell:Creating package script '/home/ubuntu/relBot/install/cam2image_vm2ros/share/cam2image_vm2ros/package.zsh'
[0.659s] Level 1:colcon.colcon_core.environment:create_file_with_runtime_dependencies(/home/ubuntu/relBot/install/cam2image_vm2ros/share/colcon-core/packages/cam2image_vm2ros)
[0.659s] Level 1:colcon.colcon_core.environment:create_environment_scripts_only(cam2image_vm2ros)
[0.660s] Level 1:colcon.colcon_core.environment:checking '/home/ubuntu/relBot/install/cam2image_vm2ros' for CMake module files
[0.660s] Level 1:colcon.colcon_core.environment:checking '/home/ubuntu/relBot/install/cam2image_vm2ros' for CMake config files
[0.660s] Level 1:colcon.colcon_core.shell:create_environment_hook('cam2image_vm2ros', 'cmake_prefix_path')
[0.661s] INFO:colcon.colcon_core.shell:Creating environment hook '/home/ubuntu/relBot/install/cam2image_vm2ros/share/cam2image_vm2ros/hook/cmake_prefix_path.ps1'
[0.661s] INFO:colcon.colcon_core.shell:Creating environment descriptor '/home/ubuntu/relBot/install/cam2image_vm2ros/share/cam2image_vm2ros/hook/cmake_prefix_path.dsv'
[0.662s] INFO:colcon.colcon_core.shell:Creating environment hook '/home/ubuntu/relBot/install/cam2image_vm2ros/share/cam2image_vm2ros/hook/cmake_prefix_path.sh'
[0.662s] Level 1:colcon.colcon_core.environment:checking '/home/ubuntu/relBot/install/cam2image_vm2ros/lib'
[0.662s] Level 1:colcon.colcon_core.shell:create_environment_hook('cam2image_vm2ros', 'ld_library_path_lib')
[0.663s] INFO:colcon.colcon_core.shell:Creating environment hook '/home/ubuntu/relBot/install/cam2image_vm2ros/share/cam2image_vm2ros/hook/ld_library_path_lib.ps1'
[0.663s] INFO:colcon.colcon_core.shell:Creating environment descriptor '/home/ubuntu/relBot/install/cam2image_vm2ros/share/cam2image_vm2ros/hook/ld_library_path_lib.dsv'
[0.664s] INFO:colcon.colcon_core.shell:Creating environment hook '/home/ubuntu/relBot/install/cam2image_vm2ros/share/cam2image_vm2ros/hook/ld_library_path_lib.sh'
[0.664s] Level 1:colcon.colcon_core.environment:checking '/home/ubuntu/relBot/install/cam2image_vm2ros/bin'
[0.664s] Level 1:colcon.colcon_core.environment:checking '/home/ubuntu/relBot/install/cam2image_vm2ros/lib/pkgconfig/cam2image_vm2ros.pc'
[0.664s] Level 1:colcon.colcon_core.environment:checking '/home/ubuntu/relBot/install/cam2image_vm2ros/lib/python3.12/site-packages'
[0.665s] Level 1:colcon.colcon_core.environment:checking '/home/ubuntu/relBot/install/cam2image_vm2ros/bin'
[0.665s] INFO:colcon.colcon_core.shell:Creating package script '/home/ubuntu/relBot/install/cam2image_vm2ros/share/cam2image_vm2ros/package.ps1'
[0.665s] INFO:colcon.colcon_core.shell:Creating package descriptor '/home/ubuntu/relBot/install/cam2image_vm2ros/share/cam2image_vm2ros/package.dsv'
[0.666s] INFO:colcon.colcon_core.shell:Creating package script '/home/ubuntu/relBot/install/cam2image_vm2ros/share/cam2image_vm2ros/package.sh'
[0.667s] INFO:colcon.colcon_core.shell:Creating package script '/home/ubuntu/relBot/install/cam2image_vm2ros/share/cam2image_vm2ros/package.bash'
[0.667s] INFO:colcon.colcon_core.shell:Creating package script '/home/ubuntu/relBot/install/cam2image_vm2ros/share/cam2image_vm2ros/package.zsh'
[0.668s] Level 1:colcon.colcon_core.environment:create_file_with_runtime_dependencies(/home/ubuntu/relBot/install/cam2image_vm2ros/share/colcon-core/packages/cam2image_vm2ros)
[0.670s] Level 1:colcon.colcon_core.environment:create_environment_scripts_only(my_image_processor)
[0.671s] Level 1:colcon.colcon_core.environment:checking '/home/ubuntu/relBot/install/my_image_processor' for CMake module files
[0.671s] DEBUG:colcon.colcon_core.event_handler.log_command:Invoked command in '/home/ubuntu/relBot/build/my_image_processor' returned '0': CMAKE_PREFIX_PATH=${CMAKE_PREFIX_PATH}:/opt/ros/jazzy DEBUGINFOD_URLS=https://debuginfod.ubuntu.com /usr/bin/cmake --install /home/ubuntu/relBot/build/my_image_processor
[0.673s] Level 1:colcon.colcon_core.environment:checking '/home/ubuntu/relBot/install/my_image_processor' for CMake config files
[0.674s] Level 1:colcon.colcon_core.shell:create_environment_hook('my_image_processor', 'cmake_prefix_path')
[0.674s] INFO:colcon.colcon_core.shell:Creating environment hook '/home/ubuntu/relBot/install/my_image_processor/share/my_image_processor/hook/cmake_prefix_path.ps1'
[0.675s] INFO:colcon.colcon_core.shell:Creating environment descriptor '/home/ubuntu/relBot/install/my_image_processor/share/my_image_processor/hook/cmake_prefix_path.dsv'
[0.676s] INFO:colcon.colcon_core.shell:Creating environment hook '/home/ubuntu/relBot/install/my_image_processor/share/my_image_processor/hook/cmake_prefix_path.sh'
[0.677s] Level 1:colcon.colcon_core.environment:checking '/home/ubuntu/relBot/install/my_image_processor/lib'
[0.677s] Level 1:colcon.colcon_core.environment:checking '/home/ubuntu/relBot/install/my_image_processor/bin'
[0.677s] Level 1:colcon.colcon_core.environment:checking '/home/ubuntu/relBot/install/my_image_processor/lib/pkgconfig/my_image_processor.pc'
[0.678s] Level 1:colcon.colcon_core.environment:checking '/home/ubuntu/relBot/install/my_image_processor/lib/python3.12/site-packages'
[0.678s] Level 1:colcon.colcon_core.environment:checking '/home/ubuntu/relBot/install/my_image_processor/bin'
[0.679s] INFO:colcon.colcon_core.shell:Creating package script '/home/ubuntu/relBot/install/my_image_processor/share/my_image_processor/package.ps1'
[0.680s] INFO:colcon.colcon_core.shell:Creating package descriptor '/home/ubuntu/relBot/install/my_image_processor/share/my_image_processor/package.dsv'
[0.680s] INFO:colcon.colcon_core.shell:Creating package script '/home/ubuntu/relBot/install/my_image_processor/share/my_image_processor/package.sh'
[0.681s] INFO:colcon.colcon_core.shell:Creating package script '/home/ubuntu/relBot/install/my_image_processor/share/my_image_processor/package.bash'
[0.681s] INFO:colcon.colcon_core.shell:Creating package script '/home/ubuntu/relBot/install/my_image_processor/share/my_image_processor/package.zsh'
[0.681s] Level 1:colcon.colcon_core.environment:create_file_with_runtime_dependencies(/home/ubuntu/relBot/install/my_image_processor/share/colcon-core/packages/my_image_processor)
[0.682s] Level 1:colcon.colcon_core.environment:create_environment_scripts_only(my_image_processor)
[0.682s] Level 1:colcon.colcon_core.environment:checking '/home/ubuntu/relBot/install/my_image_processor' for CMake module files
[0.683s] Level 1:colcon.colcon_core.environment:checking '/home/ubuntu/relBot/install/my_image_processor' for CMake config files
[0.683s] Level 1:colcon.colcon_core.shell:create_environment_hook('my_image_processor', 'cmake_prefix_path')
[0.683s] INFO:colcon.colcon_core.shell:Creating environment hook '/home/ubuntu/relBot/install/my_image_processor/share/my_image_processor/hook/cmake_prefix_path.ps1'
[0.684s] INFO:colcon.colcon_core.shell:Creating environment descriptor '/home/ubuntu/relBot/install/my_image_processor/share/my_image_processor/hook/cmake_prefix_path.dsv'
[0.684s] INFO:colcon.colcon_core.shell:Creating environment hook '/home/ubuntu/relBot/install/my_image_processor/share/my_image_processor/hook/cmake_prefix_path.sh'
[0.684s] Level 1:colcon.colcon_core.environment:checking '/home/ubuntu/relBot/install/my_image_processor/lib'
[0.685s] Level 1:colcon.colcon_core.environment:checking '/home/ubuntu/relBot/install/my_image_processor/bin'
[0.685s] Level 1:colcon.colcon_core.environment:checking '/home/ubuntu/relBot/install/my_image_processor/lib/pkgconfig/my_image_processor.pc'
[0.685s] Level 1:colcon.colcon_core.environment:checking '/home/ubuntu/relBot/install/my_image_processor/lib/python3.12/site-packages'
[0.685s] Level 1:colcon.colcon_core.environment:checking '/home/ubuntu/relBot/install/my_image_processor/bin'
[0.685s] INFO:colcon.colcon_core.shell:Creating package script '/home/ubuntu/relBot/install/my_image_processor/share/my_image_processor/package.ps1'
[0.686s] INFO:colcon.colcon_core.shell:Creating package descriptor '/home/ubuntu/relBot/install/my_image_processor/share/my_image_processor/package.dsv'
[0.686s] INFO:colcon.colcon_core.shell:Creating package script '/home/ubuntu/relBot/install/my_image_processor/share/my_image_processor/package.sh'
[0.687s] INFO:colcon.colcon_core.shell:Creating package script '/home/ubuntu/relBot/install/my_image_processor/share/my_image_processor/package.bash'
[0.687s] INFO:colcon.colcon_core.shell:Creating package script '/home/ubuntu/relBot/install/my_image_processor/share/my_image_processor/package.zsh'
[0.688s] Level 1:colcon.colcon_core.environment:create_file_with_runtime_dependencies(/home/ubuntu/relBot/install/my_image_processor/share/colcon-core/packages/my_image_processor)
[0.688s] Level 1:colcon.colcon_core.environment:create_environment_scripts_only(relbot_simulator)
[0.688s] Level 1:colcon.colcon_core.environment:checking '/home/ubuntu/relBot/install/relbot_simulator' for CMake module files
[0.691s] Level 1:colcon.colcon_core.environment:checking '/home/ubuntu/relBot/install/relbot_simulator' for CMake config files
[0.691s] DEBUG:colcon.colcon_core.event_handler.log_command:Invoked command in '/home/ubuntu/relBot/build/relbot_simulator' returned '0': CMAKE_PREFIX_PATH=${CMAKE_PREFIX_PATH}:/opt/ros/jazzy DEBUGINFOD_URLS=https://debuginfod.ubuntu.com /usr/bin/cmake --install /home/ubuntu/relBot/build/relbot_simulator
[0.692s] Level 1:colcon.colcon_core.shell:create_environment_hook('relbot_simulator', 'cmake_prefix_path')
[0.693s] INFO:colcon.colcon_core.shell:Creating environment hook '/home/ubuntu/relBot/install/relbot_simulator/share/relbot_simulator/hook/cmake_prefix_path.ps1'
[0.694s] INFO:colcon.colcon_core.shell:Creating environment descriptor '/home/ubuntu/relBot/install/relbot_simulator/share/relbot_simulator/hook/cmake_prefix_path.dsv'
[0.695s] INFO:colcon.colcon_core.shell:Creating environment hook '/home/ubuntu/relBot/install/relbot_simulator/share/relbot_simulator/hook/cmake_prefix_path.sh'
[0.696s] Level 1:colcon.colcon_core.environment:checking '/home/ubuntu/relBot/install/relbot_simulator/lib'
[0.696s] Level 1:colcon.colcon_core.environment:checking '/home/ubuntu/relBot/install/relbot_simulator/bin'
[0.696s] Level 1:colcon.colcon_core.environment:checking '/home/ubuntu/relBot/install/relbot_simulator/lib/pkgconfig/relbot_simulator.pc'
[0.696s] Level 1:colcon.colcon_core.environment:checking '/home/ubuntu/relBot/install/relbot_simulator/lib/python3.12/site-packages'
[0.697s] Level 1:colcon.colcon_core.environment:checking '/home/ubuntu/relBot/install/relbot_simulator/bin'
[0.697s] INFO:colcon.colcon_core.shell:Creating package script '/home/ubuntu/relBot/install/relbot_simulator/share/relbot_simulator/package.ps1'
[0.698s] INFO:colcon.colcon_core.shell:Creating package descriptor '/home/ubuntu/relBot/install/relbot_simulator/share/relbot_simulator/package.dsv'
[0.698s] INFO:colcon.colcon_core.shell:Creating package script '/home/ubuntu/relBot/install/relbot_simulator/share/relbot_simulator/package.sh'
[0.698s] INFO:colcon.colcon_core.shell:Creating package script '/home/ubuntu/relBot/install/relbot_simulator/share/relbot_simulator/package.bash'
[0.699s] INFO:colcon.colcon_core.shell:Creating package script '/home/ubuntu/relBot/install/relbot_simulator/share/relbot_simulator/package.zsh'
[0.700s] Level 1:colcon.colcon_core.environment:create_file_with_runtime_dependencies(/home/ubuntu/relBot/install/relbot_simulator/share/colcon-core/packages/relbot_simulator)
[0.700s] Level 1:colcon.colcon_core.environment:create_environment_scripts_only(relbot_simulator)
[0.700s] Level 1:colcon.colcon_core.environment:checking '/home/ubuntu/relBot/install/relbot_simulator' for CMake module files
[0.701s] Level 1:colcon.colcon_core.environment:checking '/home/ubuntu/relBot/install/relbot_simulator' for CMake config files
[0.701s] Level 1:colcon.colcon_core.shell:create_environment_hook('relbot_simulator', 'cmake_prefix_path')
[0.701s] INFO:colcon.colcon_core.shell:Creating environment hook '/home/ubuntu/relBot/install/relbot_simulator/share/relbot_simulator/hook/cmake_prefix_path.ps1'
[0.702s] INFO:colcon.colcon_core.shell:Creating environment descriptor '/home/ubuntu/relBot/install/relbot_simulator/share/relbot_simulator/hook/cmake_prefix_path.dsv'
[0.702s] INFO:colcon.colcon_core.shell:Creating environment hook '/home/ubuntu/relBot/install/relbot_simulator/share/relbot_simulator/hook/cmake_prefix_path.sh'
[0.703s] Level 1:colcon.colcon_core.environment:checking '/home/ubuntu/relBot/install/relbot_simulator/lib'
[0.703s] Level 1:colcon.colcon_core.environment:checking '/home/ubuntu/relBot/install/relbot_simulator/bin'
[0.703s] Level 1:colcon.colcon_core.environment:checking '/home/ubuntu/relBot/install/relbot_simulator/lib/pkgconfig/relbot_simulator.pc'
[0.703s] Level 1:colcon.colcon_core.environment:checking '/home/ubuntu/relBot/install/relbot_simulator/lib/python3.12/site-packages'
[0.703s] Level 1:colcon.colcon_core.environment:checking '/home/ubuntu/relBot/install/relbot_simulator/bin'
[0.704s] INFO:colcon.colcon_core.shell:Creating package script '/home/ubuntu/relBot/install/relbot_simulator/share/relbot_simulator/package.ps1'
[0.704s] INFO:colcon.colcon_core.shell:Creating package descriptor '/home/ubuntu/relBot/install/relbot_simulator/share/relbot_simulator/package.dsv'
[0.705s] INFO:colcon.colcon_core.shell:Creating package script '/home/ubuntu/relBot/install/relbot_simulator/share/relbot_simulator/package.sh'
[0.705s] INFO:colcon.colcon_core.shell:Creating package script '/home/ubuntu/relBot/install/relbot_simulator/share/relbot_simulator/package.bash'
[0.706s] INFO:colcon.colcon_core.shell:Creating package script '/home/ubuntu/relBot/install/relbot_simulator/share/relbot_simulator/package.zsh'
[0.706s] Level 1:colcon.colcon_core.environment:create_file_with_runtime_dependencies(/home/ubuntu/relBot/install/relbot_simulator/share/colcon-core/packages/relbot_simulator)
[6.581s] DEBUG:colcon.colcon_core.event_handler.log_command:Invoked command in '/home/ubuntu/relBot/build/relbot_sequence_controller' returned '2': CMAKE_PREFIX_PATH=${CMAKE_PREFIX_PATH}:/opt/ros/jazzy DEBUGINFOD_URLS=https://debuginfod.ubuntu.com /usr/bin/cmake --build /home/ubuntu/relBot/build/relbot_sequence_controller -- -j8 -l8
[6.582s] Level 1:colcon.colcon_core.environment:create_environment_scripts_only(relbot_sequence_controller)
[6.582s] Level 1:colcon.colcon_core.environment:checking '/home/ubuntu/relBot/install/relbot_sequence_controller' for CMake module files
[6.583s] Level 1:colcon.colcon_core.environment:checking '/home/ubuntu/relBot/install/relbot_sequence_controller' for CMake config files
[6.583s] Level 1:colcon.colcon_core.shell:create_environment_hook('relbot_sequence_controller', 'cmake_prefix_path')
[6.583s] INFO:colcon.colcon_core.shell:Creating environment hook '/home/ubuntu/relBot/install/relbot_sequence_controller/share/relbot_sequence_controller/hook/cmake_prefix_path.ps1'
[6.584s] INFO:colcon.colcon_core.shell:Creating environment descriptor '/home/ubuntu/relBot/install/relbot_sequence_controller/share/relbot_sequence_controller/hook/cmake_prefix_path.dsv'
[6.585s] INFO:colcon.colcon_core.shell:Creating environment hook '/home/ubuntu/relBot/install/relbot_sequence_controller/share/relbot_sequence_controller/hook/cmake_prefix_path.sh'
[6.586s] Level 1:colcon.colcon_core.environment:checking '/home/ubuntu/relBot/install/relbot_sequence_controller/lib'
[6.586s] Level 1:colcon.colcon_core.environment:checking '/home/ubuntu/relBot/install/relbot_sequence_controller/bin'
[6.586s] Level 1:colcon.colcon_core.environment:checking '/home/ubuntu/relBot/install/relbot_sequence_controller/lib/pkgconfig/relbot_sequence_controller.pc'
[6.586s] Level 1:colcon.colcon_core.environment:checking '/home/ubuntu/relBot/install/relbot_sequence_controller/lib/python3.12/site-packages'
[6.587s] Level 1:colcon.colcon_core.environment:checking '/home/ubuntu/relBot/install/relbot_sequence_controller/bin'
[6.587s] INFO:colcon.colcon_core.shell:Creating package script '/home/ubuntu/relBot/install/relbot_sequence_controller/share/relbot_sequence_controller/package.ps1'
[6.588s] INFO:colcon.colcon_core.shell:Creating package descriptor '/home/ubuntu/relBot/install/relbot_sequence_controller/share/relbot_sequence_controller/package.dsv'
[6.589s] INFO:colcon.colcon_core.shell:Creating package script '/home/ubuntu/relBot/install/relbot_sequence_controller/share/relbot_sequence_controller/package.sh'
[6.589s] INFO:colcon.colcon_core.shell:Creating package script '/home/ubuntu/relBot/install/relbot_sequence_controller/share/relbot_sequence_controller/package.bash'
[6.590s] INFO:colcon.colcon_core.shell:Creating package script '/home/ubuntu/relBot/install/relbot_sequence_controller/share/relbot_sequence_controller/package.zsh'
[6.591s] Level 1:colcon.colcon_core.environment:create_file_with_runtime_dependencies(/home/ubuntu/relBot/install/relbot_sequence_controller/share/colcon-core/packages/relbot_sequence_controller)
[6.601s] DEBUG:colcon.colcon_parallel_executor.executor.parallel:closing loop
[6.602s] DEBUG:colcon.colcon_parallel_executor.executor.parallel:loop closed
[6.602s] DEBUG:colcon.colcon_parallel_executor.executor.parallel:run_until_complete finished with '2'
[6.602s] DEBUG:colcon.colcon_core.event_reactor:joining thread
[6.689s] INFO:colcon.colcon_core.plugin_system:Skipping extension 'colcon_notification.desktop_notification.notify_send': Could not find 'notify-send'
[6.689s] INFO:colcon.colcon_core.plugin_system:Skipping extension 'colcon_notification.desktop_notification.terminal_notifier': Not used on non-Darwin systems
[6.690s] INFO:colcon.colcon_core.plugin_system:Skipping extension 'colcon_notification.desktop_notification.win32': Not used on non-Windows systems
[6.690s] INFO:colcon.colcon_notification.desktop_notification:Sending desktop notification using 'notify2'
[6.692s] DEBUG:colcon.colcon_notification.desktop_notification.notify2:Failed to initialize notify2: org.freedesktop.DBus.Error.ServiceUnknown: The name org.freedesktop.Notifications was not provided by any .service files
[6.692s] DEBUG:colcon.colcon_core.event_reactor:joined thread
[6.692s] INFO:colcon.colcon_core.shell:Creating prefix script '/home/ubuntu/relBot/install/local_setup.ps1'
[6.693s] INFO:colcon.colcon_core.shell:Creating prefix util module '/home/ubuntu/relBot/install/_local_setup_util_ps1.py'
[6.695s] INFO:colcon.colcon_core.shell:Creating prefix chain script '/home/ubuntu/relBot/install/setup.ps1'
[6.696s] INFO:colcon.colcon_core.shell:Creating prefix script '/home/ubuntu/relBot/install/local_setup.sh'
[6.697s] INFO:colcon.colcon_core.shell:Creating prefix util module '/home/ubuntu/relBot/install/_local_setup_util_sh.py'
[6.698s] INFO:colcon.colcon_core.shell:Creating prefix chain script '/home/ubuntu/relBot/install/setup.sh'
[6.700s] INFO:colcon.colcon_core.shell:Creating prefix script '/home/ubuntu/relBot/install/local_setup.bash'
[6.701s] INFO:colcon.colcon_core.shell:Creating prefix chain script '/home/ubuntu/relBot/install/setup.bash'
[6.703s] INFO:colcon.colcon_core.shell:Creating prefix script '/home/ubuntu/relBot/install/local_setup.zsh'
[6.704s] INFO:colcon.colcon_core.shell:Creating prefix chain script '/home/ubuntu/relBot/install/setup.zsh'
