[0.046s] Invoking command in '/home/ubuntu/relBot/build/my_image_processor': CMAKE_PREFIX_PATH=${CMAKE_PREFIX_PATH}:/opt/ros/jazzy DEBUGINFOD_URLS=https://debuginfod.ubuntu.com /usr/bin/cmake --build /home/ubuntu/relBot/build/my_image_processor -- -j8 -l8
[0.216s] [ 50%] [32mBuilding CXX object CMakeFiles/image_processor.dir/src/image_processor.cpp.o[0m
[12.899s] [100%] [32m[1mLinking CXX executable image_processor[0m
[14.297s] [100%] Built target image_processor
[14.309s] Invoked command in '/home/ubuntu/relBot/build/my_image_processor' returned '0': CMAKE_PREFIX_PATH=${CMAKE_PREFIX_PATH}:/opt/ros/jazzy DEBUGINFOD_URLS=https://debuginfod.ubuntu.com /usr/bin/cmake --build /home/ubuntu/relBot/build/my_image_processor -- -j8 -l8
[14.311s] Invoking command in '/home/ubuntu/relBot/build/my_image_processor': CMAKE_PREFIX_PATH=${CMAKE_PREFIX_PATH}:/opt/ros/jazzy DEBUGINFOD_URLS=https://debuginfod.ubuntu.com /usr/bin/cmake --install /home/ubuntu/relBot/build/my_image_processor
[14.319s] -- Install configuration: ""
[14.320s] -- Installing: /home/ubuntu/relBot/install/my_image_processor/lib/my_image_processor/image_processor
[14.328s] -- Set non-toolchain portion of runtime path of "/home/ubuntu/relBot/install/my_image_processor/lib/my_image_processor/image_processor" to ""
[14.329s] -- Installing: /home/ubuntu/relBot/install/my_image_processor/share/ament_index/resource_index/package_run_dependencies/my_image_processor
[14.330s] -- Installing: /home/ubuntu/relBot/install/my_image_processor/share/ament_index/resource_index/parent_prefix_path/my_image_processor
[14.330s] -- Installing: /home/ubuntu/relBot/install/my_image_processor/share/my_image_processor/environment/ament_prefix_path.sh
[14.330s] -- Installing: /home/ubuntu/relBot/install/my_image_processor/share/my_image_processor/environment/ament_prefix_path.dsv
[14.331s] -- Installing: /home/ubuntu/relBot/install/my_image_processor/share/my_image_processor/environment/path.sh
[14.331s] -- Installing: /home/ubuntu/relBot/install/my_image_processor/share/my_image_processor/environment/path.dsv
[14.331s] -- Installing: /home/ubuntu/relBot/install/my_image_processor/share/my_image_processor/local_setup.bash
[14.332s] -- Installing: /home/ubuntu/relBot/install/my_image_processor/share/my_image_processor/local_setup.sh
[14.332s] -- Installing: /home/ubuntu/relBot/install/my_image_processor/share/my_image_processor/local_setup.zsh
[14.332s] -- Installing: /home/ubuntu/relBot/install/my_image_processor/share/my_image_processor/local_setup.dsv
[14.332s] -- Installing: /home/ubuntu/relBot/install/my_image_processor/share/my_image_processor/package.dsv
[14.332s] -- Installing: /home/ubuntu/relBot/install/my_image_processor/share/ament_index/resource_index/packages/my_image_processor
[14.333s] -- Installing: /home/ubuntu/relBot/install/my_image_processor/share/my_image_processor/cmake/my_image_processorConfig.cmake
[14.333s] -- Installing: /home/ubuntu/relBot/install/my_image_processor/share/my_image_processor/cmake/my_image_processorConfig-version.cmake
[14.334s] -- Installing: /home/ubuntu/relBot/install/my_image_processor/share/my_image_processor/package.xml
[14.336s] Invoked command in '/home/ubuntu/relBot/build/my_image_processor' returned '0': CMAKE_PREFIX_PATH=${CMAKE_PREFIX_PATH}:/opt/ros/jazzy DEBUGINFOD_URLS=https://debuginfod.ubuntu.com /usr/bin/cmake --install /home/ubuntu/relBot/build/my_image_processor
