[0.054s] Invoking command in '/home/ubuntu/relBot/build/cam2image_vm2ros': CMAKE_PREFIX_PATH=${CMAKE_PREFIX_PATH}:/opt/ros/jazzy DEBUGINFOD_URLS=https://debuginfod.ubuntu.com /usr/bin/cmake --build /home/ubuntu/relBot/build/cam2image_vm2ros -- -j8 -l8
[0.218s] [ 40%] Built target cam2image
[0.242s] [100%] Built target cam2image_vm2ros
[0.275s] Invoked command in '/home/ubuntu/relBot/build/cam2image_vm2ros' returned '0': CMAKE_PREFIX_PATH=${CMAKE_PREFIX_PATH}:/opt/ros/jazzy DEBUGINFOD_URLS=https://debuginfod.ubuntu.com /usr/bin/cmake --build /home/ubuntu/relBot/build/cam2image_vm2ros -- -j8 -l8
[0.278s] Invoking command in '/home/ubuntu/relBot/build/cam2image_vm2ros': CMAKE_PREFIX_PATH=${CMAKE_PREFIX_PATH}:/opt/ros/jazzy DEBUGINFOD_URLS=https://debuginfod.ubuntu.com /usr/bin/cmake --install /home/ubuntu/relBot/build/cam2image_vm2ros
[0.325s] -- Install configuration: ""
[0.326s] -- Up-to-date: /home/ubuntu/relBot/install/cam2image_vm2ros/lib/cam2image_vm2ros/cam2image
[0.326s] -- Up-to-date: /home/ubuntu/relBot/install/cam2image_vm2ros/lib/libcam2image_vm2ros.so
[0.327s] -- Up-to-date: /home/ubuntu/relBot/install/cam2image_vm2ros/include/cam2image_vm2ros
[0.328s] -- Up-to-date: /home/ubuntu/relBot/install/cam2image_vm2ros/include/cam2image_vm2ros/cam2image.hpp
[0.328s] -- Up-to-date: /home/ubuntu/relBot/install/cam2image_vm2ros/include/cam2image_vm2ros/base64.hpp
[0.329s] -- Up-to-date: /home/ubuntu/relBot/install/cam2image_vm2ros/include/cam2image_vm2ros/visibility_control.h
[0.329s] -- Up-to-date: /home/ubuntu/relBot/install/cam2image_vm2ros/include/cam2image_vm2ros/remote_capture.hpp
[0.330s] -- Up-to-date: /home/ubuntu/relBot/install/cam2image_vm2ros/share/cam2image_vm2ros/environment/library_path.sh
[0.330s] -- Up-to-date: /home/ubuntu/relBot/install/cam2image_vm2ros/share/cam2image_vm2ros/environment/library_path.dsv
[0.330s] -- Up-to-date: /home/ubuntu/relBot/install/cam2image_vm2ros/share/ament_index/resource_index/package_run_dependencies/cam2image_vm2ros
[0.331s] -- Up-to-date: /home/ubuntu/relBot/install/cam2image_vm2ros/share/ament_index/resource_index/parent_prefix_path/cam2image_vm2ros
[0.332s] -- Up-to-date: /home/ubuntu/relBot/install/cam2image_vm2ros/share/cam2image_vm2ros/environment/ament_prefix_path.sh
[0.332s] -- Up-to-date: /home/ubuntu/relBot/install/cam2image_vm2ros/share/cam2image_vm2ros/environment/ament_prefix_path.dsv
[0.333s] -- Up-to-date: /home/ubuntu/relBot/install/cam2image_vm2ros/share/cam2image_vm2ros/environment/path.sh
[0.334s] -- Up-to-date: /home/ubuntu/relBot/install/cam2image_vm2ros/share/cam2image_vm2ros/environment/path.dsv
[0.335s] -- Up-to-date: /home/ubuntu/relBot/install/cam2image_vm2ros/share/cam2image_vm2ros/local_setup.bash
[0.335s] -- Up-to-date: /home/ubuntu/relBot/install/cam2image_vm2ros/share/cam2image_vm2ros/local_setup.sh
[0.336s] -- Up-to-date: /home/ubuntu/relBot/install/cam2image_vm2ros/share/cam2image_vm2ros/local_setup.zsh
[0.337s] -- Up-to-date: /home/ubuntu/relBot/install/cam2image_vm2ros/share/cam2image_vm2ros/local_setup.dsv
[0.337s] -- Installing: /home/ubuntu/relBot/install/cam2image_vm2ros/share/cam2image_vm2ros/package.dsv
[0.337s] -- Up-to-date: /home/ubuntu/relBot/install/cam2image_vm2ros/share/ament_index/resource_index/packages/cam2image_vm2ros
[0.338s] -- Up-to-date: /home/ubuntu/relBot/install/cam2image_vm2ros/share/ament_index/resource_index/rclcpp_components/cam2image_vm2ros
[0.341s] -- Up-to-date: /home/ubuntu/relBot/install/cam2image_vm2ros/share/cam2image_vm2ros/cmake/cam2image_vm2rosExport.cmake
[0.342s] -- Up-to-date: /home/ubuntu/relBot/install/cam2image_vm2ros/share/cam2image_vm2ros/cmake/cam2image_vm2rosExport-noconfig.cmake
[0.342s] -- Up-to-date: /home/ubuntu/relBot/install/cam2image_vm2ros/share/cam2image_vm2ros/cmake/ament_cmake_export_libraries-extras.cmake
[0.342s] -- Up-to-date: /home/ubuntu/relBot/install/cam2image_vm2ros/share/cam2image_vm2ros/cmake/ament_cmake_export_targets-extras.cmake
[0.343s] -- Up-to-date: /home/ubuntu/relBot/install/cam2image_vm2ros/share/cam2image_vm2ros/cmake/ament_cmake_export_dependencies-extras.cmake
[0.343s] -- Up-to-date: /home/ubuntu/relBot/install/cam2image_vm2ros/share/cam2image_vm2ros/cmake/cam2image_vm2rosConfig.cmake
[0.344s] -- Up-to-date: /home/ubuntu/relBot/install/cam2image_vm2ros/share/cam2image_vm2ros/cmake/cam2image_vm2rosConfig-version.cmake
[0.345s] -- Up-to-date: /home/ubuntu/relBot/install/cam2image_vm2ros/share/cam2image_vm2ros/package.xml
[0.402s] Invoked command in '/home/ubuntu/relBot/build/cam2image_vm2ros' returned '0': CMAKE_PREFIX_PATH=${CMAKE_PREFIX_PATH}:/opt/ros/jazzy DEBUGINFOD_URLS=https://debuginfod.ubuntu.com /usr/bin/cmake --install /home/ubuntu/relBot/build/cam2image_vm2ros
