[0.134s] Invoking command in '/home/ubuntu/relBot/build/relbot_simulator': CMAKE_PREFIX_PATH=${CMAKE_PREFIX_PATH}:/opt/ros/jazzy DEBUGINFOD_URLS=https://debuginfod.ubuntu.com /usr/bin/cmake --build /home/ubuntu/relBot/build/relbot_simulator -- -j8 -l8
[0.499s] [100%] Built target relbot_simulator
[0.617s] Invoked command in '/home/ubuntu/relBot/build/relbot_simulator' returned '0': CMAKE_PREFIX_PATH=${CMAKE_PREFIX_PATH}:/opt/ros/jazzy DEBUGINFOD_URLS=https://debuginfod.ubuntu.com /usr/bin/cmake --build /home/ubuntu/relBot/build/relbot_simulator -- -j8 -l8
[0.623s] Invoking command in '/home/ubuntu/relBot/build/relbot_simulator': CMAKE_PREFIX_PATH=${CMAKE_PREFIX_PATH}:/opt/ros/jazzy DEBUGINFOD_URLS=https://debuginfod.ubuntu.com /usr/bin/cmake --install /home/ubuntu/relBot/build/relbot_simulator
[0.682s] -- Install configuration: ""
[0.683s] -- Up-to-date: /home/ubuntu/relBot/install/relbot_simulator/lib/relbot_simulator/relbot_simulator
[0.683s] -- Up-to-date: /home/ubuntu/relBot/install/relbot_simulator/include
[0.684s] -- Up-to-date: /home/ubuntu/relBot/install/relbot_simulator/include/xxinverse.cpp
[0.685s] -- Up-to-date: /home/ubuntu/relBot/install/relbot_simulator/include/xxmodel.h
[0.685s] -- Up-to-date: /home/ubuntu/relBot/install/relbot_simulator/include/xxtypes.h
[0.686s] -- Up-to-date: /home/ubuntu/relBot/install/relbot_simulator/include/xxmatrix.cpp
[0.687s] -- Up-to-date: /home/ubuntu/relBot/install/relbot_simulator/include/xxinverse.h
[0.687s] -- Up-to-date: /home/ubuntu/relBot/install/relbot_simulator/include/MotionProfiles.h
[0.688s] -- Up-to-date: /home/ubuntu/relBot/install/relbot_simulator/include/xxfuncs.cpp
[0.689s] -- Up-to-date: /home/ubuntu/relBot/install/relbot_simulator/include/xxfuncs.h
[0.689s] -- Up-to-date: /home/ubuntu/relBot/install/relbot_simulator/include/MotionProfiles.cpp
[0.690s] -- Up-to-date: /home/ubuntu/relBot/install/relbot_simulator/include/xxinteg.cpp
[0.691s] -- Up-to-date: /home/ubuntu/relBot/install/relbot_simulator/include/EulerAngles.cpp
[0.693s] -- Up-to-date: /home/ubuntu/relBot/install/relbot_simulator/include/xxinteg.h
[0.693s] -- Up-to-date: /home/ubuntu/relBot/install/relbot_simulator/include/EulerAngles.h
[0.696s] -- Up-to-date: /home/ubuntu/relBot/install/relbot_simulator/include/xxmatrix.h
[0.698s] -- Up-to-date: /home/ubuntu/relBot/install/relbot_simulator/share/ament_index/resource_index/package_run_dependencies/relbot_simulator
[0.703s] -- Up-to-date: /home/ubuntu/relBot/install/relbot_simulator/share/ament_index/resource_index/parent_prefix_path/relbot_simulator
[0.704s] -- Up-to-date: /home/ubuntu/relBot/install/relbot_simulator/share/relbot_simulator/environment/ament_prefix_path.sh
[0.705s] -- Up-to-date: /home/ubuntu/relBot/install/relbot_simulator/share/relbot_simulator/environment/ament_prefix_path.dsv
[0.706s] -- Up-to-date: /home/ubuntu/relBot/install/relbot_simulator/share/relbot_simulator/environment/path.sh
[0.707s] -- Up-to-date: /home/ubuntu/relBot/install/relbot_simulator/share/relbot_simulator/environment/path.dsv
[0.707s] -- Up-to-date: /home/ubuntu/relBot/install/relbot_simulator/share/relbot_simulator/local_setup.bash
[0.708s] -- Up-to-date: /home/ubuntu/relBot/install/relbot_simulator/share/relbot_simulator/local_setup.sh
[0.709s] -- Up-to-date: /home/ubuntu/relBot/install/relbot_simulator/share/relbot_simulator/local_setup.zsh
[0.710s] -- Up-to-date: /home/ubuntu/relBot/install/relbot_simulator/share/relbot_simulator/local_setup.dsv
[0.710s] -- Installing: /home/ubuntu/relBot/install/relbot_simulator/share/relbot_simulator/package.dsv
[0.711s] -- Up-to-date: /home/ubuntu/relBot/install/relbot_simulator/share/ament_index/resource_index/packages/relbot_simulator
[0.712s] -- Up-to-date: /home/ubuntu/relBot/install/relbot_simulator/share/relbot_simulator/cmake/relbot_simulatorConfig.cmake
[0.714s] -- Up-to-date: /home/ubuntu/relBot/install/relbot_simulator/share/relbot_simulator/cmake/relbot_simulatorConfig-version.cmake
[0.714s] -- Up-to-date: /home/ubuntu/relBot/install/relbot_simulator/share/relbot_simulator/package.xml
[0.751s] Invoked command in '/home/ubuntu/relBot/build/relbot_simulator' returned '0': CMAKE_PREFIX_PATH=${CMAKE_PREFIX_PATH}:/opt/ros/jazzy DEBUGINFOD_URLS=https://debuginfod.ubuntu.com /usr/bin/cmake --install /home/ubuntu/relBot/build/relbot_simulator
