[0.063s] Invoking command in '/home/ubuntu/relBot/build/relbot_simulator': CMAKE_PREFIX_PATH=${CMAKE_PREFIX_PATH}:/opt/ros/jazzy DEBUGINFOD_URLS=https://debuginfod.ubuntu.com /usr/bin/cmake --build /home/ubuntu/relBot/build/relbot_simulator -- -j8 -l8
[0.217s] [100%] Built target relbot_simulator
[0.247s] Invoked command in '/home/ubuntu/relBot/build/relbot_simulator' returned '0': CMAKE_PREFIX_PATH=${CMAKE_PREFIX_PATH}:/opt/ros/jazzy DEBUGINFOD_URLS=https://debuginfod.ubuntu.com /usr/bin/cmake --build /home/ubuntu/relBot/build/relbot_simulator -- -j8 -l8
[0.260s] Invoking command in '/home/ubuntu/relBot/build/relbot_simulator': CMAKE_PREFIX_PATH=${CMAKE_PREFIX_PATH}:/opt/ros/jazzy DEBUGINFOD_URLS=https://debuginfod.ubuntu.com /usr/bin/cmake --install /home/ubuntu/relBot/build/relbot_simulator
[0.292s] -- Install configuration: ""
[0.293s] -- Up-to-date: /home/ubuntu/relBot/install/relbot_simulator/lib/relbot_simulator/relbot_simulator
[0.304s] -- Up-to-date: /home/ubuntu/relBot/install/relbot_simulator/include
[0.304s] -- Up-to-date: /home/ubuntu/relBot/install/relbot_simulator/include/xxinverse.cpp
[0.305s] -- Up-to-date: /home/ubuntu/relBot/install/relbot_simulator/include/xxmodel.h
[0.305s] -- Up-to-date: /home/ubuntu/relBot/install/relbot_simulator/include/xxtypes.h
[0.305s] -- Up-to-date: /home/ubuntu/relBot/install/relbot_simulator/include/xxmatrix.cpp
[0.306s] -- Up-to-date: /home/ubuntu/relBot/install/relbot_simulator/include/xxinverse.h
[0.306s] -- Up-to-date: /home/ubuntu/relBot/install/relbot_simulator/include/MotionProfiles.h
[0.310s] -- Up-to-date: /home/ubuntu/relBot/install/relbot_simulator/include/xxfuncs.cpp
[0.311s] -- Up-to-date: /home/ubuntu/relBot/install/relbot_simulator/include/xxfuncs.h
[0.311s] -- Up-to-date: /home/ubuntu/relBot/install/relbot_simulator/include/MotionProfiles.cpp
[0.311s] -- Up-to-date: /home/ubuntu/relBot/install/relbot_simulator/include/xxinteg.cpp
[0.312s] -- Up-to-date: /home/ubuntu/relBot/install/relbot_simulator/include/EulerAngles.cpp
[0.312s] -- Up-to-date: /home/ubuntu/relBot/install/relbot_simulator/include/xxinteg.h
[0.312s] -- Up-to-date: /home/ubuntu/relBot/install/relbot_simulator/include/EulerAngles.h
[0.313s] -- Up-to-date: /home/ubuntu/relBot/install/relbot_simulator/include/xxmatrix.h
[0.313s] -- Up-to-date: /home/ubuntu/relBot/install/relbot_simulator/share/ament_index/resource_index/package_run_dependencies/relbot_simulator
[0.314s] -- Up-to-date: /home/ubuntu/relBot/install/relbot_simulator/share/ament_index/resource_index/parent_prefix_path/relbot_simulator
[0.314s] -- Up-to-date: /home/ubuntu/relBot/install/relbot_simulator/share/relbot_simulator/environment/ament_prefix_path.sh
[0.314s] -- Up-to-date: /home/ubuntu/relBot/install/relbot_simulator/share/relbot_simulator/environment/ament_prefix_path.dsv
[0.315s] -- Up-to-date: /home/ubuntu/relBot/install/relbot_simulator/share/relbot_simulator/environment/path.sh
[0.315s] -- Up-to-date: /home/ubuntu/relBot/install/relbot_simulator/share/relbot_simulator/environment/path.dsv
[0.315s] -- Up-to-date: /home/ubuntu/relBot/install/relbot_simulator/share/relbot_simulator/local_setup.bash
[0.316s] -- Up-to-date: /home/ubuntu/relBot/install/relbot_simulator/share/relbot_simulator/local_setup.sh
[0.316s] -- Up-to-date: /home/ubuntu/relBot/install/relbot_simulator/share/relbot_simulator/local_setup.zsh
[0.316s] -- Up-to-date: /home/ubuntu/relBot/install/relbot_simulator/share/relbot_simulator/local_setup.dsv
[0.317s] -- Installing: /home/ubuntu/relBot/install/relbot_simulator/share/relbot_simulator/package.dsv
[0.317s] -- Up-to-date: /home/ubuntu/relBot/install/relbot_simulator/share/ament_index/resource_index/packages/relbot_simulator
[0.318s] -- Up-to-date: /home/ubuntu/relBot/install/relbot_simulator/share/relbot_simulator/cmake/relbot_simulatorConfig.cmake
[0.318s] -- Up-to-date: /home/ubuntu/relBot/install/relbot_simulator/share/relbot_simulator/cmake/relbot_simulatorConfig-version.cmake
[0.319s] -- Up-to-date: /home/ubuntu/relBot/install/relbot_simulator/share/relbot_simulator/package.xml
[0.412s] Invoked command in '/home/ubuntu/relBot/build/relbot_simulator' returned '0': CMAKE_PREFIX_PATH=${CMAKE_PREFIX_PATH}:/opt/ros/jazzy DEBUGINFOD_URLS=https://debuginfod.ubuntu.com /usr/bin/cmake --install /home/ubuntu/relBot/build/relbot_simulator
