[0.100s] Invoking command in '/home/ubuntu/relBot/build/my_image_processor': CMAKE_PREFIX_PATH=${CMAKE_PREFIX_PATH}:/opt/ros/jazzy DEBUGINFOD_URLS=https://debuginfod.ubuntu.com /usr/bin/cmake --build /home/ubuntu/relBot/build/my_image_processor -- -j8 -l8
[0.417s] [100%] Built target image_processor
[0.477s] Invoked command in '/home/ubuntu/relBot/build/my_image_processor' returned '0': CMAKE_PREFIX_PATH=${CMAKE_PREFIX_PATH}:/opt/ros/jazzy DEBUGINFOD_URLS=https://debuginfod.ubuntu.com /usr/bin/cmake --build /home/ubuntu/relBot/build/my_image_processor -- -j8 -l8
[0.491s] Invoking command in '/home/ubuntu/relBot/build/my_image_processor': CMAKE_PREFIX_PATH=${CMAKE_PREFIX_PATH}:/opt/ros/jazzy DEBUGINFOD_URLS=https://debuginfod.ubuntu.com /usr/bin/cmake --install /home/ubuntu/relBot/build/my_image_processor
[0.526s] -- Install configuration: ""
[0.529s] -- Up-to-date: /home/ubuntu/relBot/install/my_image_processor/lib/my_image_processor/image_processor
[0.529s] -- Up-to-date: /home/ubuntu/relBot/install/my_image_processor/share/ament_index/resource_index/package_run_dependencies/my_image_processor
[0.530s] -- Up-to-date: /home/ubuntu/relBot/install/my_image_processor/share/ament_index/resource_index/parent_prefix_path/my_image_processor
[0.531s] -- Up-to-date: /home/ubuntu/relBot/install/my_image_processor/share/my_image_processor/environment/ament_prefix_path.sh
[0.532s] -- Up-to-date: /home/ubuntu/relBot/install/my_image_processor/share/my_image_processor/environment/ament_prefix_path.dsv
[0.532s] -- Up-to-date: /home/ubuntu/relBot/install/my_image_processor/share/my_image_processor/environment/path.sh
[0.533s] -- Up-to-date: /home/ubuntu/relBot/install/my_image_processor/share/my_image_processor/environment/path.dsv
[0.533s] -- Up-to-date: /home/ubuntu/relBot/install/my_image_processor/share/my_image_processor/local_setup.bash
[0.534s] -- Up-to-date: /home/ubuntu/relBot/install/my_image_processor/share/my_image_processor/local_setup.sh
[0.535s] -- Up-to-date: /home/ubuntu/relBot/install/my_image_processor/share/my_image_processor/local_setup.zsh
[0.535s] -- Up-to-date: /home/ubuntu/relBot/install/my_image_processor/share/my_image_processor/local_setup.dsv
[0.536s] -- Installing: /home/ubuntu/relBot/install/my_image_processor/share/my_image_processor/package.dsv
[0.536s] -- Up-to-date: /home/ubuntu/relBot/install/my_image_processor/share/ament_index/resource_index/packages/my_image_processor
[0.537s] -- Up-to-date: /home/ubuntu/relBot/install/my_image_processor/share/my_image_processor/cmake/my_image_processorConfig.cmake
[0.539s] -- Up-to-date: /home/ubuntu/relBot/install/my_image_processor/share/my_image_processor/cmake/my_image_processorConfig-version.cmake
[0.542s] -- Up-to-date: /home/ubuntu/relBot/install/my_image_processor/share/my_image_processor/package.xml
[0.691s] Invoked command in '/home/ubuntu/relBot/build/my_image_processor' returned '0': CMAKE_PREFIX_PATH=${CMAKE_PREFIX_PATH}:/opt/ros/jazzy DEBUGINFOD_URLS=https://debuginfod.ubuntu.com /usr/bin/cmake --install /home/ubuntu/relBot/build/my_image_processor
