[0.050s] Invoking command in '/home/ubuntu/relBot/build/cam2image_vm2ros': CMAKE_PREFIX_PATH=${CMAKE_PREFIX_PATH}:/opt/ros/jazzy DEBUGINFOD_URLS=https://debuginfod.ubuntu.com /usr/bin/cmake /home/ubuntu/relBot/src/cam2image_vm2ros -DCMAKE_INSTALL_PREFIX=/home/ubuntu/relBot/install/cam2image_vm2ros
[0.270s] -- The C compiler identification is GNU 13.3.0
[1.168s] -- The CXX compiler identification is GNU 13.3.0
[2.298s] -- Detecting C compiler ABI info
[2.621s] -- Detecting C compiler ABI info - done
[2.635s] -- Check for working C compiler: /usr/bin/cc - skipped
[2.635s] -- Detecting C compile features
[2.636s] -- Detecting C compile features - done
[2.737s] -- Detecting CXX compiler ABI info
[3.090s] -- Detecting CXX compiler ABI info - done
[3.113s] -- Check for working CXX compiler: /usr/bin/c++ - skipped
[3.114s] -- Detecting CXX compile features
[3.115s] -- Detecting CXX compile features - done
[3.120s] -- Found ament_cmake: 2.5.3 (/opt/ros/jazzy/share/ament_cmake/cmake)
[3.357s] -- Found Python3: /usr/bin/python3 (found version "3.12.3") found components: Interpreter 
[3.540s] -- Found rclcpp: 28.1.6 (/opt/ros/jazzy/share/rclcpp/cmake)
[3.759s] -- Found rosidl_generator_c: 4.6.5 (/opt/ros/jazzy/share/rosidl_generator_c/cmake)
[3.788s] -- Found rosidl_generator_cpp: 4.6.5 (/opt/ros/jazzy/share/rosidl_generator_cpp/cmake)
[3.833s] -- Using all available rosidl_typesupport_c: rosidl_typesupport_fastrtps_c;rosidl_typesupport_introspection_c
[3.868s] -- Using all available rosidl_typesupport_cpp: rosidl_typesupport_fastrtps_cpp;rosidl_typesupport_introspection_cpp
[4.002s] -- Found rmw_implementation_cmake: 7.3.1 (/opt/ros/jazzy/share/rmw_implementation_cmake/cmake)
[4.007s] -- Found rmw_fastrtps_cpp: 8.4.1 (/opt/ros/jazzy/share/rmw_fastrtps_cpp/cmake)
[4.139s] -- Found OpenSSL: /usr/lib/x86_64-linux-gnu/libcrypto.so (found version "3.0.13")  
[4.338s] -- Found FastRTPS: /opt/ros/jazzy/include (Required is at least version "2.13") 
[4.461s] -- Using RMW implementation 'rmw_fastrtps_cpp' as default
[4.716s] -- Found rclcpp_components: 28.1.6 (/opt/ros/jazzy/share/rclcpp_components/cmake)
[4.802s] -- Found sensor_msgs: 5.3.5 (/opt/ros/jazzy/share/sensor_msgs/cmake)
[4.908s] -- Found cv_bridge: 4.1.0 (/opt/ros/jazzy/share/cv_bridge/cmake)
[4.929s] -- Found OpenCV: /usr (found version "4.6.0") found components: core highgui imgcodecs imgproc videoio 
[5.092s] -- Configuring done (5.0s)
[5.137s] -- Generating done (0.0s)
[5.145s] -- Build files have been written to: /home/ubuntu/relBot/build/cam2image_vm2ros
[5.160s] Invoked command in '/home/ubuntu/relBot/build/cam2image_vm2ros' returned '0': CMAKE_PREFIX_PATH=${CMAKE_PREFIX_PATH}:/opt/ros/jazzy DEBUGINFOD_URLS=https://debuginfod.ubuntu.com /usr/bin/cmake /home/ubuntu/relBot/src/cam2image_vm2ros -DCMAKE_INSTALL_PREFIX=/home/ubuntu/relBot/install/cam2image_vm2ros
[5.162s] Invoking command in '/home/ubuntu/relBot/build/cam2image_vm2ros': CMAKE_PREFIX_PATH=${CMAKE_PREFIX_PATH}:/opt/ros/jazzy DEBUGINFOD_URLS=https://debuginfod.ubuntu.com /usr/bin/cmake --build /home/ubuntu/relBot/build/cam2image_vm2ros -- -j8 -l8
[5.225s] [ 20%] [32mBuilding CXX object CMakeFiles/cam2image_vm2ros.dir/src/remote_capture.cpp.o[0m
[5.225s] [ 40%] [32mBuilding CXX object CMakeFiles/cam2image_vm2ros.dir/src/cam2image.cpp.o[0m
[5.228s] [ 60%] [32mBuilding CXX object CMakeFiles/cam2image.dir/rclcpp_components/node_main_cam2image.cpp.o[0m
[17.174s] [ 80%] [32m[1mLinking CXX executable cam2image[0m
[17.732s] [ 80%] Built target cam2image
[34.497s] [100%] [32m[1mLinking CXX shared library libcam2image_vm2ros.so[0m
[35.502s] [100%] Built target cam2image_vm2ros
