[0.085s] Invoking command in '/home/ubuntu/relBot/build/relbot_simulator': CMAKE_PREFIX_PATH=${CMAKE_PREFIX_PATH}:/opt/ros/jazzy DEBUGINFOD_URLS=https://debuginfod.ubuntu.com /usr/bin/cmake --build /home/ubuntu/relBot/build/relbot_simulator -- -j8 -l8
[0.266s] [100%] Built target relbot_simulator
[0.302s] Invoked command in '/home/ubuntu/relBot/build/relbot_simulator' returned '0': CMAKE_PREFIX_PATH=${CMAKE_PREFIX_PATH}:/opt/ros/jazzy DEBUGINFOD_URLS=https://debuginfod.ubuntu.com /usr/bin/cmake --build /home/ubuntu/relBot/build/relbot_simulator -- -j8 -l8
[0.330s] Invoking command in '/home/ubuntu/relBot/build/relbot_simulator': CMAKE_PREFIX_PATH=${CMAKE_PREFIX_PATH}:/opt/ros/jazzy DEBUGINFOD_URLS=https://debuginfod.ubuntu.com /usr/bin/cmake --install /home/ubuntu/relBot/build/relbot_simulator
[0.361s] -- Install configuration: ""
[0.362s] -- Up-to-date: /home/ubuntu/relBot/install/relbot_simulator/lib/relbot_simulator/relbot_simulator
[0.363s] -- Up-to-date: /home/ubuntu/relBot/install/relbot_simulator/include
[0.364s] -- Up-to-date: /home/ubuntu/relBot/install/relbot_simulator/include/xxinverse.cpp
[0.364s] -- Up-to-date: /home/ubuntu/relBot/install/relbot_simulator/include/xxmodel.h
[0.365s] -- Up-to-date: /home/ubuntu/relBot/install/relbot_simulator/include/xxtypes.h
[0.365s] -- Up-to-date: /home/ubuntu/relBot/install/relbot_simulator/include/xxmatrix.cpp
[0.366s] -- Up-to-date: /home/ubuntu/relBot/install/relbot_simulator/include/xxinverse.h
[0.366s] -- Up-to-date: /home/ubuntu/relBot/install/relbot_simulator/include/MotionProfiles.h
[0.367s] -- Up-to-date: /home/ubuntu/relBot/install/relbot_simulator/include/xxfuncs.cpp
[0.367s] -- Up-to-date: /home/ubuntu/relBot/install/relbot_simulator/include/xxfuncs.h
[0.367s] -- Up-to-date: /home/ubuntu/relBot/install/relbot_simulator/include/MotionProfiles.cpp
[0.368s] -- Up-to-date: /home/ubuntu/relBot/install/relbot_simulator/include/xxinteg.cpp
[0.368s] -- Up-to-date: /home/ubuntu/relBot/install/relbot_simulator/include/EulerAngles.cpp
[0.369s] -- Up-to-date: /home/ubuntu/relBot/install/relbot_simulator/include/xxinteg.h
[0.369s] -- Up-to-date: /home/ubuntu/relBot/install/relbot_simulator/include/EulerAngles.h
[0.369s] -- Up-to-date: /home/ubuntu/relBot/install/relbot_simulator/include/xxmatrix.h
[0.370s] -- Up-to-date: /home/ubuntu/relBot/install/relbot_simulator/share/ament_index/resource_index/package_run_dependencies/relbot_simulator
[0.371s] -- Up-to-date: /home/ubuntu/relBot/install/relbot_simulator/share/ament_index/resource_index/parent_prefix_path/relbot_simulator
[0.372s] -- Up-to-date: /home/ubuntu/relBot/install/relbot_simulator/share/relbot_simulator/environment/ament_prefix_path.sh
[0.372s] -- Up-to-date: /home/ubuntu/relBot/install/relbot_simulator/share/relbot_simulator/environment/ament_prefix_path.dsv
[0.373s] -- Up-to-date: /home/ubuntu/relBot/install/relbot_simulator/share/relbot_simulator/environment/path.sh
[0.373s] -- Up-to-date: /home/ubuntu/relBot/install/relbot_simulator/share/relbot_simulator/environment/path.dsv
[0.374s] -- Up-to-date: /home/ubuntu/relBot/install/relbot_simulator/share/relbot_simulator/local_setup.bash
[0.375s] -- Up-to-date: /home/ubuntu/relBot/install/relbot_simulator/share/relbot_simulator/local_setup.sh
[0.375s] -- Up-to-date: /home/ubuntu/relBot/install/relbot_simulator/share/relbot_simulator/local_setup.zsh
[0.376s] -- Up-to-date: /home/ubuntu/relBot/install/relbot_simulator/share/relbot_simulator/local_setup.dsv
[0.376s] -- Installing: /home/ubuntu/relBot/install/relbot_simulator/share/relbot_simulator/package.dsv
[0.377s] -- Up-to-date: /home/ubuntu/relBot/install/relbot_simulator/share/ament_index/resource_index/packages/relbot_simulator
[0.377s] -- Up-to-date: /home/ubuntu/relBot/install/relbot_simulator/share/relbot_simulator/cmake/relbot_simulatorConfig.cmake
[0.378s] -- Up-to-date: /home/ubuntu/relBot/install/relbot_simulator/share/relbot_simulator/cmake/relbot_simulatorConfig-version.cmake
[0.379s] -- Up-to-date: /home/ubuntu/relBot/install/relbot_simulator/share/relbot_simulator/package.xml
[0.480s] Invoked command in '/home/ubuntu/relBot/build/relbot_simulator' returned '0': CMAKE_PREFIX_PATH=${CMAKE_PREFIX_PATH}:/opt/ros/jazzy DEBUGINFOD_URLS=https://debuginfod.ubuntu.com /usr/bin/cmake --install /home/ubuntu/relBot/build/relbot_simulator
