[0.055s] Invoking command in '/home/ubuntu/relBot/build/relbot_simulator': CMAKE_PREFIX_PATH=${CMAKE_PREFIX_PATH}:/opt/ros/jazzy DEBUGINFOD_URLS=https://debuginfod.ubuntu.com /usr/bin/cmake --build /home/ubuntu/relBot/build/relbot_simulator -- -j8 -l8
[0.188s] [100%] Built target relbot_simulator
[0.240s] Invoked command in '/home/ubuntu/relBot/build/relbot_simulator' returned '0': CMAKE_PREFIX_PATH=${CMAKE_PREFIX_PATH}:/opt/ros/jazzy DEBUGINFOD_URLS=https://debuginfod.ubuntu.com /usr/bin/cmake --build /home/ubuntu/relBot/build/relbot_simulator -- -j8 -l8
[0.249s] Invoking command in '/home/ubuntu/relBot/build/relbot_simulator': CMAKE_PREFIX_PATH=${CMAKE_PREFIX_PATH}:/opt/ros/jazzy DEBUGINFOD_URLS=https://debuginfod.ubuntu.com /usr/bin/cmake --install /home/ubuntu/relBot/build/relbot_simulator
[0.262s] -- Install configuration: ""
[0.263s] -- Up-to-date: /home/ubuntu/relBot/install/relbot_simulator/lib/relbot_simulator/relbot_simulator
[0.263s] -- Up-to-date: /home/ubuntu/relBot/install/relbot_simulator/include
[0.264s] -- Up-to-date: /home/ubuntu/relBot/install/relbot_simulator/include/xxinverse.cpp
[0.264s] -- Up-to-date: /home/ubuntu/relBot/install/relbot_simulator/include/xxmodel.h
[0.264s] -- Up-to-date: /home/ubuntu/relBot/install/relbot_simulator/include/xxtypes.h
[0.264s] -- Up-to-date: /home/ubuntu/relBot/install/relbot_simulator/include/xxmatrix.cpp
[0.266s] -- Up-to-date: /home/ubuntu/relBot/install/relbot_simulator/include/xxinverse.h
[0.267s] -- Up-to-date: /home/ubuntu/relBot/install/relbot_simulator/include/MotionProfiles.h
[0.267s] -- Up-to-date: /home/ubuntu/relBot/install/relbot_simulator/include/xxfuncs.cpp
[0.267s] -- Up-to-date: /home/ubuntu/relBot/install/relbot_simulator/include/xxfuncs.h
[0.268s] -- Up-to-date: /home/ubuntu/relBot/install/relbot_simulator/include/MotionProfiles.cpp
[0.269s] -- Up-to-date: /home/ubuntu/relBot/install/relbot_simulator/include/xxinteg.cpp
[0.270s] -- Up-to-date: /home/ubuntu/relBot/install/relbot_simulator/include/EulerAngles.cpp
[0.270s] -- Up-to-date: /home/ubuntu/relBot/install/relbot_simulator/include/xxinteg.h
[0.271s] -- Up-to-date: /home/ubuntu/relBot/install/relbot_simulator/include/EulerAngles.h
[0.271s] -- Up-to-date: /home/ubuntu/relBot/install/relbot_simulator/include/xxmatrix.h
[0.271s] -- Up-to-date: /home/ubuntu/relBot/install/relbot_simulator/share/ament_index/resource_index/package_run_dependencies/relbot_simulator
[0.272s] -- Up-to-date: /home/ubuntu/relBot/install/relbot_simulator/share/ament_index/resource_index/parent_prefix_path/relbot_simulator
[0.272s] -- Up-to-date: /home/ubuntu/relBot/install/relbot_simulator/share/relbot_simulator/environment/ament_prefix_path.sh
[0.273s] -- Up-to-date: /home/ubuntu/relBot/install/relbot_simulator/share/relbot_simulator/environment/ament_prefix_path.dsv
[0.273s] -- Up-to-date: /home/ubuntu/relBot/install/relbot_simulator/share/relbot_simulator/environment/path.sh
[0.274s] -- Up-to-date: /home/ubuntu/relBot/install/relbot_simulator/share/relbot_simulator/environment/path.dsv
[0.274s] -- Up-to-date: /home/ubuntu/relBot/install/relbot_simulator/share/relbot_simulator/local_setup.bash
[0.274s] -- Up-to-date: /home/ubuntu/relBot/install/relbot_simulator/share/relbot_simulator/local_setup.sh
[0.275s] -- Up-to-date: /home/ubuntu/relBot/install/relbot_simulator/share/relbot_simulator/local_setup.zsh
[0.275s] -- Up-to-date: /home/ubuntu/relBot/install/relbot_simulator/share/relbot_simulator/local_setup.dsv
[0.275s] -- Installing: /home/ubuntu/relBot/install/relbot_simulator/share/relbot_simulator/package.dsv
[0.276s] -- Up-to-date: /home/ubuntu/relBot/install/relbot_simulator/share/ament_index/resource_index/packages/relbot_simulator
[0.278s] -- Up-to-date: /home/ubuntu/relBot/install/relbot_simulator/share/relbot_simulator/cmake/relbot_simulatorConfig.cmake
[0.279s] -- Up-to-date: /home/ubuntu/relBot/install/relbot_simulator/share/relbot_simulator/cmake/relbot_simulatorConfig-version.cmake
[0.279s] -- Up-to-date: /home/ubuntu/relBot/install/relbot_simulator/share/relbot_simulator/package.xml
[0.409s] Invoked command in '/home/ubuntu/relBot/build/relbot_simulator' returned '0': CMAKE_PREFIX_PATH=${CMAKE_PREFIX_PATH}:/opt/ros/jazzy DEBUGINFOD_URLS=https://debuginfod.ubuntu.com /usr/bin/cmake --install /home/ubuntu/relBot/build/relbot_simulator
