[0.089s] Invoking command in '/home/ubuntu/relBot/build/relbot_simulator': CMAKE_PREFIX_PATH=${CMAKE_PREFIX_PATH}:/opt/ros/jazzy DEBUGINFOD_URLS=https://debuginfod.ubuntu.com /usr/bin/cmake --build /home/ubuntu/relBot/build/relbot_simulator -- -j8 -l8
[0.419s] [100%] Built target relbot_simulator
[0.465s] Invoked command in '/home/ubuntu/relBot/build/relbot_simulator' returned '0': CMAKE_PREFIX_PATH=${CMAKE_PREFIX_PATH}:/opt/ros/jazzy DEBUGINFOD_URLS=https://debuginfod.ubuntu.com /usr/bin/cmake --build /home/ubuntu/relBot/build/relbot_simulator -- -j8 -l8
[0.466s] Invoking command in '/home/ubuntu/relBot/build/relbot_simulator': CMAKE_PREFIX_PATH=${CMAKE_PREFIX_PATH}:/opt/ros/jazzy DEBUGINFOD_URLS=https://debuginfod.ubuntu.com /usr/bin/cmake --install /home/ubuntu/relBot/build/relbot_simulator
[0.493s] -- Install configuration: ""
[0.493s] -- Installing: /home/ubuntu/relBot/install/relbot_simulator/lib/relbot_simulator/relbot_simulator
[0.541s] -- Set non-toolchain portion of runtime path of "/home/ubuntu/relBot/install/relbot_simulator/lib/relbot_simulator/relbot_simulator" to ""
[0.541s] -- Installing: /home/ubuntu/relBot/install/relbot_simulator/include
[0.542s] -- Installing: /home/ubuntu/relBot/install/relbot_simulator/include/xxinverse.cpp
[0.546s] -- Installing: /home/ubuntu/relBot/install/relbot_simulator/include/xxmodel.h
[0.547s] -- Installing: /home/ubuntu/relBot/install/relbot_simulator/include/xxtypes.h
[0.549s] -- Installing: /home/ubuntu/relBot/install/relbot_simulator/include/xxmatrix.cpp
[0.550s] -- Installing: /home/ubuntu/relBot/install/relbot_simulator/include/xxinverse.h
[0.550s] -- Installing: /home/ubuntu/relBot/install/relbot_simulator/include/MotionProfiles.h
[0.551s] -- Installing: /home/ubuntu/relBot/install/relbot_simulator/include/xxfuncs.cpp
[0.551s] -- Installing: /home/ubuntu/relBot/install/relbot_simulator/include/xxfuncs.h
[0.551s] -- Installing: /home/ubuntu/relBot/install/relbot_simulator/include/MotionProfiles.cpp
[0.552s] -- Installing: /home/ubuntu/relBot/install/relbot_simulator/include/xxinteg.cpp
[0.556s] -- Installing: /home/ubuntu/relBot/install/relbot_simulator/include/EulerAngles.cpp
[0.560s] -- Installing: /home/ubuntu/relBot/install/relbot_simulator/include/xxinteg.h
[0.562s] -- Installing: /home/ubuntu/relBot/install/relbot_simulator/include/EulerAngles.h
[0.565s] -- Installing: /home/ubuntu/relBot/install/relbot_simulator/include/xxmatrix.h
[0.568s] -- Installing: /home/ubuntu/relBot/install/relbot_simulator/share/ament_index/resource_index/package_run_dependencies/relbot_simulator
[0.569s] -- Installing: /home/ubuntu/relBot/install/relbot_simulator/share/ament_index/resource_index/parent_prefix_path/relbot_simulator
[0.570s] -- Installing: /home/ubuntu/relBot/install/relbot_simulator/share/relbot_simulator/environment/ament_prefix_path.sh
[0.570s] -- Installing: /home/ubuntu/relBot/install/relbot_simulator/share/relbot_simulator/environment/ament_prefix_path.dsv
[0.571s] -- Installing: /home/ubuntu/relBot/install/relbot_simulator/share/relbot_simulator/environment/path.sh
[0.572s] -- Installing: /home/ubuntu/relBot/install/relbot_simulator/share/relbot_simulator/environment/path.dsv
[0.573s] -- Installing: /home/ubuntu/relBot/install/relbot_simulator/share/relbot_simulator/local_setup.bash
[0.574s] -- Installing: /home/ubuntu/relBot/install/relbot_simulator/share/relbot_simulator/local_setup.sh
[0.574s] -- Installing: /home/ubuntu/relBot/install/relbot_simulator/share/relbot_simulator/local_setup.zsh
[0.575s] -- Installing: /home/ubuntu/relBot/install/relbot_simulator/share/relbot_simulator/local_setup.dsv
[0.576s] -- Installing: /home/ubuntu/relBot/install/relbot_simulator/share/relbot_simulator/package.dsv
[0.577s] -- Installing: /home/ubuntu/relBot/install/relbot_simulator/share/ament_index/resource_index/packages/relbot_simulator
[0.577s] -- Installing: /home/ubuntu/relBot/install/relbot_simulator/share/relbot_simulator/cmake/relbot_simulatorConfig.cmake
[0.583s] -- Installing: /home/ubuntu/relBot/install/relbot_simulator/share/relbot_simulator/cmake/relbot_simulatorConfig-version.cmake
[0.585s] -- Installing: /home/ubuntu/relBot/install/relbot_simulator/share/relbot_simulator/package.xml
[0.631s] Invoked command in '/home/ubuntu/relBot/build/relbot_simulator' returned '0': CMAKE_PREFIX_PATH=${CMAKE_PREFIX_PATH}:/opt/ros/jazzy DEBUGINFOD_URLS=https://debuginfod.ubuntu.com /usr/bin/cmake --install /home/ubuntu/relBot/build/relbot_simulator
