[0.035s] Invoking command in '/home/ubuntu/relBot/build/relbot_sequence_controller': CMAKE_PREFIX_PATH=${CMAKE_PREFIX_PATH}:/opt/ros/jazzy DEBUGINFOD_URLS=https://debuginfod.ubuntu.com /usr/bin/cmake --build /home/ubuntu/relBot/build/relbot_sequence_controller -- -j8 -l8
[0.131s] [ 50%] [32mBuilding CXX object CMakeFiles/relbot_sequence_controller.dir/src/relbot_sequence_controller.cpp.o[0m
[8.797s] [100%] [32m[1mLinking CXX executable relbot_sequence_controller[0m
[9.374s] [100%] Built target relbot_sequence_controller
[9.385s] Invoked command in '/home/ubuntu/relBot/build/relbot_sequence_controller' returned '0': CMAKE_PREFIX_PATH=${CMAKE_PREFIX_PATH}:/opt/ros/jazzy DEBUGINFOD_URLS=https://debuginfod.ubuntu.com /usr/bin/cmake --build /home/ubuntu/relBot/build/relbot_sequence_controller -- -j8 -l8
[9.386s] Invoking command in '/home/ubuntu/relBot/build/relbot_sequence_controller': CMAKE_PREFIX_PATH=${CMAKE_PREFIX_PATH}:/opt/ros/jazzy DEBUGINFOD_URLS=https://debuginfod.ubuntu.com /usr/bin/cmake --install /home/ubuntu/relBot/build/relbot_sequence_controller
[9.393s] -- Install configuration: ""
[9.394s] -- Installing: /home/ubuntu/relBot/install/relbot_sequence_controller/lib/relbot_sequence_controller/relbot_sequence_controller
[9.400s] -- Set non-toolchain portion of runtime path of "/home/ubuntu/relBot/install/relbot_sequence_controller/lib/relbot_sequence_controller/relbot_sequence_controller" to ""
[9.400s] -- Up-to-date: /home/ubuntu/relBot/install/relbot_sequence_controller/share/ament_index/resource_index/package_run_dependencies/relbot_sequence_controller
[9.401s] -- Up-to-date: /home/ubuntu/relBot/install/relbot_sequence_controller/share/ament_index/resource_index/parent_prefix_path/relbot_sequence_controller
[9.401s] -- Up-to-date: /home/ubuntu/relBot/install/relbot_sequence_controller/share/relbot_sequence_controller/environment/ament_prefix_path.sh
[9.401s] -- Up-to-date: /home/ubuntu/relBot/install/relbot_sequence_controller/share/relbot_sequence_controller/environment/ament_prefix_path.dsv
[9.401s] -- Up-to-date: /home/ubuntu/relBot/install/relbot_sequence_controller/share/relbot_sequence_controller/environment/path.sh
[9.402s] -- Up-to-date: /home/ubuntu/relBot/install/relbot_sequence_controller/share/relbot_sequence_controller/environment/path.dsv
[9.402s] -- Up-to-date: /home/ubuntu/relBot/install/relbot_sequence_controller/share/relbot_sequence_controller/local_setup.bash
[9.402s] -- Up-to-date: /home/ubuntu/relBot/install/relbot_sequence_controller/share/relbot_sequence_controller/local_setup.sh
[9.402s] -- Up-to-date: /home/ubuntu/relBot/install/relbot_sequence_controller/share/relbot_sequence_controller/local_setup.zsh
[9.403s] -- Up-to-date: /home/ubuntu/relBot/install/relbot_sequence_controller/share/relbot_sequence_controller/local_setup.dsv
[9.403s] -- Installing: /home/ubuntu/relBot/install/relbot_sequence_controller/share/relbot_sequence_controller/package.dsv
[9.404s] -- Up-to-date: /home/ubuntu/relBot/install/relbot_sequence_controller/share/ament_index/resource_index/packages/relbot_sequence_controller
[9.404s] -- Up-to-date: /home/ubuntu/relBot/install/relbot_sequence_controller/share/relbot_sequence_controller/cmake/relbot_sequence_controllerConfig.cmake
[9.404s] -- Up-to-date: /home/ubuntu/relBot/install/relbot_sequence_controller/share/relbot_sequence_controller/cmake/relbot_sequence_controllerConfig-version.cmake
[9.404s] -- Up-to-date: /home/ubuntu/relBot/install/relbot_sequence_controller/share/relbot_sequence_controller/package.xml
[9.411s] Invoked command in '/home/ubuntu/relBot/build/relbot_sequence_controller' returned '0': CMAKE_PREFIX_PATH=${CMAKE_PREFIX_PATH}:/opt/ros/jazzy DEBUGINFOD_URLS=https://debuginfod.ubuntu.com /usr/bin/cmake --install /home/ubuntu/relBot/build/relbot_sequence_controller
