[0.573s] DEBUG:colcon:Command line arguments: ['/usr/bin/colcon', 'build']
[0.574s] DEBUG:colcon:Parsed command line arguments: Namespace(log_base=None, log_level=None, verb_name='build', build_base='build', install_base='install', merge_install=False, symlink_install=False, test_result_base=None, continue_on_error=False, executor='parallel', parallel_workers=8, event_handlers=None, ignore_user_meta=False, metas=['./colcon.meta'], base_paths=['.'], packages_ignore=None, packages_ignore_regex=None, paths=None, packages_up_to=None, packages_up_to_regex=None, packages_above=None, packages_above_and_dependencies=None, packages_above_depth=None, packages_select_by_dep=None, packages_skip_by_dep=None, packages_skip_up_to=None, packages_select_build_failed=False, packages_skip_build_finished=False, packages_select_test_failures=False, packages_skip_test_passed=False, packages_select=None, packages_skip=None, packages_select_regex=None, packages_skip_regex=None, packages_start=None, packages_end=None, allow_overriding=[], cmake_args=None, cmake_target=None, cmake_target_skip_unavailable=False, cmake_clean_cache=False, cmake_clean_first=False, cmake_force_configure=False, ament_cmake_args=None, catkin_cmake_args=None, catkin_skip_building_tests=False, mixin_files=None, mixin=None, verb_parser=<colcon_mixin.mixin.mixin_argument.MixinArgumentDecorator object at 0x7f886da75070>, verb_extension=<colcon_core.verb.build.BuildVerb object at 0x7f886da74c50>, main=<bound method BuildVerb.main of <colcon_core.verb.build.BuildVerb object at 0x7f886da74c50>>, mixin_verb=('build',))
[0.683s] Level 1:colcon.colcon_core.package_discovery:discover_packages(colcon_meta) check parameters
[0.684s] Level 1:colcon.colcon_core.package_discovery:discover_packages(recursive) check parameters
[0.684s] Level 1:colcon.colcon_core.package_discovery:discover_packages(ignore) check parameters
[0.684s] Level 1:colcon.colcon_core.package_discovery:discover_packages(path) check parameters
[0.684s] Level 1:colcon.colcon_core.package_discovery:discover_packages(colcon_meta) discover
[0.684s] Level 1:colcon.colcon_core.package_discovery:discover_packages(recursive) discover
[0.685s] INFO:colcon.colcon_core.package_discovery:Crawling recursively for packages in '/home/ubuntu/relBot'
[0.685s] Level 1:colcon.colcon_core.package_identification:_identify(.) by extensions ['ignore', 'ignore_ament_install']
[0.685s] Level 1:colcon.colcon_core.package_identification:_identify(.) by extension 'ignore'
[0.685s] Level 1:colcon.colcon_core.package_identification:_identify(.) by extension 'ignore_ament_install'
[0.685s] Level 1:colcon.colcon_core.package_identification:_identify(.) by extensions ['colcon_pkg']
[0.686s] Level 1:colcon.colcon_core.package_identification:_identify(.) by extension 'colcon_pkg'
[0.686s] Level 1:colcon.colcon_core.package_identification:_identify(.) by extensions ['colcon_meta']
[0.686s] Level 1:colcon.colcon_core.package_identification:_identify(.) by extension 'colcon_meta'
[0.686s] Level 1:colcon.colcon_core.package_identification:_identify(.) by extensions ['ros']
[0.686s] Level 1:colcon.colcon_core.package_identification:_identify(.) by extension 'ros'
[0.736s] Level 1:colcon.colcon_core.package_identification:_identify(.) by extensions ['cmake', 'python']
[0.737s] Level 1:colcon.colcon_core.package_identification:_identify(.) by extension 'cmake'
[0.737s] Level 1:colcon.colcon_core.package_identification:_identify(.) by extension 'python'
[0.737s] Level 1:colcon.colcon_core.package_identification:_identify(.) by extensions ['python_setup_py']
[0.737s] Level 1:colcon.colcon_core.package_identification:_identify(.) by extension 'python_setup_py'
[0.737s] Level 1:colcon.colcon_core.package_identification:_identify(build) by extensions ['ignore', 'ignore_ament_install']
[0.738s] Level 1:colcon.colcon_core.package_identification:_identify(build) by extension 'ignore'
[0.738s] Level 1:colcon.colcon_core.package_identification:_identify(build) ignored
[0.738s] Level 1:colcon.colcon_core.package_identification:_identify(install) by extensions ['ignore', 'ignore_ament_install']
[0.738s] Level 1:colcon.colcon_core.package_identification:_identify(install) by extension 'ignore'
[0.739s] Level 1:colcon.colcon_core.package_identification:_identify(install) ignored
[0.739s] Level 1:colcon.colcon_core.package_identification:_identify(log) by extensions ['ignore', 'ignore_ament_install']
[0.739s] Level 1:colcon.colcon_core.package_identification:_identify(log) by extension 'ignore'
[0.739s] Level 1:colcon.colcon_core.package_identification:_identify(log) ignored
[0.739s] Level 1:colcon.colcon_core.package_identification:_identify(src) by extensions ['ignore', 'ignore_ament_install']
[0.739s] Level 1:colcon.colcon_core.package_identification:_identify(src) by extension 'ignore'
[0.740s] Level 1:colcon.colcon_core.package_identification:_identify(src) by extension 'ignore_ament_install'
[0.740s] Level 1:colcon.colcon_core.package_identification:_identify(src) by extensions ['colcon_pkg']
[0.740s] Level 1:colcon.colcon_core.package_identification:_identify(src) by extension 'colcon_pkg'
[0.740s] Level 1:colcon.colcon_core.package_identification:_identify(src) by extensions ['colcon_meta']
[0.740s] Level 1:colcon.colcon_core.package_identification:_identify(src) by extension 'colcon_meta'
[0.740s] Level 1:colcon.colcon_core.package_identification:_identify(src) by extensions ['ros']
[0.740s] Level 1:colcon.colcon_core.package_identification:_identify(src) by extension 'ros'
[0.741s] Level 1:colcon.colcon_core.package_identification:_identify(src) by extensions ['cmake', 'python']
[0.741s] Level 1:colcon.colcon_core.package_identification:_identify(src) by extension 'cmake'
[0.741s] Level 1:colcon.colcon_core.package_identification:_identify(src) by extension 'python'
[0.741s] Level 1:colcon.colcon_core.package_identification:_identify(src) by extensions ['python_setup_py']
[0.741s] Level 1:colcon.colcon_core.package_identification:_identify(src) by extension 'python_setup_py'
[0.741s] Level 1:colcon.colcon_core.package_identification:_identify(src/cam2image_vm2ros) by extensions ['ignore', 'ignore_ament_install']
[0.742s] Level 1:colcon.colcon_core.package_identification:_identify(src/cam2image_vm2ros) by extension 'ignore'
[0.742s] Level 1:colcon.colcon_core.package_identification:_identify(src/cam2image_vm2ros) by extension 'ignore_ament_install'
[0.742s] Level 1:colcon.colcon_core.package_identification:_identify(src/cam2image_vm2ros) by extensions ['colcon_pkg']
[0.742s] Level 1:colcon.colcon_core.package_identification:_identify(src/cam2image_vm2ros) by extension 'colcon_pkg'
[0.742s] Level 1:colcon.colcon_core.package_identification:_identify(src/cam2image_vm2ros) by extensions ['colcon_meta']
[0.742s] Level 1:colcon.colcon_core.package_identification:_identify(src/cam2image_vm2ros) by extension 'colcon_meta'
[0.743s] Level 1:colcon.colcon_core.package_identification:_identify(src/cam2image_vm2ros) by extensions ['ros']
[0.743s] Level 1:colcon.colcon_core.package_identification:_identify(src/cam2image_vm2ros) by extension 'ros'
[0.748s] DEBUG:colcon.colcon_core.package_identification:Package 'src/cam2image_vm2ros' with type 'ros.ament_cmake' and name 'cam2image_vm2ros'
[0.749s] Level 1:colcon.colcon_core.package_identification:_identify(src/my_image_processor) by extensions ['ignore', 'ignore_ament_install']
[0.749s] Level 1:colcon.colcon_core.package_identification:_identify(src/my_image_processor) by extension 'ignore'
[0.749s] Level 1:colcon.colcon_core.package_identification:_identify(src/my_image_processor) by extension 'ignore_ament_install'
[0.749s] Level 1:colcon.colcon_core.package_identification:_identify(src/my_image_processor) by extensions ['colcon_pkg']
[0.749s] Level 1:colcon.colcon_core.package_identification:_identify(src/my_image_processor) by extension 'colcon_pkg'
[0.750s] Level 1:colcon.colcon_core.package_identification:_identify(src/my_image_processor) by extensions ['colcon_meta']
[0.750s] Level 1:colcon.colcon_core.package_identification:_identify(src/my_image_processor) by extension 'colcon_meta'
[0.750s] Level 1:colcon.colcon_core.package_identification:_identify(src/my_image_processor) by extensions ['ros']
[0.750s] Level 1:colcon.colcon_core.package_identification:_identify(src/my_image_processor) by extension 'ros'
[0.751s] DEBUG:colcon.colcon_core.package_identification:Package 'src/my_image_processor' with type 'ros.ament_cmake' and name 'my_image_processor'
[0.751s] Level 1:colcon.colcon_core.package_identification:_identify(src/relbot2turtlesim) by extensions ['ignore', 'ignore_ament_install']
[0.751s] Level 1:colcon.colcon_core.package_identification:_identify(src/relbot2turtlesim) by extension 'ignore'
[0.752s] Level 1:colcon.colcon_core.package_identification:_identify(src/relbot2turtlesim) by extension 'ignore_ament_install'
[0.752s] Level 1:colcon.colcon_core.package_identification:_identify(src/relbot2turtlesim) by extensions ['colcon_pkg']
[0.752s] Level 1:colcon.colcon_core.package_identification:_identify(src/relbot2turtlesim) by extension 'colcon_pkg'
[0.752s] Level 1:colcon.colcon_core.package_identification:_identify(src/relbot2turtlesim) by extensions ['colcon_meta']
[0.752s] Level 1:colcon.colcon_core.package_identification:_identify(src/relbot2turtlesim) by extension 'colcon_meta'
[0.752s] Level 1:colcon.colcon_core.package_identification:_identify(src/relbot2turtlesim) by extensions ['ros']
[0.752s] Level 1:colcon.colcon_core.package_identification:_identify(src/relbot2turtlesim) by extension 'ros'
[0.754s] DEBUG:colcon.colcon_core.package_identification:Package 'src/relbot2turtlesim' with type 'ros.ament_cmake' and name 'relbot2turtlesim'
[0.754s] Level 1:colcon.colcon_core.package_identification:_identify(src/relbot_launch) by extensions ['ignore', 'ignore_ament_install']
[0.754s] Level 1:colcon.colcon_core.package_identification:_identify(src/relbot_launch) by extension 'ignore'
[0.754s] Level 1:colcon.colcon_core.package_identification:_identify(src/relbot_launch) by extension 'ignore_ament_install'
[0.754s] Level 1:colcon.colcon_core.package_identification:_identify(src/relbot_launch) by extensions ['colcon_pkg']
[0.755s] Level 1:colcon.colcon_core.package_identification:_identify(src/relbot_launch) by extension 'colcon_pkg'
[0.755s] Level 1:colcon.colcon_core.package_identification:_identify(src/relbot_launch) by extensions ['colcon_meta']
[0.755s] Level 1:colcon.colcon_core.package_identification:_identify(src/relbot_launch) by extension 'colcon_meta'
[0.755s] Level 1:colcon.colcon_core.package_identification:_identify(src/relbot_launch) by extensions ['ros']
[0.755s] Level 1:colcon.colcon_core.package_identification:_identify(src/relbot_launch) by extension 'ros'
[0.755s] DEBUG:colcon.colcon_core.package_identification:Package 'src/relbot_launch' with type 'ros.ament_cmake' and name 'relbot_launch'
[0.756s] Level 1:colcon.colcon_core.package_identification:_identify(src/relbot_sequence_controller) by extensions ['ignore', 'ignore_ament_install']
[0.756s] Level 1:colcon.colcon_core.package_identification:_identify(src/relbot_sequence_controller) by extension 'ignore'
[0.756s] Level 1:colcon.colcon_core.package_identification:_identify(src/relbot_sequence_controller) by extension 'ignore_ament_install'
[0.756s] Level 1:colcon.colcon_core.package_identification:_identify(src/relbot_sequence_controller) by extensions ['colcon_pkg']
[0.756s] Level 1:colcon.colcon_core.package_identification:_identify(src/relbot_sequence_controller) by extension 'colcon_pkg'
[0.757s] Level 1:colcon.colcon_core.package_identification:_identify(src/relbot_sequence_controller) by extensions ['colcon_meta']
[0.757s] Level 1:colcon.colcon_core.package_identification:_identify(src/relbot_sequence_controller) by extension 'colcon_meta'
[0.757s] Level 1:colcon.colcon_core.package_identification:_identify(src/relbot_sequence_controller) by extensions ['ros']
[0.757s] Level 1:colcon.colcon_core.package_identification:_identify(src/relbot_sequence_controller) by extension 'ros'
[0.758s] DEBUG:colcon.colcon_core.package_identification:Package 'src/relbot_sequence_controller' with type 'ros.ament_cmake' and name 'relbot_sequence_controller'
[0.758s] Level 1:colcon.colcon_core.package_identification:_identify(src/relbot_simulator) by extensions ['ignore', 'ignore_ament_install']
[0.758s] Level 1:colcon.colcon_core.package_identification:_identify(src/relbot_simulator) by extension 'ignore'
[0.758s] Level 1:colcon.colcon_core.package_identification:_identify(src/relbot_simulator) by extension 'ignore_ament_install'
[0.759s] Level 1:colcon.colcon_core.package_identification:_identify(src/relbot_simulator) by extensions ['colcon_pkg']
[0.759s] Level 1:colcon.colcon_core.package_identification:_identify(src/relbot_simulator) by extension 'colcon_pkg'
[0.759s] Level 1:colcon.colcon_core.package_identification:_identify(src/relbot_simulator) by extensions ['colcon_meta']
[0.759s] Level 1:colcon.colcon_core.package_identification:_identify(src/relbot_simulator) by extension 'colcon_meta'
[0.759s] Level 1:colcon.colcon_core.package_identification:_identify(src/relbot_simulator) by extensions ['ros']
[0.759s] Level 1:colcon.colcon_core.package_identification:_identify(src/relbot_simulator) by extension 'ros'
[0.760s] DEBUG:colcon.colcon_core.package_identification:Package 'src/relbot_simulator' with type 'ros.ament_cmake' and name 'relbot_simulator'
[0.760s] Level 1:colcon.colcon_core.package_discovery:discover_packages(recursive) using defaults
[0.761s] Level 1:colcon.colcon_core.package_discovery:discover_packages(ignore) discover
[0.761s] Level 1:colcon.colcon_core.package_discovery:discover_packages(ignore) using defaults
[0.761s] Level 1:colcon.colcon_core.package_discovery:discover_packages(path) discover
[0.761s] Level 1:colcon.colcon_core.package_discovery:discover_packages(path) using defaults
[0.802s] Level 1:colcon.colcon_core.package_discovery:discover_packages(prefix_path) check parameters
[0.802s] Level 1:colcon.colcon_core.package_discovery:discover_packages(prefix_path) discover
[0.810s] DEBUG:colcon.colcon_installed_package_information.package_discovery:Found 285 installed packages in /opt/ros/jazzy
[0.816s] Level 1:colcon.colcon_core.package_discovery:discover_packages(prefix_path) using defaults
[0.988s] Level 5:colcon.colcon_core.verb:set package 'cam2image_vm2ros' build argument 'cmake_args' from command line to 'None'
[0.988s] Level 5:colcon.colcon_core.verb:set package 'cam2image_vm2ros' build argument 'cmake_target' from command line to 'None'
[0.988s] Level 5:colcon.colcon_core.verb:set package 'cam2image_vm2ros' build argument 'cmake_target_skip_unavailable' from command line to 'False'
[0.988s] Level 5:colcon.colcon_core.verb:set package 'cam2image_vm2ros' build argument 'cmake_clean_cache' from command line to 'False'
[0.988s] Level 5:colcon.colcon_core.verb:set package 'cam2image_vm2ros' build argument 'cmake_clean_first' from command line to 'False'
[0.988s] Level 5:colcon.colcon_core.verb:set package 'cam2image_vm2ros' build argument 'cmake_force_configure' from command line to 'False'
[0.988s] Level 5:colcon.colcon_core.verb:set package 'cam2image_vm2ros' build argument 'ament_cmake_args' from command line to 'None'
[0.988s] Level 5:colcon.colcon_core.verb:set package 'cam2image_vm2ros' build argument 'catkin_cmake_args' from command line to 'None'
[0.989s] Level 5:colcon.colcon_core.verb:set package 'cam2image_vm2ros' build argument 'catkin_skip_building_tests' from command line to 'False'
[0.989s] DEBUG:colcon.colcon_core.verb:Building package 'cam2image_vm2ros' with the following arguments: {'ament_cmake_args': None, 'build_base': '/home/ubuntu/relBot/build/cam2image_vm2ros', 'catkin_cmake_args': None, 'catkin_skip_building_tests': False, 'cmake_args': None, 'cmake_clean_cache': False, 'cmake_clean_first': False, 'cmake_force_configure': False, 'cmake_target': None, 'cmake_target_skip_unavailable': False, 'install_base': '/home/ubuntu/relBot/install/cam2image_vm2ros', 'merge_install': False, 'path': '/home/ubuntu/relBot/src/cam2image_vm2ros', 'symlink_install': False, 'test_result_base': None}
[0.989s] Level 5:colcon.colcon_core.verb:set package 'my_image_processor' build argument 'cmake_args' from command line to 'None'
[0.989s] Level 5:colcon.colcon_core.verb:set package 'my_image_processor' build argument 'cmake_target' from command line to 'None'
[0.990s] Level 5:colcon.colcon_core.verb:set package 'my_image_processor' build argument 'cmake_target_skip_unavailable' from command line to 'False'
[0.990s] Level 5:colcon.colcon_core.verb:set package 'my_image_processor' build argument 'cmake_clean_cache' from command line to 'False'
[0.990s] Level 5:colcon.colcon_core.verb:set package 'my_image_processor' build argument 'cmake_clean_first' from command line to 'False'
[0.990s] Level 5:colcon.colcon_core.verb:set package 'my_image_processor' build argument 'cmake_force_configure' from command line to 'False'
[0.990s] Level 5:colcon.colcon_core.verb:set package 'my_image_processor' build argument 'ament_cmake_args' from command line to 'None'
[0.990s] Level 5:colcon.colcon_core.verb:set package 'my_image_processor' build argument 'catkin_cmake_args' from command line to 'None'
[0.990s] Level 5:colcon.colcon_core.verb:set package 'my_image_processor' build argument 'catkin_skip_building_tests' from command line to 'False'
[0.990s] DEBUG:colcon.colcon_core.verb:Building package 'my_image_processor' with the following arguments: {'ament_cmake_args': None, 'build_base': '/home/ubuntu/relBot/build/my_image_processor', 'catkin_cmake_args': None, 'catkin_skip_building_tests': False, 'cmake_args': None, 'cmake_clean_cache': False, 'cmake_clean_first': False, 'cmake_force_configure': False, 'cmake_target': None, 'cmake_target_skip_unavailable': False, 'install_base': '/home/ubuntu/relBot/install/my_image_processor', 'merge_install': False, 'path': '/home/ubuntu/relBot/src/my_image_processor', 'symlink_install': False, 'test_result_base': None}
[0.990s] Level 5:colcon.colcon_core.verb:set package 'relbot2turtlesim' build argument 'cmake_args' from command line to 'None'
[0.990s] Level 5:colcon.colcon_core.verb:set package 'relbot2turtlesim' build argument 'cmake_target' from command line to 'None'
[0.990s] Level 5:colcon.colcon_core.verb:set package 'relbot2turtlesim' build argument 'cmake_target_skip_unavailable' from command line to 'False'
[0.991s] Level 5:colcon.colcon_core.verb:set package 'relbot2turtlesim' build argument 'cmake_clean_cache' from command line to 'False'
[0.991s] Level 5:colcon.colcon_core.verb:set package 'relbot2turtlesim' build argument 'cmake_clean_first' from command line to 'False'
[0.991s] Level 5:colcon.colcon_core.verb:set package 'relbot2turtlesim' build argument 'cmake_force_configure' from command line to 'False'
[0.991s] Level 5:colcon.colcon_core.verb:set package 'relbot2turtlesim' build argument 'ament_cmake_args' from command line to 'None'
[0.991s] Level 5:colcon.colcon_core.verb:set package 'relbot2turtlesim' build argument 'catkin_cmake_args' from command line to 'None'
[0.991s] Level 5:colcon.colcon_core.verb:set package 'relbot2turtlesim' build argument 'catkin_skip_building_tests' from command line to 'False'
[0.991s] DEBUG:colcon.colcon_core.verb:Building package 'relbot2turtlesim' with the following arguments: {'ament_cmake_args': None, 'build_base': '/home/ubuntu/relBot/build/relbot2turtlesim', 'catkin_cmake_args': None, 'catkin_skip_building_tests': False, 'cmake_args': None, 'cmake_clean_cache': False, 'cmake_clean_first': False, 'cmake_force_configure': False, 'cmake_target': None, 'cmake_target_skip_unavailable': False, 'install_base': '/home/ubuntu/relBot/install/relbot2turtlesim', 'merge_install': False, 'path': '/home/ubuntu/relBot/src/relbot2turtlesim', 'symlink_install': False, 'test_result_base': None}
[0.991s] Level 5:colcon.colcon_core.verb:set package 'relbot_launch' build argument 'cmake_args' from command line to 'None'
[0.991s] Level 5:colcon.colcon_core.verb:set package 'relbot_launch' build argument 'cmake_target' from command line to 'None'
[0.991s] Level 5:colcon.colcon_core.verb:set package 'relbot_launch' build argument 'cmake_target_skip_unavailable' from command line to 'False'
[0.991s] Level 5:colcon.colcon_core.verb:set package 'relbot_launch' build argument 'cmake_clean_cache' from command line to 'False'
[0.991s] Level 5:colcon.colcon_core.verb:set package 'relbot_launch' build argument 'cmake_clean_first' from command line to 'False'
[0.991s] Level 5:colcon.colcon_core.verb:set package 'relbot_launch' build argument 'cmake_force_configure' from command line to 'False'
[0.991s] Level 5:colcon.colcon_core.verb:set package 'relbot_launch' build argument 'ament_cmake_args' from command line to 'None'
[0.992s] Level 5:colcon.colcon_core.verb:set package 'relbot_launch' build argument 'catkin_cmake_args' from command line to 'None'
[0.992s] Level 5:colcon.colcon_core.verb:set package 'relbot_launch' build argument 'catkin_skip_building_tests' from command line to 'False'
[0.992s] DEBUG:colcon.colcon_core.verb:Building package 'relbot_launch' with the following arguments: {'ament_cmake_args': None, 'build_base': '/home/ubuntu/relBot/build/relbot_launch', 'catkin_cmake_args': None, 'catkin_skip_building_tests': False, 'cmake_args': None, 'cmake_clean_cache': False, 'cmake_clean_first': False, 'cmake_force_configure': False, 'cmake_target': None, 'cmake_target_skip_unavailable': False, 'install_base': '/home/ubuntu/relBot/install/relbot_launch', 'merge_install': False, 'path': '/home/ubuntu/relBot/src/relbot_launch', 'symlink_install': False, 'test_result_base': None}
[0.992s] Level 5:colcon.colcon_core.verb:set package 'relbot_sequence_controller' build argument 'cmake_args' from command line to 'None'
[0.992s] Level 5:colcon.colcon_core.verb:set package 'relbot_sequence_controller' build argument 'cmake_target' from command line to 'None'
[0.992s] Level 5:colcon.colcon_core.verb:set package 'relbot_sequence_controller' build argument 'cmake_target_skip_unavailable' from command line to 'False'
[0.992s] Level 5:colcon.colcon_core.verb:set package 'relbot_sequence_controller' build argument 'cmake_clean_cache' from command line to 'False'
[0.992s] Level 5:colcon.colcon_core.verb:set package 'relbot_sequence_controller' build argument 'cmake_clean_first' from command line to 'False'
[0.992s] Level 5:colcon.colcon_core.verb:set package 'relbot_sequence_controller' build argument 'cmake_force_configure' from command line to 'False'
[0.992s] Level 5:colcon.colcon_core.verb:set package 'relbot_sequence_controller' build argument 'ament_cmake_args' from command line to 'None'
[0.992s] Level 5:colcon.colcon_core.verb:set package 'relbot_sequence_controller' build argument 'catkin_cmake_args' from command line to 'None'
[0.992s] Level 5:colcon.colcon_core.verb:set package 'relbot_sequence_controller' build argument 'catkin_skip_building_tests' from command line to 'False'
[0.993s] DEBUG:colcon.colcon_core.verb:Building package 'relbot_sequence_controller' with the following arguments: {'ament_cmake_args': None, 'build_base': '/home/ubuntu/relBot/build/relbot_sequence_controller', 'catkin_cmake_args': None, 'catkin_skip_building_tests': False, 'cmake_args': None, 'cmake_clean_cache': False, 'cmake_clean_first': False, 'cmake_force_configure': False, 'cmake_target': None, 'cmake_target_skip_unavailable': False, 'install_base': '/home/ubuntu/relBot/install/relbot_sequence_controller', 'merge_install': False, 'path': '/home/ubuntu/relBot/src/relbot_sequence_controller', 'symlink_install': False, 'test_result_base': None}
[0.993s] Level 5:colcon.colcon_core.verb:set package 'relbot_simulator' build argument 'cmake_args' from command line to 'None'
[0.993s] Level 5:colcon.colcon_core.verb:set package 'relbot_simulator' build argument 'cmake_target' from command line to 'None'
[0.993s] Level 5:colcon.colcon_core.verb:set package 'relbot_simulator' build argument 'cmake_target_skip_unavailable' from command line to 'False'
[0.993s] Level 5:colcon.colcon_core.verb:set package 'relbot_simulator' build argument 'cmake_clean_cache' from command line to 'False'
[0.993s] Level 5:colcon.colcon_core.verb:set package 'relbot_simulator' build argument 'cmake_clean_first' from command line to 'False'
[0.993s] Level 5:colcon.colcon_core.verb:set package 'relbot_simulator' build argument 'cmake_force_configure' from command line to 'False'
[0.993s] Level 5:colcon.colcon_core.verb:set package 'relbot_simulator' build argument 'ament_cmake_args' from command line to 'None'
[0.993s] Level 5:colcon.colcon_core.verb:set package 'relbot_simulator' build argument 'catkin_cmake_args' from command line to 'None'
[0.993s] Level 5:colcon.colcon_core.verb:set package 'relbot_simulator' build argument 'catkin_skip_building_tests' from command line to 'False'
[0.993s] DEBUG:colcon.colcon_core.verb:Building package 'relbot_simulator' with the following arguments: {'ament_cmake_args': None, 'build_base': '/home/ubuntu/relBot/build/relbot_simulator', 'catkin_cmake_args': None, 'catkin_skip_building_tests': False, 'cmake_args': None, 'cmake_clean_cache': False, 'cmake_clean_first': False, 'cmake_force_configure': False, 'cmake_target': None, 'cmake_target_skip_unavailable': False, 'install_base': '/home/ubuntu/relBot/install/relbot_simulator', 'merge_install': False, 'path': '/home/ubuntu/relBot/src/relbot_simulator', 'symlink_install': False, 'test_result_base': None}
[0.994s] INFO:colcon.colcon_core.executor:Executing jobs using 'parallel' executor
[0.995s] DEBUG:colcon.colcon_parallel_executor.executor.parallel:run_until_complete
[0.996s] INFO:colcon.colcon_ros.task.ament_cmake.build:Building ROS package in '/home/ubuntu/relBot/src/cam2image_vm2ros' with build type 'ament_cmake'
[0.996s] INFO:colcon.colcon_cmake.task.cmake.build:Building CMake package in '/home/ubuntu/relBot/src/cam2image_vm2ros'
[1.001s] INFO:colcon.colcon_core.plugin_system:Skipping extension 'colcon_core.shell.bat': Not used on non-Windows systems
[1.001s] INFO:colcon.colcon_core.shell:Skip shell extension 'powershell' for command environment: Not usable outside of PowerShell
[1.001s] DEBUG:colcon.colcon_core.shell:Skip shell extension 'dsv' for command environment
[1.007s] INFO:colcon.colcon_ros.task.ament_cmake.build:Building ROS package in '/home/ubuntu/relBot/src/my_image_processor' with build type 'ament_cmake'
[1.007s] INFO:colcon.colcon_cmake.task.cmake.build:Building CMake package in '/home/ubuntu/relBot/src/my_image_processor'
[1.008s] INFO:colcon.colcon_core.shell:Skip shell extension 'powershell' for command environment: Not usable outside of PowerShell
[1.008s] DEBUG:colcon.colcon_core.shell:Skip shell extension 'dsv' for command environment
[1.016s] INFO:colcon.colcon_ros.task.ament_cmake.build:Building ROS package in '/home/ubuntu/relBot/src/relbot2turtlesim' with build type 'ament_cmake'
[1.016s] INFO:colcon.colcon_cmake.task.cmake.build:Building CMake package in '/home/ubuntu/relBot/src/relbot2turtlesim'
[1.016s] INFO:colcon.colcon_core.shell:Skip shell extension 'powershell' for command environment: Not usable outside of PowerShell
[1.017s] DEBUG:colcon.colcon_core.shell:Skip shell extension 'dsv' for command environment
[1.022s] INFO:colcon.colcon_ros.task.ament_cmake.build:Building ROS package in '/home/ubuntu/relBot/src/relbot_launch' with build type 'ament_cmake'
[1.023s] INFO:colcon.colcon_cmake.task.cmake.build:Building CMake package in '/home/ubuntu/relBot/src/relbot_launch'
[1.024s] INFO:colcon.colcon_core.shell:Skip shell extension 'powershell' for command environment: Not usable outside of PowerShell
[1.024s] DEBUG:colcon.colcon_core.shell:Skip shell extension 'dsv' for command environment
[1.029s] INFO:colcon.colcon_ros.task.ament_cmake.build:Building ROS package in '/home/ubuntu/relBot/src/relbot_sequence_controller' with build type 'ament_cmake'
[1.029s] INFO:colcon.colcon_cmake.task.cmake.build:Building CMake package in '/home/ubuntu/relBot/src/relbot_sequence_controller'
[1.030s] INFO:colcon.colcon_core.shell:Skip shell extension 'powershell' for command environment: Not usable outside of PowerShell
[1.031s] DEBUG:colcon.colcon_core.shell:Skip shell extension 'dsv' for command environment
[1.037s] INFO:colcon.colcon_ros.task.ament_cmake.build:Building ROS package in '/home/ubuntu/relBot/src/relbot_simulator' with build type 'ament_cmake'
[1.038s] INFO:colcon.colcon_cmake.task.cmake.build:Building CMake package in '/home/ubuntu/relBot/src/relbot_simulator'
[1.038s] INFO:colcon.colcon_core.shell:Skip shell extension 'powershell' for command environment: Not usable outside of PowerShell
[1.039s] DEBUG:colcon.colcon_core.shell:Skip shell extension 'dsv' for command environment
[1.056s] DEBUG:colcon.colcon_core.event_handler.log_command:Invoking command in '/home/ubuntu/relBot/build/cam2image_vm2ros': CMAKE_PREFIX_PATH=${CMAKE_PREFIX_PATH}:/opt/ros/jazzy DEBUGINFOD_URLS=https://debuginfod.ubuntu.com /usr/bin/cmake --build /home/ubuntu/relBot/build/cam2image_vm2ros -- -j8 -l8
[1.062s] DEBUG:colcon.colcon_core.event_handler.log_command:Invoking command in '/home/ubuntu/relBot/build/my_image_processor': CMAKE_PREFIX_PATH=${CMAKE_PREFIX_PATH}:/opt/ros/jazzy DEBUGINFOD_URLS=https://debuginfod.ubuntu.com /usr/bin/cmake --build /home/ubuntu/relBot/build/my_image_processor -- -j8 -l8
[1.071s] DEBUG:colcon.colcon_core.event_handler.log_command:Invoking command in '/home/ubuntu/relBot/build/relbot2turtlesim': CMAKE_PREFIX_PATH=${CMAKE_PREFIX_PATH}:/opt/ros/jazzy DEBUGINFOD_URLS=https://debuginfod.ubuntu.com /usr/bin/cmake --build /home/ubuntu/relBot/build/relbot2turtlesim -- -j8 -l8
[1.077s] DEBUG:colcon.colcon_core.event_handler.log_command:Invoking command in '/home/ubuntu/relBot/build/relbot_launch': CMAKE_PREFIX_PATH=${CMAKE_PREFIX_PATH}:/opt/ros/jazzy DEBUGINFOD_URLS=https://debuginfod.ubuntu.com /usr/bin/cmake --build /home/ubuntu/relBot/build/relbot_launch -- -j8 -l8
[1.090s] DEBUG:colcon.colcon_core.event_handler.log_command:Invoking command in '/home/ubuntu/relBot/build/relbot_sequence_controller': CMAKE_PREFIX_PATH=${CMAKE_PREFIX_PATH}:/opt/ros/jazzy DEBUGINFOD_URLS=https://debuginfod.ubuntu.com /usr/bin/cmake --build /home/ubuntu/relBot/build/relbot_sequence_controller -- -j8 -l8
[1.127s] DEBUG:colcon.colcon_core.event_handler.log_command:Invoking command in '/home/ubuntu/relBot/build/relbot_simulator': CMAKE_PREFIX_PATH=${CMAKE_PREFIX_PATH}:/opt/ros/jazzy DEBUGINFOD_URLS=https://debuginfod.ubuntu.com /usr/bin/cmake --build /home/ubuntu/relBot/build/relbot_simulator -- -j8 -l8
[1.196s] DEBUG:colcon.colcon_core.event_handler.log_command:Invoked command in '/home/ubuntu/relBot/build/relbot_launch' returned '0': CMAKE_PREFIX_PATH=${CMAKE_PREFIX_PATH}:/opt/ros/jazzy DEBUGINFOD_URLS=https://debuginfod.ubuntu.com /usr/bin/cmake --build /home/ubuntu/relBot/build/relbot_launch -- -j8 -l8
[1.238s] DEBUG:colcon.colcon_core.event_handler.log_command:Invoking command in '/home/ubuntu/relBot/build/relbot_launch': CMAKE_PREFIX_PATH=${CMAKE_PREFIX_PATH}:/opt/ros/jazzy DEBUGINFOD_URLS=https://debuginfod.ubuntu.com /usr/bin/cmake --install /home/ubuntu/relBot/build/relbot_launch
[1.293s] Level 1:colcon.colcon_core.environment:create_environment_scripts_only(relbot_launch)
[1.304s] Level 1:colcon.colcon_core.environment:checking '/home/ubuntu/relBot/install/relbot_launch' for CMake module files
[1.310s] Level 1:colcon.colcon_core.environment:checking '/home/ubuntu/relBot/install/relbot_launch' for CMake config files
[1.310s] Level 1:colcon.colcon_core.shell:create_environment_hook('relbot_launch', 'cmake_prefix_path')
[1.311s] INFO:colcon.colcon_core.shell:Creating environment hook '/home/ubuntu/relBot/install/relbot_launch/share/relbot_launch/hook/cmake_prefix_path.ps1'
[1.313s] INFO:colcon.colcon_core.shell:Creating environment descriptor '/home/ubuntu/relBot/install/relbot_launch/share/relbot_launch/hook/cmake_prefix_path.dsv'
[1.316s] DEBUG:colcon.colcon_core.event_handler.log_command:Invoked command in '/home/ubuntu/relBot/build/relbot_launch' returned '0': CMAKE_PREFIX_PATH=${CMAKE_PREFIX_PATH}:/opt/ros/jazzy DEBUGINFOD_URLS=https://debuginfod.ubuntu.com /usr/bin/cmake --install /home/ubuntu/relBot/build/relbot_launch
[1.320s] INFO:colcon.colcon_core.shell:Creating environment hook '/home/ubuntu/relBot/install/relbot_launch/share/relbot_launch/hook/cmake_prefix_path.sh'
[1.327s] Level 1:colcon.colcon_core.environment:checking '/home/ubuntu/relBot/install/relbot_launch/bin'
[1.328s] Level 1:colcon.colcon_core.environment:checking '/home/ubuntu/relBot/install/relbot_launch/lib/pkgconfig/relbot_launch.pc'
[1.328s] Level 1:colcon.colcon_core.environment:checking '/home/ubuntu/relBot/install/relbot_launch/lib/python3.12/site-packages'
[1.331s] Level 1:colcon.colcon_core.environment:checking '/home/ubuntu/relBot/install/relbot_launch/bin'
[1.332s] INFO:colcon.colcon_core.shell:Creating package script '/home/ubuntu/relBot/install/relbot_launch/share/relbot_launch/package.ps1'
[1.339s] INFO:colcon.colcon_core.shell:Creating package descriptor '/home/ubuntu/relBot/install/relbot_launch/share/relbot_launch/package.dsv'
[1.341s] INFO:colcon.colcon_core.shell:Creating package script '/home/ubuntu/relBot/install/relbot_launch/share/relbot_launch/package.sh'
[1.347s] INFO:colcon.colcon_core.shell:Creating package script '/home/ubuntu/relBot/install/relbot_launch/share/relbot_launch/package.bash'
[1.349s] INFO:colcon.colcon_core.shell:Creating package script '/home/ubuntu/relBot/install/relbot_launch/share/relbot_launch/package.zsh'
[1.357s] Level 1:colcon.colcon_core.environment:create_file_with_runtime_dependencies(/home/ubuntu/relBot/install/relbot_launch/share/colcon-core/packages/relbot_launch)
[1.358s] Level 1:colcon.colcon_core.environment:create_environment_scripts_only(relbot_launch)
[1.359s] Level 1:colcon.colcon_core.environment:checking '/home/ubuntu/relBot/install/relbot_launch' for CMake module files
[1.360s] Level 1:colcon.colcon_core.environment:checking '/home/ubuntu/relBot/install/relbot_launch' for CMake config files
[1.361s] Level 1:colcon.colcon_core.shell:create_environment_hook('relbot_launch', 'cmake_prefix_path')
[1.362s] INFO:colcon.colcon_core.shell:Creating environment hook '/home/ubuntu/relBot/install/relbot_launch/share/relbot_launch/hook/cmake_prefix_path.ps1'
[1.370s] INFO:colcon.colcon_core.shell:Creating environment descriptor '/home/ubuntu/relBot/install/relbot_launch/share/relbot_launch/hook/cmake_prefix_path.dsv'
[1.371s] INFO:colcon.colcon_core.shell:Creating environment hook '/home/ubuntu/relBot/install/relbot_launch/share/relbot_launch/hook/cmake_prefix_path.sh'
[1.373s] Level 1:colcon.colcon_core.environment:checking '/home/ubuntu/relBot/install/relbot_launch/bin'
[1.374s] Level 1:colcon.colcon_core.environment:checking '/home/ubuntu/relBot/install/relbot_launch/lib/pkgconfig/relbot_launch.pc'
[1.374s] Level 1:colcon.colcon_core.environment:checking '/home/ubuntu/relBot/install/relbot_launch/lib/python3.12/site-packages'
[1.375s] Level 1:colcon.colcon_core.environment:checking '/home/ubuntu/relBot/install/relbot_launch/bin'
[1.376s] INFO:colcon.colcon_core.shell:Creating package script '/home/ubuntu/relBot/install/relbot_launch/share/relbot_launch/package.ps1'
[1.378s] INFO:colcon.colcon_core.shell:Creating package descriptor '/home/ubuntu/relBot/install/relbot_launch/share/relbot_launch/package.dsv'
[1.380s] INFO:colcon.colcon_core.shell:Creating package script '/home/ubuntu/relBot/install/relbot_launch/share/relbot_launch/package.sh'
[1.381s] INFO:colcon.colcon_core.shell:Creating package script '/home/ubuntu/relBot/install/relbot_launch/share/relbot_launch/package.bash'
[1.383s] INFO:colcon.colcon_core.shell:Creating package script '/home/ubuntu/relBot/install/relbot_launch/share/relbot_launch/package.zsh'
[1.384s] Level 1:colcon.colcon_core.environment:create_file_with_runtime_dependencies(/home/ubuntu/relBot/install/relbot_launch/share/colcon-core/packages/relbot_launch)
[1.403s] DEBUG:colcon.colcon_core.event_handler.log_command:Invoked command in '/home/ubuntu/relBot/build/relbot_sequence_controller' returned '0': CMAKE_PREFIX_PATH=${CMAKE_PREFIX_PATH}:/opt/ros/jazzy DEBUGINFOD_URLS=https://debuginfod.ubuntu.com /usr/bin/cmake --build /home/ubuntu/relBot/build/relbot_sequence_controller -- -j8 -l8
[1.405s] DEBUG:colcon.colcon_core.event_handler.log_command:Invoking command in '/home/ubuntu/relBot/build/relbot_sequence_controller': CMAKE_PREFIX_PATH=${CMAKE_PREFIX_PATH}:/opt/ros/jazzy DEBUGINFOD_URLS=https://debuginfod.ubuntu.com /usr/bin/cmake --install /home/ubuntu/relBot/build/relbot_sequence_controller
[1.414s] DEBUG:colcon.colcon_core.event_handler.log_command:Invoked command in '/home/ubuntu/relBot/build/relbot2turtlesim' returned '0': CMAKE_PREFIX_PATH=${CMAKE_PREFIX_PATH}:/opt/ros/jazzy DEBUGINFOD_URLS=https://debuginfod.ubuntu.com /usr/bin/cmake --build /home/ubuntu/relBot/build/relbot2turtlesim -- -j8 -l8
[1.419s] DEBUG:colcon.colcon_core.event_handler.log_command:Invoking command in '/home/ubuntu/relBot/build/relbot2turtlesim': CMAKE_PREFIX_PATH=${CMAKE_PREFIX_PATH}:/opt/ros/jazzy DEBUGINFOD_URLS=https://debuginfod.ubuntu.com /usr/bin/cmake --install /home/ubuntu/relBot/build/relbot2turtlesim
[1.497s] Level 1:colcon.colcon_core.environment:create_environment_scripts_only(relbot_sequence_controller)
[1.498s] Level 1:colcon.colcon_core.environment:checking '/home/ubuntu/relBot/install/relbot_sequence_controller' for CMake module files
[1.502s] DEBUG:colcon.colcon_core.event_handler.log_command:Invoked command in '/home/ubuntu/relBot/build/relbot_simulator' returned '0': CMAKE_PREFIX_PATH=${CMAKE_PREFIX_PATH}:/opt/ros/jazzy DEBUGINFOD_URLS=https://debuginfod.ubuntu.com /usr/bin/cmake --build /home/ubuntu/relBot/build/relbot_simulator -- -j8 -l8
[1.504s] DEBUG:colcon.colcon_core.event_handler.log_command:Invoking command in '/home/ubuntu/relBot/build/relbot_simulator': CMAKE_PREFIX_PATH=${CMAKE_PREFIX_PATH}:/opt/ros/jazzy DEBUGINFOD_URLS=https://debuginfod.ubuntu.com /usr/bin/cmake --install /home/ubuntu/relBot/build/relbot_simulator
[1.509s] Level 1:colcon.colcon_core.environment:checking '/home/ubuntu/relBot/install/relbot_sequence_controller' for CMake config files
[1.509s] Level 1:colcon.colcon_core.shell:create_environment_hook('relbot_sequence_controller', 'cmake_prefix_path')
[1.510s] INFO:colcon.colcon_core.shell:Creating environment hook '/home/ubuntu/relBot/install/relbot_sequence_controller/share/relbot_sequence_controller/hook/cmake_prefix_path.ps1'
[1.514s] INFO:colcon.colcon_core.shell:Creating environment descriptor '/home/ubuntu/relBot/install/relbot_sequence_controller/share/relbot_sequence_controller/hook/cmake_prefix_path.dsv'
[1.517s] DEBUG:colcon.colcon_core.event_handler.log_command:Invoked command in '/home/ubuntu/relBot/build/relbot_sequence_controller' returned '0': CMAKE_PREFIX_PATH=${CMAKE_PREFIX_PATH}:/opt/ros/jazzy DEBUGINFOD_URLS=https://debuginfod.ubuntu.com /usr/bin/cmake --install /home/ubuntu/relBot/build/relbot_sequence_controller
[1.519s] INFO:colcon.colcon_core.shell:Creating environment hook '/home/ubuntu/relBot/install/relbot_sequence_controller/share/relbot_sequence_controller/hook/cmake_prefix_path.sh'
[1.521s] Level 1:colcon.colcon_core.environment:checking '/home/ubuntu/relBot/install/relbot_sequence_controller/lib'
[1.524s] Level 1:colcon.colcon_core.environment:checking '/home/ubuntu/relBot/install/relbot_sequence_controller/bin'
[1.524s] Level 1:colcon.colcon_core.environment:checking '/home/ubuntu/relBot/install/relbot_sequence_controller/lib/pkgconfig/relbot_sequence_controller.pc'
[1.525s] Level 1:colcon.colcon_core.environment:checking '/home/ubuntu/relBot/install/relbot_sequence_controller/lib/python3.12/site-packages'
[1.526s] Level 1:colcon.colcon_core.environment:checking '/home/ubuntu/relBot/install/relbot_sequence_controller/bin'
[1.527s] INFO:colcon.colcon_core.shell:Creating package script '/home/ubuntu/relBot/install/relbot_sequence_controller/share/relbot_sequence_controller/package.ps1'
[1.530s] INFO:colcon.colcon_core.shell:Creating package descriptor '/home/ubuntu/relBot/install/relbot_sequence_controller/share/relbot_sequence_controller/package.dsv'
[1.533s] INFO:colcon.colcon_core.shell:Creating package script '/home/ubuntu/relBot/install/relbot_sequence_controller/share/relbot_sequence_controller/package.sh'
[1.534s] INFO:colcon.colcon_core.shell:Creating package script '/home/ubuntu/relBot/install/relbot_sequence_controller/share/relbot_sequence_controller/package.bash'
[1.535s] INFO:colcon.colcon_core.shell:Creating package script '/home/ubuntu/relBot/install/relbot_sequence_controller/share/relbot_sequence_controller/package.zsh'
[1.536s] Level 1:colcon.colcon_core.environment:create_file_with_runtime_dependencies(/home/ubuntu/relBot/install/relbot_sequence_controller/share/colcon-core/packages/relbot_sequence_controller)
[1.538s] Level 1:colcon.colcon_core.environment:create_environment_scripts_only(relbot_sequence_controller)
[1.539s] Level 1:colcon.colcon_core.environment:checking '/home/ubuntu/relBot/install/relbot_sequence_controller' for CMake module files
[1.542s] Level 1:colcon.colcon_core.environment:checking '/home/ubuntu/relBot/install/relbot_sequence_controller' for CMake config files
[1.543s] Level 1:colcon.colcon_core.shell:create_environment_hook('relbot_sequence_controller', 'cmake_prefix_path')
[1.544s] INFO:colcon.colcon_core.shell:Creating environment hook '/home/ubuntu/relBot/install/relbot_sequence_controller/share/relbot_sequence_controller/hook/cmake_prefix_path.ps1'
[1.546s] INFO:colcon.colcon_core.shell:Creating environment descriptor '/home/ubuntu/relBot/install/relbot_sequence_controller/share/relbot_sequence_controller/hook/cmake_prefix_path.dsv'
[1.549s] INFO:colcon.colcon_core.shell:Creating environment hook '/home/ubuntu/relBot/install/relbot_sequence_controller/share/relbot_sequence_controller/hook/cmake_prefix_path.sh'
[1.551s] Level 1:colcon.colcon_core.environment:checking '/home/ubuntu/relBot/install/relbot_sequence_controller/lib'
[1.551s] Level 1:colcon.colcon_core.environment:checking '/home/ubuntu/relBot/install/relbot_sequence_controller/bin'
[1.551s] Level 1:colcon.colcon_core.environment:checking '/home/ubuntu/relBot/install/relbot_sequence_controller/lib/pkgconfig/relbot_sequence_controller.pc'
[1.552s] Level 1:colcon.colcon_core.environment:checking '/home/ubuntu/relBot/install/relbot_sequence_controller/lib/python3.12/site-packages'
[1.553s] Level 1:colcon.colcon_core.environment:checking '/home/ubuntu/relBot/install/relbot_sequence_controller/bin'
[1.553s] INFO:colcon.colcon_core.shell:Creating package script '/home/ubuntu/relBot/install/relbot_sequence_controller/share/relbot_sequence_controller/package.ps1'
[1.555s] INFO:colcon.colcon_core.shell:Creating package descriptor '/home/ubuntu/relBot/install/relbot_sequence_controller/share/relbot_sequence_controller/package.dsv'
[1.557s] INFO:colcon.colcon_core.shell:Creating package script '/home/ubuntu/relBot/install/relbot_sequence_controller/share/relbot_sequence_controller/package.sh'
[1.561s] INFO:colcon.colcon_core.shell:Creating package script '/home/ubuntu/relBot/install/relbot_sequence_controller/share/relbot_sequence_controller/package.bash'
[1.563s] INFO:colcon.colcon_core.shell:Creating package script '/home/ubuntu/relBot/install/relbot_sequence_controller/share/relbot_sequence_controller/package.zsh'
[1.567s] Level 1:colcon.colcon_core.environment:create_file_with_runtime_dependencies(/home/ubuntu/relBot/install/relbot_sequence_controller/share/colcon-core/packages/relbot_sequence_controller)
[1.572s] Level 1:colcon.colcon_core.environment:create_environment_scripts_only(relbot2turtlesim)
[1.573s] Level 1:colcon.colcon_core.environment:checking '/home/ubuntu/relBot/install/relbot2turtlesim' for CMake module files
[1.577s] DEBUG:colcon.colcon_core.event_handler.log_command:Invoked command in '/home/ubuntu/relBot/build/relbot2turtlesim' returned '0': CMAKE_PREFIX_PATH=${CMAKE_PREFIX_PATH}:/opt/ros/jazzy DEBUGINFOD_URLS=https://debuginfod.ubuntu.com /usr/bin/cmake --install /home/ubuntu/relBot/build/relbot2turtlesim
[1.593s] Level 1:colcon.colcon_core.environment:checking '/home/ubuntu/relBot/install/relbot2turtlesim' for CMake config files
[1.594s] Level 1:colcon.colcon_core.shell:create_environment_hook('relbot2turtlesim', 'cmake_prefix_path')
[1.595s] INFO:colcon.colcon_core.shell:Creating environment hook '/home/ubuntu/relBot/install/relbot2turtlesim/share/relbot2turtlesim/hook/cmake_prefix_path.ps1'
[1.605s] INFO:colcon.colcon_core.shell:Creating environment descriptor '/home/ubuntu/relBot/install/relbot2turtlesim/share/relbot2turtlesim/hook/cmake_prefix_path.dsv'
[1.610s] INFO:colcon.colcon_core.shell:Creating environment hook '/home/ubuntu/relBot/install/relbot2turtlesim/share/relbot2turtlesim/hook/cmake_prefix_path.sh'
[1.617s] Level 1:colcon.colcon_core.environment:checking '/home/ubuntu/relBot/install/relbot2turtlesim/lib'
[1.617s] Level 1:colcon.colcon_core.environment:checking '/home/ubuntu/relBot/install/relbot2turtlesim/bin'
[1.617s] Level 1:colcon.colcon_core.environment:checking '/home/ubuntu/relBot/install/relbot2turtlesim/lib/pkgconfig/relbot2turtlesim.pc'
[1.618s] Level 1:colcon.colcon_core.environment:checking '/home/ubuntu/relBot/install/relbot2turtlesim/lib/python3.12/site-packages'
[1.619s] Level 1:colcon.colcon_core.environment:checking '/home/ubuntu/relBot/install/relbot2turtlesim/bin'
[1.620s] INFO:colcon.colcon_core.shell:Creating package script '/home/ubuntu/relBot/install/relbot2turtlesim/share/relbot2turtlesim/package.ps1'
[1.623s] INFO:colcon.colcon_core.shell:Creating package descriptor '/home/ubuntu/relBot/install/relbot2turtlesim/share/relbot2turtlesim/package.dsv'
[1.625s] INFO:colcon.colcon_core.shell:Creating package script '/home/ubuntu/relBot/install/relbot2turtlesim/share/relbot2turtlesim/package.sh'
[1.627s] INFO:colcon.colcon_core.shell:Creating package script '/home/ubuntu/relBot/install/relbot2turtlesim/share/relbot2turtlesim/package.bash'
[1.628s] INFO:colcon.colcon_core.shell:Creating package script '/home/ubuntu/relBot/install/relbot2turtlesim/share/relbot2turtlesim/package.zsh'
[1.629s] Level 1:colcon.colcon_core.environment:create_file_with_runtime_dependencies(/home/ubuntu/relBot/install/relbot2turtlesim/share/colcon-core/packages/relbot2turtlesim)
[1.633s] Level 1:colcon.colcon_core.environment:create_environment_scripts_only(relbot2turtlesim)
[1.633s] Level 1:colcon.colcon_core.environment:checking '/home/ubuntu/relBot/install/relbot2turtlesim' for CMake module files
[1.635s] Level 1:colcon.colcon_core.environment:checking '/home/ubuntu/relBot/install/relbot2turtlesim' for CMake config files
[1.636s] Level 1:colcon.colcon_core.shell:create_environment_hook('relbot2turtlesim', 'cmake_prefix_path')
[1.636s] INFO:colcon.colcon_core.shell:Creating environment hook '/home/ubuntu/relBot/install/relbot2turtlesim/share/relbot2turtlesim/hook/cmake_prefix_path.ps1'
[1.637s] INFO:colcon.colcon_core.shell:Creating environment descriptor '/home/ubuntu/relBot/install/relbot2turtlesim/share/relbot2turtlesim/hook/cmake_prefix_path.dsv'
[1.638s] INFO:colcon.colcon_core.shell:Creating environment hook '/home/ubuntu/relBot/install/relbot2turtlesim/share/relbot2turtlesim/hook/cmake_prefix_path.sh'
[1.639s] Level 1:colcon.colcon_core.environment:checking '/home/ubuntu/relBot/install/relbot2turtlesim/lib'
[1.640s] Level 1:colcon.colcon_core.environment:checking '/home/ubuntu/relBot/install/relbot2turtlesim/bin'
[1.640s] Level 1:colcon.colcon_core.environment:checking '/home/ubuntu/relBot/install/relbot2turtlesim/lib/pkgconfig/relbot2turtlesim.pc'
[1.641s] Level 1:colcon.colcon_core.environment:checking '/home/ubuntu/relBot/install/relbot2turtlesim/lib/python3.12/site-packages'
[1.642s] Level 1:colcon.colcon_core.environment:checking '/home/ubuntu/relBot/install/relbot2turtlesim/bin'
[1.643s] INFO:colcon.colcon_core.shell:Creating package script '/home/ubuntu/relBot/install/relbot2turtlesim/share/relbot2turtlesim/package.ps1'
[1.645s] INFO:colcon.colcon_core.shell:Creating package descriptor '/home/ubuntu/relBot/install/relbot2turtlesim/share/relbot2turtlesim/package.dsv'
[1.649s] INFO:colcon.colcon_core.shell:Creating package script '/home/ubuntu/relBot/install/relbot2turtlesim/share/relbot2turtlesim/package.sh'
[1.651s] INFO:colcon.colcon_core.shell:Creating package script '/home/ubuntu/relBot/install/relbot2turtlesim/share/relbot2turtlesim/package.bash'
[1.652s] INFO:colcon.colcon_core.shell:Creating package script '/home/ubuntu/relBot/install/relbot2turtlesim/share/relbot2turtlesim/package.zsh'
[1.653s] Level 1:colcon.colcon_core.environment:create_file_with_runtime_dependencies(/home/ubuntu/relBot/install/relbot2turtlesim/share/colcon-core/packages/relbot2turtlesim)
[1.659s] DEBUG:colcon.colcon_core.event_handler.log_command:Invoked command in '/home/ubuntu/relBot/build/cam2image_vm2ros' returned '0': CMAKE_PREFIX_PATH=${CMAKE_PREFIX_PATH}:/opt/ros/jazzy DEBUGINFOD_URLS=https://debuginfod.ubuntu.com /usr/bin/cmake --build /home/ubuntu/relBot/build/cam2image_vm2ros -- -j8 -l8
[1.662s] DEBUG:colcon.colcon_core.event_handler.log_command:Invoking command in '/home/ubuntu/relBot/build/cam2image_vm2ros': CMAKE_PREFIX_PATH=${CMAKE_PREFIX_PATH}:/opt/ros/jazzy DEBUGINFOD_URLS=https://debuginfod.ubuntu.com /usr/bin/cmake --install /home/ubuntu/relBot/build/cam2image_vm2ros
[1.666s] Level 1:colcon.colcon_core.environment:create_environment_scripts_only(relbot_simulator)
[1.667s] Level 1:colcon.colcon_core.environment:checking '/home/ubuntu/relBot/install/relbot_simulator' for CMake module files
[1.669s] DEBUG:colcon.colcon_core.event_handler.log_command:Invoked command in '/home/ubuntu/relBot/build/relbot_simulator' returned '0': CMAKE_PREFIX_PATH=${CMAKE_PREFIX_PATH}:/opt/ros/jazzy DEBUGINFOD_URLS=https://debuginfod.ubuntu.com /usr/bin/cmake --install /home/ubuntu/relBot/build/relbot_simulator
[1.675s] Level 1:colcon.colcon_core.environment:checking '/home/ubuntu/relBot/install/relbot_simulator' for CMake config files
[1.676s] Level 1:colcon.colcon_core.shell:create_environment_hook('relbot_simulator', 'cmake_prefix_path')
[1.676s] INFO:colcon.colcon_core.shell:Creating environment hook '/home/ubuntu/relBot/install/relbot_simulator/share/relbot_simulator/hook/cmake_prefix_path.ps1'
[1.677s] INFO:colcon.colcon_core.shell:Creating environment descriptor '/home/ubuntu/relBot/install/relbot_simulator/share/relbot_simulator/hook/cmake_prefix_path.dsv'
[1.678s] INFO:colcon.colcon_core.shell:Creating environment hook '/home/ubuntu/relBot/install/relbot_simulator/share/relbot_simulator/hook/cmake_prefix_path.sh'
[1.680s] Level 1:colcon.colcon_core.environment:checking '/home/ubuntu/relBot/install/relbot_simulator/lib'
[1.680s] Level 1:colcon.colcon_core.environment:checking '/home/ubuntu/relBot/install/relbot_simulator/bin'
[1.681s] Level 1:colcon.colcon_core.environment:checking '/home/ubuntu/relBot/install/relbot_simulator/lib/pkgconfig/relbot_simulator.pc'
[1.681s] Level 1:colcon.colcon_core.environment:checking '/home/ubuntu/relBot/install/relbot_simulator/lib/python3.12/site-packages'
[1.682s] Level 1:colcon.colcon_core.environment:checking '/home/ubuntu/relBot/install/relbot_simulator/bin'
[1.683s] INFO:colcon.colcon_core.shell:Creating package script '/home/ubuntu/relBot/install/relbot_simulator/share/relbot_simulator/package.ps1'
[1.685s] INFO:colcon.colcon_core.shell:Creating package descriptor '/home/ubuntu/relBot/install/relbot_simulator/share/relbot_simulator/package.dsv'
[1.690s] INFO:colcon.colcon_core.shell:Creating package script '/home/ubuntu/relBot/install/relbot_simulator/share/relbot_simulator/package.sh'
[1.696s] INFO:colcon.colcon_core.shell:Creating package script '/home/ubuntu/relBot/install/relbot_simulator/share/relbot_simulator/package.bash'
[1.697s] INFO:colcon.colcon_core.shell:Creating package script '/home/ubuntu/relBot/install/relbot_simulator/share/relbot_simulator/package.zsh'
[1.698s] Level 1:colcon.colcon_core.environment:create_file_with_runtime_dependencies(/home/ubuntu/relBot/install/relbot_simulator/share/colcon-core/packages/relbot_simulator)
[1.700s] Level 1:colcon.colcon_core.environment:create_environment_scripts_only(relbot_simulator)
[1.700s] Level 1:colcon.colcon_core.environment:checking '/home/ubuntu/relBot/install/relbot_simulator' for CMake module files
[1.702s] Level 1:colcon.colcon_core.environment:checking '/home/ubuntu/relBot/install/relbot_simulator' for CMake config files
[1.702s] Level 1:colcon.colcon_core.shell:create_environment_hook('relbot_simulator', 'cmake_prefix_path')
[1.703s] INFO:colcon.colcon_core.shell:Creating environment hook '/home/ubuntu/relBot/install/relbot_simulator/share/relbot_simulator/hook/cmake_prefix_path.ps1'
[1.704s] INFO:colcon.colcon_core.shell:Creating environment descriptor '/home/ubuntu/relBot/install/relbot_simulator/share/relbot_simulator/hook/cmake_prefix_path.dsv'
[1.706s] INFO:colcon.colcon_core.shell:Creating environment hook '/home/ubuntu/relBot/install/relbot_simulator/share/relbot_simulator/hook/cmake_prefix_path.sh'
[1.711s] Level 1:colcon.colcon_core.environment:checking '/home/ubuntu/relBot/install/relbot_simulator/lib'
[1.713s] Level 1:colcon.colcon_core.environment:checking '/home/ubuntu/relBot/install/relbot_simulator/bin'
[1.713s] Level 1:colcon.colcon_core.environment:checking '/home/ubuntu/relBot/install/relbot_simulator/lib/pkgconfig/relbot_simulator.pc'
[1.714s] Level 1:colcon.colcon_core.environment:checking '/home/ubuntu/relBot/install/relbot_simulator/lib/python3.12/site-packages'
[1.715s] Level 1:colcon.colcon_core.environment:checking '/home/ubuntu/relBot/install/relbot_simulator/bin'
[1.716s] INFO:colcon.colcon_core.shell:Creating package script '/home/ubuntu/relBot/install/relbot_simulator/share/relbot_simulator/package.ps1'
[1.718s] INFO:colcon.colcon_core.shell:Creating package descriptor '/home/ubuntu/relBot/install/relbot_simulator/share/relbot_simulator/package.dsv'
[1.719s] INFO:colcon.colcon_core.shell:Creating package script '/home/ubuntu/relBot/install/relbot_simulator/share/relbot_simulator/package.sh'
[1.730s] INFO:colcon.colcon_core.shell:Creating package script '/home/ubuntu/relBot/install/relbot_simulator/share/relbot_simulator/package.bash'
[1.733s] INFO:colcon.colcon_core.shell:Creating package script '/home/ubuntu/relBot/install/relbot_simulator/share/relbot_simulator/package.zsh'
[1.740s] Level 1:colcon.colcon_core.environment:create_file_with_runtime_dependencies(/home/ubuntu/relBot/install/relbot_simulator/share/colcon-core/packages/relbot_simulator)
[1.767s] Level 1:colcon.colcon_core.environment:create_environment_scripts_only(cam2image_vm2ros)
[1.768s] DEBUG:colcon.colcon_core.event_handler.log_command:Invoked command in '/home/ubuntu/relBot/build/cam2image_vm2ros' returned '0': CMAKE_PREFIX_PATH=${CMAKE_PREFIX_PATH}:/opt/ros/jazzy DEBUGINFOD_URLS=https://debuginfod.ubuntu.com /usr/bin/cmake --install /home/ubuntu/relBot/build/cam2image_vm2ros
[1.768s] Level 1:colcon.colcon_core.environment:checking '/home/ubuntu/relBot/install/cam2image_vm2ros' for CMake module files
[1.770s] Level 1:colcon.colcon_core.environment:checking '/home/ubuntu/relBot/install/cam2image_vm2ros' for CMake config files
[1.771s] Level 1:colcon.colcon_core.shell:create_environment_hook('cam2image_vm2ros', 'cmake_prefix_path')
[1.771s] INFO:colcon.colcon_core.shell:Creating environment hook '/home/ubuntu/relBot/install/cam2image_vm2ros/share/cam2image_vm2ros/hook/cmake_prefix_path.ps1'
[1.773s] INFO:colcon.colcon_core.shell:Creating environment descriptor '/home/ubuntu/relBot/install/cam2image_vm2ros/share/cam2image_vm2ros/hook/cmake_prefix_path.dsv'
[1.774s] INFO:colcon.colcon_core.shell:Creating environment hook '/home/ubuntu/relBot/install/cam2image_vm2ros/share/cam2image_vm2ros/hook/cmake_prefix_path.sh'
[1.777s] Level 1:colcon.colcon_core.environment:checking '/home/ubuntu/relBot/install/cam2image_vm2ros/lib'
[1.777s] Level 1:colcon.colcon_core.shell:create_environment_hook('cam2image_vm2ros', 'ld_library_path_lib')
[1.778s] INFO:colcon.colcon_core.shell:Creating environment hook '/home/ubuntu/relBot/install/cam2image_vm2ros/share/cam2image_vm2ros/hook/ld_library_path_lib.ps1'
[1.780s] INFO:colcon.colcon_core.shell:Creating environment descriptor '/home/ubuntu/relBot/install/cam2image_vm2ros/share/cam2image_vm2ros/hook/ld_library_path_lib.dsv'
[1.781s] INFO:colcon.colcon_core.shell:Creating environment hook '/home/ubuntu/relBot/install/cam2image_vm2ros/share/cam2image_vm2ros/hook/ld_library_path_lib.sh'
[1.783s] Level 1:colcon.colcon_core.environment:checking '/home/ubuntu/relBot/install/cam2image_vm2ros/bin'
[1.783s] Level 1:colcon.colcon_core.environment:checking '/home/ubuntu/relBot/install/cam2image_vm2ros/lib/pkgconfig/cam2image_vm2ros.pc'
[1.784s] Level 1:colcon.colcon_core.environment:checking '/home/ubuntu/relBot/install/cam2image_vm2ros/lib/python3.12/site-packages'
[1.784s] Level 1:colcon.colcon_core.environment:checking '/home/ubuntu/relBot/install/cam2image_vm2ros/bin'
[1.785s] INFO:colcon.colcon_core.shell:Creating package script '/home/ubuntu/relBot/install/cam2image_vm2ros/share/cam2image_vm2ros/package.ps1'
[1.786s] INFO:colcon.colcon_core.shell:Creating package descriptor '/home/ubuntu/relBot/install/cam2image_vm2ros/share/cam2image_vm2ros/package.dsv'
[1.788s] INFO:colcon.colcon_core.shell:Creating package script '/home/ubuntu/relBot/install/cam2image_vm2ros/share/cam2image_vm2ros/package.sh'
[1.789s] INFO:colcon.colcon_core.shell:Creating package script '/home/ubuntu/relBot/install/cam2image_vm2ros/share/cam2image_vm2ros/package.bash'
[1.790s] INFO:colcon.colcon_core.shell:Creating package script '/home/ubuntu/relBot/install/cam2image_vm2ros/share/cam2image_vm2ros/package.zsh'
[1.791s] Level 1:colcon.colcon_core.environment:create_file_with_runtime_dependencies(/home/ubuntu/relBot/install/cam2image_vm2ros/share/colcon-core/packages/cam2image_vm2ros)
[1.793s] Level 1:colcon.colcon_core.environment:create_environment_scripts_only(cam2image_vm2ros)
[1.793s] Level 1:colcon.colcon_core.environment:checking '/home/ubuntu/relBot/install/cam2image_vm2ros' for CMake module files
[1.797s] Level 1:colcon.colcon_core.environment:checking '/home/ubuntu/relBot/install/cam2image_vm2ros' for CMake config files
[1.799s] Level 1:colcon.colcon_core.shell:create_environment_hook('cam2image_vm2ros', 'cmake_prefix_path')
[1.799s] INFO:colcon.colcon_core.shell:Creating environment hook '/home/ubuntu/relBot/install/cam2image_vm2ros/share/cam2image_vm2ros/hook/cmake_prefix_path.ps1'
[1.800s] INFO:colcon.colcon_core.shell:Creating environment descriptor '/home/ubuntu/relBot/install/cam2image_vm2ros/share/cam2image_vm2ros/hook/cmake_prefix_path.dsv'
[1.801s] INFO:colcon.colcon_core.shell:Creating environment hook '/home/ubuntu/relBot/install/cam2image_vm2ros/share/cam2image_vm2ros/hook/cmake_prefix_path.sh'
[1.803s] Level 1:colcon.colcon_core.environment:checking '/home/ubuntu/relBot/install/cam2image_vm2ros/lib'
[1.803s] Level 1:colcon.colcon_core.shell:create_environment_hook('cam2image_vm2ros', 'ld_library_path_lib')
[1.804s] INFO:colcon.colcon_core.shell:Creating environment hook '/home/ubuntu/relBot/install/cam2image_vm2ros/share/cam2image_vm2ros/hook/ld_library_path_lib.ps1'
[1.805s] INFO:colcon.colcon_core.shell:Creating environment descriptor '/home/ubuntu/relBot/install/cam2image_vm2ros/share/cam2image_vm2ros/hook/ld_library_path_lib.dsv'
[1.806s] INFO:colcon.colcon_core.shell:Creating environment hook '/home/ubuntu/relBot/install/cam2image_vm2ros/share/cam2image_vm2ros/hook/ld_library_path_lib.sh'
[1.807s] Level 1:colcon.colcon_core.environment:checking '/home/ubuntu/relBot/install/cam2image_vm2ros/bin'
[1.807s] Level 1:colcon.colcon_core.environment:checking '/home/ubuntu/relBot/install/cam2image_vm2ros/lib/pkgconfig/cam2image_vm2ros.pc'
[1.807s] Level 1:colcon.colcon_core.environment:checking '/home/ubuntu/relBot/install/cam2image_vm2ros/lib/python3.12/site-packages'
[1.808s] Level 1:colcon.colcon_core.environment:checking '/home/ubuntu/relBot/install/cam2image_vm2ros/bin'
[1.809s] INFO:colcon.colcon_core.shell:Creating package script '/home/ubuntu/relBot/install/cam2image_vm2ros/share/cam2image_vm2ros/package.ps1'
[1.810s] INFO:colcon.colcon_core.shell:Creating package descriptor '/home/ubuntu/relBot/install/cam2image_vm2ros/share/cam2image_vm2ros/package.dsv'
[1.811s] INFO:colcon.colcon_core.shell:Creating package script '/home/ubuntu/relBot/install/cam2image_vm2ros/share/cam2image_vm2ros/package.sh'
[1.814s] INFO:colcon.colcon_core.shell:Creating package script '/home/ubuntu/relBot/install/cam2image_vm2ros/share/cam2image_vm2ros/package.bash'
[1.815s] INFO:colcon.colcon_core.shell:Creating package script '/home/ubuntu/relBot/install/cam2image_vm2ros/share/cam2image_vm2ros/package.zsh'
[1.816s] Level 1:colcon.colcon_core.environment:create_file_with_runtime_dependencies(/home/ubuntu/relBot/install/cam2image_vm2ros/share/colcon-core/packages/cam2image_vm2ros)
[2.300s] DEBUG:colcon.colcon_core.event_handler.log_command:Invoked command in '/home/ubuntu/relBot/build/my_image_processor' returned '2': CMAKE_PREFIX_PATH=${CMAKE_PREFIX_PATH}:/opt/ros/jazzy DEBUGINFOD_URLS=https://debuginfod.ubuntu.com /usr/bin/cmake --build /home/ubuntu/relBot/build/my_image_processor -- -j8 -l8
[2.301s] Level 1:colcon.colcon_core.environment:create_environment_scripts_only(my_image_processor)
[2.301s] Level 1:colcon.colcon_core.environment:checking '/home/ubuntu/relBot/install/my_image_processor' for CMake module files
[2.302s] Level 1:colcon.colcon_core.environment:checking '/home/ubuntu/relBot/install/my_image_processor' for CMake config files
[2.302s] Level 1:colcon.colcon_core.environment:checking '/home/ubuntu/relBot/install/my_image_processor/bin'
[2.302s] Level 1:colcon.colcon_core.environment:checking '/home/ubuntu/relBot/install/my_image_processor/lib/pkgconfig/my_image_processor.pc'
[2.303s] Level 1:colcon.colcon_core.environment:checking '/home/ubuntu/relBot/install/my_image_processor/lib/python3.12/site-packages'
[2.303s] Level 1:colcon.colcon_core.environment:checking '/home/ubuntu/relBot/install/my_image_processor/bin'
[2.303s] INFO:colcon.colcon_core.shell:Creating package script '/home/ubuntu/relBot/install/my_image_processor/share/my_image_processor/package.ps1'
[2.305s] INFO:colcon.colcon_core.shell:Creating package descriptor '/home/ubuntu/relBot/install/my_image_processor/share/my_image_processor/package.dsv'
[2.305s] INFO:colcon.colcon_core.shell:Creating package script '/home/ubuntu/relBot/install/my_image_processor/share/my_image_processor/package.sh'
[2.306s] INFO:colcon.colcon_core.shell:Creating package script '/home/ubuntu/relBot/install/my_image_processor/share/my_image_processor/package.bash'
[2.308s] INFO:colcon.colcon_core.shell:Creating package script '/home/ubuntu/relBot/install/my_image_processor/share/my_image_processor/package.zsh'
[2.309s] Level 1:colcon.colcon_core.environment:create_file_with_runtime_dependencies(/home/ubuntu/relBot/install/my_image_processor/share/colcon-core/packages/my_image_processor)
[2.320s] DEBUG:colcon.colcon_parallel_executor.executor.parallel:closing loop
[2.320s] DEBUG:colcon.colcon_parallel_executor.executor.parallel:loop closed
[2.320s] DEBUG:colcon.colcon_parallel_executor.executor.parallel:run_until_complete finished with '2'
[2.320s] DEBUG:colcon.colcon_core.event_reactor:joining thread
[2.416s] INFO:colcon.colcon_core.plugin_system:Skipping extension 'colcon_notification.desktop_notification.notify_send': Could not find 'notify-send'
[2.416s] INFO:colcon.colcon_core.plugin_system:Skipping extension 'colcon_notification.desktop_notification.terminal_notifier': Not used on non-Darwin systems
[2.416s] INFO:colcon.colcon_core.plugin_system:Skipping extension 'colcon_notification.desktop_notification.win32': Not used on non-Windows systems
[2.416s] INFO:colcon.colcon_notification.desktop_notification:Sending desktop notification using 'notify2'
[2.419s] DEBUG:colcon.colcon_notification.desktop_notification.notify2:Failed to initialize notify2: org.freedesktop.DBus.Error.ServiceUnknown: The name org.freedesktop.Notifications was not provided by any .service files
[2.419s] DEBUG:colcon.colcon_core.event_reactor:joined thread
[2.419s] INFO:colcon.colcon_core.shell:Creating prefix script '/home/ubuntu/relBot/install/local_setup.ps1'
[2.420s] INFO:colcon.colcon_core.shell:Creating prefix util module '/home/ubuntu/relBot/install/_local_setup_util_ps1.py'
[2.422s] INFO:colcon.colcon_core.shell:Creating prefix chain script '/home/ubuntu/relBot/install/setup.ps1'
[2.423s] INFO:colcon.colcon_core.shell:Creating prefix script '/home/ubuntu/relBot/install/local_setup.sh'
[2.423s] INFO:colcon.colcon_core.shell:Creating prefix util module '/home/ubuntu/relBot/install/_local_setup_util_sh.py'
[2.425s] INFO:colcon.colcon_core.shell:Creating prefix chain script '/home/ubuntu/relBot/install/setup.sh'
[2.426s] INFO:colcon.colcon_core.shell:Creating prefix script '/home/ubuntu/relBot/install/local_setup.bash'
[2.427s] INFO:colcon.colcon_core.shell:Creating prefix chain script '/home/ubuntu/relBot/install/setup.bash'
[2.428s] INFO:colcon.colcon_core.shell:Creating prefix script '/home/ubuntu/relBot/install/local_setup.zsh'
[2.429s] INFO:colcon.colcon_core.shell:Creating prefix chain script '/home/ubuntu/relBot/install/setup.zsh'
