[0.043s] Invoking command in '/home/ubuntu/relBot/build/my_image_processor': CMAKE_PREFIX_PATH=${CMAKE_PREFIX_PATH}:/opt/ros/jazzy DEBUGINFOD_URLS=https://debuginfod.ubuntu.com /usr/bin/cmake --build /home/ubuntu/relBot/build/my_image_processor -- -j8 -l8
[0.064s] Change Dir: '/home/ubuntu/relBot/build/my_image_processor'
[0.064s] 
[0.065s] Run Build Command(s): /usr/bin/cmake -E env VERBOSE=1 /usr/bin/gmake -f Makefile -j8 -l8
[0.074s] /usr/bin/cmake -S/home/ubuntu/relBot/src/my_image_processor -B/home/ubuntu/relBot/build/my_image_processor --check-build-system CMakeFiles/Makefile.cmake 0
[0.118s] /usr/bin/cmake -E cmake_progress_start /home/ubuntu/relBot/build/my_image_processor/CMakeFiles /home/ubuntu/relBot/build/my_image_processor//CMakeFiles/progress.marks
[0.118s] /usr/bin/gmake  -f CMakeFiles/Makefile2 all
[0.118s] gmake[1]: Entering directory '/home/ubuntu/relBot/build/my_image_processor'
[0.119s] /usr/bin/gmake  -f CMakeFiles/image_processor.dir/build.make CMakeFiles/image_processor.dir/depend
[0.123s] gmake[2]: Entering directory '/home/ubuntu/relBot/build/my_image_processor'
[0.124s] cd /home/ubuntu/relBot/build/my_image_processor && /usr/bin/cmake -E cmake_depends "Unix Makefiles" /home/ubuntu/relBot/src/my_image_processor /home/ubuntu/relBot/src/my_image_processor /home/ubuntu/relBot/build/my_image_processor /home/ubuntu/relBot/build/my_image_processor /home/ubuntu/relBot/build/my_image_processor/CMakeFiles/image_processor.dir/DependInfo.cmake "--color="
[0.148s] Dependencies file "CMakeFiles/image_processor.dir/src/image_processor.cpp.o.d" is newer than depends file "/home/ubuntu/relBot/build/my_image_processor/CMakeFiles/image_processor.dir/compiler_depend.internal".
[0.162s] [35m[1mConsolidate compiler generated dependencies of target image_processor[0m
[0.196s] gmake[2]: Leaving directory '/home/ubuntu/relBot/build/my_image_processor'
[0.196s] /usr/bin/gmake  -f CMakeFiles/image_processor.dir/build.make CMakeFiles/image_processor.dir/build
[0.206s] gmake[2]: Entering directory '/home/ubuntu/relBot/build/my_image_processor'
[0.206s] gmake[2]: Nothing to be done for 'CMakeFiles/image_processor.dir/build'.
[0.207s] gmake[2]: Leaving directory '/home/ubuntu/relBot/build/my_image_processor'
[0.245s] [100%] Built target image_processor
[0.245s] gmake[1]: Leaving directory '/home/ubuntu/relBot/build/my_image_processor'
[0.245s] /usr/bin/cmake -E cmake_progress_start /home/ubuntu/relBot/build/my_image_processor/CMakeFiles 0
[0.280s] 
[0.311s] Invoked command in '/home/ubuntu/relBot/build/my_image_processor' returned '0': CMAKE_PREFIX_PATH=${CMAKE_PREFIX_PATH}:/opt/ros/jazzy DEBUGINFOD_URLS=https://debuginfod.ubuntu.com /usr/bin/cmake --build /home/ubuntu/relBot/build/my_image_processor -- -j8 -l8
[0.321s] Invoking command in '/home/ubuntu/relBot/build/my_image_processor': CMAKE_PREFIX_PATH=${CMAKE_PREFIX_PATH}:/opt/ros/jazzy DEBUGINFOD_URLS=https://debuginfod.ubuntu.com /usr/bin/cmake --install /home/ubuntu/relBot/build/my_image_processor
[0.341s] -- Install configuration: ""
[0.341s] -- Up-to-date: /home/ubuntu/relBot/install/my_image_processor/lib/my_image_processor/image_processor
[0.341s] -- Up-to-date: /home/ubuntu/relBot/install/my_image_processor/share/ament_index/resource_index/package_run_dependencies/my_image_processor
[0.342s] -- Up-to-date: /home/ubuntu/relBot/install/my_image_processor/share/ament_index/resource_index/parent_prefix_path/my_image_processor
[0.344s] -- Up-to-date: /home/ubuntu/relBot/install/my_image_processor/share/my_image_processor/environment/ament_prefix_path.sh
[0.344s] -- Up-to-date: /home/ubuntu/relBot/install/my_image_processor/share/my_image_processor/environment/ament_prefix_path.dsv
[0.345s] -- Up-to-date: /home/ubuntu/relBot/install/my_image_processor/share/my_image_processor/environment/path.sh
[0.345s] -- Up-to-date: /home/ubuntu/relBot/install/my_image_processor/share/my_image_processor/environment/path.dsv
[0.345s] -- Up-to-date: /home/ubuntu/relBot/install/my_image_processor/share/my_image_processor/local_setup.bash
[0.345s] -- Up-to-date: /home/ubuntu/relBot/install/my_image_processor/share/my_image_processor/local_setup.sh
[0.354s] -- Up-to-date: /home/ubuntu/relBot/install/my_image_processor/share/my_image_processor/local_setup.zsh
[0.362s] -- Up-to-date: /home/ubuntu/relBot/install/my_image_processor/share/my_image_processor/local_setup.dsv
[0.362s] -- Installing: /home/ubuntu/relBot/install/my_image_processor/share/my_image_processor/package.dsv
[0.362s] -- Up-to-date: /home/ubuntu/relBot/install/my_image_processor/share/ament_index/resource_index/packages/my_image_processor
[0.362s] -- Up-to-date: /home/ubuntu/relBot/install/my_image_processor/share/my_image_processor/cmake/my_image_processorConfig.cmake
[0.363s] -- Up-to-date: /home/ubuntu/relBot/install/my_image_processor/share/my_image_processor/cmake/my_image_processorConfig-version.cmake
[0.364s] -- Up-to-date: /home/ubuntu/relBot/install/my_image_processor/share/my_image_processor/package.xml
[0.364s] Invoked command in '/home/ubuntu/relBot/build/my_image_processor' returned '0': CMAKE_PREFIX_PATH=${CMAKE_PREFIX_PATH}:/opt/ros/jazzy DEBUGINFOD_URLS=https://debuginfod.ubuntu.com /usr/bin/cmake --install /home/ubuntu/relBot/build/my_image_processor
